09:48:08 **** Clean-only build of configuration Debug for project CppTestRtos ****
make clean 
rm -rf  ./src/threads/mainThread.o  ./src/stateMachine/Context.o ./src/stateMachine/FindMaxima.o ./src/stateMachine/FindMinima.o ./src/stateMachine/Setup.o ./src/stateMachine/State.o  ./src/os/Mutex.o ./src/os/Semaphore.o ./src/os/Thread.o  ./src/main.o  ./src/threads/mainThread.d  ./src/stateMachine/Context.d ./src/stateMachine/FindMaxima.d ./src/stateMachine/FindMinima.d ./src/stateMachine/Setup.d ./src/stateMachine/State.d  ./src/os/Mutex.d ./src/os/Semaphore.d ./src/os/Thread.d  ./src/main.d  CppTestRtos.elf.size  CppTestRtos.elf
' '
09:48:08 **** Clean-only build of project freertos901_xilinx_bsp_0 ****
make -k clean 
make -C ps7_cortexa9_0/libsrc/coresightps_dcc_v1_4/src -s clean 
make -C ps7_cortexa9_0/libsrc/cpu_cortexa9_v2_4/src -s clean 
make -C ps7_cortexa9_0/libsrc/ddrps_v1_0/src -s clean 
make -C ps7_cortexa9_0/libsrc/devcfg_v3_4/src -s clean 
make -C ps7_cortexa9_0/libsrc/dmaps_v2_3/src -s clean 
make -C ps7_cortexa9_0/libsrc/freertos901_xilinx_v1_0/src -s clean 
make -C ps7_cortexa9_0/libsrc/gpio_v4_3/src -s clean 
make -C ps7_cortexa9_0/libsrc/gpiops_v3_3/src -s clean 
make -C ps7_cortexa9_0/libsrc/qspips_v3_3/src -s clean 
make -C ps7_cortexa9_0/libsrc/scugic_v3_7/src -s clean 
make -C ps7_cortexa9_0/libsrc/scutimer_v2_1/src -s clean 
make -C ps7_cortexa9_0/libsrc/scuwdt_v2_1/src -s clean 
make -C ps7_cortexa9_0/libsrc/uartps_v3_4/src -s clean 
make -C ps7_cortexa9_0/libsrc/xadcps_v2_2/src -s clean 
rm -f ps7_cortexa9_0/lib/libxil.a
09:48:10 **** Build of project freertos901_xilinx_bsp_0 ****
make -k all 
"Running Make include in ps7_cortexa9_0/libsrc/coresightps_dcc_v1_4/src"
make -C ps7_cortexa9_0/libsrc/coresightps_dcc_v1_4/src -s include  "SHELL=CMD" "COMPILER=arm-none-eabi-gcc" "ARCHIVER=arm-none-eabi-ar" "COMPILER_FLAGS=  -O2 -c" "EXTRA_COMPILER_FLAGS=-mcpu=cortex-a9 -mfpu=vfpv3 -mfloat-abi=hard -nostartfiles -Wall -Wextra"
"Running Make include in ps7_cortexa9_0/libsrc/cpu_cortexa9_v2_4/src"
make -C ps7_cortexa9_0/libsrc/cpu_cortexa9_v2_4/src -s include  "SHELL=CMD" "COMPILER=arm-none-eabi-gcc" "ARCHIVER=arm-none-eabi-ar" "COMPILER_FLAGS=  -O2 -c" "EXTRA_COMPILER_FLAGS=-mcpu=cortex-a9 -mfpu=vfpv3 -mfloat-abi=hard -nostartfiles -Wall -Wextra"
"Running Make include in ps7_cortexa9_0/libsrc/ddrps_v1_0/src"
make -C ps7_cortexa9_0/libsrc/ddrps_v1_0/src -s include  "SHELL=CMD" "COMPILER=arm-none-eabi-gcc" "ARCHIVER=arm-none-eabi-ar" "COMPILER_FLAGS=  -O2 -c" "EXTRA_COMPILER_FLAGS=-mcpu=cortex-a9 -mfpu=vfpv3 -mfloat-abi=hard -nostartfiles -Wall -Wextra"
"Running Make include in ps7_cortexa9_0/libsrc/devcfg_v3_4/src"
make -C ps7_cortexa9_0/libsrc/devcfg_v3_4/src -s include  "SHELL=CMD" "COMPILER=arm-none-eabi-gcc" "ARCHIVER=arm-none-eabi-ar" "COMPILER_FLAGS=  -O2 -c" "EXTRA_COMPILER_FLAGS=-mcpu=cortex-a9 -mfpu=vfpv3 -mfloat-abi=hard -nostartfiles -Wall -Wextra"
"Running Make include in ps7_cortexa9_0/libsrc/dmaps_v2_3/src"
make -C ps7_cortexa9_0/libsrc/dmaps_v2_3/src -s include  "SHELL=CMD" "COMPILER=arm-none-eabi-gcc" "ARCHIVER=arm-none-eabi-ar" "COMPILER_FLAGS=  -O2 -c" "EXTRA_COMPILER_FLAGS=-mcpu=cortex-a9 -mfpu=vfpv3 -mfloat-abi=hard -nostartfiles -Wall -Wextra"
"Running Make include in ps7_cortexa9_0/libsrc/freertos901_xilinx_v1_0/src"
make -C ps7_cortexa9_0/libsrc/freertos901_xilinx_v1_0/src -s include  "SHELL=CMD" "COMPILER=arm-none-eabi-gcc" "ARCHIVER=arm-none-eabi-ar" "COMPILER_FLAGS=  -O2 -c" "EXTRA_COMPILER_FLAGS=-mcpu=cortex-a9 -mfpu=vfpv3 -mfloat-abi=hard -nostartfiles -Wall -Wextra"
"include"
"Running Make include in ps7_cortexa9_0/libsrc/gpio_v4_3/src"
make -C ps7_cortexa9_0/libsrc/gpio_v4_3/src -s include  "SHELL=CMD" "COMPILER=arm-none-eabi-gcc" "ARCHIVER=arm-none-eabi-ar" "COMPILER_FLAGS=  -O2 -c" "EXTRA_COMPILER_FLAGS=-mcpu=cortex-a9 -mfpu=vfpv3 -mfloat-abi=hard -nostartfiles -Wall -Wextra"
"Running Make include in ps7_cortexa9_0/libsrc/gpiops_v3_3/src"
make -C ps7_cortexa9_0/libsrc/gpiops_v3_3/src -s include  "SHELL=CMD" "COMPILER=arm-none-eabi-gcc" "ARCHIVER=arm-none-eabi-ar" "COMPILER_FLAGS=  -O2 -c" "EXTRA_COMPILER_FLAGS=-mcpu=cortex-a9 -mfpu=vfpv3 -mfloat-abi=hard -nostartfiles -Wall -Wextra"
"Running Make include in ps7_cortexa9_0/libsrc/qspips_v3_3/src"
make -C ps7_cortexa9_0/libsrc/qspips_v3_3/src -s include  "SHELL=CMD" "COMPILER=arm-none-eabi-gcc" "ARCHIVER=arm-none-eabi-ar" "COMPILER_FLAGS=  -O2 -c" "EXTRA_COMPILER_FLAGS=-mcpu=cortex-a9 -mfpu=vfpv3 -mfloat-abi=hard -nostartfiles -Wall -Wextra"
"Running Make include in ps7_cortexa9_0/libsrc/scugic_v3_7/src"
make -C ps7_cortexa9_0/libsrc/scugic_v3_7/src -s include  "SHELL=CMD" "COMPILER=arm-none-eabi-gcc" "ARCHIVER=arm-none-eabi-ar" "COMPILER_FLAGS=  -O2 -c" "EXTRA_COMPILER_FLAGS=-mcpu=cortex-a9 -mfpu=vfpv3 -mfloat-abi=hard -nostartfiles -Wall -Wextra"
"Running Make include in ps7_cortexa9_0/libsrc/scutimer_v2_1/src"
make -C ps7_cortexa9_0/libsrc/scutimer_v2_1/src -s include  "SHELL=CMD" "COMPILER=arm-none-eabi-gcc" "ARCHIVER=arm-none-eabi-ar" "COMPILER_FLAGS=  -O2 -c" "EXTRA_COMPILER_FLAGS=-mcpu=cortex-a9 -mfpu=vfpv3 -mfloat-abi=hard -nostartfiles -Wall -Wextra"
"Running Make include in ps7_cortexa9_0/libsrc/scuwdt_v2_1/src"
make -C ps7_cortexa9_0/libsrc/scuwdt_v2_1/src -s include  "SHELL=CMD" "COMPILER=arm-none-eabi-gcc" "ARCHIVER=arm-none-eabi-ar" "COMPILER_FLAGS=  -O2 -c" "EXTRA_COMPILER_FLAGS=-mcpu=cortex-a9 -mfpu=vfpv3 -mfloat-abi=hard -nostartfiles -Wall -Wextra"
"Running Make include in ps7_cortexa9_0/libsrc/uartps_v3_4/src"
make -C ps7_cortexa9_0/libsrc/uartps_v3_4/src -s include  "SHELL=CMD" "COMPILER=arm-none-eabi-gcc" "ARCHIVER=arm-none-eabi-ar" "COMPILER_FLAGS=  -O2 -c" "EXTRA_COMPILER_FLAGS=-mcpu=cortex-a9 -mfpu=vfpv3 -mfloat-abi=hard -nostartfiles -Wall -Wextra"
"Running Make include in ps7_cortexa9_0/libsrc/xadcps_v2_2/src"
make -C ps7_cortexa9_0/libsrc/xadcps_v2_2/src -s include  "SHELL=CMD" "COMPILER=arm-none-eabi-gcc" "ARCHIVER=arm-none-eabi-ar" "COMPILER_FLAGS=  -O2 -c" "EXTRA_COMPILER_FLAGS=-mcpu=cortex-a9 -mfpu=vfpv3 -mfloat-abi=hard -nostartfiles -Wall -Wextra"
"Running Make libs in ps7_cortexa9_0/libsrc/coresightps_dcc_v1_4/src"
make -C ps7_cortexa9_0/libsrc/coresightps_dcc_v1_4/src -s libs  "SHELL=CMD" "COMPILER=arm-none-eabi-gcc" "ARCHIVER=arm-none-eabi-ar" "COMPILER_FLAGS=  -O2 -c" "EXTRA_COMPILER_FLAGS=-mcpu=cortex-a9 -mfpu=vfpv3 -mfloat-abi=hard -nostartfiles -Wall -Wextra"
"Compiling coresightps_dcc"
arm-none-eabi-ar: creating ../../../lib/libxil.a
"Running Make libs in ps7_cortexa9_0/libsrc/cpu_cortexa9_v2_4/src"
make -C ps7_cortexa9_0/libsrc/cpu_cortexa9_v2_4/src -s libs  "SHELL=CMD" "COMPILER=arm-none-eabi-gcc" "ARCHIVER=arm-none-eabi-ar" "COMPILER_FLAGS=  -O2 -c" "EXTRA_COMPILER_FLAGS=-mcpu=cortex-a9 -mfpu=vfpv3 -mfloat-abi=hard -nostartfiles -Wall -Wextra"
"Compiling cpu_cortexa9"
"Running Make libs in ps7_cortexa9_0/libsrc/ddrps_v1_0/src"
make -C ps7_cortexa9_0/libsrc/ddrps_v1_0/src -s libs  "SHELL=CMD" "COMPILER=arm-none-eabi-gcc" "ARCHIVER=arm-none-eabi-ar" "COMPILER_FLAGS=  -O2 -c" "EXTRA_COMPILER_FLAGS=-mcpu=cortex-a9 -mfpu=vfpv3 -mfloat-abi=hard -nostartfiles -Wall -Wextra"
"Compiling ddrps"
"Running Make libs in ps7_cortexa9_0/libsrc/devcfg_v3_4/src"
make -C ps7_cortexa9_0/libsrc/devcfg_v3_4/src -s libs  "SHELL=CMD" "COMPILER=arm-none-eabi-gcc" "ARCHIVER=arm-none-eabi-ar" "COMPILER_FLAGS=  -O2 -c" "EXTRA_COMPILER_FLAGS=-mcpu=cortex-a9 -mfpu=vfpv3 -mfloat-abi=hard -nostartfiles -Wall -Wextra"
"Compiling devcfg"
"Running Make libs in ps7_cortexa9_0/libsrc/dmaps_v2_3/src"
make -C ps7_cortexa9_0/libsrc/dmaps_v2_3/src -s libs  "SHELL=CMD" "COMPILER=arm-none-eabi-gcc" "ARCHIVER=arm-none-eabi-ar" "COMPILER_FLAGS=  -O2 -c" "EXTRA_COMPILER_FLAGS=-mcpu=cortex-a9 -mfpu=vfpv3 -mfloat-abi=hard -nostartfiles -Wall -Wextra"
"Compiling dmaps"
"Running Make libs in ps7_cortexa9_0/libsrc/freertos901_xilinx_v1_0/src"
make -C ps7_cortexa9_0/libsrc/freertos901_xilinx_v1_0/src -s libs  "SHELL=CMD" "COMPILER=arm-none-eabi-gcc" "ARCHIVER=arm-none-eabi-ar" "COMPILER_FLAGS=  -O2 -c" "EXTRA_COMPILER_FLAGS=-mcpu=cortex-a9 -mfpu=vfpv3 -mfloat-abi=hard -nostartfiles -Wall -Wextra"
"Compiling standalone"
"Compiling FreeRTOS"
"Running Make libs in ps7_cortexa9_0/libsrc/gpio_v4_3/src"
make -C ps7_cortexa9_0/libsrc/gpio_v4_3/src -s libs  "SHELL=CMD" "COMPILER=arm-none-eabi-gcc" "ARCHIVER=arm-none-eabi-ar" "COMPILER_FLAGS=  -O2 -c" "EXTRA_COMPILER_FLAGS=-mcpu=cortex-a9 -mfpu=vfpv3 -mfloat-abi=hard -nostartfiles -Wall -Wextra"
"Compiling gpio"
"Running Make libs in ps7_cortexa9_0/libsrc/gpiops_v3_3/src"
make -C ps7_cortexa9_0/libsrc/gpiops_v3_3/src -s libs  "SHELL=CMD" "COMPILER=arm-none-eabi-gcc" "ARCHIVER=arm-none-eabi-ar" "COMPILER_FLAGS=  -O2 -c" "EXTRA_COMPILER_FLAGS=-mcpu=cortex-a9 -mfpu=vfpv3 -mfloat-abi=hard -nostartfiles -Wall -Wextra"
"Compiling gpiops"
"Running Make libs in ps7_cortexa9_0/libsrc/qspips_v3_3/src"
make -C ps7_cortexa9_0/libsrc/qspips_v3_3/src -s libs  "SHELL=CMD" "COMPILER=arm-none-eabi-gcc" "ARCHIVER=arm-none-eabi-ar" "COMPILER_FLAGS=  -O2 -c" "EXTRA_COMPILER_FLAGS=-mcpu=cortex-a9 -mfpu=vfpv3 -mfloat-abi=hard -nostartfiles -Wall -Wextra"
"Compiling qspips"
"Running Make libs in ps7_cortexa9_0/libsrc/scugic_v3_7/src"
make -C ps7_cortexa9_0/libsrc/scugic_v3_7/src -s libs  "SHELL=CMD" "COMPILER=arm-none-eabi-gcc" "ARCHIVER=arm-none-eabi-ar" "COMPILER_FLAGS=  -O2 -c" "EXTRA_COMPILER_FLAGS=-mcpu=cortex-a9 -mfpu=vfpv3 -mfloat-abi=hard -nostartfiles -Wall -Wextra"
"Compiling scugic"
xscugic_g.c:53:2: warning: missing initializer for field 'HandlerTable' of 'XScuGic_Config {aka struct <anonymous>}' [-Wmissing-field-initializers]
  }
  ^
In file included from xscugic_g.c:41:0:
xscugic.h:218:27: note: 'HandlerTable' declared here
  XScuGic_VectorTableEntry HandlerTable[XSCUGIC_MAX_NUM_INTR_INPUTS];/**<
                           ^~~~~~~~~~~~
"Running Make libs in ps7_cortexa9_0/libsrc/scutimer_v2_1/src"
make -C ps7_cortexa9_0/libsrc/scutimer_v2_1/src -s libs  "SHELL=CMD" "COMPILER=arm-none-eabi-gcc" "ARCHIVER=arm-none-eabi-ar" "COMPILER_FLAGS=  -O2 -c" "EXTRA_COMPILER_FLAGS=-mcpu=cortex-a9 -mfpu=vfpv3 -mfloat-abi=hard -nostartfiles -Wall -Wextra"
"Compiling scutimer"
"Running Make libs in ps7_cortexa9_0/libsrc/scuwdt_v2_1/src"
make -C ps7_cortexa9_0/libsrc/scuwdt_v2_1/src -s libs  "SHELL=CMD" "COMPILER=arm-none-eabi-gcc" "ARCHIVER=arm-none-eabi-ar" "COMPILER_FLAGS=  -O2 -c" "EXTRA_COMPILER_FLAGS=-mcpu=cortex-a9 -mfpu=vfpv3 -mfloat-abi=hard -nostartfiles -Wall -Wextra"
"Compiling scuwdt"
"Running Make libs in ps7_cortexa9_0/libsrc/uartps_v3_4/src"
make -C ps7_cortexa9_0/libsrc/uartps_v3_4/src -s libs  "SHELL=CMD" "COMPILER=arm-none-eabi-gcc" "ARCHIVER=arm-none-eabi-ar" "COMPILER_FLAGS=  -O2 -c" "EXTRA_COMPILER_FLAGS=-mcpu=cortex-a9 -mfpu=vfpv3 -mfloat-abi=hard -nostartfiles -Wall -Wextra"
"Compiling uartps"
"Running Make libs in ps7_cortexa9_0/libsrc/xadcps_v2_2/src"
make -C ps7_cortexa9_0/libsrc/xadcps_v2_2/src -s libs  "SHELL=CMD" "COMPILER=arm-none-eabi-gcc" "ARCHIVER=arm-none-eabi-ar" "COMPILER_FLAGS=  -O2 -c" "EXTRA_COMPILER_FLAGS=-mcpu=cortex-a9 -mfpu=vfpv3 -mfloat-abi=hard -nostartfiles -Wall -Wextra"
"Compiling xadcps"
'Finished building libraries'
09:48:40 **** Build of configuration Debug for project CppTestRtos ****
make pre-build main-build 
a9-linaro-pre-build-step
' '
'Building file: ../src/threads/mainThread.cpp'
'Invoking: ARM v7 g++ compiler'
arm-none-eabi-g++ -Wall -O0 -g3 -I"D:\git\particle_swarm_optimization_embedded\Assignment4_HW\lab4\lab1.sdk\CppTestRtos\src\os" -c -fmessage-length=0 -MT"src/threads/mainThread.o" -mcpu=cortex-a9 -mfpu=vfpv3 -mfloat-abi=hard -I../../freertos901_xilinx_bsp_0/ps7_cortexa9_0/include -MMD -MP -MF"src/threads/mainThread.d" -MT"src/threads/mainThread.o" -o "src/threads/mainThread.o" "../src/threads/mainThread.cpp"
../src/threads/mainThread.cpp: In member function 'virtual void mainThread::run()':
../src/threads/mainThread.cpp:22:6: warning: variable 'value' set but not used [-Wunused-but-set-variable]
  int value, skip, Status;
      ^~~~~
../src/threads/mainThread.cpp:22:13: warning: unused variable 'skip' [-Wunused-variable]
  int value, skip, Status;
             ^~~~
../src/threads/mainThread.cpp:22:19: warning: unused variable 'Status' [-Wunused-variable]
  int value, skip, Status;
                   ^~~~~~
'Finished building: ../src/threads/mainThread.cpp'
' '
'Building file: ../src/stateMachine/Context.cpp'
'Invoking: ARM v7 g++ compiler'
arm-none-eabi-g++ -Wall -O0 -g3 -I"D:\git\particle_swarm_optimization_embedded\Assignment4_HW\lab4\lab1.sdk\CppTestRtos\src\os" -c -fmessage-length=0 -MT"src/stateMachine/Context.o" -mcpu=cortex-a9 -mfpu=vfpv3 -mfloat-abi=hard -I../../freertos901_xilinx_bsp_0/ps7_cortexa9_0/include -MMD -MP -MF"src/stateMachine/Context.d" -MT"src/stateMachine/Context.o" -o "src/stateMachine/Context.o" "../src/stateMachine/Context.cpp"
'Finished building: ../src/stateMachine/Context.cpp'
' '
'Building file: ../src/stateMachine/FindMaxima.cpp'
'Invoking: ARM v7 g++ compiler'
arm-none-eabi-g++ -Wall -O0 -g3 -I"D:\git\particle_swarm_optimization_embedded\Assignment4_HW\lab4\lab1.sdk\CppTestRtos\src\os" -c -fmessage-length=0 -MT"src/stateMachine/FindMaxima.o" -mcpu=cortex-a9 -mfpu=vfpv3 -mfloat-abi=hard -I../../freertos901_xilinx_bsp_0/ps7_cortexa9_0/include -MMD -MP -MF"src/stateMachine/FindMaxima.d" -MT"src/stateMachine/FindMaxima.o" -o "src/stateMachine/FindMaxima.o" "../src/stateMachine/FindMaxima.cpp"
'Finished building: ../src/stateMachine/FindMaxima.cpp'
' '
'Building file: ../src/stateMachine/FindMinima.cpp'
'Invoking: ARM v7 g++ compiler'
arm-none-eabi-g++ -Wall -O0 -g3 -I"D:\git\particle_swarm_optimization_embedded\Assignment4_HW\lab4\lab1.sdk\CppTestRtos\src\os" -c -fmessage-length=0 -MT"src/stateMachine/FindMinima.o" -mcpu=cortex-a9 -mfpu=vfpv3 -mfloat-abi=hard -I../../freertos901_xilinx_bsp_0/ps7_cortexa9_0/include -MMD -MP -MF"src/stateMachine/FindMinima.d" -MT"src/stateMachine/FindMinima.o" -o "src/stateMachine/FindMinima.o" "../src/stateMachine/FindMinima.cpp"
In file included from ../src/stateMachine/Context.h:12:0,
                 from ../src/stateMachine/State.h:11,
                 from ../src/stateMachine/FindMinima.h:11,
                 from ../src/stateMachine/FindMinima.cpp:8:
../src/stateMachine/Setup.h:15:27: error: expected class-name before '{' token
 class Setup: public State {
                           ^
../src/stateMachine/Setup.h:21:16: error: 'Context' has not been declared
  void GoMaxima(Context*) override;
                ^~~~~~~
../src/stateMachine/Setup.h:22:16: error: 'Context' has not been declared
  void GoMinima(Context*) override;
                ^~~~~~~
../src/stateMachine/Setup.h:23:20: error: 'Context' has not been declared
  void ReturnResult(Context*) override;
                    ^~~~~~~
../src/stateMachine/Setup.h:26:16: error: 'Context' has not been declared
  void ActionUp(Context*) override;
                ^~~~~~~
../src/stateMachine/Setup.h:27:18: error: 'Context' has not been declared
  void ActionDown(Context*) override;
                  ^~~~~~~
../src/stateMachine/Setup.h:28:18: error: 'Context' has not been declared
  void ActionNext(Context*) override;
                  ^~~~~~~
../src/stateMachine/Setup.h:29:19: error: 'Context' has not been declared
  void ActionStart(Context*) override;
                   ^~~~~~~
../src/stateMachine/Setup.h:21:7: error: 'void Setup::GoMaxima(int*)' marked 'override', but does not override
  void GoMaxima(Context*) override;
       ^~~~~~~~
../src/stateMachine/Setup.h:22:7: error: 'void Setup::GoMinima(int*)' marked 'override', but does not override
  void GoMinima(Context*) override;
       ^~~~~~~~
../src/stateMachine/Setup.h:23:7: error: 'void Setup::ReturnResult(int*)' marked 'override', but does not override
  void ReturnResult(Context*) override;
       ^~~~~~~~~~~~
../src/stateMachine/Setup.h:26:7: error: 'void Setup::ActionUp(int*)' marked 'override', but does not override
  void ActionUp(Context*) override;
       ^~~~~~~~
../src/stateMachine/Setup.h:27:7: error: 'void Setup::ActionDown(int*)' marked 'override', but does not override
  void ActionDown(Context*) override;
       ^~~~~~~~~~
../src/stateMachine/Setup.h:28:7: error: 'void Setup::ActionNext(int*)' marked 'override', but does not override
  void ActionNext(Context*) override;
       ^~~~~~~~~~
../src/stateMachine/Setup.h:29:7: error: 'void Setup::ActionStart(int*)' marked 'override', but does not override
  void ActionStart(Context*) override;
       ^~~~~~~~~~~
make: *** [src/stateMachine/FindMinima.o] Error 1
09:49:59 **** Auto Build of configuration Debug for project CppTestRtos ****
make pre-build main-build 
a9-linaro-pre-build-step
' '
'Building file: ../src/threads/mainThread.cpp'
'Invoking: ARM v7 g++ compiler'
arm-none-eabi-g++ -Wall -O0 -g3 -I"D:\git\particle_swarm_optimization_embedded\Assignment4_HW\lab4\lab1.sdk\CppTestRtos\src\os" -c -fmessage-length=0 -MT"src/threads/mainThread.o" -mcpu=cortex-a9 -mfpu=vfpv3 -mfloat-abi=hard -I../../freertos901_xilinx_bsp_0/ps7_cortexa9_0/include -MMD -MP -MF"src/threads/mainThread.d" -MT"src/threads/mainThread.o" -o "src/threads/mainThread.o" "../src/threads/mainThread.cpp"
../src/threads/mainThread.cpp: In member function 'virtual void mainThread::run()':
../src/threads/mainThread.cpp:22:6: warning: variable 'value' set but not used [-Wunused-but-set-variable]
  int value, skip, Status;
      ^~~~~
../src/threads/mainThread.cpp:22:13: warning: unused variable 'skip' [-Wunused-variable]
  int value, skip, Status;
             ^~~~
../src/threads/mainThread.cpp:22:19: warning: unused variable 'Status' [-Wunused-variable]
  int value, skip, Status;
                   ^~~~~~
'Finished building: ../src/threads/mainThread.cpp'
' '
'Building file: ../src/stateMachine/Context.cpp'
'Invoking: ARM v7 g++ compiler'
arm-none-eabi-g++ -Wall -O0 -g3 -I"D:\git\particle_swarm_optimization_embedded\Assignment4_HW\lab4\lab1.sdk\CppTestRtos\src\os" -c -fmessage-length=0 -MT"src/stateMachine/Context.o" -mcpu=cortex-a9 -mfpu=vfpv3 -mfloat-abi=hard -I../../freertos901_xilinx_bsp_0/ps7_cortexa9_0/include -MMD -MP -MF"src/stateMachine/Context.d" -MT"src/stateMachine/Context.o" -o "src/stateMachine/Context.o" "../src/stateMachine/Context.cpp"
'Finished building: ../src/stateMachine/Context.cpp'
' '
'Building file: ../src/stateMachine/FindMaxima.cpp'
'Invoking: ARM v7 g++ compiler'
arm-none-eabi-g++ -Wall -O0 -g3 -I"D:\git\particle_swarm_optimization_embedded\Assignment4_HW\lab4\lab1.sdk\CppTestRtos\src\os" -c -fmessage-length=0 -MT"src/stateMachine/FindMaxima.o" -mcpu=cortex-a9 -mfpu=vfpv3 -mfloat-abi=hard -I../../freertos901_xilinx_bsp_0/ps7_cortexa9_0/include -MMD -MP -MF"src/stateMachine/FindMaxima.d" -MT"src/stateMachine/FindMaxima.o" -o "src/stateMachine/FindMaxima.o" "../src/stateMachine/FindMaxima.cpp"
'Finished building: ../src/stateMachine/FindMaxima.cpp'
' '
'Building file: ../src/stateMachine/FindMinima.cpp'
'Invoking: ARM v7 g++ compiler'
arm-none-eabi-g++ -Wall -O0 -g3 -I"D:\git\particle_swarm_optimization_embedded\Assignment4_HW\lab4\lab1.sdk\CppTestRtos\src\os" -c -fmessage-length=0 -MT"src/stateMachine/FindMinima.o" -mcpu=cortex-a9 -mfpu=vfpv3 -mfloat-abi=hard -I../../freertos901_xilinx_bsp_0/ps7_cortexa9_0/include -MMD -MP -MF"src/stateMachine/FindMinima.d" -MT"src/stateMachine/FindMinima.o" -o "src/stateMachine/FindMinima.o" "../src/stateMachine/FindMinima.cpp"
In file included from ../src/stateMachine/Context.h:12:0,
                 from ../src/stateMachine/State.h:11,
                 from ../src/stateMachine/FindMinima.h:11,
                 from ../src/stateMachine/FindMinima.cpp:8:
../src/stateMachine/Setup.h:15:27: error: expected class-name before '{' token
 class Setup: public State {
                           ^
make: *** [src/stateMachine/FindMinima.o] Error 1
09:50:46 **** Auto Build of configuration Debug for project CppTestRtos ****
make pre-build main-build 
a9-linaro-pre-build-step
' '
'Building file: ../src/stateMachine/FindMinima.cpp'
'Invoking: ARM v7 g++ compiler'
arm-none-eabi-g++ -Wall -O0 -g3 -I"D:\git\particle_swarm_optimization_embedded\Assignment4_HW\lab4\lab1.sdk\CppTestRtos\src\os" -c -fmessage-length=0 -MT"src/stateMachine/FindMinima.o" -mcpu=cortex-a9 -mfpu=vfpv3 -mfloat-abi=hard -I../../freertos901_xilinx_bsp_0/ps7_cortexa9_0/include -MMD -MP -MF"src/stateMachine/FindMinima.d" -MT"src/stateMachine/FindMinima.o" -o "src/stateMachine/FindMinima.o" "../src/stateMachine/FindMinima.cpp"
In file included from ../src/stateMachine/Context.h:12:0,
                 from ../src/stateMachine/State.h:11,
                 from ../src/stateMachine/FindMinima.h:11,
                 from ../src/stateMachine/FindMinima.cpp:8:
../src/stateMachine/Setup.h:15:27: error: expected class-name before '{' token
 class Setup: public State {
                           ^
make: *** [src/stateMachine/FindMinima.o] Error 1
09:50:49 **** Auto Build of configuration Debug for project CppTestRtos ****
make pre-build main-build 
a9-linaro-pre-build-step
' '
'Building file: ../src/stateMachine/FindMinima.cpp'
'Invoking: ARM v7 g++ compiler'
arm-none-eabi-g++ -Wall -O0 -g3 -I"D:\git\particle_swarm_optimization_embedded\Assignment4_HW\lab4\lab1.sdk\CppTestRtos\src\os" -c -fmessage-length=0 -MT"src/stateMachine/FindMinima.o" -mcpu=cortex-a9 -mfpu=vfpv3 -mfloat-abi=hard -I../../freertos901_xilinx_bsp_0/ps7_cortexa9_0/include -MMD -MP -MF"src/stateMachine/FindMinima.d" -MT"src/stateMachine/FindMinima.o" -o "src/stateMachine/FindMinima.o" "../src/stateMachine/FindMinima.cpp"
In file included from ../src/stateMachine/Context.h:12:0,
                 from ../src/stateMachine/State.h:11,
                 from ../src/stateMachine/FindMinima.h:11,
                 from ../src/stateMachine/FindMinima.cpp:8:
../src/stateMachine/Setup.h:15:27: error: expected class-name before '{' token
 class Setup: public State {
                           ^
make: *** [src/stateMachine/FindMinima.o] Error 1
09:50:57 **** Auto Build of configuration Debug for project CppTestRtos ****
make pre-build main-build 
a9-linaro-pre-build-step
' '
'Building file: ../src/stateMachine/FindMinima.cpp'
'Invoking: ARM v7 g++ compiler'
arm-none-eabi-g++ -Wall -O0 -g3 -I"D:\git\particle_swarm_optimization_embedded\Assignment4_HW\lab4\lab1.sdk\CppTestRtos\src\os" -c -fmessage-length=0 -MT"src/stateMachine/FindMinima.o" -mcpu=cortex-a9 -mfpu=vfpv3 -mfloat-abi=hard -I../../freertos901_xilinx_bsp_0/ps7_cortexa9_0/include -MMD -MP -MF"src/stateMachine/FindMinima.d" -MT"src/stateMachine/FindMinima.o" -o "src/stateMachine/FindMinima.o" "../src/stateMachine/FindMinima.cpp"
In file included from ../src/stateMachine/Context.h:12:0,
                 from ../src/stateMachine/State.h:11,
                 from ../src/stateMachine/FindMinima.h:11,
                 from ../src/stateMachine/FindMinima.cpp:8:
../src/stateMachine/Setup.h:15:27: error: expected class-name before '{' token
 class Setup: public State {
                           ^
make: *** [src/stateMachine/FindMinima.o] Error 1
09:51:08 **** Clean-only build of configuration Debug for project CppTestRtos ****
make clean 
rm -rf  ./src/threads/mainThread.o  ./src/stateMachine/Context.o ./src/stateMachine/FindMaxima.o ./src/stateMachine/FindMinima.o ./src/stateMachine/Setup.o ./src/stateMachine/State.o  ./src/os/Mutex.o ./src/os/Semaphore.o ./src/os/Thread.o  ./src/main.o  ./src/threads/mainThread.d  ./src/stateMachine/Context.d ./src/stateMachine/FindMaxima.d ./src/stateMachine/FindMinima.d ./src/stateMachine/Setup.d ./src/stateMachine/State.d  ./src/os/Mutex.d ./src/os/Semaphore.d ./src/os/Thread.d  ./src/main.d  CppTestRtos.elf.size  CppTestRtos.elf
' '
09:51:09 **** Auto Build of configuration Debug for project CppTestRtos ****
make pre-build main-build 
a9-linaro-pre-build-step
' '
'Building file: ../src/threads/mainThread.cpp'
'Invoking: ARM v7 g++ compiler'
arm-none-eabi-g++ -Wall -O0 -g3 -I"D:\git\particle_swarm_optimization_embedded\Assignment4_HW\lab4\lab1.sdk\CppTestRtos\src\os" -c -fmessage-length=0 -MT"src/threads/mainThread.o" -mcpu=cortex-a9 -mfpu=vfpv3 -mfloat-abi=hard -I../../freertos901_xilinx_bsp_0/ps7_cortexa9_0/include -MMD -MP -MF"src/threads/mainThread.d" -MT"src/threads/mainThread.o" -o "src/threads/mainThread.o" "../src/threads/mainThread.cpp"
In file included from ../src/threads/mainThread.h:12:0,
                 from ../src/threads/mainThread.cpp:1:
../src/threads/../stateMachine/Context.h:12:19: fatal error: Setup.h: No such file or directory
 #include "Setup.h"
                   ^
compilation terminated.
make: *** [src/threads/mainThread.o] Error 1
09:51:19 **** Auto Build of configuration Debug for project CppTestRtos ****
make pre-build main-build 
a9-linaro-pre-build-step
' '
'Building file: ../src/threads/mainThread.cpp'
'Invoking: ARM v7 g++ compiler'
arm-none-eabi-g++ -Wall -O0 -g3 -I"D:\git\particle_swarm_optimization_embedded\Assignment4_HW\lab4\lab1.sdk\CppTestRtos\src\os" -c -fmessage-length=0 -MT"src/threads/mainThread.o" -mcpu=cortex-a9 -mfpu=vfpv3 -mfloat-abi=hard -I../../freertos901_xilinx_bsp_0/ps7_cortexa9_0/include -MMD -MP -MF"src/threads/mainThread.d" -MT"src/threads/mainThread.o" -o "src/threads/mainThread.o" "../src/threads/mainThread.cpp"
../src/threads/mainThread.cpp: In member function 'virtual void mainThread::run()':
../src/threads/mainThread.cpp:22:6: warning: variable 'value' set but not used [-Wunused-but-set-variable]
  int value, skip, Status;
      ^~~~~
../src/threads/mainThread.cpp:22:13: warning: unused variable 'skip' [-Wunused-variable]
  int value, skip, Status;
             ^~~~
../src/threads/mainThread.cpp:22:19: warning: unused variable 'Status' [-Wunused-variable]
  int value, skip, Status;
                   ^~~~~~
'Finished building: ../src/threads/mainThread.cpp'
' '
'Building file: ../src/stateMachine/Context.cpp'
'Invoking: ARM v7 g++ compiler'
arm-none-eabi-g++ -Wall -O0 -g3 -I"D:\git\particle_swarm_optimization_embedded\Assignment4_HW\lab4\lab1.sdk\CppTestRtos\src\os" -c -fmessage-length=0 -MT"src/stateMachine/Context.o" -mcpu=cortex-a9 -mfpu=vfpv3 -mfloat-abi=hard -I../../freertos901_xilinx_bsp_0/ps7_cortexa9_0/include -MMD -MP -MF"src/stateMachine/Context.d" -MT"src/stateMachine/Context.o" -o "src/stateMachine/Context.o" "../src/stateMachine/Context.cpp"
../src/stateMachine/Context.cpp: In constructor 'Context::Context()':
../src/stateMachine/Context.cpp:11:15: error: 'Setup' does not name a type
  _state = new Setup;
               ^~~~~
make: *** [src/stateMachine/Context.o] Error 1
09:51:41 **** Auto Build of configuration Debug for project CppTestRtos ****
make pre-build main-build 
a9-linaro-pre-build-step
' '
'Building file: ../src/stateMachine/Context.cpp'
'Invoking: ARM v7 g++ compiler'
arm-none-eabi-g++ -Wall -O0 -g3 -I"D:\git\particle_swarm_optimization_embedded\Assignment4_HW\lab4\lab1.sdk\CppTestRtos\src\os" -c -fmessage-length=0 -MT"src/stateMachine/Context.o" -mcpu=cortex-a9 -mfpu=vfpv3 -mfloat-abi=hard -I../../freertos901_xilinx_bsp_0/ps7_cortexa9_0/include -MMD -MP -MF"src/stateMachine/Context.d" -MT"src/stateMachine/Context.o" -o "src/stateMachine/Context.o" "../src/stateMachine/Context.cpp"
../src/stateMachine/Context.cpp: In constructor 'Context::Context()':
../src/stateMachine/Context.cpp:11:15: error: 'Setup' does not name a type
  _state = new Setup;
               ^~~~~
make: *** [src/stateMachine/Context.o] Error 1
09:51:52 **** Auto Build of configuration Debug for project CppTestRtos ****
make pre-build main-build 
a9-linaro-pre-build-step
' '
'Building file: ../src/stateMachine/Context.cpp'
'Invoking: ARM v7 g++ compiler'
arm-none-eabi-g++ -Wall -O0 -g3 -I"D:\git\particle_swarm_optimization_embedded\Assignment4_HW\lab4\lab1.sdk\CppTestRtos\src\os" -c -fmessage-length=0 -MT"src/stateMachine/Context.o" -mcpu=cortex-a9 -mfpu=vfpv3 -mfloat-abi=hard -I../../freertos901_xilinx_bsp_0/ps7_cortexa9_0/include -MMD -MP -MF"src/stateMachine/Context.d" -MT"src/stateMachine/Context.o" -o "src/stateMachine/Context.o" "../src/stateMachine/Context.cpp"
'Finished building: ../src/stateMachine/Context.cpp'
' '
'Building file: ../src/stateMachine/FindMaxima.cpp'
'Invoking: ARM v7 g++ compiler'
arm-none-eabi-g++ -Wall -O0 -g3 -I"D:\git\particle_swarm_optimization_embedded\Assignment4_HW\lab4\lab1.sdk\CppTestRtos\src\os" -c -fmessage-length=0 -MT"src/stateMachine/FindMaxima.o" -mcpu=cortex-a9 -mfpu=vfpv3 -mfloat-abi=hard -I../../freertos901_xilinx_bsp_0/ps7_cortexa9_0/include -MMD -MP -MF"src/stateMachine/FindMaxima.d" -MT"src/stateMachine/FindMaxima.o" -o "src/stateMachine/FindMaxima.o" "../src/stateMachine/FindMaxima.cpp"
'Finished building: ../src/stateMachine/FindMaxima.cpp'
' '
'Building file: ../src/stateMachine/FindMinima.cpp'
'Invoking: ARM v7 g++ compiler'
arm-none-eabi-g++ -Wall -O0 -g3 -I"D:\git\particle_swarm_optimization_embedded\Assignment4_HW\lab4\lab1.sdk\CppTestRtos\src\os" -c -fmessage-length=0 -MT"src/stateMachine/FindMinima.o" -mcpu=cortex-a9 -mfpu=vfpv3 -mfloat-abi=hard -I../../freertos901_xilinx_bsp_0/ps7_cortexa9_0/include -MMD -MP -MF"src/stateMachine/FindMinima.d" -MT"src/stateMachine/FindMinima.o" -o "src/stateMachine/FindMinima.o" "../src/stateMachine/FindMinima.cpp"
'Finished building: ../src/stateMachine/FindMinima.cpp'
' '
'Building file: ../src/stateMachine/Setup.cpp'
'Invoking: ARM v7 g++ compiler'
arm-none-eabi-g++ -Wall -O0 -g3 -I"D:\git\particle_swarm_optimization_embedded\Assignment4_HW\lab4\lab1.sdk\CppTestRtos\src\os" -c -fmessage-length=0 -MT"src/stateMachine/Setup.o" -mcpu=cortex-a9 -mfpu=vfpv3 -mfloat-abi=hard -I../../freertos901_xilinx_bsp_0/ps7_cortexa9_0/include -MMD -MP -MF"src/stateMachine/Setup.d" -MT"src/stateMachine/Setup.o" -o "src/stateMachine/Setup.o" "../src/stateMachine/Setup.cpp"
'Finished building: ../src/stateMachine/Setup.cpp'
' '
'Building file: ../src/stateMachine/State.cpp'
'Invoking: ARM v7 g++ compiler'
arm-none-eabi-g++ -Wall -O0 -g3 -I"D:\git\particle_swarm_optimization_embedded\Assignment4_HW\lab4\lab1.sdk\CppTestRtos\src\os" -c -fmessage-length=0 -MT"src/stateMachine/State.o" -mcpu=cortex-a9 -mfpu=vfpv3 -mfloat-abi=hard -I../../freertos901_xilinx_bsp_0/ps7_cortexa9_0/include -MMD -MP -MF"src/stateMachine/State.d" -MT"src/stateMachine/State.o" -o "src/stateMachine/State.o" "../src/stateMachine/State.cpp"
'Finished building: ../src/stateMachine/State.cpp'
' '
'Building file: ../src/os/Mutex.cpp'
'Invoking: ARM v7 g++ compiler'
arm-none-eabi-g++ -Wall -O0 -g3 -I"D:\git\particle_swarm_optimization_embedded\Assignment4_HW\lab4\lab1.sdk\CppTestRtos\src\os" -c -fmessage-length=0 -MT"src/os/Mutex.o" -mcpu=cortex-a9 -mfpu=vfpv3 -mfloat-abi=hard -I../../freertos901_xilinx_bsp_0/ps7_cortexa9_0/include -MMD -MP -MF"src/os/Mutex.d" -MT"src/os/Mutex.o" -o "src/os/Mutex.o" "../src/os/Mutex.cpp"
'Finished building: ../src/os/Mutex.cpp'
' '
'Building file: ../src/os/Semaphore.cpp'
'Invoking: ARM v7 g++ compiler'
arm-none-eabi-g++ -Wall -O0 -g3 -I"D:\git\particle_swarm_optimization_embedded\Assignment4_HW\lab4\lab1.sdk\CppTestRtos\src\os" -c -fmessage-length=0 -MT"src/os/Semaphore.o" -mcpu=cortex-a9 -mfpu=vfpv3 -mfloat-abi=hard -I../../freertos901_xilinx_bsp_0/ps7_cortexa9_0/include -MMD -MP -MF"src/os/Semaphore.d" -MT"src/os/Semaphore.o" -o "src/os/Semaphore.o" "../src/os/Semaphore.cpp"
'Finished building: ../src/os/Semaphore.cpp'
' '
'Building file: ../src/os/Thread.cpp'
'Invoking: ARM v7 g++ compiler'
arm-none-eabi-g++ -Wall -O0 -g3 -I"D:\git\particle_swarm_optimization_embedded\Assignment4_HW\lab4\lab1.sdk\CppTestRtos\src\os" -c -fmessage-length=0 -MT"src/os/Thread.o" -mcpu=cortex-a9 -mfpu=vfpv3 -mfloat-abi=hard -I../../freertos901_xilinx_bsp_0/ps7_cortexa9_0/include -MMD -MP -MF"src/os/Thread.d" -MT"src/os/Thread.o" -o "src/os/Thread.o" "../src/os/Thread.cpp"
'Finished building: ../src/os/Thread.cpp'
' '
'Building file: ../src/main.cpp'
'Invoking: ARM v7 g++ compiler'
arm-none-eabi-g++ -Wall -O0 -g3 -I"D:\git\particle_swarm_optimization_embedded\Assignment4_HW\lab4\lab1.sdk\CppTestRtos\src\os" -c -fmessage-length=0 -MT"src/main.o" -mcpu=cortex-a9 -mfpu=vfpv3 -mfloat-abi=hard -I../../freertos901_xilinx_bsp_0/ps7_cortexa9_0/include -MMD -MP -MF"src/main.d" -MT"src/main.o" -o "src/main.o" "../src/main.cpp"
'Finished building: ../src/main.cpp'
' '
'Building target: CppTestRtos.elf'
'Invoking: ARM v7 g++ linker'
arm-none-eabi-g++ -mcpu=cortex-a9 -mfpu=vfpv3 -mfloat-abi=hard -Wl,-build-id=none -specs=Xilinx.spec -Wl,-T -Wl,../src/lscript.ld -L../../freertos901_xilinx_bsp_0/ps7_cortexa9_0/lib -o "CppTestRtos.elf"  ./src/threads/mainThread.o  ./src/stateMachine/Context.o ./src/stateMachine/FindMaxima.o ./src/stateMachine/FindMinima.o ./src/stateMachine/Setup.o ./src/stateMachine/State.o  ./src/os/Mutex.o ./src/os/Semaphore.o ./src/os/Thread.o  ./src/main.o   -Wl,--start-group,-lxil,-lfreertos,-lgcc,-lc,-lstdc++,--end-group
'Finished building target: CppTestRtos.elf'
' '
'Invoking: ARM v7 Print Size'
arm-none-eabi-size CppTestRtos.elf  |tee "CppTestRtos.elf.size"
   text	   data	    bss	    dec	    hex	filename
 804222	   4496	  96140	 904858	  dce9a	CppTestRtos.elf
'Finished building: CppTestRtos.elf.size'
' '
09:52:03 **** Auto Build of configuration Debug for project CppTestRtos ****
make pre-build main-build 
a9-linaro-pre-build-step
' '
'Building file: ../src/stateMachine/Context.cpp'
'Invoking: ARM v7 g++ compiler'
arm-none-eabi-g++ -Wall -O0 -g3 -I"D:\git\particle_swarm_optimization_embedded\Assignment4_HW\lab4\lab1.sdk\CppTestRtos\src\os" -c -fmessage-length=0 -MT"src/stateMachine/Context.o" -mcpu=cortex-a9 -mfpu=vfpv3 -mfloat-abi=hard -I../../freertos901_xilinx_bsp_0/ps7_cortexa9_0/include -MMD -MP -MF"src/stateMachine/Context.d" -MT"src/stateMachine/Context.o" -o "src/stateMachine/Context.o" "../src/stateMachine/Context.cpp"
../src/stateMachine/Context.cpp: In constructor 'Context::Context()':
../src/stateMachine/Context.cpp:11:15: error: 'Setup' does not name a type
  _state = new Setup;
               ^~~~~
make: *** [src/stateMachine/Context.o] Error 1
09:52:12 **** Auto Build of configuration Debug for project CppTestRtos ****
make pre-build main-build 
a9-linaro-pre-build-step
' '
'Building file: ../src/threads/mainThread.cpp'
'Invoking: ARM v7 g++ compiler'
arm-none-eabi-g++ -Wall -O0 -g3 -I"D:\git\particle_swarm_optimization_embedded\Assignment4_HW\lab4\lab1.sdk\CppTestRtos\src\os" -c -fmessage-length=0 -MT"src/threads/mainThread.o" -mcpu=cortex-a9 -mfpu=vfpv3 -mfloat-abi=hard -I../../freertos901_xilinx_bsp_0/ps7_cortexa9_0/include -MMD -MP -MF"src/threads/mainThread.d" -MT"src/threads/mainThread.o" -o "src/threads/mainThread.o" "../src/threads/mainThread.cpp"
../src/threads/mainThread.cpp: In member function 'virtual void mainThread::run()':
../src/threads/mainThread.cpp:22:6: warning: variable 'value' set but not used [-Wunused-but-set-variable]
  int value, skip, Status;
      ^~~~~
../src/threads/mainThread.cpp:22:13: warning: unused variable 'skip' [-Wunused-variable]
  int value, skip, Status;
             ^~~~
../src/threads/mainThread.cpp:22:19: warning: unused variable 'Status' [-Wunused-variable]
  int value, skip, Status;
                   ^~~~~~
'Finished building: ../src/threads/mainThread.cpp'
' '
'Building file: ../src/stateMachine/Context.cpp'
'Invoking: ARM v7 g++ compiler'
arm-none-eabi-g++ -Wall -O0 -g3 -I"D:\git\particle_swarm_optimization_embedded\Assignment4_HW\lab4\lab1.sdk\CppTestRtos\src\os" -c -fmessage-length=0 -MT"src/stateMachine/Context.o" -mcpu=cortex-a9 -mfpu=vfpv3 -mfloat-abi=hard -I../../freertos901_xilinx_bsp_0/ps7_cortexa9_0/include -MMD -MP -MF"src/stateMachine/Context.d" -MT"src/stateMachine/Context.o" -o "src/stateMachine/Context.o" "../src/stateMachine/Context.cpp"
'Finished building: ../src/stateMachine/Context.cpp'
' '
'Building file: ../src/stateMachine/FindMaxima.cpp'
'Invoking: ARM v7 g++ compiler'
arm-none-eabi-g++ -Wall -O0 -g3 -I"D:\git\particle_swarm_optimization_embedded\Assignment4_HW\lab4\lab1.sdk\CppTestRtos\src\os" -c -fmessage-length=0 -MT"src/stateMachine/FindMaxima.o" -mcpu=cortex-a9 -mfpu=vfpv3 -mfloat-abi=hard -I../../freertos901_xilinx_bsp_0/ps7_cortexa9_0/include -MMD -MP -MF"src/stateMachine/FindMaxima.d" -MT"src/stateMachine/FindMaxima.o" -o "src/stateMachine/FindMaxima.o" "../src/stateMachine/FindMaxima.cpp"
'Finished building: ../src/stateMachine/FindMaxima.cpp'
' '
'Building file: ../src/stateMachine/FindMinima.cpp'
'Invoking: ARM v7 g++ compiler'
arm-none-eabi-g++ -Wall -O0 -g3 -I"D:\git\particle_swarm_optimization_embedded\Assignment4_HW\lab4\lab1.sdk\CppTestRtos\src\os" -c -fmessage-length=0 -MT"src/stateMachine/FindMinima.o" -mcpu=cortex-a9 -mfpu=vfpv3 -mfloat-abi=hard -I../../freertos901_xilinx_bsp_0/ps7_cortexa9_0/include -MMD -MP -MF"src/stateMachine/FindMinima.d" -MT"src/stateMachine/FindMinima.o" -o "src/stateMachine/FindMinima.o" "../src/stateMachine/FindMinima.cpp"
In file included from ../src/stateMachine/Context.h:12:0,
                 from ../src/stateMachine/State.h:11,
                 from ../src/stateMachine/FindMinima.h:11,
                 from ../src/stateMachine/FindMinima.cpp:8:
../src/stateMachine/Setup.h:13:27: error: expected class-name before '{' token
 class Setup: public State {
                           ^
make: *** [src/stateMachine/FindMinima.o] Error 1
09:54:09 **** Clean-only build of configuration Debug for project CppTestRtos ****
make clean 
rm -rf  ./src/threads/mainThread.o  ./src/stateMachine/Context.o ./src/stateMachine/FindMaxima.o ./src/stateMachine/FindMinima.o ./src/stateMachine/Setup.o ./src/stateMachine/State.o  ./src/os/Mutex.o ./src/os/Semaphore.o ./src/os/Thread.o  ./src/main.o  ./src/threads/mainThread.d  ./src/stateMachine/Context.d ./src/stateMachine/FindMaxima.d ./src/stateMachine/FindMinima.d ./src/stateMachine/Setup.d ./src/stateMachine/State.d  ./src/os/Mutex.d ./src/os/Semaphore.d ./src/os/Thread.d  ./src/main.d  CppTestRtos.elf.size  CppTestRtos.elf
' '
09:54:09 **** Auto Build of configuration Debug for project CppTestRtos ****
make pre-build main-build 
a9-linaro-pre-build-step
' '
'Building file: ../src/threads/mainThread.cpp'
'Invoking: ARM v7 g++ compiler'
arm-none-eabi-g++ -Wall -O0 -g3 -I"D:\git\particle_swarm_optimization_embedded\Assignment4_HW\lab4\lab1.sdk\CppTestRtos\src\os" -c -fmessage-length=0 -MT"src/threads/mainThread.o" -mcpu=cortex-a9 -mfpu=vfpv3 -mfloat-abi=hard -I../../freertos901_xilinx_bsp_0/ps7_cortexa9_0/include -MMD -MP -MF"src/threads/mainThread.d" -MT"src/threads/mainThread.o" -o "src/threads/mainThread.o" "../src/threads/mainThread.cpp"
In file included from ../src/threads/mainThread.h:12:0,
                 from ../src/threads/mainThread.cpp:1:
../src/threads/../stateMachine/Context.h:12:19: fatal error: Setup.h: No such file or directory
 #include "Setup.h"
                   ^
compilation terminated.
make: *** [src/threads/mainThread.o] Error 1
09:54:31 **** Auto Build of configuration Debug for project CppTestRtos ****
make pre-build main-build 
a9-linaro-pre-build-step
' '
'Building file: ../src/threads/mainThread.cpp'
'Invoking: ARM v7 g++ compiler'
arm-none-eabi-g++ -Wall -O0 -g3 -I"D:\git\particle_swarm_optimization_embedded\Assignment4_HW\lab4\lab1.sdk\CppTestRtos\src\os" -c -fmessage-length=0 -MT"src/threads/mainThread.o" -mcpu=cortex-a9 -mfpu=vfpv3 -mfloat-abi=hard -I../../freertos901_xilinx_bsp_0/ps7_cortexa9_0/include -MMD -MP -MF"src/threads/mainThread.d" -MT"src/threads/mainThread.o" -o "src/threads/mainThread.o" "../src/threads/mainThread.cpp"
In file included from ../src/threads/mainThread.h:12:0,
                 from ../src/threads/mainThread.cpp:1:
../src/threads/../stateMachine/Context.h:12:19: fatal error: Setup.h: No such file or directory
 #include "Setup.h"
                   ^
compilation terminated.
make: *** [src/threads/mainThread.o] Error 1
09:54:42 **** Auto Build of configuration Debug for project CppTestRtos ****
make pre-build main-build 
a9-linaro-pre-build-step
' '
'Building file: ../src/threads/mainThread.cpp'
'Invoking: ARM v7 g++ compiler'
arm-none-eabi-g++ -Wall -O0 -g3 -I"D:\git\particle_swarm_optimization_embedded\Assignment4_HW\lab4\lab1.sdk\CppTestRtos\src\os" -c -fmessage-length=0 -MT"src/threads/mainThread.o" -mcpu=cortex-a9 -mfpu=vfpv3 -mfloat-abi=hard -I../../freertos901_xilinx_bsp_0/ps7_cortexa9_0/include -MMD -MP -MF"src/threads/mainThread.d" -MT"src/threads/mainThread.o" -o "src/threads/mainThread.o" "../src/threads/mainThread.cpp"
In file included from ../src/threads/../stateMachine/State.h:11:0,
                 from ../src/threads/../stateMachine/Context.h:11,
                 from ../src/threads/mainThread.h:12,
                 from ../src/threads/mainThread.cpp:1:
../src/threads/../stateMachine/Context.h:12:24: warning: missing terminating " character
 #include "Settings.h".h"
                        ^
In file included from ../src/threads/mainThread.h:12:0,
                 from ../src/threads/mainThread.cpp:1:
../src/threads/../stateMachine/Context.h:12:22: warning: extra tokens at end of #include directive
 #include "Settings.h".h"
                      ^
../src/threads/../stateMachine/Context.h:12:24: warning: missing terminating " character
 #include "Settings.h".h"
                        ^
../src/threads/mainThread.cpp: In member function 'virtual void mainThread::run()':
../src/threads/mainThread.cpp:22:6: warning: variable 'value' set but not used [-Wunused-but-set-variable]
  int value, skip, Status;
      ^~~~~
../src/threads/mainThread.cpp:22:13: warning: unused variable 'skip' [-Wunused-variable]
  int value, skip, Status;
             ^~~~
../src/threads/mainThread.cpp:22:19: warning: unused variable 'Status' [-Wunused-variable]
  int value, skip, Status;
                   ^~~~~~
'Finished building: ../src/threads/mainThread.cpp'
' '
'Building file: ../src/stateMachine/Context.cpp'
'Invoking: ARM v7 g++ compiler'
arm-none-eabi-g++ -Wall -O0 -g3 -I"D:\git\particle_swarm_optimization_embedded\Assignment4_HW\lab4\lab1.sdk\CppTestRtos\src\os" -c -fmessage-length=0 -MT"src/stateMachine/Context.o" -mcpu=cortex-a9 -mfpu=vfpv3 -mfloat-abi=hard -I../../freertos901_xilinx_bsp_0/ps7_cortexa9_0/include -MMD -MP -MF"src/stateMachine/Context.d" -MT"src/stateMachine/Context.o" -o "src/stateMachine/Context.o" "../src/stateMachine/Context.cpp"
In file included from ../src/stateMachine/State.h:11:0,
                 from ../src/stateMachine/Context.h:11,
                 from ../src/stateMachine/Context.cpp:8:
../src/stateMachine/Context.h:12:24: warning: missing terminating " character
 #include "Settings.h".h"
                        ^
In file included from ../src/stateMachine/Context.cpp:8:0:
../src/stateMachine/Context.h:12:22: warning: extra tokens at end of #include directive
 #include "Settings.h".h"
                      ^
../src/stateMachine/Context.h:12:24: warning: missing terminating " character
 #include "Settings.h".h"
                        ^
../src/stateMachine/Context.cpp: In constructor 'Context::Context()':
../src/stateMachine/Context.cpp:11:15: error: 'Setup' does not name a type
  _state = new Setup;
               ^~~~~
make: *** [src/stateMachine/Context.o] Error 1
09:54:45 **** Auto Build of configuration Debug for project CppTestRtos ****
make pre-build main-build 
a9-linaro-pre-build-step
' '
'Building file: ../src/threads/mainThread.cpp'
'Invoking: ARM v7 g++ compiler'
arm-none-eabi-g++ -Wall -O0 -g3 -I"D:\git\particle_swarm_optimization_embedded\Assignment4_HW\lab4\lab1.sdk\CppTestRtos\src\os" -c -fmessage-length=0 -MT"src/threads/mainThread.o" -mcpu=cortex-a9 -mfpu=vfpv3 -mfloat-abi=hard -I../../freertos901_xilinx_bsp_0/ps7_cortexa9_0/include -MMD -MP -MF"src/threads/mainThread.d" -MT"src/threads/mainThread.o" -o "src/threads/mainThread.o" "../src/threads/mainThread.cpp"
../src/threads/mainThread.cpp: In member function 'virtual void mainThread::run()':
../src/threads/mainThread.cpp:22:6: warning: variable 'value' set but not used [-Wunused-but-set-variable]
  int value, skip, Status;
      ^~~~~
../src/threads/mainThread.cpp:22:13: warning: unused variable 'skip' [-Wunused-variable]
  int value, skip, Status;
             ^~~~
../src/threads/mainThread.cpp:22:19: warning: unused variable 'Status' [-Wunused-variable]
  int value, skip, Status;
                   ^~~~~~
'Finished building: ../src/threads/mainThread.cpp'
' '
'Building file: ../src/stateMachine/Context.cpp'
'Invoking: ARM v7 g++ compiler'
arm-none-eabi-g++ -Wall -O0 -g3 -I"D:\git\particle_swarm_optimization_embedded\Assignment4_HW\lab4\lab1.sdk\CppTestRtos\src\os" -c -fmessage-length=0 -MT"src/stateMachine/Context.o" -mcpu=cortex-a9 -mfpu=vfpv3 -mfloat-abi=hard -I../../freertos901_xilinx_bsp_0/ps7_cortexa9_0/include -MMD -MP -MF"src/stateMachine/Context.d" -MT"src/stateMachine/Context.o" -o "src/stateMachine/Context.o" "../src/stateMachine/Context.cpp"
../src/stateMachine/Context.cpp: In constructor 'Context::Context()':
../src/stateMachine/Context.cpp:11:15: error: 'Setup' does not name a type
  _state = new Setup;
               ^~~~~
make: *** [src/stateMachine/Context.o] Error 1
09:54:55 **** Auto Build of configuration Debug for project CppTestRtos ****
make pre-build main-build 
a9-linaro-pre-build-step
' '
'Building file: ../src/stateMachine/Context.cpp'
'Invoking: ARM v7 g++ compiler'
arm-none-eabi-g++ -Wall -O0 -g3 -I"D:\git\particle_swarm_optimization_embedded\Assignment4_HW\lab4\lab1.sdk\CppTestRtos\src\os" -c -fmessage-length=0 -MT"src/stateMachine/Context.o" -mcpu=cortex-a9 -mfpu=vfpv3 -mfloat-abi=hard -I../../freertos901_xilinx_bsp_0/ps7_cortexa9_0/include -MMD -MP -MF"src/stateMachine/Context.d" -MT"src/stateMachine/Context.o" -o "src/stateMachine/Context.o" "../src/stateMachine/Context.cpp"
'Finished building: ../src/stateMachine/Context.cpp'
' '
'Building file: ../src/stateMachine/FindMaxima.cpp'
'Invoking: ARM v7 g++ compiler'
arm-none-eabi-g++ -Wall -O0 -g3 -I"D:\git\particle_swarm_optimization_embedded\Assignment4_HW\lab4\lab1.sdk\CppTestRtos\src\os" -c -fmessage-length=0 -MT"src/stateMachine/FindMaxima.o" -mcpu=cortex-a9 -mfpu=vfpv3 -mfloat-abi=hard -I../../freertos901_xilinx_bsp_0/ps7_cortexa9_0/include -MMD -MP -MF"src/stateMachine/FindMaxima.d" -MT"src/stateMachine/FindMaxima.o" -o "src/stateMachine/FindMaxima.o" "../src/stateMachine/FindMaxima.cpp"
'Finished building: ../src/stateMachine/FindMaxima.cpp'
' '
'Building file: ../src/stateMachine/FindMinima.cpp'
'Invoking: ARM v7 g++ compiler'
arm-none-eabi-g++ -Wall -O0 -g3 -I"D:\git\particle_swarm_optimization_embedded\Assignment4_HW\lab4\lab1.sdk\CppTestRtos\src\os" -c -fmessage-length=0 -MT"src/stateMachine/FindMinima.o" -mcpu=cortex-a9 -mfpu=vfpv3 -mfloat-abi=hard -I../../freertos901_xilinx_bsp_0/ps7_cortexa9_0/include -MMD -MP -MF"src/stateMachine/FindMinima.d" -MT"src/stateMachine/FindMinima.o" -o "src/stateMachine/FindMinima.o" "../src/stateMachine/FindMinima.cpp"
In file included from ../src/stateMachine/Context.h:12:0,
                 from ../src/stateMachine/State.h:11,
                 from ../src/stateMachine/FindMinima.h:11,
                 from ../src/stateMachine/FindMinima.cpp:8:
../src/stateMachine/Settings.h:13:30: error: expected class-name before '{' token
 class Settings: public State {
                              ^
make: *** [src/stateMachine/FindMinima.o] Error 1
09:55:39 **** Auto Build of configuration Debug for project CppTestRtos ****
make pre-build main-build 
a9-linaro-pre-build-step
' '
'Building file: ../src/threads/mainThread.cpp'
'Invoking: ARM v7 g++ compiler'
arm-none-eabi-g++ -Wall -O0 -g3 -I"D:\git\particle_swarm_optimization_embedded\Assignment4_HW\lab4\lab1.sdk\CppTestRtos\src\os" -c -fmessage-length=0 -MT"src/threads/mainThread.o" -mcpu=cortex-a9 -mfpu=vfpv3 -mfloat-abi=hard -I../../freertos901_xilinx_bsp_0/ps7_cortexa9_0/include -MMD -MP -MF"src/threads/mainThread.d" -MT"src/threads/mainThread.o" -o "src/threads/mainThread.o" "../src/threads/mainThread.cpp"
../src/threads/mainThread.cpp: In member function 'virtual void mainThread::run()':
../src/threads/mainThread.cpp:22:6: warning: variable 'value' set but not used [-Wunused-but-set-variable]
  int value, skip, Status;
      ^~~~~
../src/threads/mainThread.cpp:22:13: warning: unused variable 'skip' [-Wunused-variable]
  int value, skip, Status;
             ^~~~
../src/threads/mainThread.cpp:22:19: warning: unused variable 'Status' [-Wunused-variable]
  int value, skip, Status;
                   ^~~~~~
'Finished building: ../src/threads/mainThread.cpp'
' '
'Building file: ../src/stateMachine/Context.cpp'
'Invoking: ARM v7 g++ compiler'
arm-none-eabi-g++ -Wall -O0 -g3 -I"D:\git\particle_swarm_optimization_embedded\Assignment4_HW\lab4\lab1.sdk\CppTestRtos\src\os" -c -fmessage-length=0 -MT"src/stateMachine/Context.o" -mcpu=cortex-a9 -mfpu=vfpv3 -mfloat-abi=hard -I../../freertos901_xilinx_bsp_0/ps7_cortexa9_0/include -MMD -MP -MF"src/stateMachine/Context.d" -MT"src/stateMachine/Context.o" -o "src/stateMachine/Context.o" "../src/stateMachine/Context.cpp"
../src/stateMachine/Context.cpp: In constructor 'Context::Context()':
../src/stateMachine/Context.cpp:11:15: error: cannot convert 'Settings*' to 'State*' in assignment
  _state = new Settings;
               ^~~~~~~~
make: *** [src/stateMachine/Context.o] Error 1
09:55:48 **** Auto Build of configuration Debug for project CppTestRtos ****
make pre-build main-build 
a9-linaro-pre-build-step
' '
'Building file: ../src/stateMachine/Context.cpp'
'Invoking: ARM v7 g++ compiler'
arm-none-eabi-g++ -Wall -O0 -g3 -I"D:\git\particle_swarm_optimization_embedded\Assignment4_HW\lab4\lab1.sdk\CppTestRtos\src\os" -c -fmessage-length=0 -MT"src/stateMachine/Context.o" -mcpu=cortex-a9 -mfpu=vfpv3 -mfloat-abi=hard -I../../freertos901_xilinx_bsp_0/ps7_cortexa9_0/include -MMD -MP -MF"src/stateMachine/Context.d" -MT"src/stateMachine/Context.o" -o "src/stateMachine/Context.o" "../src/stateMachine/Context.cpp"
'Finished building: ../src/stateMachine/Context.cpp'
' '
'Building file: ../src/stateMachine/FindMaxima.cpp'
'Invoking: ARM v7 g++ compiler'
arm-none-eabi-g++ -Wall -O0 -g3 -I"D:\git\particle_swarm_optimization_embedded\Assignment4_HW\lab4\lab1.sdk\CppTestRtos\src\os" -c -fmessage-length=0 -MT"src/stateMachine/FindMaxima.o" -mcpu=cortex-a9 -mfpu=vfpv3 -mfloat-abi=hard -I../../freertos901_xilinx_bsp_0/ps7_cortexa9_0/include -MMD -MP -MF"src/stateMachine/FindMaxima.d" -MT"src/stateMachine/FindMaxima.o" -o "src/stateMachine/FindMaxima.o" "../src/stateMachine/FindMaxima.cpp"
'Finished building: ../src/stateMachine/FindMaxima.cpp'
' '
'Building file: ../src/stateMachine/FindMinima.cpp'
'Invoking: ARM v7 g++ compiler'
arm-none-eabi-g++ -Wall -O0 -g3 -I"D:\git\particle_swarm_optimization_embedded\Assignment4_HW\lab4\lab1.sdk\CppTestRtos\src\os" -c -fmessage-length=0 -MT"src/stateMachine/FindMinima.o" -mcpu=cortex-a9 -mfpu=vfpv3 -mfloat-abi=hard -I../../freertos901_xilinx_bsp_0/ps7_cortexa9_0/include -MMD -MP -MF"src/stateMachine/FindMinima.d" -MT"src/stateMachine/FindMinima.o" -o "src/stateMachine/FindMinima.o" "../src/stateMachine/FindMinima.cpp"
'Finished building: ../src/stateMachine/FindMinima.cpp'
' '
'Building file: ../src/stateMachine/Settings.cpp'
'Invoking: ARM v7 g++ compiler'
arm-none-eabi-g++ -Wall -O0 -g3 -I"D:\git\particle_swarm_optimization_embedded\Assignment4_HW\lab4\lab1.sdk\CppTestRtos\src\os" -c -fmessage-length=0 -MT"src/stateMachine/Settings.o" -mcpu=cortex-a9 -mfpu=vfpv3 -mfloat-abi=hard -I../../freertos901_xilinx_bsp_0/ps7_cortexa9_0/include -MMD -MP -MF"src/stateMachine/Settings.d" -MT"src/stateMachine/Settings.o" -o "src/stateMachine/Settings.o" "../src/stateMachine/Settings.cpp"
'Finished building: ../src/stateMachine/Settings.cpp'
' '
'Building file: ../src/stateMachine/State.cpp'
'Invoking: ARM v7 g++ compiler'
arm-none-eabi-g++ -Wall -O0 -g3 -I"D:\git\particle_swarm_optimization_embedded\Assignment4_HW\lab4\lab1.sdk\CppTestRtos\src\os" -c -fmessage-length=0 -MT"src/stateMachine/State.o" -mcpu=cortex-a9 -mfpu=vfpv3 -mfloat-abi=hard -I../../freertos901_xilinx_bsp_0/ps7_cortexa9_0/include -MMD -MP -MF"src/stateMachine/State.d" -MT"src/stateMachine/State.o" -o "src/stateMachine/State.o" "../src/stateMachine/State.cpp"
'Finished building: ../src/stateMachine/State.cpp'
' '
'Building file: ../src/os/Mutex.cpp'
'Invoking: ARM v7 g++ compiler'
arm-none-eabi-g++ -Wall -O0 -g3 -I"D:\git\particle_swarm_optimization_embedded\Assignment4_HW\lab4\lab1.sdk\CppTestRtos\src\os" -c -fmessage-length=0 -MT"src/os/Mutex.o" -mcpu=cortex-a9 -mfpu=vfpv3 -mfloat-abi=hard -I../../freertos901_xilinx_bsp_0/ps7_cortexa9_0/include -MMD -MP -MF"src/os/Mutex.d" -MT"src/os/Mutex.o" -o "src/os/Mutex.o" "../src/os/Mutex.cpp"
'Finished building: ../src/os/Mutex.cpp'
' '
'Building file: ../src/os/Semaphore.cpp'
'Invoking: ARM v7 g++ compiler'
arm-none-eabi-g++ -Wall -O0 -g3 -I"D:\git\particle_swarm_optimization_embedded\Assignment4_HW\lab4\lab1.sdk\CppTestRtos\src\os" -c -fmessage-length=0 -MT"src/os/Semaphore.o" -mcpu=cortex-a9 -mfpu=vfpv3 -mfloat-abi=hard -I../../freertos901_xilinx_bsp_0/ps7_cortexa9_0/include -MMD -MP -MF"src/os/Semaphore.d" -MT"src/os/Semaphore.o" -o "src/os/Semaphore.o" "../src/os/Semaphore.cpp"
'Finished building: ../src/os/Semaphore.cpp'
' '
'Building file: ../src/os/Thread.cpp'
'Invoking: ARM v7 g++ compiler'
arm-none-eabi-g++ -Wall -O0 -g3 -I"D:\git\particle_swarm_optimization_embedded\Assignment4_HW\lab4\lab1.sdk\CppTestRtos\src\os" -c -fmessage-length=0 -MT"src/os/Thread.o" -mcpu=cortex-a9 -mfpu=vfpv3 -mfloat-abi=hard -I../../freertos901_xilinx_bsp_0/ps7_cortexa9_0/include -MMD -MP -MF"src/os/Thread.d" -MT"src/os/Thread.o" -o "src/os/Thread.o" "../src/os/Thread.cpp"
'Finished building: ../src/os/Thread.cpp'
' '
'Building file: ../src/main.cpp'
'Invoking: ARM v7 g++ compiler'
arm-none-eabi-g++ -Wall -O0 -g3 -I"D:\git\particle_swarm_optimization_embedded\Assignment4_HW\lab4\lab1.sdk\CppTestRtos\src\os" -c -fmessage-length=0 -MT"src/main.o" -mcpu=cortex-a9 -mfpu=vfpv3 -mfloat-abi=hard -I../../freertos901_xilinx_bsp_0/ps7_cortexa9_0/include -MMD -MP -MF"src/main.d" -MT"src/main.o" -o "src/main.o" "../src/main.cpp"
'Finished building: ../src/main.cpp'
' '
'Building target: CppTestRtos.elf'
'Invoking: ARM v7 g++ linker'
arm-none-eabi-g++ -mcpu=cortex-a9 -mfpu=vfpv3 -mfloat-abi=hard -Wl,-build-id=none -specs=Xilinx.spec -Wl,-T -Wl,../src/lscript.ld -L../../freertos901_xilinx_bsp_0/ps7_cortexa9_0/lib -o "CppTestRtos.elf"  ./src/threads/mainThread.o  ./src/stateMachine/Context.o ./src/stateMachine/FindMaxima.o ./src/stateMachine/FindMinima.o ./src/stateMachine/Settings.o ./src/stateMachine/State.o  ./src/os/Mutex.o ./src/os/Semaphore.o ./src/os/Thread.o  ./src/main.o   -Wl,--start-group,-lxil,-lfreertos,-lgcc,-lc,-lstdc++,--end-group
'Finished building target: CppTestRtos.elf'
' '
'Invoking: ARM v7 Print Size'
arm-none-eabi-size CppTestRtos.elf  |tee "CppTestRtos.elf.size"
   text	   data	    bss	    dec	    hex	filename
 804162	   4496	  96140	 904798	  dce5e	CppTestRtos.elf
'Finished building: CppTestRtos.elf.size'
' '
09:56:11 **** Auto Build of configuration Debug for project CppTestRtos ****
make pre-build main-build 
a9-linaro-pre-build-step
' '
'Building file: ../src/threads/mainThread.cpp'
'Invoking: ARM v7 g++ compiler'
arm-none-eabi-g++ -Wall -O0 -g3 -I"D:\git\particle_swarm_optimization_embedded\Assignment4_HW\lab4\lab1.sdk\CppTestRtos\src\os" -c -fmessage-length=0 -MT"src/threads/mainThread.o" -mcpu=cortex-a9 -mfpu=vfpv3 -mfloat-abi=hard -I../../freertos901_xilinx_bsp_0/ps7_cortexa9_0/include -MMD -MP -MF"src/threads/mainThread.d" -MT"src/threads/mainThread.o" -o "src/threads/mainThread.o" "../src/threads/mainThread.cpp"
../src/threads/mainThread.cpp: In member function 'virtual void mainThread::run()':
../src/threads/mainThread.cpp:22:6: warning: variable 'value' set but not used [-Wunused-but-set-variable]
  int value, skip, Status;
      ^~~~~
../src/threads/mainThread.cpp:22:13: warning: unused variable 'skip' [-Wunused-variable]
  int value, skip, Status;
             ^~~~
../src/threads/mainThread.cpp:22:19: warning: unused variable 'Status' [-Wunused-variable]
  int value, skip, Status;
                   ^~~~~~
'Finished building: ../src/threads/mainThread.cpp'
' '
'Building file: ../src/stateMachine/Context.cpp'
'Invoking: ARM v7 g++ compiler'
arm-none-eabi-g++ -Wall -O0 -g3 -I"D:\git\particle_swarm_optimization_embedded\Assignment4_HW\lab4\lab1.sdk\CppTestRtos\src\os" -c -fmessage-length=0 -MT"src/stateMachine/Context.o" -mcpu=cortex-a9 -mfpu=vfpv3 -mfloat-abi=hard -I../../freertos901_xilinx_bsp_0/ps7_cortexa9_0/include -MMD -MP -MF"src/stateMachine/Context.d" -MT"src/stateMachine/Context.o" -o "src/stateMachine/Context.o" "../src/stateMachine/Context.cpp"
'Finished building: ../src/stateMachine/Context.cpp'
' '
'Building file: ../src/stateMachine/FindMaxima.cpp'
'Invoking: ARM v7 g++ compiler'
arm-none-eabi-g++ -Wall -O0 -g3 -I"D:\git\particle_swarm_optimization_embedded\Assignment4_HW\lab4\lab1.sdk\CppTestRtos\src\os" -c -fmessage-length=0 -MT"src/stateMachine/FindMaxima.o" -mcpu=cortex-a9 -mfpu=vfpv3 -mfloat-abi=hard -I../../freertos901_xilinx_bsp_0/ps7_cortexa9_0/include -MMD -MP -MF"src/stateMachine/FindMaxima.d" -MT"src/stateMachine/FindMaxima.o" -o "src/stateMachine/FindMaxima.o" "../src/stateMachine/FindMaxima.cpp"
'Finished building: ../src/stateMachine/FindMaxima.cpp'
' '
'Building file: ../src/stateMachine/FindMinima.cpp'
'Invoking: ARM v7 g++ compiler'
arm-none-eabi-g++ -Wall -O0 -g3 -I"D:\git\particle_swarm_optimization_embedded\Assignment4_HW\lab4\lab1.sdk\CppTestRtos\src\os" -c -fmessage-length=0 -MT"src/stateMachine/FindMinima.o" -mcpu=cortex-a9 -mfpu=vfpv3 -mfloat-abi=hard -I../../freertos901_xilinx_bsp_0/ps7_cortexa9_0/include -MMD -MP -MF"src/stateMachine/FindMinima.d" -MT"src/stateMachine/FindMinima.o" -o "src/stateMachine/FindMinima.o" "../src/stateMachine/FindMinima.cpp"
In file included from ../src/stateMachine/Context.h:12:0,
                 from ../src/stateMachine/State.h:11,
                 from ../src/stateMachine/FindMinima.h:11,
                 from ../src/stateMachine/FindMinima.cpp:8:
../src/stateMachine/Settings.h:13:30: error: expected class-name before '{' token
 class Settings: public State {
                              ^
make: *** [src/stateMachine/FindMinima.o] Error 1
09:56:59 **** Auto Build of configuration Debug for project CppTestRtos ****
make pre-build main-build 
a9-linaro-pre-build-step
' '
'Building file: ../src/threads/mainThread.cpp'
'Invoking: ARM v7 g++ compiler'
arm-none-eabi-g++ -Wall -O0 -g3 -I"D:\git\particle_swarm_optimization_embedded\Assignment4_HW\lab4\lab1.sdk\CppTestRtos\src\os" -c -fmessage-length=0 -MT"src/threads/mainThread.o" -mcpu=cortex-a9 -mfpu=vfpv3 -mfloat-abi=hard -I../../freertos901_xilinx_bsp_0/ps7_cortexa9_0/include -MMD -MP -MF"src/threads/mainThread.d" -MT"src/threads/mainThread.o" -o "src/threads/mainThread.o" "../src/threads/mainThread.cpp"
../src/threads/mainThread.cpp: In member function 'virtual void mainThread::run()':
../src/threads/mainThread.cpp:22:6: warning: variable 'value' set but not used [-Wunused-but-set-variable]
  int value, skip, Status;
      ^~~~~
../src/threads/mainThread.cpp:22:13: warning: unused variable 'skip' [-Wunused-variable]
  int value, skip, Status;
             ^~~~
../src/threads/mainThread.cpp:22:19: warning: unused variable 'Status' [-Wunused-variable]
  int value, skip, Status;
                   ^~~~~~
'Finished building: ../src/threads/mainThread.cpp'
' '
'Building file: ../src/stateMachine/Context.cpp'
'Invoking: ARM v7 g++ compiler'
arm-none-eabi-g++ -Wall -O0 -g3 -I"D:\git\particle_swarm_optimization_embedded\Assignment4_HW\lab4\lab1.sdk\CppTestRtos\src\os" -c -fmessage-length=0 -MT"src/stateMachine/Context.o" -mcpu=cortex-a9 -mfpu=vfpv3 -mfloat-abi=hard -I../../freertos901_xilinx_bsp_0/ps7_cortexa9_0/include -MMD -MP -MF"src/stateMachine/Context.d" -MT"src/stateMachine/Context.o" -o "src/stateMachine/Context.o" "../src/stateMachine/Context.cpp"
'Finished building: ../src/stateMachine/Context.cpp'
' '
'Building file: ../src/stateMachine/FindMaxima.cpp'
'Invoking: ARM v7 g++ compiler'
arm-none-eabi-g++ -Wall -O0 -g3 -I"D:\git\particle_swarm_optimization_embedded\Assignment4_HW\lab4\lab1.sdk\CppTestRtos\src\os" -c -fmessage-length=0 -MT"src/stateMachine/FindMaxima.o" -mcpu=cortex-a9 -mfpu=vfpv3 -mfloat-abi=hard -I../../freertos901_xilinx_bsp_0/ps7_cortexa9_0/include -MMD -MP -MF"src/stateMachine/FindMaxima.d" -MT"src/stateMachine/FindMaxima.o" -o "src/stateMachine/FindMaxima.o" "../src/stateMachine/FindMaxima.cpp"
'Finished building: ../src/stateMachine/FindMaxima.cpp'
' '
'Building file: ../src/stateMachine/FindMinima.cpp'
'Invoking: ARM v7 g++ compiler'
arm-none-eabi-g++ -Wall -O0 -g3 -I"D:\git\particle_swarm_optimization_embedded\Assignment4_HW\lab4\lab1.sdk\CppTestRtos\src\os" -c -fmessage-length=0 -MT"src/stateMachine/FindMinima.o" -mcpu=cortex-a9 -mfpu=vfpv3 -mfloat-abi=hard -I../../freertos901_xilinx_bsp_0/ps7_cortexa9_0/include -MMD -MP -MF"src/stateMachine/FindMinima.d" -MT"src/stateMachine/FindMinima.o" -o "src/stateMachine/FindMinima.o" "../src/stateMachine/FindMinima.cpp"
In file included from ../src/stateMachine/Context.h:12:0,
                 from ../src/stateMachine/State.h:11,
                 from ../src/stateMachine/FindMinima.h:11,
                 from ../src/stateMachine/FindMinima.cpp:8:
../src/stateMachine/Settings.h:13:30: error: expected class-name before '{' token
 class Settings: public State {
                              ^
make: *** [src/stateMachine/FindMinima.o] Error 1
09:57:08 **** Clean-only build of configuration Debug for project CppTestRtos ****
make clean 
rm -rf  ./src/threads/mainThread.o  ./src/stateMachine/Context.o ./src/stateMachine/FindMaxima.o ./src/stateMachine/FindMinima.o ./src/stateMachine/Settings.o ./src/stateMachine/State.o  ./src/os/Mutex.o ./src/os/Semaphore.o ./src/os/Thread.o  ./src/main.o  ./src/threads/mainThread.d  ./src/stateMachine/Context.d ./src/stateMachine/FindMaxima.d ./src/stateMachine/FindMinima.d ./src/stateMachine/Settings.d ./src/stateMachine/State.d  ./src/os/Mutex.d ./src/os/Semaphore.d ./src/os/Thread.d  ./src/main.d  CppTestRtos.elf.size  CppTestRtos.elf
' '
09:57:08 **** Auto Build of configuration Debug for project CppTestRtos ****
make pre-build main-build 
a9-linaro-pre-build-step
' '
'Building file: ../src/threads/mainThread.cpp'
'Invoking: ARM v7 g++ compiler'
arm-none-eabi-g++ -Wall -O0 -g3 -I"D:\git\particle_swarm_optimization_embedded\Assignment4_HW\lab4\lab1.sdk\CppTestRtos\src\os" -c -fmessage-length=0 -MT"src/threads/mainThread.o" -mcpu=cortex-a9 -mfpu=vfpv3 -mfloat-abi=hard -I../../freertos901_xilinx_bsp_0/ps7_cortexa9_0/include -MMD -MP -MF"src/threads/mainThread.d" -MT"src/threads/mainThread.o" -o "src/threads/mainThread.o" "../src/threads/mainThread.cpp"
In file included from ../src/threads/mainThread.h:12:0,
                 from ../src/threads/mainThread.cpp:1:
../src/threads/../stateMachine/Context.h:12:22: fatal error: Settings.h: No such file or directory
 #include "Settings.h"
                      ^
compilation terminated.
make: *** [src/threads/mainThread.o] Error 1
09:57:25 **** Auto Build of configuration Debug for project CppTestRtos ****
make pre-build main-build 
a9-linaro-pre-build-step
' '
'Building file: ../src/threads/mainThread.cpp'
'Invoking: ARM v7 g++ compiler'
arm-none-eabi-g++ -Wall -O0 -g3 -I"D:\git\particle_swarm_optimization_embedded\Assignment4_HW\lab4\lab1.sdk\CppTestRtos\src\os" -c -fmessage-length=0 -MT"src/threads/mainThread.o" -mcpu=cortex-a9 -mfpu=vfpv3 -mfloat-abi=hard -I../../freertos901_xilinx_bsp_0/ps7_cortexa9_0/include -MMD -MP -MF"src/threads/mainThread.d" -MT"src/threads/mainThread.o" -o "src/threads/mainThread.o" "../src/threads/mainThread.cpp"
In file included from ../src/threads/mainThread.h:12:0,
                 from ../src/threads/mainThread.cpp:1:
../src/threads/../stateMachine/Context.h:12:22: fatal error: Settings.h: No such file or directory
 #include "Settings.h"
                      ^
compilation terminated.
make: *** [src/threads/mainThread.o] Error 1
09:57:46 **** Auto Build of configuration Debug for project CppTestRtos ****
make pre-build main-build 
a9-linaro-pre-build-step
' '
'Building file: ../src/threads/mainThread.cpp'
'Invoking: ARM v7 g++ compiler'
arm-none-eabi-g++ -Wall -O0 -g3 -I"D:\git\particle_swarm_optimization_embedded\Assignment4_HW\lab4\lab1.sdk\CppTestRtos\src\os" -c -fmessage-length=0 -MT"src/threads/mainThread.o" -mcpu=cortex-a9 -mfpu=vfpv3 -mfloat-abi=hard -I../../freertos901_xilinx_bsp_0/ps7_cortexa9_0/include -MMD -MP -MF"src/threads/mainThread.d" -MT"src/threads/mainThread.o" -o "src/threads/mainThread.o" "../src/threads/mainThread.cpp"
In file included from ../src/threads/../stateMachine/State.h:11:0,
                 from ../src/threads/../stateMachine/Context.h:11,
                 from ../src/threads/mainThread.h:12,
                 from ../src/threads/mainThread.cpp:1:
../src/threads/../stateMachine/Context.h:12:21: warning: missing terminating " character
 #include "Setup.h".h"
                     ^
In file included from ../src/threads/mainThread.h:12:0,
                 from ../src/threads/mainThread.cpp:1:
../src/threads/../stateMachine/Context.h:12:19: warning: extra tokens at end of #include directive
 #include "Setup.h".h"
                   ^
../src/threads/../stateMachine/Context.h:12:21: warning: missing terminating " character
 #include "Setup.h".h"
                     ^
../src/threads/mainThread.cpp: In member function 'virtual void mainThread::run()':
../src/threads/mainThread.cpp:22:6: warning: variable 'value' set but not used [-Wunused-but-set-variable]
  int value, skip, Status;
      ^~~~~
../src/threads/mainThread.cpp:22:13: warning: unused variable 'skip' [-Wunused-variable]
  int value, skip, Status;
             ^~~~
../src/threads/mainThread.cpp:22:19: warning: unused variable 'Status' [-Wunused-variable]
  int value, skip, Status;
                   ^~~~~~
'Finished building: ../src/threads/mainThread.cpp'
' '
'Building file: ../src/stateMachine/Context.cpp'
'Invoking: ARM v7 g++ compiler'
arm-none-eabi-g++ -Wall -O0 -g3 -I"D:\git\particle_swarm_optimization_embedded\Assignment4_HW\lab4\lab1.sdk\CppTestRtos\src\os" -c -fmessage-length=0 -MT"src/stateMachine/Context.o" -mcpu=cortex-a9 -mfpu=vfpv3 -mfloat-abi=hard -I../../freertos901_xilinx_bsp_0/ps7_cortexa9_0/include -MMD -MP -MF"src/stateMachine/Context.d" -MT"src/stateMachine/Context.o" -o "src/stateMachine/Context.o" "../src/stateMachine/Context.cpp"
In file included from ../src/stateMachine/State.h:11:0,
                 from ../src/stateMachine/Context.h:11,
                 from ../src/stateMachine/Context.cpp:8:
../src/stateMachine/Context.h:12:21: warning: missing terminating " character
 #include "Setup.h".h"
                     ^
In file included from ../src/stateMachine/Context.cpp:8:0:
../src/stateMachine/Context.h:12:19: warning: extra tokens at end of #include directive
 #include "Setup.h".h"
                   ^
../src/stateMachine/Context.h:12:21: warning: missing terminating " character
 #include "Setup.h".h"
                     ^
'Finished building: ../src/stateMachine/Context.cpp'
' '
'Building file: ../src/stateMachine/FindMaxima.cpp'
'Invoking: ARM v7 g++ compiler'
arm-none-eabi-g++ -Wall -O0 -g3 -I"D:\git\particle_swarm_optimization_embedded\Assignment4_HW\lab4\lab1.sdk\CppTestRtos\src\os" -c -fmessage-length=0 -MT"src/stateMachine/FindMaxima.o" -mcpu=cortex-a9 -mfpu=vfpv3 -mfloat-abi=hard -I../../freertos901_xilinx_bsp_0/ps7_cortexa9_0/include -MMD -MP -MF"src/stateMachine/FindMaxima.d" -MT"src/stateMachine/FindMaxima.o" -o "src/stateMachine/FindMaxima.o" "../src/stateMachine/FindMaxima.cpp"
In file included from ../src/stateMachine/State.h:11:0,
                 from ../src/stateMachine/Context.h:11,
                 from ../src/stateMachine/FindMaxima.h:11,
                 from ../src/stateMachine/FindMaxima.cpp:8:
../src/stateMachine/Context.h:12:21: warning: missing terminating " character
 #include "Setup.h".h"
                     ^
In file included from ../src/stateMachine/FindMaxima.h:11:0,
                 from ../src/stateMachine/FindMaxima.cpp:8:
../src/stateMachine/Context.h:12:19: warning: extra tokens at end of #include directive
 #include "Setup.h".h"
                   ^
../src/stateMachine/Context.h:12:21: warning: missing terminating " character
 #include "Setup.h".h"
                     ^
'Finished building: ../src/stateMachine/FindMaxima.cpp'
' '
'Building file: ../src/stateMachine/FindMinima.cpp'
'Invoking: ARM v7 g++ compiler'
arm-none-eabi-g++ -Wall -O0 -g3 -I"D:\git\particle_swarm_optimization_embedded\Assignment4_HW\lab4\lab1.sdk\CppTestRtos\src\os" -c -fmessage-length=0 -MT"src/stateMachine/FindMinima.o" -mcpu=cortex-a9 -mfpu=vfpv3 -mfloat-abi=hard -I../../freertos901_xilinx_bsp_0/ps7_cortexa9_0/include -MMD -MP -MF"src/stateMachine/FindMinima.d" -MT"src/stateMachine/FindMinima.o" -o "src/stateMachine/FindMinima.o" "../src/stateMachine/FindMinima.cpp"
In file included from ../src/stateMachine/State.h:11:0,
                 from ../src/stateMachine/FindMinima.h:11,
                 from ../src/stateMachine/FindMinima.cpp:8:
../src/stateMachine/Context.h:12:19: warning: extra tokens at end of #include directive
 #include "Setup.h".h"
                   ^
../src/stateMachine/Context.h:12:21: warning: missing terminating " character
 #include "Setup.h".h"
                     ^
In file included from ../src/stateMachine/Context.h:12:0,
                 from ../src/stateMachine/State.h:11,
                 from ../src/stateMachine/FindMinima.h:11,
                 from ../src/stateMachine/FindMinima.cpp:8:
../src/stateMachine/Setup.h:13:27: error: expected class-name before '{' token
 class Setup: public State {
                           ^
make: *** [src/stateMachine/FindMinima.o] Error 1
09:57:51 **** Auto Build of configuration Debug for project CppTestRtos ****
make pre-build main-build 
a9-linaro-pre-build-step
' '
'Building file: ../src/threads/mainThread.cpp'
'Invoking: ARM v7 g++ compiler'
arm-none-eabi-g++ -Wall -O0 -g3 -I"D:\git\particle_swarm_optimization_embedded\Assignment4_HW\lab4\lab1.sdk\CppTestRtos\src\os" -c -fmessage-length=0 -MT"src/threads/mainThread.o" -mcpu=cortex-a9 -mfpu=vfpv3 -mfloat-abi=hard -I../../freertos901_xilinx_bsp_0/ps7_cortexa9_0/include -MMD -MP -MF"src/threads/mainThread.d" -MT"src/threads/mainThread.o" -o "src/threads/mainThread.o" "../src/threads/mainThread.cpp"
../src/threads/mainThread.cpp: In member function 'virtual void mainThread::run()':
../src/threads/mainThread.cpp:22:6: warning: variable 'value' set but not used [-Wunused-but-set-variable]
  int value, skip, Status;
      ^~~~~
../src/threads/mainThread.cpp:22:13: warning: unused variable 'skip' [-Wunused-variable]
  int value, skip, Status;
             ^~~~
../src/threads/mainThread.cpp:22:19: warning: unused variable 'Status' [-Wunused-variable]
  int value, skip, Status;
                   ^~~~~~
'Finished building: ../src/threads/mainThread.cpp'
' '
'Building file: ../src/stateMachine/Context.cpp'
'Invoking: ARM v7 g++ compiler'
arm-none-eabi-g++ -Wall -O0 -g3 -I"D:\git\particle_swarm_optimization_embedded\Assignment4_HW\lab4\lab1.sdk\CppTestRtos\src\os" -c -fmessage-length=0 -MT"src/stateMachine/Context.o" -mcpu=cortex-a9 -mfpu=vfpv3 -mfloat-abi=hard -I../../freertos901_xilinx_bsp_0/ps7_cortexa9_0/include -MMD -MP -MF"src/stateMachine/Context.d" -MT"src/stateMachine/Context.o" -o "src/stateMachine/Context.o" "../src/stateMachine/Context.cpp"
'Finished building: ../src/stateMachine/Context.cpp'
' '
'Building file: ../src/stateMachine/FindMaxima.cpp'
'Invoking: ARM v7 g++ compiler'
arm-none-eabi-g++ -Wall -O0 -g3 -I"D:\git\particle_swarm_optimization_embedded\Assignment4_HW\lab4\lab1.sdk\CppTestRtos\src\os" -c -fmessage-length=0 -MT"src/stateMachine/FindMaxima.o" -mcpu=cortex-a9 -mfpu=vfpv3 -mfloat-abi=hard -I../../freertos901_xilinx_bsp_0/ps7_cortexa9_0/include -MMD -MP -MF"src/stateMachine/FindMaxima.d" -MT"src/stateMachine/FindMaxima.o" -o "src/stateMachine/FindMaxima.o" "../src/stateMachine/FindMaxima.cpp"
'Finished building: ../src/stateMachine/FindMaxima.cpp'
' '
'Building file: ../src/stateMachine/FindMinima.cpp'
'Invoking: ARM v7 g++ compiler'
arm-none-eabi-g++ -Wall -O0 -g3 -I"D:\git\particle_swarm_optimization_embedded\Assignment4_HW\lab4\lab1.sdk\CppTestRtos\src\os" -c -fmessage-length=0 -MT"src/stateMachine/FindMinima.o" -mcpu=cortex-a9 -mfpu=vfpv3 -mfloat-abi=hard -I../../freertos901_xilinx_bsp_0/ps7_cortexa9_0/include -MMD -MP -MF"src/stateMachine/FindMinima.d" -MT"src/stateMachine/FindMinima.o" -o "src/stateMachine/FindMinima.o" "../src/stateMachine/FindMinima.cpp"
In file included from ../src/stateMachine/Context.h:12:0,
                 from ../src/stateMachine/State.h:11,
                 from ../src/stateMachine/FindMinima.h:11,
                 from ../src/stateMachine/FindMinima.cpp:8:
../src/stateMachine/Setup.h:13:27: error: expected class-name before '{' token
 class Setup: public State {
                           ^
make: *** [src/stateMachine/FindMinima.o] Error 1
09:58:25 **** Auto Build of configuration Debug for project CppTestRtos ****
make pre-build main-build 
a9-linaro-pre-build-step
' '
'Building file: ../src/threads/mainThread.cpp'
'Invoking: ARM v7 g++ compiler'
arm-none-eabi-g++ -Wall -O0 -g3 -I"D:\git\particle_swarm_optimization_embedded\Assignment4_HW\lab4\lab1.sdk\CppTestRtos\src\os" -c -fmessage-length=0 -MT"src/threads/mainThread.o" -mcpu=cortex-a9 -mfpu=vfpv3 -mfloat-abi=hard -I../../freertos901_xilinx_bsp_0/ps7_cortexa9_0/include -MMD -MP -MF"src/threads/mainThread.d" -MT"src/threads/mainThread.o" -o "src/threads/mainThread.o" "../src/threads/mainThread.cpp"
../src/threads/mainThread.cpp: In member function 'virtual void mainThread::run()':
../src/threads/mainThread.cpp:22:6: warning: variable 'value' set but not used [-Wunused-but-set-variable]
  int value, skip, Status;
      ^~~~~
../src/threads/mainThread.cpp:22:13: warning: unused variable 'skip' [-Wunused-variable]
  int value, skip, Status;
             ^~~~
../src/threads/mainThread.cpp:22:19: warning: unused variable 'Status' [-Wunused-variable]
  int value, skip, Status;
                   ^~~~~~
'Finished building: ../src/threads/mainThread.cpp'
' '
'Building file: ../src/stateMachine/Context.cpp'
'Invoking: ARM v7 g++ compiler'
arm-none-eabi-g++ -Wall -O0 -g3 -I"D:\git\particle_swarm_optimization_embedded\Assignment4_HW\lab4\lab1.sdk\CppTestRtos\src\os" -c -fmessage-length=0 -MT"src/stateMachine/Context.o" -mcpu=cortex-a9 -mfpu=vfpv3 -mfloat-abi=hard -I../../freertos901_xilinx_bsp_0/ps7_cortexa9_0/include -MMD -MP -MF"src/stateMachine/Context.d" -MT"src/stateMachine/Context.o" -o "src/stateMachine/Context.o" "../src/stateMachine/Context.cpp"
'Finished building: ../src/stateMachine/Context.cpp'
' '
'Building file: ../src/stateMachine/FindMaxima.cpp'
'Invoking: ARM v7 g++ compiler'
arm-none-eabi-g++ -Wall -O0 -g3 -I"D:\git\particle_swarm_optimization_embedded\Assignment4_HW\lab4\lab1.sdk\CppTestRtos\src\os" -c -fmessage-length=0 -MT"src/stateMachine/FindMaxima.o" -mcpu=cortex-a9 -mfpu=vfpv3 -mfloat-abi=hard -I../../freertos901_xilinx_bsp_0/ps7_cortexa9_0/include -MMD -MP -MF"src/stateMachine/FindMaxima.d" -MT"src/stateMachine/FindMaxima.o" -o "src/stateMachine/FindMaxima.o" "../src/stateMachine/FindMaxima.cpp"
'Finished building: ../src/stateMachine/FindMaxima.cpp'
' '
'Building file: ../src/stateMachine/FindMinima.cpp'
'Invoking: ARM v7 g++ compiler'
arm-none-eabi-g++ -Wall -O0 -g3 -I"D:\git\particle_swarm_optimization_embedded\Assignment4_HW\lab4\lab1.sdk\CppTestRtos\src\os" -c -fmessage-length=0 -MT"src/stateMachine/FindMinima.o" -mcpu=cortex-a9 -mfpu=vfpv3 -mfloat-abi=hard -I../../freertos901_xilinx_bsp_0/ps7_cortexa9_0/include -MMD -MP -MF"src/stateMachine/FindMinima.d" -MT"src/stateMachine/FindMinima.o" -o "src/stateMachine/FindMinima.o" "../src/stateMachine/FindMinima.cpp"
In file included from ../src/stateMachine/Context.h:12:0,
                 from ../src/stateMachine/State.h:11,
                 from ../src/stateMachine/FindMinima.h:11,
                 from ../src/stateMachine/FindMinima.cpp:8:
../src/stateMachine/Setup.h:14:21: error: invalid use of incomplete type 'class State'
 class Setup: public State {
                     ^~~~~
../src/stateMachine/Setup.h:12:7: note: forward declaration of 'class State'
 class State;
       ^~~~~
make: *** [src/stateMachine/FindMinima.o] Error 1
09:59:03 **** Auto Build of configuration Debug for project CppTestRtos ****
make pre-build main-build 
a9-linaro-pre-build-step
' '
'Building file: ../src/threads/mainThread.cpp'
'Invoking: ARM v7 g++ compiler'
arm-none-eabi-g++ -Wall -O0 -g3 -I"D:\git\particle_swarm_optimization_embedded\Assignment4_HW\lab4\lab1.sdk\CppTestRtos\src\os" -c -fmessage-length=0 -MT"src/threads/mainThread.o" -mcpu=cortex-a9 -mfpu=vfpv3 -mfloat-abi=hard -I../../freertos901_xilinx_bsp_0/ps7_cortexa9_0/include -MMD -MP -MF"src/threads/mainThread.d" -MT"src/threads/mainThread.o" -o "src/threads/mainThread.o" "../src/threads/mainThread.cpp"
../src/threads/mainThread.cpp: In member function 'virtual void mainThread::run()':
../src/threads/mainThread.cpp:22:6: warning: variable 'value' set but not used [-Wunused-but-set-variable]
  int value, skip, Status;
      ^~~~~
../src/threads/mainThread.cpp:22:13: warning: unused variable 'skip' [-Wunused-variable]
  int value, skip, Status;
             ^~~~
../src/threads/mainThread.cpp:22:19: warning: unused variable 'Status' [-Wunused-variable]
  int value, skip, Status;
                   ^~~~~~
'Finished building: ../src/threads/mainThread.cpp'
' '
'Building file: ../src/stateMachine/Context.cpp'
'Invoking: ARM v7 g++ compiler'
arm-none-eabi-g++ -Wall -O0 -g3 -I"D:\git\particle_swarm_optimization_embedded\Assignment4_HW\lab4\lab1.sdk\CppTestRtos\src\os" -c -fmessage-length=0 -MT"src/stateMachine/Context.o" -mcpu=cortex-a9 -mfpu=vfpv3 -mfloat-abi=hard -I../../freertos901_xilinx_bsp_0/ps7_cortexa9_0/include -MMD -MP -MF"src/stateMachine/Context.d" -MT"src/stateMachine/Context.o" -o "src/stateMachine/Context.o" "../src/stateMachine/Context.cpp"
'Finished building: ../src/stateMachine/Context.cpp'
' '
'Building file: ../src/stateMachine/FindMaxima.cpp'
'Invoking: ARM v7 g++ compiler'
arm-none-eabi-g++ -Wall -O0 -g3 -I"D:\git\particle_swarm_optimization_embedded\Assignment4_HW\lab4\lab1.sdk\CppTestRtos\src\os" -c -fmessage-length=0 -MT"src/stateMachine/FindMaxima.o" -mcpu=cortex-a9 -mfpu=vfpv3 -mfloat-abi=hard -I../../freertos901_xilinx_bsp_0/ps7_cortexa9_0/include -MMD -MP -MF"src/stateMachine/FindMaxima.d" -MT"src/stateMachine/FindMaxima.o" -o "src/stateMachine/FindMaxima.o" "../src/stateMachine/FindMaxima.cpp"
'Finished building: ../src/stateMachine/FindMaxima.cpp'
' '
'Building file: ../src/stateMachine/FindMinima.cpp'
'Invoking: ARM v7 g++ compiler'
arm-none-eabi-g++ -Wall -O0 -g3 -I"D:\git\particle_swarm_optimization_embedded\Assignment4_HW\lab4\lab1.sdk\CppTestRtos\src\os" -c -fmessage-length=0 -MT"src/stateMachine/FindMinima.o" -mcpu=cortex-a9 -mfpu=vfpv3 -mfloat-abi=hard -I../../freertos901_xilinx_bsp_0/ps7_cortexa9_0/include -MMD -MP -MF"src/stateMachine/FindMinima.d" -MT"src/stateMachine/FindMinima.o" -o "src/stateMachine/FindMinima.o" "../src/stateMachine/FindMinima.cpp"
In file included from ../src/stateMachine/Context.h:12:0,
                 from ../src/stateMachine/State.h:11,
                 from ../src/stateMachine/FindMinima.h:11,
                 from ../src/stateMachine/FindMinima.cpp:8:
../src/stateMachine/Setup.h:13:27: error: expected class-name before '{' token
 class Setup: public State {
                           ^
make: *** [src/stateMachine/FindMinima.o] Error 1
10:00:15 **** Auto Build of configuration Debug for project CppTestRtos ****
make pre-build main-build 
a9-linaro-pre-build-step
' '
'Building file: ../src/threads/mainThread.cpp'
'Invoking: ARM v7 g++ compiler'
arm-none-eabi-g++ -Wall -O0 -g3 -I"D:\git\particle_swarm_optimization_embedded\Assignment4_HW\lab4\lab1.sdk\CppTestRtos\src\os" -c -fmessage-length=0 -MT"src/threads/mainThread.o" -mcpu=cortex-a9 -mfpu=vfpv3 -mfloat-abi=hard -I../../freertos901_xilinx_bsp_0/ps7_cortexa9_0/include -MMD -MP -MF"src/threads/mainThread.d" -MT"src/threads/mainThread.o" -o "src/threads/mainThread.o" "../src/threads/mainThread.cpp"
../src/threads/mainThread.cpp: In member function 'virtual void mainThread::run()':
../src/threads/mainThread.cpp:22:6: warning: variable 'value' set but not used [-Wunused-but-set-variable]
  int value, skip, Status;
      ^~~~~
../src/threads/mainThread.cpp:22:13: warning: unused variable 'skip' [-Wunused-variable]
  int value, skip, Status;
             ^~~~
../src/threads/mainThread.cpp:22:19: warning: unused variable 'Status' [-Wunused-variable]
  int value, skip, Status;
                   ^~~~~~
'Finished building: ../src/threads/mainThread.cpp'
' '
'Building file: ../src/stateMachine/Context.cpp'
'Invoking: ARM v7 g++ compiler'
arm-none-eabi-g++ -Wall -O0 -g3 -I"D:\git\particle_swarm_optimization_embedded\Assignment4_HW\lab4\lab1.sdk\CppTestRtos\src\os" -c -fmessage-length=0 -MT"src/stateMachine/Context.o" -mcpu=cortex-a9 -mfpu=vfpv3 -mfloat-abi=hard -I../../freertos901_xilinx_bsp_0/ps7_cortexa9_0/include -MMD -MP -MF"src/stateMachine/Context.d" -MT"src/stateMachine/Context.o" -o "src/stateMachine/Context.o" "../src/stateMachine/Context.cpp"
'Finished building: ../src/stateMachine/Context.cpp'
' '
'Building file: ../src/stateMachine/FindMaxima.cpp'
'Invoking: ARM v7 g++ compiler'
arm-none-eabi-g++ -Wall -O0 -g3 -I"D:\git\particle_swarm_optimization_embedded\Assignment4_HW\lab4\lab1.sdk\CppTestRtos\src\os" -c -fmessage-length=0 -MT"src/stateMachine/FindMaxima.o" -mcpu=cortex-a9 -mfpu=vfpv3 -mfloat-abi=hard -I../../freertos901_xilinx_bsp_0/ps7_cortexa9_0/include -MMD -MP -MF"src/stateMachine/FindMaxima.d" -MT"src/stateMachine/FindMaxima.o" -o "src/stateMachine/FindMaxima.o" "../src/stateMachine/FindMaxima.cpp"
'Finished building: ../src/stateMachine/FindMaxima.cpp'
' '
'Building file: ../src/stateMachine/FindMinima.cpp'
'Invoking: ARM v7 g++ compiler'
arm-none-eabi-g++ -Wall -O0 -g3 -I"D:\git\particle_swarm_optimization_embedded\Assignment4_HW\lab4\lab1.sdk\CppTestRtos\src\os" -c -fmessage-length=0 -MT"src/stateMachine/FindMinima.o" -mcpu=cortex-a9 -mfpu=vfpv3 -mfloat-abi=hard -I../../freertos901_xilinx_bsp_0/ps7_cortexa9_0/include -MMD -MP -MF"src/stateMachine/FindMinima.d" -MT"src/stateMachine/FindMinima.o" -o "src/stateMachine/FindMinima.o" "../src/stateMachine/FindMinima.cpp"
In file included from ../src/stateMachine/Context.h:12:0,
                 from ../src/stateMachine/State.h:11,
                 from ../src/stateMachine/FindMinima.h:11,
                 from ../src/stateMachine/FindMinima.cpp:8:
../src/stateMachine/Setup.h:11:27: error: expected class-name before '{' token
 class Setup: public State {
                           ^
make: *** [src/stateMachine/FindMinima.o] Error 1
10:00:36 **** Auto Build of configuration Debug for project CppTestRtos ****
make pre-build main-build 
a9-linaro-pre-build-step
' '
'Building file: ../src/stateMachine/FindMaxima.cpp'
'Invoking: ARM v7 g++ compiler'
arm-none-eabi-g++ -Wall -O0 -g3 -I"D:\git\particle_swarm_optimization_embedded\Assignment4_HW\lab4\lab1.sdk\CppTestRtos\src\os" -c -fmessage-length=0 -MT"src/stateMachine/FindMaxima.o" -mcpu=cortex-a9 -mfpu=vfpv3 -mfloat-abi=hard -I../../freertos901_xilinx_bsp_0/ps7_cortexa9_0/include -MMD -MP -MF"src/stateMachine/FindMaxima.d" -MT"src/stateMachine/FindMaxima.o" -o "src/stateMachine/FindMaxima.o" "../src/stateMachine/FindMaxima.cpp"
'Finished building: ../src/stateMachine/FindMaxima.cpp'
' '
'Building file: ../src/stateMachine/FindMinima.cpp'
'Invoking: ARM v7 g++ compiler'
arm-none-eabi-g++ -Wall -O0 -g3 -I"D:\git\particle_swarm_optimization_embedded\Assignment4_HW\lab4\lab1.sdk\CppTestRtos\src\os" -c -fmessage-length=0 -MT"src/stateMachine/FindMinima.o" -mcpu=cortex-a9 -mfpu=vfpv3 -mfloat-abi=hard -I../../freertos901_xilinx_bsp_0/ps7_cortexa9_0/include -MMD -MP -MF"src/stateMachine/FindMinima.d" -MT"src/stateMachine/FindMinima.o" -o "src/stateMachine/FindMinima.o" "../src/stateMachine/FindMinima.cpp"
In file included from ../src/stateMachine/Context.h:12:0,
                 from ../src/stateMachine/State.h:11,
                 from ../src/stateMachine/FindMinima.h:11,
                 from ../src/stateMachine/FindMinima.cpp:8:
../src/stateMachine/Setup.h:11:27: error: expected class-name before '{' token
 class Setup: public State {
                           ^
make: *** [src/stateMachine/FindMinima.o] Error 1
10:00:46 **** Auto Build of configuration Debug for project CppTestRtos ****
make pre-build main-build 
a9-linaro-pre-build-step
' '
'Building file: ../src/threads/mainThread.cpp'
'Invoking: ARM v7 g++ compiler'
arm-none-eabi-g++ -Wall -O0 -g3 -I"D:\git\particle_swarm_optimization_embedded\Assignment4_HW\lab4\lab1.sdk\CppTestRtos\src\os" -c -fmessage-length=0 -MT"src/threads/mainThread.o" -mcpu=cortex-a9 -mfpu=vfpv3 -mfloat-abi=hard -I../../freertos901_xilinx_bsp_0/ps7_cortexa9_0/include -MMD -MP -MF"src/threads/mainThread.d" -MT"src/threads/mainThread.o" -o "src/threads/mainThread.o" "../src/threads/mainThread.cpp"
../src/threads/mainThread.cpp: In member function 'virtual void mainThread::run()':
../src/threads/mainThread.cpp:22:6: warning: variable 'value' set but not used [-Wunused-but-set-variable]
  int value, skip, Status;
      ^~~~~
../src/threads/mainThread.cpp:22:13: warning: unused variable 'skip' [-Wunused-variable]
  int value, skip, Status;
             ^~~~
../src/threads/mainThread.cpp:22:19: warning: unused variable 'Status' [-Wunused-variable]
  int value, skip, Status;
                   ^~~~~~
'Finished building: ../src/threads/mainThread.cpp'
' '
'Building file: ../src/stateMachine/Context.cpp'
'Invoking: ARM v7 g++ compiler'
arm-none-eabi-g++ -Wall -O0 -g3 -I"D:\git\particle_swarm_optimization_embedded\Assignment4_HW\lab4\lab1.sdk\CppTestRtos\src\os" -c -fmessage-length=0 -MT"src/stateMachine/Context.o" -mcpu=cortex-a9 -mfpu=vfpv3 -mfloat-abi=hard -I../../freertos901_xilinx_bsp_0/ps7_cortexa9_0/include -MMD -MP -MF"src/stateMachine/Context.d" -MT"src/stateMachine/Context.o" -o "src/stateMachine/Context.o" "../src/stateMachine/Context.cpp"
'Finished building: ../src/stateMachine/Context.cpp'
' '
'Building file: ../src/stateMachine/FindMaxima.cpp'
'Invoking: ARM v7 g++ compiler'
arm-none-eabi-g++ -Wall -O0 -g3 -I"D:\git\particle_swarm_optimization_embedded\Assignment4_HW\lab4\lab1.sdk\CppTestRtos\src\os" -c -fmessage-length=0 -MT"src/stateMachine/FindMaxima.o" -mcpu=cortex-a9 -mfpu=vfpv3 -mfloat-abi=hard -I../../freertos901_xilinx_bsp_0/ps7_cortexa9_0/include -MMD -MP -MF"src/stateMachine/FindMaxima.d" -MT"src/stateMachine/FindMaxima.o" -o "src/stateMachine/FindMaxima.o" "../src/stateMachine/FindMaxima.cpp"
'Finished building: ../src/stateMachine/FindMaxima.cpp'
' '
'Building file: ../src/stateMachine/FindMinima.cpp'
'Invoking: ARM v7 g++ compiler'
arm-none-eabi-g++ -Wall -O0 -g3 -I"D:\git\particle_swarm_optimization_embedded\Assignment4_HW\lab4\lab1.sdk\CppTestRtos\src\os" -c -fmessage-length=0 -MT"src/stateMachine/FindMinima.o" -mcpu=cortex-a9 -mfpu=vfpv3 -mfloat-abi=hard -I../../freertos901_xilinx_bsp_0/ps7_cortexa9_0/include -MMD -MP -MF"src/stateMachine/FindMinima.d" -MT"src/stateMachine/FindMinima.o" -o "src/stateMachine/FindMinima.o" "../src/stateMachine/FindMinima.cpp"
In file included from ../src/stateMachine/Context.h:12:0,
                 from ../src/stateMachine/State.h:11,
                 from ../src/stateMachine/FindMinima.h:11,
                 from ../src/stateMachine/FindMinima.cpp:8:
../src/stateMachine/Setup.h:15:27: error: expected class-name before '{' token
 class Setup: public State {
                           ^
make: *** [src/stateMachine/FindMinima.o] Error 1
10:01:44 **** Auto Build of configuration Debug for project CppTestRtos ****
make pre-build main-build 
a9-linaro-pre-build-step
' '
'Building file: ../src/threads/mainThread.cpp'
'Invoking: ARM v7 g++ compiler'
arm-none-eabi-g++ -Wall -O0 -g3 -I"D:\git\particle_swarm_optimization_embedded\Assignment4_HW\lab4\lab1.sdk\CppTestRtos\src\os" -c -fmessage-length=0 -MT"src/threads/mainThread.o" -mcpu=cortex-a9 -mfpu=vfpv3 -mfloat-abi=hard -I../../freertos901_xilinx_bsp_0/ps7_cortexa9_0/include -MMD -MP -MF"src/threads/mainThread.d" -MT"src/threads/mainThread.o" -o "src/threads/mainThread.o" "../src/threads/mainThread.cpp"
../src/threads/mainThread.cpp: In member function 'virtual void mainThread::run()':
../src/threads/mainThread.cpp:22:6: warning: variable 'value' set but not used [-Wunused-but-set-variable]
  int value, skip, Status;
      ^~~~~
../src/threads/mainThread.cpp:22:13: warning: unused variable 'skip' [-Wunused-variable]
  int value, skip, Status;
             ^~~~
../src/threads/mainThread.cpp:22:19: warning: unused variable 'Status' [-Wunused-variable]
  int value, skip, Status;
                   ^~~~~~
'Finished building: ../src/threads/mainThread.cpp'
' '
'Building file: ../src/stateMachine/Context.cpp'
'Invoking: ARM v7 g++ compiler'
arm-none-eabi-g++ -Wall -O0 -g3 -I"D:\git\particle_swarm_optimization_embedded\Assignment4_HW\lab4\lab1.sdk\CppTestRtos\src\os" -c -fmessage-length=0 -MT"src/stateMachine/Context.o" -mcpu=cortex-a9 -mfpu=vfpv3 -mfloat-abi=hard -I../../freertos901_xilinx_bsp_0/ps7_cortexa9_0/include -MMD -MP -MF"src/stateMachine/Context.d" -MT"src/stateMachine/Context.o" -o "src/stateMachine/Context.o" "../src/stateMachine/Context.cpp"
'Finished building: ../src/stateMachine/Context.cpp'
' '
'Building file: ../src/stateMachine/FindMaxima.cpp'
'Invoking: ARM v7 g++ compiler'
arm-none-eabi-g++ -Wall -O0 -g3 -I"D:\git\particle_swarm_optimization_embedded\Assignment4_HW\lab4\lab1.sdk\CppTestRtos\src\os" -c -fmessage-length=0 -MT"src/stateMachine/FindMaxima.o" -mcpu=cortex-a9 -mfpu=vfpv3 -mfloat-abi=hard -I../../freertos901_xilinx_bsp_0/ps7_cortexa9_0/include -MMD -MP -MF"src/stateMachine/FindMaxima.d" -MT"src/stateMachine/FindMaxima.o" -o "src/stateMachine/FindMaxima.o" "../src/stateMachine/FindMaxima.cpp"
'Finished building: ../src/stateMachine/FindMaxima.cpp'
' '
'Building file: ../src/stateMachine/FindMinima.cpp'
'Invoking: ARM v7 g++ compiler'
arm-none-eabi-g++ -Wall -O0 -g3 -I"D:\git\particle_swarm_optimization_embedded\Assignment4_HW\lab4\lab1.sdk\CppTestRtos\src\os" -c -fmessage-length=0 -MT"src/stateMachine/FindMinima.o" -mcpu=cortex-a9 -mfpu=vfpv3 -mfloat-abi=hard -I../../freertos901_xilinx_bsp_0/ps7_cortexa9_0/include -MMD -MP -MF"src/stateMachine/FindMinima.d" -MT"src/stateMachine/FindMinima.o" -o "src/stateMachine/FindMinima.o" "../src/stateMachine/FindMinima.cpp"
'Finished building: ../src/stateMachine/FindMinima.cpp'
' '
'Building file: ../src/stateMachine/Setup.cpp'
'Invoking: ARM v7 g++ compiler'
arm-none-eabi-g++ -Wall -O0 -g3 -I"D:\git\particle_swarm_optimization_embedded\Assignment4_HW\lab4\lab1.sdk\CppTestRtos\src\os" -c -fmessage-length=0 -MT"src/stateMachine/Setup.o" -mcpu=cortex-a9 -mfpu=vfpv3 -mfloat-abi=hard -I../../freertos901_xilinx_bsp_0/ps7_cortexa9_0/include -MMD -MP -MF"src/stateMachine/Setup.d" -MT"src/stateMachine/Setup.o" -o "src/stateMachine/Setup.o" "../src/stateMachine/Setup.cpp"
'Finished building: ../src/stateMachine/Setup.cpp'
' '
'Building file: ../src/stateMachine/State.cpp'
'Invoking: ARM v7 g++ compiler'
arm-none-eabi-g++ -Wall -O0 -g3 -I"D:\git\particle_swarm_optimization_embedded\Assignment4_HW\lab4\lab1.sdk\CppTestRtos\src\os" -c -fmessage-length=0 -MT"src/stateMachine/State.o" -mcpu=cortex-a9 -mfpu=vfpv3 -mfloat-abi=hard -I../../freertos901_xilinx_bsp_0/ps7_cortexa9_0/include -MMD -MP -MF"src/stateMachine/State.d" -MT"src/stateMachine/State.o" -o "src/stateMachine/State.o" "../src/stateMachine/State.cpp"
'Finished building: ../src/stateMachine/State.cpp'
' '
'Building file: ../src/os/Mutex.cpp'
'Invoking: ARM v7 g++ compiler'
arm-none-eabi-g++ -Wall -O0 -g3 -I"D:\git\particle_swarm_optimization_embedded\Assignment4_HW\lab4\lab1.sdk\CppTestRtos\src\os" -c -fmessage-length=0 -MT"src/os/Mutex.o" -mcpu=cortex-a9 -mfpu=vfpv3 -mfloat-abi=hard -I../../freertos901_xilinx_bsp_0/ps7_cortexa9_0/include -MMD -MP -MF"src/os/Mutex.d" -MT"src/os/Mutex.o" -o "src/os/Mutex.o" "../src/os/Mutex.cpp"
'Finished building: ../src/os/Mutex.cpp'
' '
'Building file: ../src/os/Semaphore.cpp'
'Invoking: ARM v7 g++ compiler'
arm-none-eabi-g++ -Wall -O0 -g3 -I"D:\git\particle_swarm_optimization_embedded\Assignment4_HW\lab4\lab1.sdk\CppTestRtos\src\os" -c -fmessage-length=0 -MT"src/os/Semaphore.o" -mcpu=cortex-a9 -mfpu=vfpv3 -mfloat-abi=hard -I../../freertos901_xilinx_bsp_0/ps7_cortexa9_0/include -MMD -MP -MF"src/os/Semaphore.d" -MT"src/os/Semaphore.o" -o "src/os/Semaphore.o" "../src/os/Semaphore.cpp"
'Finished building: ../src/os/Semaphore.cpp'
' '
'Building file: ../src/os/Thread.cpp'
'Invoking: ARM v7 g++ compiler'
arm-none-eabi-g++ -Wall -O0 -g3 -I"D:\git\particle_swarm_optimization_embedded\Assignment4_HW\lab4\lab1.sdk\CppTestRtos\src\os" -c -fmessage-length=0 -MT"src/os/Thread.o" -mcpu=cortex-a9 -mfpu=vfpv3 -mfloat-abi=hard -I../../freertos901_xilinx_bsp_0/ps7_cortexa9_0/include -MMD -MP -MF"src/os/Thread.d" -MT"src/os/Thread.o" -o "src/os/Thread.o" "../src/os/Thread.cpp"
'Finished building: ../src/os/Thread.cpp'
' '
'Building file: ../src/main.cpp'
'Invoking: ARM v7 g++ compiler'
arm-none-eabi-g++ -Wall -O0 -g3 -I"D:\git\particle_swarm_optimization_embedded\Assignment4_HW\lab4\lab1.sdk\CppTestRtos\src\os" -c -fmessage-length=0 -MT"src/main.o" -mcpu=cortex-a9 -mfpu=vfpv3 -mfloat-abi=hard -I../../freertos901_xilinx_bsp_0/ps7_cortexa9_0/include -MMD -MP -MF"src/main.d" -MT"src/main.o" -o "src/main.o" "../src/main.cpp"
'Finished building: ../src/main.cpp'
' '
'Building target: CppTestRtos.elf'
'Invoking: ARM v7 g++ linker'
arm-none-eabi-g++ -mcpu=cortex-a9 -mfpu=vfpv3 -mfloat-abi=hard -Wl,-build-id=none -specs=Xilinx.spec -Wl,-T -Wl,../src/lscript.ld -L../../freertos901_xilinx_bsp_0/ps7_cortexa9_0/lib -o "CppTestRtos.elf"  ./src/threads/mainThread.o  ./src/stateMachine/Context.o ./src/stateMachine/FindMaxima.o ./src/stateMachine/FindMinima.o ./src/stateMachine/Setup.o ./src/stateMachine/State.o  ./src/os/Mutex.o ./src/os/Semaphore.o ./src/os/Thread.o  ./src/main.o   -Wl,--start-group,-lxil,-lfreertos,-lgcc,-lc,-lstdc++,--end-group
'Finished building target: CppTestRtos.elf'
' '
'Invoking: ARM v7 Print Size'
arm-none-eabi-size CppTestRtos.elf  |tee "CppTestRtos.elf.size"
   text	   data	    bss	    dec	    hex	filename
 804162	   4496	  96140	 904798	  dce5e	CppTestRtos.elf
'Finished building: CppTestRtos.elf.size'
' '
10:02:16 **** Auto Build of configuration Debug for project CppTestRtos ****
make pre-build main-build 
a9-linaro-pre-build-step
' '
'Building file: ../src/threads/mainThread.cpp'
'Invoking: ARM v7 g++ compiler'
arm-none-eabi-g++ -Wall -O0 -g3 -I"D:\git\particle_swarm_optimization_embedded\Assignment4_HW\lab4\lab1.sdk\CppTestRtos\src\os" -c -fmessage-length=0 -MT"src/threads/mainThread.o" -mcpu=cortex-a9 -mfpu=vfpv3 -mfloat-abi=hard -I../../freertos901_xilinx_bsp_0/ps7_cortexa9_0/include -MMD -MP -MF"src/threads/mainThread.d" -MT"src/threads/mainThread.o" -o "src/threads/mainThread.o" "../src/threads/mainThread.cpp"
../src/threads/mainThread.cpp: In member function 'virtual void mainThread::run()':
../src/threads/mainThread.cpp:22:6: warning: variable 'value' set but not used [-Wunused-but-set-variable]
  int value, skip, Status;
      ^~~~~
../src/threads/mainThread.cpp:22:13: warning: unused variable 'skip' [-Wunused-variable]
  int value, skip, Status;
             ^~~~
../src/threads/mainThread.cpp:22:19: warning: unused variable 'Status' [-Wunused-variable]
  int value, skip, Status;
                   ^~~~~~
'Finished building: ../src/threads/mainThread.cpp'
' '
'Building file: ../src/stateMachine/Context.cpp'
'Invoking: ARM v7 g++ compiler'
arm-none-eabi-g++ -Wall -O0 -g3 -I"D:\git\particle_swarm_optimization_embedded\Assignment4_HW\lab4\lab1.sdk\CppTestRtos\src\os" -c -fmessage-length=0 -MT"src/stateMachine/Context.o" -mcpu=cortex-a9 -mfpu=vfpv3 -mfloat-abi=hard -I../../freertos901_xilinx_bsp_0/ps7_cortexa9_0/include -MMD -MP -MF"src/stateMachine/Context.d" -MT"src/stateMachine/Context.o" -o "src/stateMachine/Context.o" "../src/stateMachine/Context.cpp"
'Finished building: ../src/stateMachine/Context.cpp'
' '
'Building file: ../src/stateMachine/FindMaxima.cpp'
'Invoking: ARM v7 g++ compiler'
arm-none-eabi-g++ -Wall -O0 -g3 -I"D:\git\particle_swarm_optimization_embedded\Assignment4_HW\lab4\lab1.sdk\CppTestRtos\src\os" -c -fmessage-length=0 -MT"src/stateMachine/FindMaxima.o" -mcpu=cortex-a9 -mfpu=vfpv3 -mfloat-abi=hard -I../../freertos901_xilinx_bsp_0/ps7_cortexa9_0/include -MMD -MP -MF"src/stateMachine/FindMaxima.d" -MT"src/stateMachine/FindMaxima.o" -o "src/stateMachine/FindMaxima.o" "../src/stateMachine/FindMaxima.cpp"
'Finished building: ../src/stateMachine/FindMaxima.cpp'
' '
'Building file: ../src/stateMachine/FindMinima.cpp'
'Invoking: ARM v7 g++ compiler'
arm-none-eabi-g++ -Wall -O0 -g3 -I"D:\git\particle_swarm_optimization_embedded\Assignment4_HW\lab4\lab1.sdk\CppTestRtos\src\os" -c -fmessage-length=0 -MT"src/stateMachine/FindMinima.o" -mcpu=cortex-a9 -mfpu=vfpv3 -mfloat-abi=hard -I../../freertos901_xilinx_bsp_0/ps7_cortexa9_0/include -MMD -MP -MF"src/stateMachine/FindMinima.d" -MT"src/stateMachine/FindMinima.o" -o "src/stateMachine/FindMinima.o" "../src/stateMachine/FindMinima.cpp"
In file included from ../src/stateMachine/Context.h:12:0,
                 from ../src/stateMachine/State.h:11,
                 from ../src/stateMachine/FindMinima.h:11,
                 from ../src/stateMachine/FindMinima.cpp:8:
../src/stateMachine/Setup.h:15:26: error: expected class-name before '{' token
 class Setup: public State{
                          ^
make: *** [src/stateMachine/FindMinima.o] Error 1
10:05:07 **** Auto Build of configuration Debug for project CppTestRtos ****
make pre-build main-build 
a9-linaro-pre-build-step
' '
'Building file: ../src/stateMachine/FindMinima.cpp'
'Invoking: ARM v7 g++ compiler'
arm-none-eabi-g++ -Wall -O0 -g3 -I"D:\git\particle_swarm_optimization_embedded\Assignment4_HW\lab4\lab1.sdk\CppTestRtos\src\os" -c -fmessage-length=0 -MT"src/stateMachine/FindMinima.o" -mcpu=cortex-a9 -mfpu=vfpv3 -mfloat-abi=hard -I../../freertos901_xilinx_bsp_0/ps7_cortexa9_0/include -MMD -MP -MF"src/stateMachine/FindMinima.d" -MT"src/stateMachine/FindMinima.o" -o "src/stateMachine/FindMinima.o" "../src/stateMachine/FindMinima.cpp"
In file included from ../src/stateMachine/Context.h:12:0,
                 from ../src/stateMachine/State.h:11,
                 from ../src/stateMachine/FindMinima.h:11,
                 from ../src/stateMachine/FindMinima.cpp:8:
../src/stateMachine/Setup.h:15:26: error: expected class-name before '{' token
 class Setup: public State{
                          ^
In file included from ../src/stateMachine/FindMinima.cpp:8:0:
../src/stateMachine/FindMinima.h:21:7: error: 'void FindMinima::GoMaxima(Context*)' marked 'override', but does not override
  void GoMaxima(Context*) override;
       ^~~~~~~~
../src/stateMachine/FindMinima.h:22:7: error: 'void FindMinima::GoMinima(Context*)' marked 'override', but does not override
  void GoMinima(Context*) override;
       ^~~~~~~~
../src/stateMachine/FindMinima.h:23:7: error: 'void FindMinima::ReturnResult(Context*)' marked 'override', but does not override
  void ReturnResult(Context*) override;
       ^~~~~~~~~~~~
../src/stateMachine/FindMinima.h:26:7: error: 'void FindMinima::ActionUp(Context*)' marked 'override', but does not override
  void ActionUp(Context*) override;
       ^~~~~~~~
../src/stateMachine/FindMinima.h:27:7: error: 'void FindMinima::ActionDown(Context*)' marked 'override', but does not override
  void ActionDown(Context*) override;
       ^~~~~~~~~~
../src/stateMachine/FindMinima.h:28:7: error: 'void FindMinima::ActionNext(Context*)' marked 'override', but does not override
  void ActionNext(Context*) override;
       ^~~~~~~~~~
../src/stateMachine/FindMinima.h:29:7: error: 'void FindMinima::ActionStart(Context*)' marked 'override', but does not override
  void ActionStart(Context*) override;
       ^~~~~~~~~~~
make: *** [src/stateMachine/FindMinima.o] Error 1
10:05:11 **** Auto Build of configuration Debug for project CppTestRtos ****
make pre-build main-build 
a9-linaro-pre-build-step
' '
'Building file: ../src/stateMachine/FindMinima.cpp'
'Invoking: ARM v7 g++ compiler'
arm-none-eabi-g++ -Wall -O0 -g3 -I"D:\git\particle_swarm_optimization_embedded\Assignment4_HW\lab4\lab1.sdk\CppTestRtos\src\os" -c -fmessage-length=0 -MT"src/stateMachine/FindMinima.o" -mcpu=cortex-a9 -mfpu=vfpv3 -mfloat-abi=hard -I../../freertos901_xilinx_bsp_0/ps7_cortexa9_0/include -MMD -MP -MF"src/stateMachine/FindMinima.d" -MT"src/stateMachine/FindMinima.o" -o "src/stateMachine/FindMinima.o" "../src/stateMachine/FindMinima.cpp"
In file included from ../src/stateMachine/Context.h:12:0,
                 from ../src/stateMachine/State.h:11,
                 from ../src/stateMachine/FindMinima.h:11,
                 from ../src/stateMachine/FindMinima.cpp:8:
../src/stateMachine/Setup.h:15:26: error: expected class-name before '{' token
 class Setup: public State{
                          ^
make: *** [src/stateMachine/FindMinima.o] Error 1
10:34:16 **** Auto Build of configuration Debug for project CppTestRtos ****
make pre-build main-build 
a9-linaro-pre-build-step
' '
'Building file: ../src/threads/mainThread.cpp'
'Invoking: ARM v7 g++ compiler'
arm-none-eabi-g++ -Wall -O0 -g3 -I"D:\git\particle_swarm_optimization_embedded\Assignment4_HW\lab4\lab1.sdk\CppTestRtos\src\os" -c -fmessage-length=0 -MT"src/threads/mainThread.o" -mcpu=cortex-a9 -mfpu=vfpv3 -mfloat-abi=hard -I../../freertos901_xilinx_bsp_0/ps7_cortexa9_0/include -MMD -MP -MF"src/threads/mainThread.d" -MT"src/threads/mainThread.o" -o "src/threads/mainThread.o" "../src/threads/mainThread.cpp"
../src/threads/mainThread.cpp: In member function 'virtual void mainThread::run()':
../src/threads/mainThread.cpp:22:6: warning: variable 'value' set but not used [-Wunused-but-set-variable]
  int value, skip, Status;
      ^~~~~
../src/threads/mainThread.cpp:22:13: warning: unused variable 'skip' [-Wunused-variable]
  int value, skip, Status;
             ^~~~
../src/threads/mainThread.cpp:22:19: warning: unused variable 'Status' [-Wunused-variable]
  int value, skip, Status;
                   ^~~~~~
'Finished building: ../src/threads/mainThread.cpp'
' '
'Building file: ../src/stateMachine/Context.cpp'
'Invoking: ARM v7 g++ compiler'
arm-none-eabi-g++ -Wall -O0 -g3 -I"D:\git\particle_swarm_optimization_embedded\Assignment4_HW\lab4\lab1.sdk\CppTestRtos\src\os" -c -fmessage-length=0 -MT"src/stateMachine/Context.o" -mcpu=cortex-a9 -mfpu=vfpv3 -mfloat-abi=hard -I../../freertos901_xilinx_bsp_0/ps7_cortexa9_0/include -MMD -MP -MF"src/stateMachine/Context.d" -MT"src/stateMachine/Context.o" -o "src/stateMachine/Context.o" "../src/stateMachine/Context.cpp"
'Finished building: ../src/stateMachine/Context.cpp'
' '
'Building file: ../src/stateMachine/FindMaxima.cpp'
'Invoking: ARM v7 g++ compiler'
arm-none-eabi-g++ -Wall -O0 -g3 -I"D:\git\particle_swarm_optimization_embedded\Assignment4_HW\lab4\lab1.sdk\CppTestRtos\src\os" -c -fmessage-length=0 -MT"src/stateMachine/FindMaxima.o" -mcpu=cortex-a9 -mfpu=vfpv3 -mfloat-abi=hard -I../../freertos901_xilinx_bsp_0/ps7_cortexa9_0/include -MMD -MP -MF"src/stateMachine/FindMaxima.d" -MT"src/stateMachine/FindMaxima.o" -o "src/stateMachine/FindMaxima.o" "../src/stateMachine/FindMaxima.cpp"
'Finished building: ../src/stateMachine/FindMaxima.cpp'
' '
'Building file: ../src/stateMachine/FindMinima.cpp'
'Invoking: ARM v7 g++ compiler'
arm-none-eabi-g++ -Wall -O0 -g3 -I"D:\git\particle_swarm_optimization_embedded\Assignment4_HW\lab4\lab1.sdk\CppTestRtos\src\os" -c -fmessage-length=0 -MT"src/stateMachine/FindMinima.o" -mcpu=cortex-a9 -mfpu=vfpv3 -mfloat-abi=hard -I../../freertos901_xilinx_bsp_0/ps7_cortexa9_0/include -MMD -MP -MF"src/stateMachine/FindMinima.d" -MT"src/stateMachine/FindMinima.o" -o "src/stateMachine/FindMinima.o" "../src/stateMachine/FindMinima.cpp"
In file included from ../src/stateMachine/Context.h:12:0,
                 from ../src/stateMachine/State.h:11,
                 from ../src/stateMachine/FindMinima.h:11,
                 from ../src/stateMachine/FindMinima.cpp:8:
../src/stateMachine/Setup.h:15:26: error: expected class-name before '{' token
 class Setup: public State{
                          ^
make: *** [src/stateMachine/FindMinima.o] Error 1
