11:45:07 **** Build of project standalone_bsp_0 ****
make -k all 
"Running Make include in ps7_cortexa9_0/libsrc/coresightps_dcc_v1_4/src"
make -C ps7_cortexa9_0/libsrc/coresightps_dcc_v1_4/src -s include  "SHELL=CMD" "COMPILER=arm-none-eabi-gcc" "ARCHIVER=arm-none-eabi-ar" "COMPILER_FLAGS=  -O2 -c" "EXTRA_COMPILER_FLAGS=-mcpu=cortex-a9 -mfpu=vfpv3 -mfloat-abi=hard -nostartfiles -Wall -Wextra"
"Running Make include in ps7_cortexa9_0/libsrc/cpu_cortexa9_v2_4/src"
make -C ps7_cortexa9_0/libsrc/cpu_cortexa9_v2_4/src -s include  "SHELL=CMD" "COMPILER=arm-none-eabi-gcc" "ARCHIVER=arm-none-eabi-ar" "COMPILER_FLAGS=  -O2 -c" "EXTRA_COMPILER_FLAGS=-mcpu=cortex-a9 -mfpu=vfpv3 -mfloat-abi=hard -nostartfiles -Wall -Wextra"
"Running Make include in ps7_cortexa9_0/libsrc/ddrps_v1_0/src"
make -C ps7_cortexa9_0/libsrc/ddrps_v1_0/src -s include  "SHELL=CMD" "COMPILER=arm-none-eabi-gcc" "ARCHIVER=arm-none-eabi-ar" "COMPILER_FLAGS=  -O2 -c" "EXTRA_COMPILER_FLAGS=-mcpu=cortex-a9 -mfpu=vfpv3 -mfloat-abi=hard -nostartfiles -Wall -Wextra"
"Running Make include in ps7_cortexa9_0/libsrc/devcfg_v3_4/src"
make -C ps7_cortexa9_0/libsrc/devcfg_v3_4/src -s include  "SHELL=CMD" "COMPILER=arm-none-eabi-gcc" "ARCHIVER=arm-none-eabi-ar" "COMPILER_FLAGS=  -O2 -c" "EXTRA_COMPILER_FLAGS=-mcpu=cortex-a9 -mfpu=vfpv3 -mfloat-abi=hard -nostartfiles -Wall -Wextra"
"Running Make include in ps7_cortexa9_0/libsrc/dmaps_v2_3/src"
make -C ps7_cortexa9_0/libsrc/dmaps_v2_3/src -s include  "SHELL=CMD" "COMPILER=arm-none-eabi-gcc" "ARCHIVER=arm-none-eabi-ar" "COMPILER_FLAGS=  -O2 -c" "EXTRA_COMPILER_FLAGS=-mcpu=cortex-a9 -mfpu=vfpv3 -mfloat-abi=hard -nostartfiles -Wall -Wextra"
"Running Make include in ps7_cortexa9_0/libsrc/gpio_v4_3/src"
make -C ps7_cortexa9_0/libsrc/gpio_v4_3/src -s include  "SHELL=CMD" "COMPILER=arm-none-eabi-gcc" "ARCHIVER=arm-none-eabi-ar" "COMPILER_FLAGS=  -O2 -c" "EXTRA_COMPILER_FLAGS=-mcpu=cortex-a9 -mfpu=vfpv3 -mfloat-abi=hard -nostartfiles -Wall -Wextra"
"Running Make include in ps7_cortexa9_0/libsrc/qspips_v3_3/src"
make -C ps7_cortexa9_0/libsrc/qspips_v3_3/src -s include  "SHELL=CMD" "COMPILER=arm-none-eabi-gcc" "ARCHIVER=arm-none-eabi-ar" "COMPILER_FLAGS=  -O2 -c" "EXTRA_COMPILER_FLAGS=-mcpu=cortex-a9 -mfpu=vfpv3 -mfloat-abi=hard -nostartfiles -Wall -Wextra"
"Running Make include in ps7_cortexa9_0/libsrc/scugic_v3_7/src"
make -C ps7_cortexa9_0/libsrc/scugic_v3_7/src -s include  "SHELL=CMD" "COMPILER=arm-none-eabi-gcc" "ARCHIVER=arm-none-eabi-ar" "COMPILER_FLAGS=  -O2 -c" "EXTRA_COMPILER_FLAGS=-mcpu=cortex-a9 -mfpu=vfpv3 -mfloat-abi=hard -nostartfiles -Wall -Wextra"
"Running Make include in ps7_cortexa9_0/libsrc/scutimer_v2_1/src"
make -C ps7_cortexa9_0/libsrc/scutimer_v2_1/src -s include  "SHELL=CMD" "COMPILER=arm-none-eabi-gcc" "ARCHIVER=arm-none-eabi-ar" "COMPILER_FLAGS=  -O2 -c" "EXTRA_COMPILER_FLAGS=-mcpu=cortex-a9 -mfpu=vfpv3 -mfloat-abi=hard -nostartfiles -Wall -Wextra"
"Running Make include in ps7_cortexa9_0/libsrc/scuwdt_v2_1/src"
make -C ps7_cortexa9_0/libsrc/scuwdt_v2_1/src -s include  "SHELL=CMD" "COMPILER=arm-none-eabi-gcc" "ARCHIVER=arm-none-eabi-ar" "COMPILER_FLAGS=  -O2 -c" "EXTRA_COMPILER_FLAGS=-mcpu=cortex-a9 -mfpu=vfpv3 -mfloat-abi=hard -nostartfiles -Wall -Wextra"
"Running Make include in ps7_cortexa9_0/libsrc/standalone_v6_3/src"
make -C ps7_cortexa9_0/libsrc/standalone_v6_3/src -s include  "SHELL=CMD" "COMPILER=arm-none-eabi-gcc" "ARCHIVER=arm-none-eabi-ar" "COMPILER_FLAGS=  -O2 -c" "EXTRA_COMPILER_FLAGS=-mcpu=cortex-a9 -mfpu=vfpv3 -mfloat-abi=hard -nostartfiles -Wall -Wextra"
"Running Make include in ps7_cortexa9_0/libsrc/uartps_v3_4/src"
make -C ps7_cortexa9_0/libsrc/uartps_v3_4/src -s include  "SHELL=CMD" "COMPILER=arm-none-eabi-gcc" "ARCHIVER=arm-none-eabi-ar" "COMPILER_FLAGS=  -O2 -c" "EXTRA_COMPILER_FLAGS=-mcpu=cortex-a9 -mfpu=vfpv3 -mfloat-abi=hard -nostartfiles -Wall -Wextra"
"Running Make include in ps7_cortexa9_0/libsrc/xadcps_v2_2/src"
make -C ps7_cortexa9_0/libsrc/xadcps_v2_2/src -s include  "SHELL=CMD" "COMPILER=arm-none-eabi-gcc" "ARCHIVER=arm-none-eabi-ar" "COMPILER_FLAGS=  -O2 -c" "EXTRA_COMPILER_FLAGS=-mcpu=cortex-a9 -mfpu=vfpv3 -mfloat-abi=hard -nostartfiles -Wall -Wextra"
"Running Make libs in ps7_cortexa9_0/libsrc/coresightps_dcc_v1_4/src"
make -C ps7_cortexa9_0/libsrc/coresightps_dcc_v1_4/src -s libs  "SHELL=CMD" "COMPILER=arm-none-eabi-gcc" "ARCHIVER=arm-none-eabi-ar" "COMPILER_FLAGS=  -O2 -c" "EXTRA_COMPILER_FLAGS=-mcpu=cortex-a9 -mfpu=vfpv3 -mfloat-abi=hard -nostartfiles -Wall -Wextra"
"Compiling coresightps_dcc"
arm-none-eabi-ar: creating ../../../lib/libxil.a
"Running Make libs in ps7_cortexa9_0/libsrc/cpu_cortexa9_v2_4/src"
make -C ps7_cortexa9_0/libsrc/cpu_cortexa9_v2_4/src -s libs  "SHELL=CMD" "COMPILER=arm-none-eabi-gcc" "ARCHIVER=arm-none-eabi-ar" "COMPILER_FLAGS=  -O2 -c" "EXTRA_COMPILER_FLAGS=-mcpu=cortex-a9 -mfpu=vfpv3 -mfloat-abi=hard -nostartfiles -Wall -Wextra"
"Compiling cpu_cortexa9"
"Running Make libs in ps7_cortexa9_0/libsrc/ddrps_v1_0/src"
make -C ps7_cortexa9_0/libsrc/ddrps_v1_0/src -s libs  "SHELL=CMD" "COMPILER=arm-none-eabi-gcc" "ARCHIVER=arm-none-eabi-ar" "COMPILER_FLAGS=  -O2 -c" "EXTRA_COMPILER_FLAGS=-mcpu=cortex-a9 -mfpu=vfpv3 -mfloat-abi=hard -nostartfiles -Wall -Wextra"
"Compiling ddrps"
"Running Make libs in ps7_cortexa9_0/libsrc/devcfg_v3_4/src"
make -C ps7_cortexa9_0/libsrc/devcfg_v3_4/src -s libs  "SHELL=CMD" "COMPILER=arm-none-eabi-gcc" "ARCHIVER=arm-none-eabi-ar" "COMPILER_FLAGS=  -O2 -c" "EXTRA_COMPILER_FLAGS=-mcpu=cortex-a9 -mfpu=vfpv3 -mfloat-abi=hard -nostartfiles -Wall -Wextra"
"Compiling devcfg"
"Running Make libs in ps7_cortexa9_0/libsrc/dmaps_v2_3/src"
make -C ps7_cortexa9_0/libsrc/dmaps_v2_3/src -s libs  "SHELL=CMD" "COMPILER=arm-none-eabi-gcc" "ARCHIVER=arm-none-eabi-ar" "COMPILER_FLAGS=  -O2 -c" "EXTRA_COMPILER_FLAGS=-mcpu=cortex-a9 -mfpu=vfpv3 -mfloat-abi=hard -nostartfiles -Wall -Wextra"
"Compiling dmaps"
"Running Make libs in ps7_cortexa9_0/libsrc/gpio_v4_3/src"
make -C ps7_cortexa9_0/libsrc/gpio_v4_3/src -s libs  "SHELL=CMD" "COMPILER=arm-none-eabi-gcc" "ARCHIVER=arm-none-eabi-ar" "COMPILER_FLAGS=  -O2 -c" "EXTRA_COMPILER_FLAGS=-mcpu=cortex-a9 -mfpu=vfpv3 -mfloat-abi=hard -nostartfiles -Wall -Wextra"
"Compiling gpio"
"Running Make libs in ps7_cortexa9_0/libsrc/qspips_v3_3/src"
make -C ps7_cortexa9_0/libsrc/qspips_v3_3/src -s libs  "SHELL=CMD" "COMPILER=arm-none-eabi-gcc" "ARCHIVER=arm-none-eabi-ar" "COMPILER_FLAGS=  -O2 -c" "EXTRA_COMPILER_FLAGS=-mcpu=cortex-a9 -mfpu=vfpv3 -mfloat-abi=hard -nostartfiles -Wall -Wextra"
"Compiling qspips"
"Running Make libs in ps7_cortexa9_0/libsrc/scugic_v3_7/src"
make -C ps7_cortexa9_0/libsrc/scugic_v3_7/src -s libs  "SHELL=CMD" "COMPILER=arm-none-eabi-gcc" "ARCHIVER=arm-none-eabi-ar" "COMPILER_FLAGS=  -O2 -c" "EXTRA_COMPILER_FLAGS=-mcpu=cortex-a9 -mfpu=vfpv3 -mfloat-abi=hard -nostartfiles -Wall -Wextra"
"Compiling scugic"
xscugic_g.c:53:2: warning: missing initializer for field 'HandlerTable' of 'XScuGic_Config {aka struct <anonymous>}' [-Wmissing-field-initializers]
  }
  ^
In file included from xscugic_g.c:41:0:
xscugic.h:218:27: note: 'HandlerTable' declared here
  XScuGic_VectorTableEntry HandlerTable[XSCUGIC_MAX_NUM_INTR_INPUTS];/**<
                           ^~~~~~~~~~~~
"Running Make libs in ps7_cortexa9_0/libsrc/scutimer_v2_1/src"
make -C ps7_cortexa9_0/libsrc/scutimer_v2_1/src -s libs  "SHELL=CMD" "COMPILER=arm-none-eabi-gcc" "ARCHIVER=arm-none-eabi-ar" "COMPILER_FLAGS=  -O2 -c" "EXTRA_COMPILER_FLAGS=-mcpu=cortex-a9 -mfpu=vfpv3 -mfloat-abi=hard -nostartfiles -Wall -Wextra"
"Compiling scutimer"
"Running Make libs in ps7_cortexa9_0/libsrc/scuwdt_v2_1/src"
make -C ps7_cortexa9_0/libsrc/scuwdt_v2_1/src -s libs  "SHELL=CMD" "COMPILER=arm-none-eabi-gcc" "ARCHIVER=arm-none-eabi-ar" "COMPILER_FLAGS=  -O2 -c" "EXTRA_COMPILER_FLAGS=-mcpu=cortex-a9 -mfpu=vfpv3 -mfloat-abi=hard -nostartfiles -Wall -Wextra"
"Compiling scuwdt"
"Running Make libs in ps7_cortexa9_0/libsrc/standalone_v6_3/src"
make -C ps7_cortexa9_0/libsrc/standalone_v6_3/src -s libs  "SHELL=CMD" "COMPILER=arm-none-eabi-gcc" "ARCHIVER=arm-none-eabi-ar" "COMPILER_FLAGS=  -O2 -c" "EXTRA_COMPILER_FLAGS=-mcpu=cortex-a9 -mfpu=vfpv3 -mfloat-abi=hard -nostartfiles -Wall -Wextra"
"Compiling standalone"
"Running Make libs in ps7_cortexa9_0/libsrc/uartps_v3_4/src"
make -C ps7_cortexa9_0/libsrc/uartps_v3_4/src -s libs  "SHELL=CMD" "COMPILER=arm-none-eabi-gcc" "ARCHIVER=arm-none-eabi-ar" "COMPILER_FLAGS=  -O2 -c" "EXTRA_COMPILER_FLAGS=-mcpu=cortex-a9 -mfpu=vfpv3 -mfloat-abi=hard -nostartfiles -Wall -Wextra"
"Compiling uartps"
"Running Make libs in ps7_cortexa9_0/libsrc/xadcps_v2_2/src"
make -C ps7_cortexa9_0/libsrc/xadcps_v2_2/src -s libs  "SHELL=CMD" "COMPILER=arm-none-eabi-gcc" "ARCHIVER=arm-none-eabi-ar" "COMPILER_FLAGS=  -O2 -c" "EXTRA_COMPILER_FLAGS=-mcpu=cortex-a9 -mfpu=vfpv3 -mfloat-abi=hard -nostartfiles -Wall -Wextra"
"Compiling xadcps"
'Finished building libraries'
11:49:22 **** Build of configuration Debug for project Ctest ****
make pre-build main-build 
a9-linaro-pre-build-step
' '
'Building file: ../src/helloworld.c'
'Invoking: ARM v7 gcc compiler'
arm-none-eabi-gcc -Wall -O0 -g3 -c -fmessage-length=0 -MT"src/helloworld.o" -mcpu=cortex-a9 -mfpu=vfpv3 -mfloat-abi=hard -I../../standalone_bsp_0/ps7_cortexa9_0/include -MMD -MP -MF"src/helloworld.d" -MT"src/helloworld.o" -o "src/helloworld.o" "../src/helloworld.c"
'Finished building: ../src/helloworld.c'
' '
'Building file: ../src/platform.c'
'Invoking: ARM v7 gcc compiler'
arm-none-eabi-gcc -Wall -O0 -g3 -c -fmessage-length=0 -MT"src/platform.o" -mcpu=cortex-a9 -mfpu=vfpv3 -mfloat-abi=hard -I../../standalone_bsp_0/ps7_cortexa9_0/include -MMD -MP -MF"src/platform.d" -MT"src/platform.o" -o "src/platform.o" "../src/platform.c"
'Finished building: ../src/platform.c'
' '
'Building target: Ctest.elf'
'Invoking: ARM v7 gcc linker'
arm-none-eabi-gcc -mcpu=cortex-a9 -mfpu=vfpv3 -mfloat-abi=hard -Wl,-build-id=none -specs=Xilinx.spec -Wl,-T -Wl,../src/lscript.ld -L../../standalone_bsp_0/ps7_cortexa9_0/lib -o "Ctest.elf"  ./src/helloworld.o ./src/platform.o   -Wl,--start-group,-lxil,-lgcc,-lc,--end-group
'Finished building target: Ctest.elf'
' '
'Invoking: ARM v7 Print Size'
arm-none-eabi-size Ctest.elf  |tee "Ctest.elf.size"
   text	   data	    bss	    dec	    hex	filename
  19384	   1148	  22568	  43100	   a85c	Ctest.elf
'Finished building: Ctest.elf.size'
' '
11:50:42 **** Incremental Build of configuration Debug for project Ctest ****
make pre-build main-build 
a9-linaro-pre-build-step
' '
make: Ingenting at gøre for 'main-build'.
11:51:05 **** Incremental Build of configuration Debug for project Ctest ****
make pre-build main-build 
a9-linaro-pre-build-step
' '
make: Ingenting at gøre for 'main-build'.
11:52:15 **** Auto Build of configuration Debug for project Ctest ****
make pre-build main-build 
a9-linaro-pre-build-step
' '
'Building file: ../src/lab1.c'
'Invoking: ARM v7 gcc compiler'
arm-none-eabi-gcc -Wall -O0 -g3 -c -fmessage-length=0 -MT"src/lab1.o" -mcpu=cortex-a9 -mfpu=vfpv3 -mfloat-abi=hard -I../../standalone_bsp_0/ps7_cortexa9_0/include -MMD -MP -MF"src/lab1.d" -MT"src/lab1.o" -o "src/lab1.o" "../src/lab1.c"
../src/lab1.c:3:21: fatal error: xgpiops.h: No such file or directory
 #include "xgpiops.h"
                     ^
compilation terminated.
make: *** [src/lab1.o] Fejl 1
11:52:37 **** Auto Build of configuration Debug for project Ctest ****
make pre-build main-build 
a9-linaro-pre-build-step
' '
'Building file: ../src/lab1.c'
'Invoking: ARM v7 gcc compiler'
arm-none-eabi-gcc -Wall -O0 -g3 -c -fmessage-length=0 -MT"src/lab1.o" -mcpu=cortex-a9 -mfpu=vfpv3 -mfloat-abi=hard -I../../standalone_bsp_0/ps7_cortexa9_0/include -MMD -MP -MF"src/lab1.d" -MT"src/lab1.o" -o "src/lab1.o" "../src/lab1.c"
../src/lab1.c:7:8: error: unknown type name 'XGpioPs'
 static XGpioPs psGpioInstancePtr;
        ^~~~~~~
../src/lab1.c: In function 'main':
../src/lab1.c:17:4: error: unknown type name 'XGpioPs_Config'
    XGpioPs_Config*GpioConfigPtr;
    ^~~~~~~~~~~~~~
../src/lab1.c:32:20: warning: implicit declaration of function 'XGpioPs_LookupConfig' [-Wimplicit-function-declaration]
    GpioConfigPtr = XGpioPs_LookupConfig(XPAR_PS7_GPIO_0_DEVICE_ID);
                    ^~~~~~~~~~~~~~~~~~~~
../src/lab1.c:32:41: error: 'XPAR_PS7_GPIO_0_DEVICE_ID' undeclared (first use in this function)
    GpioConfigPtr = XGpioPs_LookupConfig(XPAR_PS7_GPIO_0_DEVICE_ID);
                                         ^~~~~~~~~~~~~~~~~~~~~~~~~
../src/lab1.c:32:41: note: each undeclared identifier is reported only once for each function it appears in
../src/lab1.c:35:14: warning: implicit declaration of function 'XGpioPs_CfgInitialize' [-Wimplicit-function-declaration]
    xStatus = XGpioPs_CfgInitialize(&psGpioInstancePtr,
              ^~~~~~~~~~~~~~~~~~~~~
../src/lab1.c:37:21: error: request for member 'BaseAddr' in something not a structure or union
        GpioConfigPtr->BaseAddr);
                     ^~
../src/lab1.c:41:4: warning: implicit declaration of function 'XGpioPs_SetDirectionPin' [-Wimplicit-function-declaration]
    XGpioPs_SetDirectionPin(&psGpioInstancePtr, iPinNumber,uPinDirection);
    ^~~~~~~~~~~~~~~~~~~~~~~
../src/lab1.c:42:4: warning: implicit declaration of function 'XGpioPs_SetOutputEnablePin' [-Wimplicit-function-declaration]
    XGpioPs_SetOutputEnablePin(&psGpioInstancePtr, iPinNumber,1);
    ^~~~~~~~~~~~~~~~~~~~~~~~~~
../src/lab1.c:56:21: warning: implicit declaration of function 'XGpioPs_ReadPin' [-Wimplicit-function-declaration]
        pshb_check = XGpioPs_ReadPin(&psGpioInstancePtr,iPinNumberEMIO);
                     ^~~~~~~~~~~~~~~
../src/lab1.c:57:11: warning: implicit declaration of function 'XGpioPs_WritePin' [-Wimplicit-function-declaration]
           XGpioPs_WritePin(&psGpioInstancePtr,iPinNumber,pshb_check);
           ^~~~~~~~~~~~~~~~
../src/lab1.c:58:11: warning: this 'if' clause does not guard... [-Wmisleading-indentation]
           if((sw_check & 0x0f)==0x0F)
           ^~
../src/lab1.c:60:5: note: ...this statement, but the latter is misleadingly indented as if it is guarded by the 'if'
     for (i=0; i<9999999; i++); // delay loop
     ^~~
make: *** [src/lab1.o] Fejl 1
11:52:44 **** Clean-only build of configuration Debug for project Ctest ****
make clean 
rm -rf  ./src/helloworld.o ./src/lab1.o ./src/platform.o  ./src/helloworld.d ./src/lab1.d ./src/platform.d  Ctest.elf.size  Ctest.elf
' '
11:52:44 **** Auto Build of configuration Debug for project Ctest ****
make pre-build main-build 
a9-linaro-pre-build-step
' '
'Building file: ../src/lab1.c'
'Invoking: ARM v7 gcc compiler'
arm-none-eabi-gcc -Wall -O0 -g3 -c -fmessage-length=0 -MT"src/lab1.o" -mcpu=cortex-a9 -mfpu=vfpv3 -mfloat-abi=hard -I../../standalone_bsp_0/ps7_cortexa9_0/include -MMD -MP -MF"src/lab1.d" -MT"src/lab1.o" -o "src/lab1.o" "../src/lab1.c"
../src/lab1.c:7:8: error: unknown type name 'XGpioPs'
 static XGpioPs psGpioInstancePtr;
        ^~~~~~~
../src/lab1.c: In function 'main':
../src/lab1.c:17:4: error: unknown type name 'XGpioPs_Config'
    XGpioPs_Config*GpioConfigPtr;
    ^~~~~~~~~~~~~~
../src/lab1.c:32:20: warning: implicit declaration of function 'XGpioPs_LookupConfig' [-Wimplicit-function-declaration]
    GpioConfigPtr = XGpioPs_LookupConfig(XPAR_PS7_GPIO_0_DEVICE_ID);
                    ^~~~~~~~~~~~~~~~~~~~
../src/lab1.c:32:41: error: 'XPAR_PS7_GPIO_0_DEVICE_ID' undeclared (first use in this function)
    GpioConfigPtr = XGpioPs_LookupConfig(XPAR_PS7_GPIO_0_DEVICE_ID);
                                         ^~~~~~~~~~~~~~~~~~~~~~~~~
../src/lab1.c:32:41: note: each undeclared identifier is reported only once for each function it appears in
../src/lab1.c:35:14: warning: implicit declaration of function 'XGpioPs_CfgInitialize' [-Wimplicit-function-declaration]
    xStatus = XGpioPs_CfgInitialize(&psGpioInstancePtr,
              ^~~~~~~~~~~~~~~~~~~~~
../src/lab1.c:37:21: error: request for member 'BaseAddr' in something not a structure or union
        GpioConfigPtr->BaseAddr);
                     ^~
../src/lab1.c:41:4: warning: implicit declaration of function 'XGpioPs_SetDirectionPin' [-Wimplicit-function-declaration]
    XGpioPs_SetDirectionPin(&psGpioInstancePtr, iPinNumber,uPinDirection);
    ^~~~~~~~~~~~~~~~~~~~~~~
../src/lab1.c:42:4: warning: implicit declaration of function 'XGpioPs_SetOutputEnablePin' [-Wimplicit-function-declaration]
    XGpioPs_SetOutputEnablePin(&psGpioInstancePtr, iPinNumber,1);
    ^~~~~~~~~~~~~~~~~~~~~~~~~~
../src/lab1.c:56:21: warning: implicit declaration of function 'XGpioPs_ReadPin' [-Wimplicit-function-declaration]
        pshb_check = XGpioPs_ReadPin(&psGpioInstancePtr,iPinNumberEMIO);
                     ^~~~~~~~~~~~~~~
../src/lab1.c:57:11: warning: implicit declaration of function 'XGpioPs_WritePin' [-Wimplicit-function-declaration]
           XGpioPs_WritePin(&psGpioInstancePtr,iPinNumber,pshb_check);
           ^~~~~~~~~~~~~~~~
../src/lab1.c:58:11: warning: this 'if' clause does not guard... [-Wmisleading-indentation]
           if((sw_check & 0x0f)==0x0F)
           ^~
../src/lab1.c:60:5: note: ...this statement, but the latter is misleadingly indented as if it is guarded by the 'if'
     for (i=0; i<9999999; i++); // delay loop
     ^~~
make: *** [src/lab1.o] Fejl 1
11:53:01 **** Auto Build of configuration Debug for project Ctest ****
make pre-build main-build 
a9-linaro-pre-build-step
' '
'Building file: ../src/lab1.c'
'Invoking: ARM v7 gcc compiler'
arm-none-eabi-gcc -Wall -O0 -g3 -c -fmessage-length=0 -MT"src/lab1.o" -mcpu=cortex-a9 -mfpu=vfpv3 -mfloat-abi=hard -I../../standalone_bsp_0/ps7_cortexa9_0/include -MMD -MP -MF"src/lab1.d" -MT"src/lab1.o" -o "src/lab1.o" "../src/lab1.c"
../src/lab1.c: In function 'main':
../src/lab1.c:33:4: warning: implicit declaration of function 'XGpioPs_SetDirectionPin' [-Wimplicit-function-declaration]
    XGpioPs_SetDirectionPin(&psGpioInstancePtr, iPinNumber,uPinDirection);
    ^~~~~~~~~~~~~~~~~~~~~~~
../src/lab1.c:33:29: error: 'psGpioInstancePtr' undeclared (first use in this function)
    XGpioPs_SetDirectionPin(&psGpioInstancePtr, iPinNumber,uPinDirection);
                             ^~~~~~~~~~~~~~~~~
../src/lab1.c:33:29: note: each undeclared identifier is reported only once for each function it appears in
../src/lab1.c:34:4: warning: implicit declaration of function 'XGpioPs_SetOutputEnablePin' [-Wimplicit-function-declaration]
    XGpioPs_SetOutputEnablePin(&psGpioInstancePtr, iPinNumber,1);
    ^~~~~~~~~~~~~~~~~~~~~~~~~~
../src/lab1.c:48:21: warning: implicit declaration of function 'XGpioPs_ReadPin' [-Wimplicit-function-declaration]
        pshb_check = XGpioPs_ReadPin(&psGpioInstancePtr,iPinNumberEMIO);
                     ^~~~~~~~~~~~~~~
../src/lab1.c:49:11: warning: implicit declaration of function 'XGpioPs_WritePin' [-Wimplicit-function-declaration]
           XGpioPs_WritePin(&psGpioInstancePtr,iPinNumber,pshb_check);
           ^~~~~~~~~~~~~~~~
../src/lab1.c:50:11: warning: this 'if' clause does not guard... [-Wmisleading-indentation]
           if((sw_check & 0x0f)==0x0F)
           ^~
../src/lab1.c:52:5: note: ...this statement, but the latter is misleadingly indented as if it is guarded by the 'if'
     for (i=0; i<9999999; i++); // delay loop
     ^~~
make: *** [src/lab1.o] Fejl 1
11:53:06 **** Auto Build of configuration Debug for project Ctest ****
make pre-build main-build 
a9-linaro-pre-build-step
' '
'Building file: ../src/lab1.c'
'Invoking: ARM v7 gcc compiler'
arm-none-eabi-gcc -Wall -O0 -g3 -c -fmessage-length=0 -MT"src/lab1.o" -mcpu=cortex-a9 -mfpu=vfpv3 -mfloat-abi=hard -I../../standalone_bsp_0/ps7_cortexa9_0/include -MMD -MP -MF"src/lab1.d" -MT"src/lab1.o" -o "src/lab1.o" "../src/lab1.c"
../src/lab1.c: In function 'main':
../src/lab1.c:33:4: warning: implicit declaration of function 'XGpioPs_SetOutputEnablePin' [-Wimplicit-function-declaration]
    XGpioPs_SetOutputEnablePin(&psGpioInstancePtr, iPinNumber,1);
    ^~~~~~~~~~~~~~~~~~~~~~~~~~
../src/lab1.c:33:32: error: 'psGpioInstancePtr' undeclared (first use in this function)
    XGpioPs_SetOutputEnablePin(&psGpioInstancePtr, iPinNumber,1);
                                ^~~~~~~~~~~~~~~~~
../src/lab1.c:33:32: note: each undeclared identifier is reported only once for each function it appears in
../src/lab1.c:35:4: warning: implicit declaration of function 'XGpioPs_SetDirectionPin' [-Wimplicit-function-declaration]
    XGpioPs_SetDirectionPin(&psGpioInstancePtr,
    ^~~~~~~~~~~~~~~~~~~~~~~
../src/lab1.c:47:21: warning: implicit declaration of function 'XGpioPs_ReadPin' [-Wimplicit-function-declaration]
        pshb_check = XGpioPs_ReadPin(&psGpioInstancePtr,iPinNumberEMIO);
                     ^~~~~~~~~~~~~~~
../src/lab1.c:48:11: warning: implicit declaration of function 'XGpioPs_WritePin' [-Wimplicit-function-declaration]
           XGpioPs_WritePin(&psGpioInstancePtr,iPinNumber,pshb_check);
           ^~~~~~~~~~~~~~~~
../src/lab1.c:49:11: warning: this 'if' clause does not guard... [-Wmisleading-indentation]
           if((sw_check & 0x0f)==0x0F)
           ^~
../src/lab1.c:51:5: note: ...this statement, but the latter is misleadingly indented as if it is guarded by the 'if'
     for (i=0; i<9999999; i++); // delay loop
     ^~~
../src/lab1.c:19:8: warning: unused variable 'uPinDirection' [-Wunused-variable]
    u32 uPinDirection = 0x1;
        ^~~~~~~~~~~~~
make: *** [src/lab1.o] Fejl 1
11:53:27 **** Auto Build of configuration Debug for project Ctest ****
make pre-build main-build 
a9-linaro-pre-build-step
' '
'Building file: ../src/lab1.c'
'Invoking: ARM v7 gcc compiler'
arm-none-eabi-gcc -Wall -O0 -g3 -c -fmessage-length=0 -MT"src/lab1.o" -mcpu=cortex-a9 -mfpu=vfpv3 -mfloat-abi=hard -I../../standalone_bsp_0/ps7_cortexa9_0/include -MMD -MP -MF"src/lab1.d" -MT"src/lab1.o" -o "src/lab1.o" "../src/lab1.c"
../src/lab1.c: In function 'main':
../src/lab1.c:33:4: warning: implicit declaration of function 'XGpioPs_SetDirectionPin' [-Wimplicit-function-declaration]
    XGpioPs_SetDirectionPin(&psGpioInstancePtr,
    ^~~~~~~~~~~~~~~~~~~~~~~
../src/lab1.c:33:29: error: 'psGpioInstancePtr' undeclared (first use in this function)
    XGpioPs_SetDirectionPin(&psGpioInstancePtr,
                             ^~~~~~~~~~~~~~~~~
../src/lab1.c:33:29: note: each undeclared identifier is reported only once for each function it appears in
../src/lab1.c:35:4: warning: implicit declaration of function 'XGpioPs_SetOutputEnablePin' [-Wimplicit-function-declaration]
    XGpioPs_SetOutputEnablePin(&psGpioInstancePtr, iPinNumberEMIO,0);
    ^~~~~~~~~~~~~~~~~~~~~~~~~~
../src/lab1.c:45:21: warning: implicit declaration of function 'XGpioPs_ReadPin' [-Wimplicit-function-declaration]
        pshb_check = XGpioPs_ReadPin(&psGpioInstancePtr,iPinNumberEMIO);
                     ^~~~~~~~~~~~~~~
../src/lab1.c:46:11: warning: implicit declaration of function 'XGpioPs_WritePin' [-Wimplicit-function-declaration]
           XGpioPs_WritePin(&psGpioInstancePtr,iPinNumber,pshb_check);
           ^~~~~~~~~~~~~~~~
../src/lab1.c:47:11: warning: this 'if' clause does not guard... [-Wmisleading-indentation]
           if((sw_check & 0x0f)==0x0F)
           ^~
../src/lab1.c:49:5: note: ...this statement, but the latter is misleadingly indented as if it is guarded by the 'if'
     for (i=0; i<9999999; i++); // delay loop
     ^~~
../src/lab1.c:19:8: warning: unused variable 'uPinDirection' [-Wunused-variable]
    u32 uPinDirection = 0x1;
        ^~~~~~~~~~~~~
make: *** [src/lab1.o] Fejl 1
11:53:47 **** Auto Build of configuration Debug for project Ctest ****
make pre-build main-build 
a9-linaro-pre-build-step
' '
'Building file: ../src/lab1.c'
'Invoking: ARM v7 gcc compiler'
arm-none-eabi-gcc -Wall -O0 -g3 -c -fmessage-length=0 -MT"src/lab1.o" -mcpu=cortex-a9 -mfpu=vfpv3 -mfloat-abi=hard -I../../standalone_bsp_0/ps7_cortexa9_0/include -MMD -MP -MF"src/lab1.d" -MT"src/lab1.o" -o "src/lab1.o" "../src/lab1.c"
../src/lab1.c: In function 'main':
../src/lab1.c:42:21: warning: implicit declaration of function 'XGpioPs_ReadPin' [-Wimplicit-function-declaration]
        pshb_check = XGpioPs_ReadPin(&psGpioInstancePtr,iPinNumberEMIO);
                     ^~~~~~~~~~~~~~~
../src/lab1.c:42:38: error: 'psGpioInstancePtr' undeclared (first use in this function)
        pshb_check = XGpioPs_ReadPin(&psGpioInstancePtr,iPinNumberEMIO);
                                      ^~~~~~~~~~~~~~~~~
../src/lab1.c:42:38: note: each undeclared identifier is reported only once for each function it appears in
../src/lab1.c:43:11: warning: implicit declaration of function 'XGpioPs_WritePin' [-Wimplicit-function-declaration]
           XGpioPs_WritePin(&psGpioInstancePtr,iPinNumber,pshb_check);
           ^~~~~~~~~~~~~~~~
../src/lab1.c:44:11: warning: this 'if' clause does not guard... [-Wmisleading-indentation]
           if((sw_check & 0x0f)==0x0F)
           ^~
../src/lab1.c:46:5: note: ...this statement, but the latter is misleadingly indented as if it is guarded by the 'if'
     for (i=0; i<9999999; i++); // delay loop
     ^~~
../src/lab1.c:19:8: warning: unused variable 'uPinDirection' [-Wunused-variable]
    u32 uPinDirection = 0x1;
        ^~~~~~~~~~~~~
../src/lab1.c:18:8: warning: unused variable 'uPinDirectionEMIO' [-Wunused-variable]
    u32 uPinDirectionEMIO = 0x0;
        ^~~~~~~~~~~~~~~~~
make: *** [src/lab1.o] Fejl 1
11:54:07 **** Auto Build of configuration Debug for project Ctest ****
make pre-build main-build 
a9-linaro-pre-build-step
' '
'Building file: ../src/lab1.c'
'Invoking: ARM v7 gcc compiler'
arm-none-eabi-gcc -Wall -O0 -g3 -c -fmessage-length=0 -MT"src/lab1.o" -mcpu=cortex-a9 -mfpu=vfpv3 -mfloat-abi=hard -I../../standalone_bsp_0/ps7_cortexa9_0/include -MMD -MP -MF"src/lab1.d" -MT"src/lab1.o" -o "src/lab1.o" "../src/lab1.c"
../src/lab1.c: In function 'main':
../src/lab1.c:42:11: warning: implicit declaration of function 'XGpioPs_WritePin' [-Wimplicit-function-declaration]
           XGpioPs_WritePin(&psGpioInstancePtr,iPinNumber,pshb_check);
           ^~~~~~~~~~~~~~~~
../src/lab1.c:42:29: error: 'psGpioInstancePtr' undeclared (first use in this function)
           XGpioPs_WritePin(&psGpioInstancePtr,iPinNumber,pshb_check);
                             ^~~~~~~~~~~~~~~~~
../src/lab1.c:42:29: note: each undeclared identifier is reported only once for each function it appears in
../src/lab1.c:43:11: warning: this 'if' clause does not guard... [-Wmisleading-indentation]
           if((sw_check & 0x0f)==0x0F)
           ^~
../src/lab1.c:45:5: note: ...this statement, but the latter is misleadingly indented as if it is guarded by the 'if'
     for (i=0; i<9999999; i++); // delay loop
     ^~~
../src/lab1.c:19:8: warning: unused variable 'uPinDirection' [-Wunused-variable]
    u32 uPinDirection = 0x1;
        ^~~~~~~~~~~~~
../src/lab1.c:18:8: warning: unused variable 'uPinDirectionEMIO' [-Wunused-variable]
    u32 uPinDirectionEMIO = 0x0;
        ^~~~~~~~~~~~~~~~~
../src/lab1.c:17:8: warning: unused variable 'iPinNumberEMIO' [-Wunused-variable]
    int iPinNumberEMIO = 54;
        ^~~~~~~~~~~~~~
make: *** [src/lab1.o] Fejl 1
11:54:14 **** Auto Build of configuration Debug for project Ctest ****
make pre-build main-build 
a9-linaro-pre-build-step
' '
'Building file: ../src/lab1.c'
'Invoking: ARM v7 gcc compiler'
arm-none-eabi-gcc -Wall -O0 -g3 -c -fmessage-length=0 -MT"src/lab1.o" -mcpu=cortex-a9 -mfpu=vfpv3 -mfloat-abi=hard -I../../standalone_bsp_0/ps7_cortexa9_0/include -MMD -MP -MF"src/lab1.d" -MT"src/lab1.o" -o "src/lab1.o" "../src/lab1.c"
../src/lab1.c: In function 'main':
../src/lab1.c:42:11: warning: this 'if' clause does not guard... [-Wmisleading-indentation]
           if((sw_check & 0x0f)==0x0F)
           ^~
../src/lab1.c:44:5: note: ...this statement, but the latter is misleadingly indented as if it is guarded by the 'if'
     for (i=0; i<9999999; i++); // delay loop
     ^~~
../src/lab1.c:19:8: warning: unused variable 'uPinDirection' [-Wunused-variable]
    u32 uPinDirection = 0x1;
        ^~~~~~~~~~~~~
../src/lab1.c:18:8: warning: unused variable 'uPinDirectionEMIO' [-Wunused-variable]
    u32 uPinDirectionEMIO = 0x0;
        ^~~~~~~~~~~~~~~~~
../src/lab1.c:17:8: warning: unused variable 'iPinNumberEMIO' [-Wunused-variable]
    int iPinNumberEMIO = 54;
        ^~~~~~~~~~~~~~
../src/lab1.c:15:11: warning: unused variable 'pshb_check' [-Wunused-variable]
    int i, pshb_check, sw_check;
           ^~~~~~~~~~
At top level:
../src/lab1.c:7:12: warning: 'iPinNumber' defined but not used [-Wunused-variable]
 static int iPinNumber = 7; /*Led LD9 on ZedBoard and LD4 on Zybo is connected to MIO pin 7*/
            ^~~~~~~~~~
../src/lab1.c: In function 'main':
../src/lab1.c:30:6: warning: 'xStatus' is used uninitialized in this function [-Wuninitialized]
    if(XST_SUCCESS != xStatus)
      ^
'Finished building: ../src/lab1.c'
' '
'Building file: ../src/platform.c'
'Invoking: ARM v7 gcc compiler'
arm-none-eabi-gcc -Wall -O0 -g3 -c -fmessage-length=0 -MT"src/platform.o" -mcpu=cortex-a9 -mfpu=vfpv3 -mfloat-abi=hard -I../../standalone_bsp_0/ps7_cortexa9_0/include -MMD -MP -MF"src/platform.d" -MT"src/platform.o" -o "src/platform.o" "../src/platform.c"
'Finished building: ../src/platform.c'
' '
'Building target: Ctest.elf'
'Invoking: ARM v7 gcc linker'
arm-none-eabi-gcc -mcpu=cortex-a9 -mfpu=vfpv3 -mfloat-abi=hard -Wl,-build-id=none -specs=Xilinx.spec -Wl,-T -Wl,../src/lscript.ld -L../../standalone_bsp_0/ps7_cortexa9_0/lib -o "Ctest.elf"  ./src/lab1.o ./src/platform.o   -Wl,--start-group,-lxil,-lgcc,-lc,--end-group
'Finished building target: Ctest.elf'
' '
'Invoking: ARM v7 Print Size'
arm-none-eabi-size Ctest.elf  |tee "Ctest.elf.size"
   text	   data	    bss	    dec	    hex	filename
  23872	   1204	  22584	  47660	   ba2c	Ctest.elf
'Finished building: Ctest.elf.size'
' '
11:54:40 **** Auto Build of configuration Debug for project Ctest ****
make pre-build main-build 
a9-linaro-pre-build-step
' '
'Building file: ../src/lab1.c'
'Invoking: ARM v7 gcc compiler'
arm-none-eabi-gcc -Wall -O0 -g3 -c -fmessage-length=0 -MT"src/lab1.o" -mcpu=cortex-a9 -mfpu=vfpv3 -mfloat-abi=hard -I../../standalone_bsp_0/ps7_cortexa9_0/include -MMD -MP -MF"src/lab1.d" -MT"src/lab1.o" -o "src/lab1.o" "../src/lab1.c"
../src/lab1.c: In function 'main':
../src/lab1.c:39:11: warning: this 'if' clause does not guard... [-Wmisleading-indentation]
           if((sw_check & 0x0f)==0x0F)
           ^~
../src/lab1.c:41:5: note: ...this statement, but the latter is misleadingly indented as if it is guarded by the 'if'
     for (i=0; i<9999999; i++); // delay loop
     ^~~
At top level:
../src/lab1.c:7:12: warning: 'iPinNumber' defined but not used [-Wunused-variable]
 static int iPinNumber = 7; /*Led LD9 on ZedBoard and LD4 on Zybo is connected to MIO pin 7*/
            ^~~~~~~~~~
../src/lab1.c: In function 'main':
../src/lab1.c:27:6: warning: 'xStatus' is used uninitialized in this function [-Wuninitialized]
    if(XST_SUCCESS != xStatus)
      ^
'Finished building: ../src/lab1.c'
' '
'Building target: Ctest.elf'
'Invoking: ARM v7 gcc linker'
arm-none-eabi-gcc -mcpu=cortex-a9 -mfpu=vfpv3 -mfloat-abi=hard -Wl,-build-id=none -specs=Xilinx.spec -Wl,-T -Wl,../src/lscript.ld -L../../standalone_bsp_0/ps7_cortexa9_0/lib -o "Ctest.elf"  ./src/lab1.o ./src/platform.o   -Wl,--start-group,-lxil,-lgcc,-lc,--end-group
'Finished building target: Ctest.elf'
' '
'Invoking: ARM v7 Print Size'
arm-none-eabi-size Ctest.elf  |tee "Ctest.elf.size"
   text	   data	    bss	    dec	    hex	filename
  23872	   1204	  22584	  47660	   ba2c	Ctest.elf
'Finished building: Ctest.elf.size'
' '
11:54:56 **** Auto Build of configuration Debug for project Ctest ****
make pre-build main-build 
a9-linaro-pre-build-step
' '
'Building file: ../src/lab1.c'
'Invoking: ARM v7 gcc compiler'
arm-none-eabi-gcc -Wall -O0 -g3 -c -fmessage-length=0 -MT"src/lab1.o" -mcpu=cortex-a9 -mfpu=vfpv3 -mfloat-abi=hard -I../../standalone_bsp_0/ps7_cortexa9_0/include -MMD -MP -MF"src/lab1.d" -MT"src/lab1.o" -o "src/lab1.o" "../src/lab1.c"
../src/lab1.c: In function 'main':
../src/lab1.c:39:11: warning: this 'if' clause does not guard... [-Wmisleading-indentation]
           if((sw_check & 0x0f)==0x0F)
           ^~
../src/lab1.c:41:5: note: ...this statement, but the latter is misleadingly indented as if it is guarded by the 'if'
     for (i=0; i<9999999; i++); // delay loop
     ^~~
At top level:
../src/lab1.c:7:12: warning: 'iPinNumber' defined but not used [-Wunused-variable]
 static int iPinNumber = 7; /*Led LD9 on ZedBoard and LD4 on Zybo is connected to MIO pin 7*/
            ^~~~~~~~~~
../src/lab1.c: In function 'main':
../src/lab1.c:27:6: warning: 'xStatus' is used uninitialized in this function [-Wuninitialized]
    if(XST_SUCCESS != xStatus)
      ^
'Finished building: ../src/lab1.c'
' '
'Building target: Ctest.elf'
'Invoking: ARM v7 gcc linker'
arm-none-eabi-gcc -mcpu=cortex-a9 -mfpu=vfpv3 -mfloat-abi=hard -Wl,-build-id=none -specs=Xilinx.spec -Wl,-T -Wl,../src/lscript.ld -L../../standalone_bsp_0/ps7_cortexa9_0/lib -o "Ctest.elf"  ./src/lab1.o ./src/platform.o   -Wl,--start-group,-lxil,-lgcc,-lc,--end-group
'Finished building target: Ctest.elf'
' '
'Invoking: ARM v7 Print Size'
arm-none-eabi-size Ctest.elf  |tee "Ctest.elf.size"
   text	   data	    bss	    dec	    hex	filename
  23872	   1204	  22584	  47660	   ba2c	Ctest.elf
'Finished building: Ctest.elf.size'
' '
11:56:47 **** Auto Build of configuration Debug for project Ctest ****
make pre-build main-build 
a9-linaro-pre-build-step
' '
'Building file: ../src/lab1.c'
'Invoking: ARM v7 gcc compiler'
arm-none-eabi-gcc -Wall -O0 -g3 -c -fmessage-length=0 -MT"src/lab1.o" -mcpu=cortex-a9 -mfpu=vfpv3 -mfloat-abi=hard -I../../standalone_bsp_0/ps7_cortexa9_0/include -MMD -MP -MF"src/lab1.d" -MT"src/lab1.o" -o "src/lab1.o" "../src/lab1.c"
../src/lab1.c: In function 'main':
../src/lab1.c:36:11: warning: this 'if' clause does not guard... [-Wmisleading-indentation]
           if((sw_check & 0x0f)==0x0F)
           ^~
../src/lab1.c:38:5: note: ...this statement, but the latter is misleadingly indented as if it is guarded by the 'if'
     for (i=0; i<9999999; i++); // delay loop
     ^~~
../src/lab1.c:24:6: warning: 'xStatus' is used uninitialized in this function [-Wuninitialized]
    if(XST_SUCCESS != xStatus)
      ^
'Finished building: ../src/lab1.c'
' '
'Building target: Ctest.elf'
'Invoking: ARM v7 gcc linker'
arm-none-eabi-gcc -mcpu=cortex-a9 -mfpu=vfpv3 -mfloat-abi=hard -Wl,-build-id=none -specs=Xilinx.spec -Wl,-T -Wl,../src/lscript.ld -L../../standalone_bsp_0/ps7_cortexa9_0/lib -o "Ctest.elf"  ./src/lab1.o ./src/platform.o   -Wl,--start-group,-lxil,-lgcc,-lc,--end-group
'Finished building target: Ctest.elf'
' '
'Invoking: ARM v7 Print Size'
arm-none-eabi-size Ctest.elf  |tee "Ctest.elf.size"
   text	   data	    bss	    dec	    hex	filename
  23872	   1204	  22584	  47660	   ba2c	Ctest.elf
'Finished building: Ctest.elf.size'
' '
11:56:56 **** Incremental Build of configuration Debug for project Ctest ****
make pre-build main-build 
a9-linaro-pre-build-step
' '
make: Ingenting at gøre for 'main-build'.
11:59:45 **** Build of project freertos901_xilinx_bsp_0 ****
make -k all 
"Running Make include in ps7_cortexa9_0/libsrc/coresightps_dcc_v1_4/src"
make -C ps7_cortexa9_0/libsrc/coresightps_dcc_v1_4/src -s include  "SHELL=CMD" "COMPILER=arm-none-eabi-gcc" "ARCHIVER=arm-none-eabi-ar" "COMPILER_FLAGS=  -O2 -c" "EXTRA_COMPILER_FLAGS=-mcpu=cortex-a9 -mfpu=vfpv3 -mfloat-abi=hard -nostartfiles -Wall -Wextra"
"Running Make include in ps7_cortexa9_0/libsrc/cpu_cortexa9_v2_4/src"
make -C ps7_cortexa9_0/libsrc/cpu_cortexa9_v2_4/src -s include  "SHELL=CMD" "COMPILER=arm-none-eabi-gcc" "ARCHIVER=arm-none-eabi-ar" "COMPILER_FLAGS=  -O2 -c" "EXTRA_COMPILER_FLAGS=-mcpu=cortex-a9 -mfpu=vfpv3 -mfloat-abi=hard -nostartfiles -Wall -Wextra"
"Running Make include in ps7_cortexa9_0/libsrc/ddrps_v1_0/src"
make -C ps7_cortexa9_0/libsrc/ddrps_v1_0/src -s include  "SHELL=CMD" "COMPILER=arm-none-eabi-gcc" "ARCHIVER=arm-none-eabi-ar" "COMPILER_FLAGS=  -O2 -c" "EXTRA_COMPILER_FLAGS=-mcpu=cortex-a9 -mfpu=vfpv3 -mfloat-abi=hard -nostartfiles -Wall -Wextra"
"Running Make include in ps7_cortexa9_0/libsrc/devcfg_v3_4/src"
make -C ps7_cortexa9_0/libsrc/devcfg_v3_4/src -s include  "SHELL=CMD" "COMPILER=arm-none-eabi-gcc" "ARCHIVER=arm-none-eabi-ar" "COMPILER_FLAGS=  -O2 -c" "EXTRA_COMPILER_FLAGS=-mcpu=cortex-a9 -mfpu=vfpv3 -mfloat-abi=hard -nostartfiles -Wall -Wextra"
"Running Make include in ps7_cortexa9_0/libsrc/dmaps_v2_3/src"
make -C ps7_cortexa9_0/libsrc/dmaps_v2_3/src -s include  "SHELL=CMD" "COMPILER=arm-none-eabi-gcc" "ARCHIVER=arm-none-eabi-ar" "COMPILER_FLAGS=  -O2 -c" "EXTRA_COMPILER_FLAGS=-mcpu=cortex-a9 -mfpu=vfpv3 -mfloat-abi=hard -nostartfiles -Wall -Wextra"
"Running Make include in ps7_cortexa9_0/libsrc/freertos901_xilinx_v1_0/src"
make -C ps7_cortexa9_0/libsrc/freertos901_xilinx_v1_0/src -s include  "SHELL=CMD" "COMPILER=arm-none-eabi-gcc" "ARCHIVER=arm-none-eabi-ar" "COMPILER_FLAGS=  -O2 -c" "EXTRA_COMPILER_FLAGS=-mcpu=cortex-a9 -mfpu=vfpv3 -mfloat-abi=hard -nostartfiles -Wall -Wextra"
"include"
"Running Make include in ps7_cortexa9_0/libsrc/gpio_v4_3/src"
make -C ps7_cortexa9_0/libsrc/gpio_v4_3/src -s include  "SHELL=CMD" "COMPILER=arm-none-eabi-gcc" "ARCHIVER=arm-none-eabi-ar" "COMPILER_FLAGS=  -O2 -c" "EXTRA_COMPILER_FLAGS=-mcpu=cortex-a9 -mfpu=vfpv3 -mfloat-abi=hard -nostartfiles -Wall -Wextra"
"Running Make include in ps7_cortexa9_0/libsrc/qspips_v3_3/src"
make -C ps7_cortexa9_0/libsrc/qspips_v3_3/src -s include  "SHELL=CMD" "COMPILER=arm-none-eabi-gcc" "ARCHIVER=arm-none-eabi-ar" "COMPILER_FLAGS=  -O2 -c" "EXTRA_COMPILER_FLAGS=-mcpu=cortex-a9 -mfpu=vfpv3 -mfloat-abi=hard -nostartfiles -Wall -Wextra"
"Running Make include in ps7_cortexa9_0/libsrc/scugic_v3_7/src"
make -C ps7_cortexa9_0/libsrc/scugic_v3_7/src -s include  "SHELL=CMD" "COMPILER=arm-none-eabi-gcc" "ARCHIVER=arm-none-eabi-ar" "COMPILER_FLAGS=  -O2 -c" "EXTRA_COMPILER_FLAGS=-mcpu=cortex-a9 -mfpu=vfpv3 -mfloat-abi=hard -nostartfiles -Wall -Wextra"
"Running Make include in ps7_cortexa9_0/libsrc/scutimer_v2_1/src"
make -C ps7_cortexa9_0/libsrc/scutimer_v2_1/src -s include  "SHELL=CMD" "COMPILER=arm-none-eabi-gcc" "ARCHIVER=arm-none-eabi-ar" "COMPILER_FLAGS=  -O2 -c" "EXTRA_COMPILER_FLAGS=-mcpu=cortex-a9 -mfpu=vfpv3 -mfloat-abi=hard -nostartfiles -Wall -Wextra"
"Running Make include in ps7_cortexa9_0/libsrc/scuwdt_v2_1/src"
make -C ps7_cortexa9_0/libsrc/scuwdt_v2_1/src -s include  "SHELL=CMD" "COMPILER=arm-none-eabi-gcc" "ARCHIVER=arm-none-eabi-ar" "COMPILER_FLAGS=  -O2 -c" "EXTRA_COMPILER_FLAGS=-mcpu=cortex-a9 -mfpu=vfpv3 -mfloat-abi=hard -nostartfiles -Wall -Wextra"
"Running Make include in ps7_cortexa9_0/libsrc/uartps_v3_4/src"
make -C ps7_cortexa9_0/libsrc/uartps_v3_4/src -s include  "SHELL=CMD" "COMPILER=arm-none-eabi-gcc" "ARCHIVER=arm-none-eabi-ar" "COMPILER_FLAGS=  -O2 -c" "EXTRA_COMPILER_FLAGS=-mcpu=cortex-a9 -mfpu=vfpv3 -mfloat-abi=hard -nostartfiles -Wall -Wextra"
"Running Make include in ps7_cortexa9_0/libsrc/xadcps_v2_2/src"
make -C ps7_cortexa9_0/libsrc/xadcps_v2_2/src -s include  "SHELL=CMD" "COMPILER=arm-none-eabi-gcc" "ARCHIVER=arm-none-eabi-ar" "COMPILER_FLAGS=  -O2 -c" "EXTRA_COMPILER_FLAGS=-mcpu=cortex-a9 -mfpu=vfpv3 -mfloat-abi=hard -nostartfiles -Wall -Wextra"
"Running Make libs in ps7_cortexa9_0/libsrc/coresightps_dcc_v1_4/src"
make -C ps7_cortexa9_0/libsrc/coresightps_dcc_v1_4/src -s libs  "SHELL=CMD" "COMPILER=arm-none-eabi-gcc" "ARCHIVER=arm-none-eabi-ar" "COMPILER_FLAGS=  -O2 -c" "EXTRA_COMPILER_FLAGS=-mcpu=cortex-a9 -mfpu=vfpv3 -mfloat-abi=hard -nostartfiles -Wall -Wextra"
"Compiling coresightps_dcc"
arm-none-eabi-ar: creating ../../../lib/libxil.a
"Running Make libs in ps7_cortexa9_0/libsrc/cpu_cortexa9_v2_4/src"
make -C ps7_cortexa9_0/libsrc/cpu_cortexa9_v2_4/src -s libs  "SHELL=CMD" "COMPILER=arm-none-eabi-gcc" "ARCHIVER=arm-none-eabi-ar" "COMPILER_FLAGS=  -O2 -c" "EXTRA_COMPILER_FLAGS=-mcpu=cortex-a9 -mfpu=vfpv3 -mfloat-abi=hard -nostartfiles -Wall -Wextra"
"Compiling cpu_cortexa9"
"Running Make libs in ps7_cortexa9_0/libsrc/ddrps_v1_0/src"
make -C ps7_cortexa9_0/libsrc/ddrps_v1_0/src -s libs  "SHELL=CMD" "COMPILER=arm-none-eabi-gcc" "ARCHIVER=arm-none-eabi-ar" "COMPILER_FLAGS=  -O2 -c" "EXTRA_COMPILER_FLAGS=-mcpu=cortex-a9 -mfpu=vfpv3 -mfloat-abi=hard -nostartfiles -Wall -Wextra"
"Compiling ddrps"
"Running Make libs in ps7_cortexa9_0/libsrc/devcfg_v3_4/src"
make -C ps7_cortexa9_0/libsrc/devcfg_v3_4/src -s libs  "SHELL=CMD" "COMPILER=arm-none-eabi-gcc" "ARCHIVER=arm-none-eabi-ar" "COMPILER_FLAGS=  -O2 -c" "EXTRA_COMPILER_FLAGS=-mcpu=cortex-a9 -mfpu=vfpv3 -mfloat-abi=hard -nostartfiles -Wall -Wextra"
"Compiling devcfg"
"Running Make libs in ps7_cortexa9_0/libsrc/dmaps_v2_3/src"
make -C ps7_cortexa9_0/libsrc/dmaps_v2_3/src -s libs  "SHELL=CMD" "COMPILER=arm-none-eabi-gcc" "ARCHIVER=arm-none-eabi-ar" "COMPILER_FLAGS=  -O2 -c" "EXTRA_COMPILER_FLAGS=-mcpu=cortex-a9 -mfpu=vfpv3 -mfloat-abi=hard -nostartfiles -Wall -Wextra"
"Compiling dmaps"
"Running Make libs in ps7_cortexa9_0/libsrc/freertos901_xilinx_v1_0/src"
make -C ps7_cortexa9_0/libsrc/freertos901_xilinx_v1_0/src -s libs  "SHELL=CMD" "COMPILER=arm-none-eabi-gcc" "ARCHIVER=arm-none-eabi-ar" "COMPILER_FLAGS=  -O2 -c" "EXTRA_COMPILER_FLAGS=-mcpu=cortex-a9 -mfpu=vfpv3 -mfloat-abi=hard -nostartfiles -Wall -Wextra"
"Compiling standalone"
"Compiling FreeRTOS"
arm-none-eabi-ar: creating ../../../lib/libfreertos.a
"Running Make libs in ps7_cortexa9_0/libsrc/gpio_v4_3/src"
make -C ps7_cortexa9_0/libsrc/gpio_v4_3/src -s libs  "SHELL=CMD" "COMPILER=arm-none-eabi-gcc" "ARCHIVER=arm-none-eabi-ar" "COMPILER_FLAGS=  -O2 -c" "EXTRA_COMPILER_FLAGS=-mcpu=cortex-a9 -mfpu=vfpv3 -mfloat-abi=hard -nostartfiles -Wall -Wextra"
"Compiling gpio"
"Running Make libs in ps7_cortexa9_0/libsrc/qspips_v3_3/src"
make -C ps7_cortexa9_0/libsrc/qspips_v3_3/src -s libs  "SHELL=CMD" "COMPILER=arm-none-eabi-gcc" "ARCHIVER=arm-none-eabi-ar" "COMPILER_FLAGS=  -O2 -c" "EXTRA_COMPILER_FLAGS=-mcpu=cortex-a9 -mfpu=vfpv3 -mfloat-abi=hard -nostartfiles -Wall -Wextra"
"Compiling qspips"
"Running Make libs in ps7_cortexa9_0/libsrc/scugic_v3_7/src"
make -C ps7_cortexa9_0/libsrc/scugic_v3_7/src -s libs  "SHELL=CMD" "COMPILER=arm-none-eabi-gcc" "ARCHIVER=arm-none-eabi-ar" "COMPILER_FLAGS=  -O2 -c" "EXTRA_COMPILER_FLAGS=-mcpu=cortex-a9 -mfpu=vfpv3 -mfloat-abi=hard -nostartfiles -Wall -Wextra"
"Compiling scugic"
xscugic_g.c:53:2: warning: missing initializer for field 'HandlerTable' of 'XScuGic_Config {aka struct <anonymous>}' [-Wmissing-field-initializers]
  }
  ^
In file included from xscugic_g.c:41:0:
xscugic.h:218:27: note: 'HandlerTable' declared here
  XScuGic_VectorTableEntry HandlerTable[XSCUGIC_MAX_NUM_INTR_INPUTS];/**<
                           ^~~~~~~~~~~~
"Running Make libs in ps7_cortexa9_0/libsrc/scutimer_v2_1/src"
make -C ps7_cortexa9_0/libsrc/scutimer_v2_1/src -s libs  "SHELL=CMD" "COMPILER=arm-none-eabi-gcc" "ARCHIVER=arm-none-eabi-ar" "COMPILER_FLAGS=  -O2 -c" "EXTRA_COMPILER_FLAGS=-mcpu=cortex-a9 -mfpu=vfpv3 -mfloat-abi=hard -nostartfiles -Wall -Wextra"
"Compiling scutimer"
"Running Make libs in ps7_cortexa9_0/libsrc/scuwdt_v2_1/src"
make -C ps7_cortexa9_0/libsrc/scuwdt_v2_1/src -s libs  "SHELL=CMD" "COMPILER=arm-none-eabi-gcc" "ARCHIVER=arm-none-eabi-ar" "COMPILER_FLAGS=  -O2 -c" "EXTRA_COMPILER_FLAGS=-mcpu=cortex-a9 -mfpu=vfpv3 -mfloat-abi=hard -nostartfiles -Wall -Wextra"
"Compiling scuwdt"
"Running Make libs in ps7_cortexa9_0/libsrc/uartps_v3_4/src"
make -C ps7_cortexa9_0/libsrc/uartps_v3_4/src -s libs  "SHELL=CMD" "COMPILER=arm-none-eabi-gcc" "ARCHIVER=arm-none-eabi-ar" "COMPILER_FLAGS=  -O2 -c" "EXTRA_COMPILER_FLAGS=-mcpu=cortex-a9 -mfpu=vfpv3 -mfloat-abi=hard -nostartfiles -Wall -Wextra"
"Compiling uartps"
"Running Make libs in ps7_cortexa9_0/libsrc/xadcps_v2_2/src"
make -C ps7_cortexa9_0/libsrc/xadcps_v2_2/src -s libs  "SHELL=CMD" "COMPILER=arm-none-eabi-gcc" "ARCHIVER=arm-none-eabi-ar" "COMPILER_FLAGS=  -O2 -c" "EXTRA_COMPILER_FLAGS=-mcpu=cortex-a9 -mfpu=vfpv3 -mfloat-abi=hard -nostartfiles -Wall -Wextra"
"Compiling xadcps"
'Finished building libraries'
12:04:32 **** Build of configuration Debug for project CppTestRtos ****
make pre-build main-build 
a9-linaro-pre-build-step
' '
'Building file: ../src/main.cc'
'Invoking: ARM v7 g++ compiler'
arm-none-eabi-g++ -Wall -O0 -g3 -c -fmessage-length=0 -MT"src/main.o" -mcpu=cortex-a9 -mfpu=vfpv3 -mfloat-abi=hard -I../../freertos901_xilinx_bsp_0/ps7_cortexa9_0/include -MMD -MP -MF"src/main.d" -MT"src/main.o" -o "src/main.o" "../src/main.cc"
'Finished building: ../src/main.cc'
' '
'Building target: CppTestRtos.elf'
'Invoking: ARM v7 g++ linker'
arm-none-eabi-g++ -mcpu=cortex-a9 -mfpu=vfpv3 -mfloat-abi=hard -Wl,-build-id=none -specs=Xilinx.spec -Wl,-T -Wl,../src/lscript.ld -L../../freertos901_xilinx_bsp_0/ps7_cortexa9_0/lib -o "CppTestRtos.elf"  ./src/main.o   -Wl,--start-group,-lxil,-lfreertos,-lgcc,-lc,-lstdc++,--end-group
'Finished building target: CppTestRtos.elf'
' '
'Invoking: ARM v7 Print Size'
arm-none-eabi-size CppTestRtos.elf  |tee "CppTestRtos.elf.size"
   text	   data	    bss	    dec	    hex	filename
  89212	   4172	  89408	 182792	  2ca08	CppTestRtos.elf
'Finished building: CppTestRtos.elf.size'
' '
12:05:28 **** Clean-only build of configuration Debug for project CppTestRtos ****
make clean 
rm -rf  ./src/main.d  ./src/main.o  CppTestRtos.elf.size  CppTestRtos.elf
' '
12:05:29 **** Auto Build of configuration Debug for project CppTestRtos ****
make pre-build main-build 
a9-linaro-pre-build-step
' '
'Building file: ../src/os/Mutex.cpp'
'Invoking: ARM v7 g++ compiler'
arm-none-eabi-g++ -Wall -O0 -g3 -c -fmessage-length=0 -MT"src/os/Mutex.o" -mcpu=cortex-a9 -mfpu=vfpv3 -mfloat-abi=hard -I../../freertos901_xilinx_bsp_0/ps7_cortexa9_0/include -MMD -MP -MF"src/os/Mutex.d" -MT"src/os/Mutex.o" -o "src/os/Mutex.o" "../src/os/Mutex.cpp"
'Finished building: ../src/os/Mutex.cpp'
' '
'Building file: ../src/os/Semaphore.cpp'
'Invoking: ARM v7 g++ compiler'
arm-none-eabi-g++ -Wall -O0 -g3 -c -fmessage-length=0 -MT"src/os/Semaphore.o" -mcpu=cortex-a9 -mfpu=vfpv3 -mfloat-abi=hard -I../../freertos901_xilinx_bsp_0/ps7_cortexa9_0/include -MMD -MP -MF"src/os/Semaphore.d" -MT"src/os/Semaphore.o" -o "src/os/Semaphore.o" "../src/os/Semaphore.cpp"
'Finished building: ../src/os/Semaphore.cpp'
' '
'Building file: ../src/os/Thread.cpp'
'Invoking: ARM v7 g++ compiler'
arm-none-eabi-g++ -Wall -O0 -g3 -c -fmessage-length=0 -MT"src/os/Thread.o" -mcpu=cortex-a9 -mfpu=vfpv3 -mfloat-abi=hard -I../../freertos901_xilinx_bsp_0/ps7_cortexa9_0/include -MMD -MP -MF"src/os/Thread.d" -MT"src/os/Thread.o" -o "src/os/Thread.o" "../src/os/Thread.cpp"
'Finished building: ../src/os/Thread.cpp'
' '
'Building file: ../src/main.cpp'
'Invoking: ARM v7 g++ compiler'
arm-none-eabi-g++ -Wall -O0 -g3 -c -fmessage-length=0 -MT"src/main.o" -mcpu=cortex-a9 -mfpu=vfpv3 -mfloat-abi=hard -I../../freertos901_xilinx_bsp_0/ps7_cortexa9_0/include -MMD -MP -MF"src/main.d" -MT"src/main.o" -o "src/main.o" "../src/main.cpp"
In file included from ../src/main.cpp:11:0:
../src/UserThread.h:11:20: fatal error: Thread.h: No such file or directory
 #include "Thread.h"
                    ^
compilation terminated.
make: *** [src/main.o] Fejl 1
12:06:26 **** Clean-only build of configuration Debug for project CppTestRtos ****
make clean 
rm -rf  ./src/os/Mutex.o ./src/os/Semaphore.o ./src/os/Thread.o  ./src/main.o  ./src/os/Mutex.d ./src/os/Semaphore.d ./src/os/Thread.d  ./src/main.d  CppTestRtos.elf.size  CppTestRtos.elf
' '
12:06:27 **** Auto Build of configuration Debug for project CppTestRtos ****
make pre-build main-build 
a9-linaro-pre-build-step
' '
'Building file: ../src/os/Mutex.cpp'
'Invoking: ARM v7 g++ compiler'
arm-none-eabi-g++ -Wall -O0 -g3 -I"C:\XilinxProjects\lab1\lab1.sdk\CppTestRtos\src\os" -c -fmessage-length=0 -MT"src/os/Mutex.o" -mcpu=cortex-a9 -mfpu=vfpv3 -mfloat-abi=hard -I../../freertos901_xilinx_bsp_0/ps7_cortexa9_0/include -MMD -MP -MF"src/os/Mutex.d" -MT"src/os/Mutex.o" -o "src/os/Mutex.o" "../src/os/Mutex.cpp"
'Finished building: ../src/os/Mutex.cpp'
' '
'Building file: ../src/os/Semaphore.cpp'
'Invoking: ARM v7 g++ compiler'
arm-none-eabi-g++ -Wall -O0 -g3 -I"C:\XilinxProjects\lab1\lab1.sdk\CppTestRtos\src\os" -c -fmessage-length=0 -MT"src/os/Semaphore.o" -mcpu=cortex-a9 -mfpu=vfpv3 -mfloat-abi=hard -I../../freertos901_xilinx_bsp_0/ps7_cortexa9_0/include -MMD -MP -MF"src/os/Semaphore.d" -MT"src/os/Semaphore.o" -o "src/os/Semaphore.o" "../src/os/Semaphore.cpp"
'Finished building: ../src/os/Semaphore.cpp'
' '
'Building file: ../src/os/Thread.cpp'
'Invoking: ARM v7 g++ compiler'
arm-none-eabi-g++ -Wall -O0 -g3 -I"C:\XilinxProjects\lab1\lab1.sdk\CppTestRtos\src\os" -c -fmessage-length=0 -MT"src/os/Thread.o" -mcpu=cortex-a9 -mfpu=vfpv3 -mfloat-abi=hard -I../../freertos901_xilinx_bsp_0/ps7_cortexa9_0/include -MMD -MP -MF"src/os/Thread.d" -MT"src/os/Thread.o" -o "src/os/Thread.o" "../src/os/Thread.cpp"
'Finished building: ../src/os/Thread.cpp'
' '
'Building file: ../src/main.cpp'
'Invoking: ARM v7 g++ compiler'
arm-none-eabi-g++ -Wall -O0 -g3 -I"C:\XilinxProjects\lab1\lab1.sdk\CppTestRtos\src\os" -c -fmessage-length=0 -MT"src/main.o" -mcpu=cortex-a9 -mfpu=vfpv3 -mfloat-abi=hard -I../../freertos901_xilinx_bsp_0/ps7_cortexa9_0/include -MMD -MP -MF"src/main.d" -MT"src/main.o" -o "src/main.o" "../src/main.cpp"
'Finished building: ../src/main.cpp'
' '
'Building target: CppTestRtos.elf'
'Invoking: ARM v7 g++ linker'
arm-none-eabi-g++ -mcpu=cortex-a9 -mfpu=vfpv3 -mfloat-abi=hard -Wl,-build-id=none -specs=Xilinx.spec -Wl,-T -Wl,../src/lscript.ld -L../../freertos901_xilinx_bsp_0/ps7_cortexa9_0/lib -o "CppTestRtos.elf"  ./src/os/Mutex.o ./src/os/Semaphore.o ./src/os/Thread.o  ./src/main.o   -Wl,--start-group,-lxil,-lfreertos,-lgcc,-lc,-lstdc++,--end-group
'Finished building target: CppTestRtos.elf'
' '
'Invoking: ARM v7 Print Size'
arm-none-eabi-size CppTestRtos.elf  |tee "CppTestRtos.elf.size"
   text	   data	    bss	    dec	    hex	filename
 755362	   4420	  94016	 853798	  d0726	CppTestRtos.elf
'Finished building: CppTestRtos.elf.size'
' '
12:06:40 **** Clean-only build of configuration Debug for project CppTestRtos ****
make clean 
rm -rf  ./src/os/Mutex.o ./src/os/Semaphore.o ./src/os/Thread.o  ./src/main.o  ./src/os/Mutex.d ./src/os/Semaphore.d ./src/os/Thread.d  ./src/main.d  CppTestRtos.elf.size  CppTestRtos.elf
' '
12:06:40 **** Auto Build of configuration Debug for project CppTestRtos ****
make pre-build main-build 
a9-linaro-pre-build-step
' '
'Building file: ../src/os/Mutex.cpp'
'Invoking: ARM v7 g++ compiler'
arm-none-eabi-g++ -Wall -O0 -g3 -I"C:\XilinxProjects\lab1\lab1.sdk\CppTestRtos\src\os" -c -fmessage-length=0 -MT"src/os/Mutex.o" -mcpu=cortex-a9 -mfpu=vfpv3 -mfloat-abi=hard -I../../freertos901_xilinx_bsp_0/ps7_cortexa9_0/include -MMD -MP -MF"src/os/Mutex.d" -MT"src/os/Mutex.o" -o "src/os/Mutex.o" "../src/os/Mutex.cpp"
'Finished building: ../src/os/Mutex.cpp'
' '
'Building file: ../src/os/Semaphore.cpp'
'Invoking: ARM v7 g++ compiler'
arm-none-eabi-g++ -Wall -O0 -g3 -I"C:\XilinxProjects\lab1\lab1.sdk\CppTestRtos\src\os" -c -fmessage-length=0 -MT"src/os/Semaphore.o" -mcpu=cortex-a9 -mfpu=vfpv3 -mfloat-abi=hard -I../../freertos901_xilinx_bsp_0/ps7_cortexa9_0/include -MMD -MP -MF"src/os/Semaphore.d" -MT"src/os/Semaphore.o" -o "src/os/Semaphore.o" "../src/os/Semaphore.cpp"
'Finished building: ../src/os/Semaphore.cpp'
' '
'Building file: ../src/os/Thread.cpp'
'Invoking: ARM v7 g++ compiler'
arm-none-eabi-g++ -Wall -O0 -g3 -I"C:\XilinxProjects\lab1\lab1.sdk\CppTestRtos\src\os" -c -fmessage-length=0 -MT"src/os/Thread.o" -mcpu=cortex-a9 -mfpu=vfpv3 -mfloat-abi=hard -I../../freertos901_xilinx_bsp_0/ps7_cortexa9_0/include -MMD -MP -MF"src/os/Thread.d" -MT"src/os/Thread.o" -o "src/os/Thread.o" "../src/os/Thread.cpp"
'Finished building: ../src/os/Thread.cpp'
' '
'Building file: ../src/main.cpp'
'Invoking: ARM v7 g++ compiler'
arm-none-eabi-g++ -Wall -O0 -g3 -I"C:\XilinxProjects\lab1\lab1.sdk\CppTestRtos\src\os" -c -fmessage-length=0 -MT"src/main.o" -mcpu=cortex-a9 -mfpu=vfpv3 -mfloat-abi=hard -I../../freertos901_xilinx_bsp_0/ps7_cortexa9_0/include -MMD -MP -MF"src/main.d" -MT"src/main.o" -o "src/main.o" "../src/main.cpp"
'Finished building: ../src/main.cpp'
' '
'Building target: CppTestRtos.elf'
'Invoking: ARM v7 g++ linker'
arm-none-eabi-g++ -mcpu=cortex-a9 -mfpu=vfpv3 -mfloat-abi=hard -Wl,-build-id=none -specs=Xilinx.spec -Wl,-T -Wl,../src/lscript.ld -L../../freertos901_xilinx_bsp_0/ps7_cortexa9_0/lib -o "CppTestRtos.elf"  ./src/os/Mutex.o ./src/os/Semaphore.o ./src/os/Thread.o  ./src/main.o   -Wl,--start-group,-lxil,-lfreertos,-lgcc,-lc,-lstdc++,--end-group
'Finished building target: CppTestRtos.elf'
' '
'Invoking: ARM v7 Print Size'
arm-none-eabi-size CppTestRtos.elf  |tee "CppTestRtos.elf.size"
   text	   data	    bss	    dec	    hex	filename
 755362	   4420	  94016	 853798	  d0726	CppTestRtos.elf
'Finished building: CppTestRtos.elf.size'
' '
12:07:34 **** Incremental Build of configuration Debug for project CppTestRtos ****
make pre-build main-build 
a9-linaro-pre-build-step
' '
make: Ingenting at gøre for 'main-build'.
12:07:36 **** Incremental Build of configuration Debug for project Ctest ****
make pre-build main-build 
a9-linaro-pre-build-step
' '
make: Ingenting at gøre for 'main-build'.
12:08:05 **** Incremental Build of configuration Debug for project CppTestRtos ****
make pre-build main-build 
a9-linaro-pre-build-step
' '
make: Ingenting at gøre for 'main-build'.
12:08:07 **** Incremental Build of configuration Debug for project Ctest ****
make pre-build main-build 
a9-linaro-pre-build-step
' '
make: Ingenting at gøre for 'main-build'.
10:29:45 **** Incremental Build of configuration Debug for project CppTestRtos ****
make pre-build main-build 
a9-linaro-pre-build-step
' '
make: Ingenting at gøre for 'main-build'.
10:29:47 **** Incremental Build of configuration Debug for project Ctest ****
make pre-build main-build 
a9-linaro-pre-build-step
' '
make: Ingenting at gøre for 'main-build'.
10:30:25 **** Incremental Build of configuration Debug for project CppTestRtos ****
make pre-build main-build 
a9-linaro-pre-build-step
' '
make: Ingenting at gøre for 'main-build'.
10:30:27 **** Incremental Build of configuration Debug for project Ctest ****
make pre-build main-build 
a9-linaro-pre-build-step
' '
make: Ingenting at gøre for 'main-build'.
10:31:19 **** Incremental Build of configuration Debug for project CppTestRtos ****
make pre-build main-build 
a9-linaro-pre-build-step
' '
make: Ingenting at gøre for 'main-build'.
10:31:21 **** Incremental Build of configuration Debug for project Ctest ****
make pre-build main-build 
a9-linaro-pre-build-step
' '
make: Ingenting at gøre for 'main-build'.
10:33:05 **** Incremental Build of configuration Debug for project CppTestRtos ****
make pre-build main-build 
a9-linaro-pre-build-step
' '
make: Ingenting at gøre for 'main-build'.
10:33:07 **** Incremental Build of configuration Debug for project Ctest ****
make pre-build main-build 
a9-linaro-pre-build-step
' '
make: Ingenting at gøre for 'main-build'.
11:35:01 **** Incremental Build of configuration Debug for project CppTestRtos ****
make pre-build main-build 
a9-linaro-pre-build-step
' '
make: Ingenting at gøre for 'main-build'.
11:35:03 **** Incremental Build of configuration Debug for project Ctest ****
make pre-build main-build 
a9-linaro-pre-build-step
' '
make: Ingenting at gøre for 'main-build'.
11:35:22 **** Incremental Build of configuration Debug for project CppTestRtos ****
make pre-build main-build 
a9-linaro-pre-build-step
' '
make: Ingenting at gøre for 'main-build'.
11:37:11 **** Incremental Build of configuration Debug for project CppTestRtos ****
make pre-build main-build 
a9-linaro-pre-build-step
' '
make: Ingenting at gøre for 'main-build'.
19:07:27 **** Incremental Build of configuration Debug for project CppTestRtos ****
make pre-build main-build 
a9-linaro-pre-build-step
' '
'Building file: ../src/main.cpp'
'Invoking: ARM v7 g++ compiler'
arm-none-eabi-g++ -Wall -O0 -g3 -I"C:\Users\Entvex\Desktop\Assignment3_HW\lab1\lab1.sdk\CppTestRtos\src\os" -c -fmessage-length=0 -MT"src/main.o" -mcpu=cortex-a9 -mfpu=vfpv3 -mfloat-abi=hard -I../../freertos901_xilinx_bsp_0/ps7_cortexa9_0/include -MMD -MP -MF"src/main.d" -MT"src/main.o" -o "src/main.o" "../src/main.cpp"
'Finished building: ../src/main.cpp'
' '
'Building target: CppTestRtos.elf'
'Invoking: ARM v7 g++ linker'
arm-none-eabi-g++ -mcpu=cortex-a9 -mfpu=vfpv3 -mfloat-abi=hard -Wl,-build-id=none -specs=Xilinx.spec -Wl,-T -Wl,../src/lscript.ld -L../../freertos901_xilinx_bsp_0/ps7_cortexa9_0/lib -o "CppTestRtos.elf"  ./src/os/Mutex.o ./src/os/Semaphore.o ./src/os/Thread.o  ./src/main.o   -Wl,--start-group,-lxil,-lfreertos,-lgcc,-lc,-lstdc++,--end-group
'Finished building target: CppTestRtos.elf'
' '
'Invoking: ARM v7 Print Size'
arm-none-eabi-size CppTestRtos.elf  |tee "CppTestRtos.elf.size"
   text	   data	    bss	    dec	    hex	filename
 755362	   4420	  94016	 853798	  d0726	CppTestRtos.elf
'Finished building: CppTestRtos.elf.size'
' '
19:07:54 **** Incremental Build of configuration Debug for project Ctest ****
make pre-build main-build 
a9-linaro-pre-build-step
' '
make: Nothing to be done for `main-build'.
19:16:42 **** Auto Build of configuration Debug for project CppTestRtos ****
make pre-build main-build 
a9-linaro-pre-build-step
' '
'Building file: ../src/Configuration.cpp'
'Invoking: ARM v7 g++ compiler'
arm-none-eabi-g++ -Wall -O0 -g3 -I"C:\Users\Entvex\Desktop\Assignment3_HW\lab1\lab1.sdk\CppTestRtos\src\os" -c -fmessage-length=0 -MT"src/Configuration.o" -mcpu=cortex-a9 -mfpu=vfpv3 -mfloat-abi=hard -I../../freertos901_xilinx_bsp_0/ps7_cortexa9_0/include -MMD -MP -MF"src/Configuration.d" -MT"src/Configuration.o" -o "src/Configuration.o" "../src/Configuration.cpp"
In file included from ../src/OperatingState.h:2:0,
                 from ../src/Configuration.h:2,
                 from ../src/Configuration.cpp:1:
../src/Operational.h:29:20: error: 'OperatingState' has not been declared
  void change_state(OperatingState*);
                    ^~~~~~~~~~~~~~
../src/Operational.h:30:2: error: 'OperatingState' does not name a type
  OperatingState* _state;
  ^~~~~~~~~~~~~~
make: *** [src/Configuration.o] Error 1
19:17:34 **** Incremental Build of configuration Debug for project CppTestRtos ****
make pre-build main-build 
a9-linaro-pre-build-step
' '
'Building file: ../src/Configuration.cpp'
'Invoking: ARM v7 g++ compiler'
arm-none-eabi-g++ -Wall -O0 -g3 -I"C:\Users\Entvex\Desktop\Assignment3_HW\lab1\lab1.sdk\CppTestRtos\src\os" -c -fmessage-length=0 -MT"src/Configuration.o" -mcpu=cortex-a9 -mfpu=vfpv3 -mfloat-abi=hard -I../../freertos901_xilinx_bsp_0/ps7_cortexa9_0/include -MMD -MP -MF"src/Configuration.d" -MT"src/Configuration.o" -o "src/Configuration.o" "../src/Configuration.cpp"
In file included from ../src/OperatingState.h:2:0,
                 from ../src/Configuration.h:2,
                 from ../src/Configuration.cpp:1:
../src/Operational.h:29:20: error: 'OperatingState' has not been declared
  void change_state(OperatingState*);
                    ^~~~~~~~~~~~~~
../src/Operational.h:30:2: error: 'OperatingState' does not name a type
  OperatingState* _state;
  ^~~~~~~~~~~~~~
make: *** [src/Configuration.o] Error 1
19:17:40 **** Incremental Build of configuration Debug for project Ctest ****
make pre-build main-build 
a9-linaro-pre-build-step
' '
make: Nothing to be done for `main-build'.
19:18:57 **** Auto Build of configuration Debug for project CppTestRtos ****
make pre-build main-build 
a9-linaro-pre-build-step
' '
'Building file: ../src/Configuration.cpp'
'Invoking: ARM v7 g++ compiler'
arm-none-eabi-g++ -Wall -O0 -g3 -I"C:\Users\Entvex\Desktop\Assignment3_HW\lab1\lab1.sdk\CppTestRtos\src\os" -c -fmessage-length=0 -MT"src/Configuration.o" -mcpu=cortex-a9 -mfpu=vfpv3 -mfloat-abi=hard -I../../freertos901_xilinx_bsp_0/ps7_cortexa9_0/include -MMD -MP -MF"src/Configuration.d" -MT"src/Configuration.o" -o "src/Configuration.o" "../src/Configuration.cpp"
In file included from ../src/OperatingState.h:2:0,
                 from ../src/Configuration.h:2,
                 from ../src/Configuration.cpp:1:
../src/Operational.h:29:20: error: 'OperatingState' has not been declared
  void change_state(OperatingState* operatingState);
                    ^~~~~~~~~~~~~~
../src/Operational.h:30:2: error: 'OperatingState' does not name a type
  OperatingState* _state;
  ^~~~~~~~~~~~~~
make: *** [src/Configuration.o] Error 1
19:19:06 **** Incremental Build of configuration Debug for project CppTestRtos ****
make pre-build main-build 
a9-linaro-pre-build-step
' '
'Building file: ../src/Configuration.cpp'
'Invoking: ARM v7 g++ compiler'
arm-none-eabi-g++ -Wall -O0 -g3 -I"C:\Users\Entvex\Desktop\Assignment3_HW\lab1\lab1.sdk\CppTestRtos\src\os" -c -fmessage-length=0 -MT"src/Configuration.o" -mcpu=cortex-a9 -mfpu=vfpv3 -mfloat-abi=hard -I../../freertos901_xilinx_bsp_0/ps7_cortexa9_0/include -MMD -MP -MF"src/Configuration.d" -MT"src/Configuration.o" -o "src/Configuration.o" "../src/Configuration.cpp"
In file included from ../src/OperatingState.h:2:0,
                 from ../src/Configuration.h:2,
                 from ../src/Configuration.cpp:1:
../src/Operational.h:29:20: error: 'OperatingState' has not been declared
  void change_state(OperatingState* operatingState);
                    ^~~~~~~~~~~~~~
../src/Operational.h:30:2: error: 'OperatingState' does not name a type
  OperatingState* _state;
  ^~~~~~~~~~~~~~
make: *** [src/Configuration.o] Error 1
19:19:12 **** Incremental Build of configuration Debug for project Ctest ****
make pre-build main-build 
a9-linaro-pre-build-step
' '
make: Nothing to be done for `main-build'.
19:20:02 **** Auto Build of configuration Debug for project CppTestRtos ****
make pre-build main-build 
a9-linaro-pre-build-step
' '
'Building file: ../src/Configuration.cpp'
'Invoking: ARM v7 g++ compiler'
arm-none-eabi-g++ -Wall -O0 -g3 -I"C:\Users\Entvex\Desktop\Assignment3_HW\lab1\lab1.sdk\CppTestRtos\src\os" -c -fmessage-length=0 -MT"src/Configuration.o" -mcpu=cortex-a9 -mfpu=vfpv3 -mfloat-abi=hard -I../../freertos901_xilinx_bsp_0/ps7_cortexa9_0/include -MMD -MP -MF"src/Configuration.d" -MT"src/Configuration.o" -o "src/Configuration.o" "../src/Configuration.cpp"
In file included from ../src/OperatingState.h:2:0,
                 from ../src/Configuration.h:2,
                 from ../src/Configuration.cpp:1:
../src/Operational.h:29:20: error: 'OperatingState' has not been declared
  void change_state(OperatingState* operatingState);
                    ^~~~~~~~~~~~~~
../src/Operational.h:30:2: error: 'OperatingState' does not name a type
  OperatingState* _state;
  ^~~~~~~~~~~~~~
make: *** [src/Configuration.o] Error 1
19:21:46 **** Auto Build of configuration Debug for project CppTestRtos ****
make pre-build main-build 
a9-linaro-pre-build-step
' '
'Building file: ../src/Configuration.cpp'
'Invoking: ARM v7 g++ compiler'
arm-none-eabi-g++ -Wall -O0 -g3 -I"C:\Users\Entvex\Desktop\Assignment3_HW\lab1\lab1.sdk\CppTestRtos\src\os" -c -fmessage-length=0 -MT"src/Configuration.o" -mcpu=cortex-a9 -mfpu=vfpv3 -mfloat-abi=hard -I../../freertos901_xilinx_bsp_0/ps7_cortexa9_0/include -MMD -MP -MF"src/Configuration.d" -MT"src/Configuration.o" -o "src/Configuration.o" "../src/Configuration.cpp"
In file included from ../src/OperatingState.h:2:0,
                 from ../src/Configuration.h:2,
                 from ../src/Configuration.cpp:1:
../src/Operational.h:5:17: error: 'OperatingState' is not a namespace-name
 using namespace OperatingState;
                 ^~~~~~~~~~~~~~
../src/Operational.h:5:31: error: expected namespace-name before ';' token
 using namespace OperatingState;
                               ^
../src/Operational.h:31:20: error: 'OperatingState' has not been declared
  void change_state(OperatingState* operatingState);
                    ^~~~~~~~~~~~~~
../src/Operational.h:32:2: error: 'OperatingState' does not name a type
  OperatingState* _state;
  ^~~~~~~~~~~~~~
make: *** [src/Configuration.o] Error 1
19:22:05 **** Auto Build of configuration Debug for project CppTestRtos ****
make pre-build main-build 
a9-linaro-pre-build-step
' '
'Building file: ../src/Configuration.cpp'
'Invoking: ARM v7 g++ compiler'
arm-none-eabi-g++ -Wall -O0 -g3 -I"C:\Users\Entvex\Desktop\Assignment3_HW\lab1\lab1.sdk\CppTestRtos\src\os" -c -fmessage-length=0 -MT"src/Configuration.o" -mcpu=cortex-a9 -mfpu=vfpv3 -mfloat-abi=hard -I../../freertos901_xilinx_bsp_0/ps7_cortexa9_0/include -MMD -MP -MF"src/Configuration.d" -MT"src/Configuration.o" -o "src/Configuration.o" "../src/Configuration.cpp"
In file included from ../src/OperatingState.h:2:0,
                 from ../src/Configuration.h:2,
                 from ../src/Configuration.cpp:1:
../src/Operational.h:29:20: error: 'OperatingState' has not been declared
  void change_state(OperatingState* operatingState);
                    ^~~~~~~~~~~~~~
../src/Operational.h:30:2: error: 'OperatingState' does not name a type
  OperatingState* _state;
  ^~~~~~~~~~~~~~
make: *** [src/Configuration.o] Error 1
19:22:30 **** Auto Build of configuration Debug for project CppTestRtos ****
make pre-build main-build 
a9-linaro-pre-build-step
' '
'Building file: ../src/Configuration.cpp'
'Invoking: ARM v7 g++ compiler'
arm-none-eabi-g++ -Wall -O0 -g3 -I"C:\Users\Entvex\Desktop\Assignment3_HW\lab1\lab1.sdk\CppTestRtos\src\os" -c -fmessage-length=0 -MT"src/Configuration.o" -mcpu=cortex-a9 -mfpu=vfpv3 -mfloat-abi=hard -I../../freertos901_xilinx_bsp_0/ps7_cortexa9_0/include -MMD -MP -MF"src/Configuration.d" -MT"src/Configuration.o" -o "src/Configuration.o" "../src/Configuration.cpp"
In file included from ../src/OperatingState.h:2:0,
                 from ../src/Configuration.h:2,
                 from ../src/Configuration.cpp:1:
../src/Operational.h:29:20: error: 'OperatingState' has not been declared
  void change_state(OperatingState* operatingState);
                    ^~~~~~~~~~~~~~
../src/Operational.h:30:2: error: 'OperatingState' does not name a type
  OperatingState* _state;
  ^~~~~~~~~~~~~~
make: *** [src/Configuration.o] Error 1
19:23:14 **** Auto Build of configuration Debug for project CppTestRtos ****
make pre-build main-build 
a9-linaro-pre-build-step
' '
'Building file: ../src/Configuration.cpp'
'Invoking: ARM v7 g++ compiler'
arm-none-eabi-g++ -Wall -O0 -g3 -I"C:\Users\Entvex\Desktop\Assignment3_HW\lab1\lab1.sdk\CppTestRtos\src\os" -c -fmessage-length=0 -MT"src/Configuration.o" -mcpu=cortex-a9 -mfpu=vfpv3 -mfloat-abi=hard -I../../freertos901_xilinx_bsp_0/ps7_cortexa9_0/include -MMD -MP -MF"src/Configuration.d" -MT"src/Configuration.o" -o "src/Configuration.o" "../src/Configuration.cpp"
In file included from ../src/OperatingState.h:2:0,
                 from ../src/Configuration.h:2,
                 from ../src/Configuration.cpp:1:
../src/Operational.h:29:20: error: 'OperatingState' has not been declared
  void change_state(OperatingState* operatingState);
                    ^~~~~~~~~~~~~~
../src/Operational.h:30:2: error: 'OperatingState' does not name a type
  OperatingState* _state;
  ^~~~~~~~~~~~~~
make: *** [src/Configuration.o] Error 1
19:23:27 **** Auto Build of configuration Debug for project CppTestRtos ****
make pre-build main-build 
a9-linaro-pre-build-step
' '
'Building file: ../src/Configuration.cpp'
'Invoking: ARM v7 g++ compiler'
arm-none-eabi-g++ -Wall -O0 -g3 -I"C:\Users\Entvex\Desktop\Assignment3_HW\lab1\lab1.sdk\CppTestRtos\src\os" -c -fmessage-length=0 -MT"src/Configuration.o" -mcpu=cortex-a9 -mfpu=vfpv3 -mfloat-abi=hard -I../../freertos901_xilinx_bsp_0/ps7_cortexa9_0/include -MMD -MP -MF"src/Configuration.d" -MT"src/Configuration.o" -o "src/Configuration.o" "../src/Configuration.cpp"
In file included from ../src/OperatingState.h:2:0,
                 from ../src/Configuration.h:2,
                 from ../src/Configuration.cpp:1:
../src/Operational.h:29:20: error: 'OperatingState' has not been declared
  void change_state(OperatingState* operatingState);
                    ^~~~~~~~~~~~~~
../src/Operational.h:30:2: error: 'OperatingState' does not name a type
  OperatingState* _state;
  ^~~~~~~~~~~~~~
make: *** [src/Configuration.o] Error 1
19:24:12 **** Auto Build of configuration Debug for project CppTestRtos ****
make pre-build main-build 
a9-linaro-pre-build-step
' '
'Building file: ../src/Configuration.cpp'
'Invoking: ARM v7 g++ compiler'
arm-none-eabi-g++ -Wall -O0 -g3 -I"C:\Users\Entvex\Desktop\Assignment3_HW\lab1\lab1.sdk\CppTestRtos\src\os" -c -fmessage-length=0 -MT"src/Configuration.o" -mcpu=cortex-a9 -mfpu=vfpv3 -mfloat-abi=hard -I../../freertos901_xilinx_bsp_0/ps7_cortexa9_0/include -MMD -MP -MF"src/Configuration.d" -MT"src/Configuration.o" -o "src/Configuration.o" "../src/Configuration.cpp"
In file included from ../src/OperatingState.h:2:0,
                 from ../src/Configuration.h:2,
                 from ../src/Configuration.cpp:1:
../src/Operational.h:29:20: error: 'OperatingState' has not been declared
  void change_state(OperatingState* operatingState);
                    ^~~~~~~~~~~~~~
../src/Operational.h:30:2: error: 'OperatingState' does not name a type
  OperatingState* _state;
  ^~~~~~~~~~~~~~
make: *** [src/Configuration.o] Error 1
19:25:32 **** Auto Build of configuration Debug for project CppTestRtos ****
make pre-build main-build 
a9-linaro-pre-build-step
' '
'Building file: ../src/Configuration.cpp'
'Invoking: ARM v7 g++ compiler'
arm-none-eabi-g++ -Wall -O0 -g3 -I"C:\Users\Entvex\Desktop\Assignment3_HW\lab1\lab1.sdk\CppTestRtos\src\os" -c -fmessage-length=0 -MT"src/Configuration.o" -mcpu=cortex-a9 -mfpu=vfpv3 -mfloat-abi=hard -I../../freertos901_xilinx_bsp_0/ps7_cortexa9_0/include -MMD -MP -MF"src/Configuration.d" -MT"src/Configuration.o" -o "src/Configuration.o" "../src/Configuration.cpp"
In file included from ../src/OperatingState.h:2:0,
                 from ../src/Configuration.h:2,
                 from ../src/Configuration.cpp:1:
../src/Operational.h:29:20: error: 'OperatingState' has not been declared
  void change_state(OperatingState* operatingState);
                    ^~~~~~~~~~~~~~
../src/Operational.h:30:36: error: expected ';' at end of member declaration
  Operational::StateEmbeddedSystemX OperatingState* _state;
                                    ^~~~~~~~~~~~~~
../src/Operational.h:30:52: error: ISO C++ forbids declaration of '_state' with no type [-fpermissive]
  Operational::StateEmbeddedSystemX OperatingState* _state;
                                                    ^~~~~~
make: *** [src/Configuration.o] Error 1
19:25:41 **** Auto Build of configuration Debug for project CppTestRtos ****
make pre-build main-build 
a9-linaro-pre-build-step
' '
'Building file: ../src/Configuration.cpp'
'Invoking: ARM v7 g++ compiler'
arm-none-eabi-g++ -Wall -O0 -g3 -I"C:\Users\Entvex\Desktop\Assignment3_HW\lab1\lab1.sdk\CppTestRtos\src\os" -c -fmessage-length=0 -MT"src/Configuration.o" -mcpu=cortex-a9 -mfpu=vfpv3 -mfloat-abi=hard -I../../freertos901_xilinx_bsp_0/ps7_cortexa9_0/include -MMD -MP -MF"src/Configuration.d" -MT"src/Configuration.o" -o "src/Configuration.o" "../src/Configuration.cpp"
In file included from ../src/OperatingState.h:2:0,
                 from ../src/Configuration.h:2,
                 from ../src/Configuration.cpp:1:
../src/Operational.h:29:20: error: 'OperatingState' has not been declared
  void change_state(OperatingState* operatingState);
                    ^~~~~~~~~~~~~~
../src/Operational.h:30:2: error: 'OperatingState' does not name a type
  OperatingState* _state;
  ^~~~~~~~~~~~~~
make: *** [src/Configuration.o] Error 1
19:26:32 **** Auto Build of configuration Debug for project CppTestRtos ****
make pre-build main-build 
a9-linaro-pre-build-step
' '
'Building file: ../src/Configuration.cpp'
'Invoking: ARM v7 g++ compiler'
arm-none-eabi-g++ -Wall -O0 -g3 -I"C:\Users\Entvex\Desktop\Assignment3_HW\lab1\lab1.sdk\CppTestRtos\src\os" -c -fmessage-length=0 -MT"src/Configuration.o" -mcpu=cortex-a9 -mfpu=vfpv3 -mfloat-abi=hard -I../../freertos901_xilinx_bsp_0/ps7_cortexa9_0/include -MMD -MP -MF"src/Configuration.d" -MT"src/Configuration.o" -o "src/Configuration.o" "../src/Configuration.cpp"
In file included from ../src/OperatingState.h:2:0,
                 from ../src/Configuration.h:2,
                 from ../src/Configuration.cpp:1:
../src/Operational.h:29:20: error: 'OperatingState' has not been declared
  void change_state(OperatingState* operatingState);
                    ^~~~~~~~~~~~~~
../src/Operational.h:30:2: error: 'OperatingState' does not name a type
  OperatingState* _state;
  ^~~~~~~~~~~~~~
make: *** [src/Configuration.o] Error 1
19:28:12 **** Auto Build of configuration Debug for project CppTestRtos ****
make pre-build main-build 
a9-linaro-pre-build-step
' '
'Building file: ../src/Configuration.cpp'
'Invoking: ARM v7 g++ compiler'
arm-none-eabi-g++ -Wall -O0 -g3 -I"C:\Users\Entvex\Desktop\Assignment3_HW\lab1\lab1.sdk\CppTestRtos\src\os" -c -fmessage-length=0 -MT"src/Configuration.o" -mcpu=cortex-a9 -mfpu=vfpv3 -mfloat-abi=hard -I../../freertos901_xilinx_bsp_0/ps7_cortexa9_0/include -MMD -MP -MF"src/Configuration.d" -MT"src/Configuration.o" -o "src/Configuration.o" "../src/Configuration.cpp"
In file included from ../src/OperatingState.h:2:0,
                 from ../src/Configuration.h:2,
                 from ../src/Configuration.cpp:1:
../src/Operational.h:33:1: error: multiple types in one declaration
 };
 ^
make: *** [src/Configuration.o] Error 1
19:28:21 **** Auto Build of configuration Debug for project CppTestRtos ****
make pre-build main-build 
a9-linaro-pre-build-step
' '
'Building file: ../src/Configuration.cpp'
'Invoking: ARM v7 g++ compiler'
arm-none-eabi-g++ -Wall -O0 -g3 -I"C:\Users\Entvex\Desktop\Assignment3_HW\lab1\lab1.sdk\CppTestRtos\src\os" -c -fmessage-length=0 -MT"src/Configuration.o" -mcpu=cortex-a9 -mfpu=vfpv3 -mfloat-abi=hard -I../../freertos901_xilinx_bsp_0/ps7_cortexa9_0/include -MMD -MP -MF"src/Configuration.d" -MT"src/Configuration.o" -o "src/Configuration.o" "../src/Configuration.cpp"
'Finished building: ../src/Configuration.cpp'
' '
'Building file: ../src/EmbbededSystemX.cpp'
'Invoking: ARM v7 g++ compiler'
arm-none-eabi-g++ -Wall -O0 -g3 -I"C:\Users\Entvex\Desktop\Assignment3_HW\lab1\lab1.sdk\CppTestRtos\src\os" -c -fmessage-length=0 -MT"src/EmbbededSystemX.o" -mcpu=cortex-a9 -mfpu=vfpv3 -mfloat-abi=hard -I../../freertos901_xilinx_bsp_0/ps7_cortexa9_0/include -MMD -MP -MF"src/EmbbededSystemX.d" -MT"src/EmbbededSystemX.o" -o "src/EmbbededSystemX.o" "../src/EmbbededSystemX.cpp"
../src/EmbbededSystemX.cpp: In member function 'void embbeded_system_xx::restart()':
../src/EmbbededSystemX.cpp:10:22: error: no matching function for call to 'StateEmbeddedSystemX::restart(embbeded_system_xx*)'
  _state->restart(this);
                      ^
In file included from ../src/EmbbededSystemX.h:2:0,
                 from ../src/EmbbededSystemX.cpp:1:
../src/StateEmbeddedSystemX.h:7:16: note: candidate: virtual void StateEmbeddedSystemX::restart(EmbeddedSystemX*)
   virtual void restart(EmbeddedSystemX*);
                ^~~~~~~
../src/StateEmbeddedSystemX.h:7:16: note:   no known conversion for argument 1 from 'embbeded_system_xx*' to 'EmbeddedSystemX*'
../src/EmbbededSystemX.cpp: In member function 'void embbeded_system_xx::SelfTestFailed()':
../src/EmbbededSystemX.cpp:15:34: error: no matching function for call to 'StateEmbeddedSystemX::SelfTestFailed(embbeded_system_xx*, int)'
  _state->SelfTestFailed(this, 404);
                                  ^
In file included from ../src/EmbbededSystemX.h:2:0,
                 from ../src/EmbbededSystemX.cpp:1:
../src/StateEmbeddedSystemX.h:6:16: note: candidate: virtual void StateEmbeddedSystemX::SelfTestFailed(EmbeddedSystemX*, int)
   virtual void SelfTestFailed(EmbeddedSystemX*, int ErrorNo);
                ^~~~~~~~~~~~~~
../src/StateEmbeddedSystemX.h:6:16: note:   no known conversion for argument 1 from 'embbeded_system_xx*' to 'EmbeddedSystemX*'
../src/EmbbededSystemX.cpp: In member function 'void embbeded_system_xx::SelftestOk()':
../src/EmbbededSystemX.cpp:20:25: error: no matching function for call to 'StateEmbeddedSystemX::SelftestOk(embbeded_system_xx*)'
  _state->SelftestOk(this);
                         ^
In file included from ../src/EmbbededSystemX.h:2:0,
                 from ../src/EmbbededSystemX.cpp:1:
../src/StateEmbeddedSystemX.h:8:16: note: candidate: virtual void StateEmbeddedSystemX::SelftestOk(EmbeddedSystemX*)
   virtual void SelftestOk(EmbeddedSystemX*);
                ^~~~~~~~~~
../src/StateEmbeddedSystemX.h:8:16: note:   no known conversion for argument 1 from 'embbeded_system_xx*' to 'EmbeddedSystemX*'
../src/EmbbededSystemX.cpp: In member function 'void embbeded_system_xx::Initalized()':
../src/EmbbededSystemX.cpp:25:25: error: no matching function for call to 'StateEmbeddedSystemX::Initalized(embbeded_system_xx*)'
  _state->Initalized(this);
                         ^
In file included from ../src/EmbbededSystemX.h:2:0,
                 from ../src/EmbbededSystemX.cpp:1:
../src/StateEmbeddedSystemX.h:9:19: note: candidate: virtual void StateEmbeddedSystemX::Initalized(EmbeddedSystemX*)
      virtual void Initalized(EmbeddedSystemX*);
                   ^~~~~~~~~~
../src/StateEmbeddedSystemX.h:9:19: note:   no known conversion for argument 1 from 'embbeded_system_xx*' to 'EmbeddedSystemX*'
../src/EmbbededSystemX.cpp: In member function 'void embbeded_system_xx::Configure()':
../src/EmbbededSystemX.cpp:30:24: error: no matching function for call to 'StateEmbeddedSystemX::Configure(embbeded_system_xx*)'
  _state->Configure(this);
                        ^
In file included from ../src/EmbbededSystemX.h:2:0,
                 from ../src/EmbbededSystemX.cpp:1:
../src/StateEmbeddedSystemX.h:10:16: note: candidate: virtual void StateEmbeddedSystemX::Configure(EmbeddedSystemX*)
   virtual void Configure(EmbeddedSystemX*);
                ^~~~~~~~~
../src/StateEmbeddedSystemX.h:10:16: note:   no known conversion for argument 1 from 'embbeded_system_xx*' to 'EmbeddedSystemX*'
../src/EmbbededSystemX.cpp: In member function 'void embbeded_system_xx::ConfigurationEnded()':
../src/EmbbededSystemX.cpp:35:33: error: no matching function for call to 'StateEmbeddedSystemX::ConfigurationEnded(embbeded_system_xx*)'
  _state->ConfigurationEnded(this);
                                 ^
In file included from ../src/EmbbededSystemX.h:2:0,
                 from ../src/EmbbededSystemX.cpp:1:
../src/StateEmbeddedSystemX.h:11:16: note: candidate: virtual void StateEmbeddedSystemX::ConfigurationEnded(EmbeddedSystemX*)
   virtual void ConfigurationEnded(EmbeddedSystemX*);
                ^~~~~~~~~~~~~~~~~~
../src/StateEmbeddedSystemX.h:11:16: note:   no known conversion for argument 1 from 'embbeded_system_xx*' to 'EmbeddedSystemX*'
make: *** [src/EmbbededSystemX.o] Error 1
19:29:17 **** Auto Build of configuration Debug for project CppTestRtos ****
make pre-build main-build 
a9-linaro-pre-build-step
' '
'Building file: ../src/EmbbededSystemX.cpp'
'Invoking: ARM v7 g++ compiler'
arm-none-eabi-g++ -Wall -O0 -g3 -I"C:\Users\Entvex\Desktop\Assignment3_HW\lab1\lab1.sdk\CppTestRtos\src\os" -c -fmessage-length=0 -MT"src/EmbbededSystemX.o" -mcpu=cortex-a9 -mfpu=vfpv3 -mfloat-abi=hard -I../../freertos901_xilinx_bsp_0/ps7_cortexa9_0/include -MMD -MP -MF"src/EmbbededSystemX.d" -MT"src/EmbbededSystemX.o" -o "src/EmbbededSystemX.o" "../src/EmbbededSystemX.cpp"
../src/EmbbededSystemX.cpp: In member function 'void embbeded_system_xx::restart()':
../src/EmbbededSystemX.cpp:12:22: error: no matching function for call to 'StateEmbeddedSystemX::restart(embbeded_system_xx*)'
  _state->restart(this);
                      ^
In file included from ../src/EmbbededSystemX.h:2:0,
                 from ../src/EmbbededSystemX.cpp:1:
../src/StateEmbeddedSystemX.h:7:16: note: candidate: virtual void StateEmbeddedSystemX::restart(EmbeddedSystemX*)
   virtual void restart(EmbeddedSystemX*);
                ^~~~~~~
../src/StateEmbeddedSystemX.h:7:16: note:   no known conversion for argument 1 from 'embbeded_system_xx*' to 'EmbeddedSystemX*'
../src/EmbbededSystemX.cpp: In member function 'void embbeded_system_xx::SelfTestFailed()':
../src/EmbbededSystemX.cpp:17:34: error: no matching function for call to 'StateEmbeddedSystemX::SelfTestFailed(embbeded_system_xx*, int)'
  _state->SelfTestFailed(this, 404);
                                  ^
In file included from ../src/EmbbededSystemX.h:2:0,
                 from ../src/EmbbededSystemX.cpp:1:
../src/StateEmbeddedSystemX.h:6:16: note: candidate: virtual void StateEmbeddedSystemX::SelfTestFailed(EmbeddedSystemX*, int)
   virtual void SelfTestFailed(EmbeddedSystemX*, int ErrorNo);
                ^~~~~~~~~~~~~~
../src/StateEmbeddedSystemX.h:6:16: note:   no known conversion for argument 1 from 'embbeded_system_xx*' to 'EmbeddedSystemX*'
../src/EmbbededSystemX.cpp: In member function 'void embbeded_system_xx::SelftestOk()':
../src/EmbbededSystemX.cpp:22:25: error: no matching function for call to 'StateEmbeddedSystemX::SelftestOk(embbeded_system_xx*)'
  _state->SelftestOk(this);
                         ^
In file included from ../src/EmbbededSystemX.h:2:0,
                 from ../src/EmbbededSystemX.cpp:1:
../src/StateEmbeddedSystemX.h:8:16: note: candidate: virtual void StateEmbeddedSystemX::SelftestOk(EmbeddedSystemX*)
   virtual void SelftestOk(EmbeddedSystemX*);
                ^~~~~~~~~~
../src/StateEmbeddedSystemX.h:8:16: note:   no known conversion for argument 1 from 'embbeded_system_xx*' to 'EmbeddedSystemX*'
../src/EmbbededSystemX.cpp: In member function 'void embbeded_system_xx::Initalized()':
../src/EmbbededSystemX.cpp:27:25: error: no matching function for call to 'StateEmbeddedSystemX::Initalized(embbeded_system_xx*)'
  _state->Initalized(this);
                         ^
In file included from ../src/EmbbededSystemX.h:2:0,
                 from ../src/EmbbededSystemX.cpp:1:
../src/StateEmbeddedSystemX.h:9:19: note: candidate: virtual void StateEmbeddedSystemX::Initalized(EmbeddedSystemX*)
      virtual void Initalized(EmbeddedSystemX*);
                   ^~~~~~~~~~
../src/StateEmbeddedSystemX.h:9:19: note:   no known conversion for argument 1 from 'embbeded_system_xx*' to 'EmbeddedSystemX*'
../src/EmbbededSystemX.cpp: In member function 'void embbeded_system_xx::Configure()':
../src/EmbbededSystemX.cpp:32:24: error: no matching function for call to 'StateEmbeddedSystemX::Configure(embbeded_system_xx*)'
  _state->Configure(this);
                        ^
In file included from ../src/EmbbededSystemX.h:2:0,
                 from ../src/EmbbededSystemX.cpp:1:
../src/StateEmbeddedSystemX.h:10:16: note: candidate: virtual void StateEmbeddedSystemX::Configure(EmbeddedSystemX*)
   virtual void Configure(EmbeddedSystemX*);
                ^~~~~~~~~
../src/StateEmbeddedSystemX.h:10:16: note:   no known conversion for argument 1 from 'embbeded_system_xx*' to 'EmbeddedSystemX*'
../src/EmbbededSystemX.cpp: In member function 'void embbeded_system_xx::ConfigurationEnded()':
../src/EmbbededSystemX.cpp:37:33: error: no matching function for call to 'StateEmbeddedSystemX::ConfigurationEnded(embbeded_system_xx*)'
  _state->ConfigurationEnded(this);
                                 ^
In file included from ../src/EmbbededSystemX.h:2:0,
                 from ../src/EmbbededSystemX.cpp:1:
../src/StateEmbeddedSystemX.h:11:16: note: candidate: virtual void StateEmbeddedSystemX::ConfigurationEnded(EmbeddedSystemX*)
   virtual void ConfigurationEnded(EmbeddedSystemX*);
                ^~~~~~~~~~~~~~~~~~
../src/StateEmbeddedSystemX.h:11:16: note:   no known conversion for argument 1 from 'embbeded_system_xx*' to 'EmbeddedSystemX*'
make: *** [src/EmbbededSystemX.o] Error 1
19:30:24 **** Auto Build of configuration Debug for project CppTestRtos ****
make pre-build main-build 
a9-linaro-pre-build-step
' '
'Building file: ../src/EmbbededSystemX.cpp'
'Invoking: ARM v7 g++ compiler'
arm-none-eabi-g++ -Wall -O0 -g3 -I"C:\Users\Entvex\Desktop\Assignment3_HW\lab1\lab1.sdk\CppTestRtos\src\os" -c -fmessage-length=0 -MT"src/EmbbededSystemX.o" -mcpu=cortex-a9 -mfpu=vfpv3 -mfloat-abi=hard -I../../freertos901_xilinx_bsp_0/ps7_cortexa9_0/include -MMD -MP -MF"src/EmbbededSystemX.d" -MT"src/EmbbededSystemX.o" -o "src/EmbbededSystemX.o" "../src/EmbbededSystemX.cpp"
../src/EmbbededSystemX.cpp: In member function 'void embbeded_system_xx::restart()':
../src/EmbbededSystemX.cpp:10:22: error: no matching function for call to 'StateEmbeddedSystemX::restart(embbeded_system_xx*)'
  _state->restart(this);
                      ^
In file included from ../src/EmbbededSystemX.h:2:0,
                 from ../src/EmbbededSystemX.cpp:1:
../src/StateEmbeddedSystemX.h:7:16: note: candidate: virtual void StateEmbeddedSystemX::restart(EmbeddedSystemX*)
   virtual void restart(EmbeddedSystemX*);
                ^~~~~~~
../src/StateEmbeddedSystemX.h:7:16: note:   no known conversion for argument 1 from 'embbeded_system_xx*' to 'EmbeddedSystemX*'
../src/EmbbededSystemX.cpp:11:22: error: no matching function for call to 'StateEmbeddedSystemX::restart(embbeded_system_xx*)'
  _state->restart(this);
                      ^
In file included from ../src/EmbbededSystemX.h:2:0,
                 from ../src/EmbbededSystemX.cpp:1:
../src/StateEmbeddedSystemX.h:7:16: note: candidate: virtual void StateEmbeddedSystemX::restart(EmbeddedSystemX*)
   virtual void restart(EmbeddedSystemX*);
                ^~~~~~~
../src/StateEmbeddedSystemX.h:7:16: note:   no known conversion for argument 1 from 'embbeded_system_xx*' to 'EmbeddedSystemX*'
../src/EmbbededSystemX.cpp: In member function 'void embbeded_system_xx::SelfTestFailed()':
../src/EmbbededSystemX.cpp:16:34: error: no matching function for call to 'StateEmbeddedSystemX::SelfTestFailed(embbeded_system_xx*, int)'
  _state->SelfTestFailed(this, 404);
                                  ^
In file included from ../src/EmbbededSystemX.h:2:0,
                 from ../src/EmbbededSystemX.cpp:1:
../src/StateEmbeddedSystemX.h:6:16: note: candidate: virtual void StateEmbeddedSystemX::SelfTestFailed(EmbeddedSystemX*, int)
   virtual void SelfTestFailed(EmbeddedSystemX*, int ErrorNo);
                ^~~~~~~~~~~~~~
../src/StateEmbeddedSystemX.h:6:16: note:   no known conversion for argument 1 from 'embbeded_system_xx*' to 'EmbeddedSystemX*'
../src/EmbbededSystemX.cpp: In member function 'void embbeded_system_xx::SelftestOk()':
../src/EmbbededSystemX.cpp:21:25: error: no matching function for call to 'StateEmbeddedSystemX::SelftestOk(embbeded_system_xx*)'
  _state->SelftestOk(this);
                         ^
In file included from ../src/EmbbededSystemX.h:2:0,
                 from ../src/EmbbededSystemX.cpp:1:
../src/StateEmbeddedSystemX.h:8:16: note: candidate: virtual void StateEmbeddedSystemX::SelftestOk(EmbeddedSystemX*)
   virtual void SelftestOk(EmbeddedSystemX*);
                ^~~~~~~~~~
../src/StateEmbeddedSystemX.h:8:16: note:   no known conversion for argument 1 from 'embbeded_system_xx*' to 'EmbeddedSystemX*'
../src/EmbbededSystemX.cpp: In member function 'void embbeded_system_xx::Initalized()':
../src/EmbbededSystemX.cpp:26:25: error: no matching function for call to 'StateEmbeddedSystemX::Initalized(embbeded_system_xx*)'
  _state->Initalized(this);
                         ^
In file included from ../src/EmbbededSystemX.h:2:0,
                 from ../src/EmbbededSystemX.cpp:1:
../src/StateEmbeddedSystemX.h:9:19: note: candidate: virtual void StateEmbeddedSystemX::Initalized(EmbeddedSystemX*)
      virtual void Initalized(EmbeddedSystemX*);
                   ^~~~~~~~~~
../src/StateEmbeddedSystemX.h:9:19: note:   no known conversion for argument 1 from 'embbeded_system_xx*' to 'EmbeddedSystemX*'
../src/EmbbededSystemX.cpp: In member function 'void embbeded_system_xx::Configure()':
../src/EmbbededSystemX.cpp:31:24: error: no matching function for call to 'StateEmbeddedSystemX::Configure(embbeded_system_xx*)'
  _state->Configure(this);
                        ^
In file included from ../src/EmbbededSystemX.h:2:0,
                 from ../src/EmbbededSystemX.cpp:1:
../src/StateEmbeddedSystemX.h:10:16: note: candidate: virtual void StateEmbeddedSystemX::Configure(EmbeddedSystemX*)
   virtual void Configure(EmbeddedSystemX*);
                ^~~~~~~~~
../src/StateEmbeddedSystemX.h:10:16: note:   no known conversion for argument 1 from 'embbeded_system_xx*' to 'EmbeddedSystemX*'
../src/EmbbededSystemX.cpp: In member function 'void embbeded_system_xx::ConfigurationEnded()':
../src/EmbbededSystemX.cpp:36:33: error: no matching function for call to 'StateEmbeddedSystemX::ConfigurationEnded(embbeded_system_xx*)'
  _state->ConfigurationEnded(this);
                                 ^
In file included from ../src/EmbbededSystemX.h:2:0,
                 from ../src/EmbbededSystemX.cpp:1:
../src/StateEmbeddedSystemX.h:11:16: note: candidate: virtual void StateEmbeddedSystemX::ConfigurationEnded(EmbeddedSystemX*)
   virtual void ConfigurationEnded(EmbeddedSystemX*);
                ^~~~~~~~~~~~~~~~~~
../src/StateEmbeddedSystemX.h:11:16: note:   no known conversion for argument 1 from 'embbeded_system_xx*' to 'EmbeddedSystemX*'
make: *** [src/EmbbededSystemX.o] Error 1
19:30:34 **** Auto Build of configuration Debug for project CppTestRtos ****
make pre-build main-build 
a9-linaro-pre-build-step
' '
'Building file: ../src/EmbbededSystemX.cpp'
'Invoking: ARM v7 g++ compiler'
arm-none-eabi-g++ -Wall -O0 -g3 -I"C:\Users\Entvex\Desktop\Assignment3_HW\lab1\lab1.sdk\CppTestRtos\src\os" -c -fmessage-length=0 -MT"src/EmbbededSystemX.o" -mcpu=cortex-a9 -mfpu=vfpv3 -mfloat-abi=hard -I../../freertos901_xilinx_bsp_0/ps7_cortexa9_0/include -MMD -MP -MF"src/EmbbededSystemX.d" -MT"src/EmbbededSystemX.o" -o "src/EmbbededSystemX.o" "../src/EmbbededSystemX.cpp"
../src/EmbbededSystemX.cpp: In member function 'void embbeded_system_xx::restart()':
../src/EmbbededSystemX.cpp:10:22: error: no matching function for call to 'StateEmbeddedSystemX::restart(embbeded_system_xx*)'
  _state->restart(this);
                      ^
In file included from ../src/EmbbededSystemX.h:2:0,
                 from ../src/EmbbededSystemX.cpp:1:
../src/StateEmbeddedSystemX.h:7:16: note: candidate: virtual void StateEmbeddedSystemX::restart(EmbeddedSystemX*)
   virtual void restart(EmbeddedSystemX*);
                ^~~~~~~
../src/StateEmbeddedSystemX.h:7:16: note:   no known conversion for argument 1 from 'embbeded_system_xx*' to 'EmbeddedSystemX*'
../src/EmbbededSystemX.cpp: In member function 'void embbeded_system_xx::SelfTestFailed()':
../src/EmbbededSystemX.cpp:15:34: error: no matching function for call to 'StateEmbeddedSystemX::SelfTestFailed(embbeded_system_xx*, int)'
  _state->SelfTestFailed(this, 404);
                                  ^
In file included from ../src/EmbbededSystemX.h:2:0,
                 from ../src/EmbbededSystemX.cpp:1:
../src/StateEmbeddedSystemX.h:6:16: note: candidate: virtual void StateEmbeddedSystemX::SelfTestFailed(EmbeddedSystemX*, int)
   virtual void SelfTestFailed(EmbeddedSystemX*, int ErrorNo);
                ^~~~~~~~~~~~~~
../src/StateEmbeddedSystemX.h:6:16: note:   no known conversion for argument 1 from 'embbeded_system_xx*' to 'EmbeddedSystemX*'
../src/EmbbededSystemX.cpp: In member function 'void embbeded_system_xx::SelftestOk()':
../src/EmbbededSystemX.cpp:20:25: error: no matching function for call to 'StateEmbeddedSystemX::SelftestOk(embbeded_system_xx*)'
  _state->SelftestOk(this);
                         ^
In file included from ../src/EmbbededSystemX.h:2:0,
                 from ../src/EmbbededSystemX.cpp:1:
../src/StateEmbeddedSystemX.h:8:16: note: candidate: virtual void StateEmbeddedSystemX::SelftestOk(EmbeddedSystemX*)
   virtual void SelftestOk(EmbeddedSystemX*);
                ^~~~~~~~~~
../src/StateEmbeddedSystemX.h:8:16: note:   no known conversion for argument 1 from 'embbeded_system_xx*' to 'EmbeddedSystemX*'
../src/EmbbededSystemX.cpp: In member function 'void embbeded_system_xx::Initalized()':
../src/EmbbededSystemX.cpp:25:25: error: no matching function for call to 'StateEmbeddedSystemX::Initalized(embbeded_system_xx*)'
  _state->Initalized(this);
                         ^
In file included from ../src/EmbbededSystemX.h:2:0,
                 from ../src/EmbbededSystemX.cpp:1:
../src/StateEmbeddedSystemX.h:9:19: note: candidate: virtual void StateEmbeddedSystemX::Initalized(EmbeddedSystemX*)
      virtual void Initalized(EmbeddedSystemX*);
                   ^~~~~~~~~~
../src/StateEmbeddedSystemX.h:9:19: note:   no known conversion for argument 1 from 'embbeded_system_xx*' to 'EmbeddedSystemX*'
../src/EmbbededSystemX.cpp: In member function 'void embbeded_system_xx::Configure()':
../src/EmbbededSystemX.cpp:30:24: error: no matching function for call to 'StateEmbeddedSystemX::Configure(embbeded_system_xx*)'
  _state->Configure(this);
                        ^
In file included from ../src/EmbbededSystemX.h:2:0,
                 from ../src/EmbbededSystemX.cpp:1:
../src/StateEmbeddedSystemX.h:10:16: note: candidate: virtual void StateEmbeddedSystemX::Configure(EmbeddedSystemX*)
   virtual void Configure(EmbeddedSystemX*);
                ^~~~~~~~~
../src/StateEmbeddedSystemX.h:10:16: note:   no known conversion for argument 1 from 'embbeded_system_xx*' to 'EmbeddedSystemX*'
../src/EmbbededSystemX.cpp: In member function 'void embbeded_system_xx::ConfigurationEnded()':
../src/EmbbededSystemX.cpp:35:33: error: no matching function for call to 'StateEmbeddedSystemX::ConfigurationEnded(embbeded_system_xx*)'
  _state->ConfigurationEnded(this);
                                 ^
In file included from ../src/EmbbededSystemX.h:2:0,
                 from ../src/EmbbededSystemX.cpp:1:
../src/StateEmbeddedSystemX.h:11:16: note: candidate: virtual void StateEmbeddedSystemX::ConfigurationEnded(EmbeddedSystemX*)
   virtual void ConfigurationEnded(EmbeddedSystemX*);
                ^~~~~~~~~~~~~~~~~~
../src/StateEmbeddedSystemX.h:11:16: note:   no known conversion for argument 1 from 'embbeded_system_xx*' to 'EmbeddedSystemX*'
make: *** [src/EmbbededSystemX.o] Error 1
19:32:23 **** Auto Build of configuration Debug for project CppTestRtos ****
make pre-build main-build 
a9-linaro-pre-build-step
' '
'Building file: ../src/EmbbededSystemX.cpp'
'Invoking: ARM v7 g++ compiler'
arm-none-eabi-g++ -Wall -O0 -g3 -I"C:\Users\Entvex\Desktop\Assignment3_HW\lab1\lab1.sdk\CppTestRtos\src\os" -c -fmessage-length=0 -MT"src/EmbbededSystemX.o" -mcpu=cortex-a9 -mfpu=vfpv3 -mfloat-abi=hard -I../../freertos901_xilinx_bsp_0/ps7_cortexa9_0/include -MMD -MP -MF"src/EmbbededSystemX.d" -MT"src/EmbbededSystemX.o" -o "src/EmbbededSystemX.o" "../src/EmbbededSystemX.cpp"
../src/EmbbededSystemX.cpp: In member function 'void embbeded_system_xx::restart()':
../src/EmbbededSystemX.cpp:10:22: error: no matching function for call to 'StateEmbeddedSystemX::restart(embbeded_system_xx*)'
  _state->restart(this);
                      ^
In file included from ../src/EmbbededSystemX.h:2:0,
                 from ../src/EmbbededSystemX.cpp:1:
../src/StateEmbeddedSystemX.h:7:16: note: candidate: virtual void StateEmbeddedSystemX::restart(EmbeddedSystemX*)
   virtual void restart(EmbeddedSystemX*);
                ^~~~~~~
../src/StateEmbeddedSystemX.h:7:16: note:   no known conversion for argument 1 from 'embbeded_system_xx*' to 'EmbeddedSystemX*'
../src/EmbbededSystemX.cpp: In member function 'void embbeded_system_xx::SelfTestFailed()':
../src/EmbbededSystemX.cpp:15:34: error: no matching function for call to 'StateEmbeddedSystemX::SelfTestFailed(embbeded_system_xx*, int)'
  _state->SelfTestFailed(this, 404);
                                  ^
In file included from ../src/EmbbededSystemX.h:2:0,
                 from ../src/EmbbededSystemX.cpp:1:
../src/StateEmbeddedSystemX.h:6:16: note: candidate: virtual void StateEmbeddedSystemX::SelfTestFailed(EmbeddedSystemX*, int)
   virtual void SelfTestFailed(EmbeddedSystemX*, int ErrorNo);
                ^~~~~~~~~~~~~~
../src/StateEmbeddedSystemX.h:6:16: note:   no known conversion for argument 1 from 'embbeded_system_xx*' to 'EmbeddedSystemX*'
../src/EmbbededSystemX.cpp: In member function 'void embbeded_system_xx::SelftestOk()':
../src/EmbbededSystemX.cpp:20:25: error: no matching function for call to 'StateEmbeddedSystemX::SelftestOk(embbeded_system_xx*)'
  _state->SelftestOk(this);
                         ^
In file included from ../src/EmbbededSystemX.h:2:0,
                 from ../src/EmbbededSystemX.cpp:1:
../src/StateEmbeddedSystemX.h:8:16: note: candidate: virtual void StateEmbeddedSystemX::SelftestOk(EmbeddedSystemX*)
   virtual void SelftestOk(EmbeddedSystemX*);
                ^~~~~~~~~~
../src/StateEmbeddedSystemX.h:8:16: note:   no known conversion for argument 1 from 'embbeded_system_xx*' to 'EmbeddedSystemX*'
../src/EmbbededSystemX.cpp: In member function 'void embbeded_system_xx::Initalized()':
../src/EmbbededSystemX.cpp:25:25: error: no matching function for call to 'StateEmbeddedSystemX::Initalized(embbeded_system_xx*)'
  _state->Initalized(this);
                         ^
In file included from ../src/EmbbededSystemX.h:2:0,
                 from ../src/EmbbededSystemX.cpp:1:
../src/StateEmbeddedSystemX.h:9:19: note: candidate: virtual void StateEmbeddedSystemX::Initalized(EmbeddedSystemX*)
      virtual void Initalized(EmbeddedSystemX*);
                   ^~~~~~~~~~
../src/StateEmbeddedSystemX.h:9:19: note:   no known conversion for argument 1 from 'embbeded_system_xx*' to 'EmbeddedSystemX*'
../src/EmbbededSystemX.cpp: In member function 'void embbeded_system_xx::Configure()':
../src/EmbbededSystemX.cpp:30:24: error: no matching function for call to 'StateEmbeddedSystemX::Configure(embbeded_system_xx*)'
  _state->Configure(this);
                        ^
In file included from ../src/EmbbededSystemX.h:2:0,
                 from ../src/EmbbededSystemX.cpp:1:
../src/StateEmbeddedSystemX.h:10:16: note: candidate: virtual void StateEmbeddedSystemX::Configure(EmbeddedSystemX*)
   virtual void Configure(EmbeddedSystemX*);
                ^~~~~~~~~
../src/StateEmbeddedSystemX.h:10:16: note:   no known conversion for argument 1 from 'embbeded_system_xx*' to 'EmbeddedSystemX*'
../src/EmbbededSystemX.cpp: In member function 'void embbeded_system_xx::ConfigurationEnded()':
../src/EmbbededSystemX.cpp:35:33: error: no matching function for call to 'StateEmbeddedSystemX::ConfigurationEnded(embbeded_system_xx*)'
  _state->ConfigurationEnded(this);
                                 ^
In file included from ../src/EmbbededSystemX.h:2:0,
                 from ../src/EmbbededSystemX.cpp:1:
../src/StateEmbeddedSystemX.h:11:16: note: candidate: virtual void StateEmbeddedSystemX::ConfigurationEnded(EmbeddedSystemX*)
   virtual void ConfigurationEnded(EmbeddedSystemX*);
                ^~~~~~~~~~~~~~~~~~
../src/StateEmbeddedSystemX.h:11:16: note:   no known conversion for argument 1 from 'embbeded_system_xx*' to 'EmbeddedSystemX*'
make: *** [src/EmbbededSystemX.o] Error 1
19:44:57 **** Auto Build of configuration Debug for project CppTestRtos ****
make pre-build main-build 
a9-linaro-pre-build-step
' '
'Building file: ../src/EmbbededSystemX.cpp'
'Invoking: ARM v7 g++ compiler'
arm-none-eabi-g++ -Wall -O0 -g3 -I"C:\Users\Entvex\Desktop\Assignment3_HW\lab1\lab1.sdk\CppTestRtos\src\os" -c -fmessage-length=0 -MT"src/EmbbededSystemX.o" -mcpu=cortex-a9 -mfpu=vfpv3 -mfloat-abi=hard -I../../freertos901_xilinx_bsp_0/ps7_cortexa9_0/include -MMD -MP -MF"src/EmbbededSystemX.d" -MT"src/EmbbededSystemX.o" -o "src/EmbbededSystemX.o" "../src/EmbbededSystemX.cpp"
../src/EmbbededSystemX.cpp: In member function 'void embbeded_system_xx::restart()':
../src/EmbbededSystemX.cpp:10:22: error: no matching function for call to 'StateEmbeddedSystemX::restart(embbeded_system_xx*)'
  _state->restart(this);
                      ^
In file included from ../src/EmbbededSystemX.h:2:0,
                 from ../src/EmbbededSystemX.cpp:1:
../src/StateEmbeddedSystemX.h:7:16: note: candidate: virtual void StateEmbeddedSystemX::restart(EmbeddedSystemX*)
   virtual void restart(EmbeddedSystemX*);
                ^~~~~~~
../src/StateEmbeddedSystemX.h:7:16: note:   no known conversion for argument 1 from 'embbeded_system_xx*' to 'EmbeddedSystemX*'
../src/EmbbededSystemX.cpp: In member function 'void embbeded_system_xx::SelfTestFailed()':
../src/EmbbededSystemX.cpp:15:34: error: no matching function for call to 'StateEmbeddedSystemX::SelfTestFailed(embbeded_system_xx*, int)'
  _state->SelfTestFailed(this, 404);
                                  ^
In file included from ../src/EmbbededSystemX.h:2:0,
                 from ../src/EmbbededSystemX.cpp:1:
../src/StateEmbeddedSystemX.h:6:16: note: candidate: virtual void StateEmbeddedSystemX::SelfTestFailed(EmbeddedSystemX*, int)
   virtual void SelfTestFailed(EmbeddedSystemX*, int ErrorNo);
                ^~~~~~~~~~~~~~
../src/StateEmbeddedSystemX.h:6:16: note:   no known conversion for argument 1 from 'embbeded_system_xx*' to 'EmbeddedSystemX*'
../src/EmbbededSystemX.cpp: In member function 'void embbeded_system_xx::SelftestOk()':
../src/EmbbededSystemX.cpp:20:25: error: no matching function for call to 'StateEmbeddedSystemX::SelftestOk(embbeded_system_xx*)'
  _state->SelftestOk(this);
                         ^
In file included from ../src/EmbbededSystemX.h:2:0,
                 from ../src/EmbbededSystemX.cpp:1:
../src/StateEmbeddedSystemX.h:8:16: note: candidate: virtual void StateEmbeddedSystemX::SelftestOk(EmbeddedSystemX*)
   virtual void SelftestOk(EmbeddedSystemX*);
                ^~~~~~~~~~
../src/StateEmbeddedSystemX.h:8:16: note:   no known conversion for argument 1 from 'embbeded_system_xx*' to 'EmbeddedSystemX*'
../src/EmbbededSystemX.cpp: In member function 'void embbeded_system_xx::Initalized()':
../src/EmbbededSystemX.cpp:25:25: error: no matching function for call to 'StateEmbeddedSystemX::Initalized(embbeded_system_xx*)'
  _state->Initalized(this);
                         ^
In file included from ../src/EmbbededSystemX.h:2:0,
                 from ../src/EmbbededSystemX.cpp:1:
../src/StateEmbeddedSystemX.h:9:19: note: candidate: virtual void StateEmbeddedSystemX::Initalized(EmbeddedSystemX*)
      virtual void Initalized(EmbeddedSystemX*);
                   ^~~~~~~~~~
../src/StateEmbeddedSystemX.h:9:19: note:   no known conversion for argument 1 from 'embbeded_system_xx*' to 'EmbeddedSystemX*'
../src/EmbbededSystemX.cpp: In member function 'void embbeded_system_xx::Configure()':
../src/EmbbededSystemX.cpp:30:24: error: no matching function for call to 'StateEmbeddedSystemX::Configure(embbeded_system_xx*)'
  _state->Configure(this);
                        ^
In file included from ../src/EmbbededSystemX.h:2:0,
                 from ../src/EmbbededSystemX.cpp:1:
../src/StateEmbeddedSystemX.h:10:16: note: candidate: virtual void StateEmbeddedSystemX::Configure(EmbeddedSystemX*)
   virtual void Configure(EmbeddedSystemX*);
                ^~~~~~~~~
../src/StateEmbeddedSystemX.h:10:16: note:   no known conversion for argument 1 from 'embbeded_system_xx*' to 'EmbeddedSystemX*'
../src/EmbbededSystemX.cpp: In member function 'void embbeded_system_xx::ConfigurationEnded()':
../src/EmbbededSystemX.cpp:35:33: error: no matching function for call to 'StateEmbeddedSystemX::ConfigurationEnded(embbeded_system_xx*)'
  _state->ConfigurationEnded(this);
                                 ^
In file included from ../src/EmbbededSystemX.h:2:0,
                 from ../src/EmbbededSystemX.cpp:1:
../src/StateEmbeddedSystemX.h:11:16: note: candidate: virtual void StateEmbeddedSystemX::ConfigurationEnded(EmbeddedSystemX*)
   virtual void ConfigurationEnded(EmbeddedSystemX*);
                ^~~~~~~~~~~~~~~~~~
../src/StateEmbeddedSystemX.h:11:16: note:   no known conversion for argument 1 from 'embbeded_system_xx*' to 'EmbeddedSystemX*'
make: *** [src/EmbbededSystemX.o] Error 1
19:45:16 **** Auto Build of configuration Debug for project CppTestRtos ****
make pre-build main-build 
a9-linaro-pre-build-step
' '
'Building file: ../src/EmbbededSystemX.cpp'
'Invoking: ARM v7 g++ compiler'
arm-none-eabi-g++ -Wall -O0 -g3 -I"C:\Users\Entvex\Desktop\Assignment3_HW\lab1\lab1.sdk\CppTestRtos\src\os" -c -fmessage-length=0 -MT"src/EmbbededSystemX.o" -mcpu=cortex-a9 -mfpu=vfpv3 -mfloat-abi=hard -I../../freertos901_xilinx_bsp_0/ps7_cortexa9_0/include -MMD -MP -MF"src/EmbbededSystemX.d" -MT"src/EmbbededSystemX.o" -o "src/EmbbededSystemX.o" "../src/EmbbededSystemX.cpp"
../src/EmbbededSystemX.cpp: In member function 'void embbeded_system_xx::restart()':
../src/EmbbededSystemX.cpp:10:22: error: no matching function for call to 'StateEmbeddedSystemX::restart(embbeded_system_xx*)'
  _state->restart(this);
                      ^
In file included from ../src/EmbbededSystemX.h:2:0,
                 from ../src/EmbbededSystemX.cpp:1:
../src/StateEmbeddedSystemX.h:7:16: note: candidate: virtual void StateEmbeddedSystemX::restart(EmbeddedSystemX*)
   virtual void restart(EmbeddedSystemX*);
                ^~~~~~~
../src/StateEmbeddedSystemX.h:7:16: note:   no known conversion for argument 1 from 'embbeded_system_xx*' to 'EmbeddedSystemX*'
../src/EmbbededSystemX.cpp: In member function 'void embbeded_system_xx::SelfTestFailed()':
../src/EmbbededSystemX.cpp:15:34: error: no matching function for call to 'StateEmbeddedSystemX::SelfTestFailed(embbeded_system_xx*, int)'
  _state->SelfTestFailed(this, 404);
                                  ^
In file included from ../src/EmbbededSystemX.h:2:0,
                 from ../src/EmbbededSystemX.cpp:1:
../src/StateEmbeddedSystemX.h:6:16: note: candidate: virtual void StateEmbeddedSystemX::SelfTestFailed(EmbeddedSystemX*, int)
   virtual void SelfTestFailed(EmbeddedSystemX*, int ErrorNo);
                ^~~~~~~~~~~~~~
../src/StateEmbeddedSystemX.h:6:16: note:   no known conversion for argument 1 from 'embbeded_system_xx*' to 'EmbeddedSystemX*'
../src/EmbbededSystemX.cpp: In member function 'void embbeded_system_xx::SelftestOk()':
../src/EmbbededSystemX.cpp:20:25: error: no matching function for call to 'StateEmbeddedSystemX::SelftestOk(embbeded_system_xx*)'
  _state->SelftestOk(this);
                         ^
In file included from ../src/EmbbededSystemX.h:2:0,
                 from ../src/EmbbededSystemX.cpp:1:
../src/StateEmbeddedSystemX.h:8:16: note: candidate: virtual void StateEmbeddedSystemX::SelftestOk(EmbeddedSystemX*)
   virtual void SelftestOk(EmbeddedSystemX*);
                ^~~~~~~~~~
../src/StateEmbeddedSystemX.h:8:16: note:   no known conversion for argument 1 from 'embbeded_system_xx*' to 'EmbeddedSystemX*'
../src/EmbbededSystemX.cpp: In member function 'void embbeded_system_xx::Initalized()':
../src/EmbbededSystemX.cpp:25:25: error: no matching function for call to 'StateEmbeddedSystemX::Initalized(embbeded_system_xx*)'
  _state->Initalized(this);
                         ^
In file included from ../src/EmbbededSystemX.h:2:0,
                 from ../src/EmbbededSystemX.cpp:1:
../src/StateEmbeddedSystemX.h:9:19: note: candidate: virtual void StateEmbeddedSystemX::Initalized(EmbeddedSystemX*)
      virtual void Initalized(EmbeddedSystemX*);
                   ^~~~~~~~~~
../src/StateEmbeddedSystemX.h:9:19: note:   no known conversion for argument 1 from 'embbeded_system_xx*' to 'EmbeddedSystemX*'
../src/EmbbededSystemX.cpp: In member function 'void embbeded_system_xx::Configure()':
../src/EmbbededSystemX.cpp:30:24: error: no matching function for call to 'StateEmbeddedSystemX::Configure(embbeded_system_xx*)'
  _state->Configure(this);
                        ^
In file included from ../src/EmbbededSystemX.h:2:0,
                 from ../src/EmbbededSystemX.cpp:1:
../src/StateEmbeddedSystemX.h:10:16: note: candidate: virtual void StateEmbeddedSystemX::Configure(EmbeddedSystemX*)
   virtual void Configure(EmbeddedSystemX*);
                ^~~~~~~~~
../src/StateEmbeddedSystemX.h:10:16: note:   no known conversion for argument 1 from 'embbeded_system_xx*' to 'EmbeddedSystemX*'
../src/EmbbededSystemX.cpp: In member function 'void embbeded_system_xx::ConfigurationEnded()':
../src/EmbbededSystemX.cpp:35:33: error: no matching function for call to 'StateEmbeddedSystemX::ConfigurationEnded(embbeded_system_xx*)'
  _state->ConfigurationEnded(this);
                                 ^
In file included from ../src/EmbbededSystemX.h:2:0,
                 from ../src/EmbbededSystemX.cpp:1:
../src/StateEmbeddedSystemX.h:11:16: note: candidate: virtual void StateEmbeddedSystemX::ConfigurationEnded(EmbeddedSystemX*)
   virtual void ConfigurationEnded(EmbeddedSystemX*);
                ^~~~~~~~~~~~~~~~~~
../src/StateEmbeddedSystemX.h:11:16: note:   no known conversion for argument 1 from 'embbeded_system_xx*' to 'EmbeddedSystemX*'
make: *** [src/EmbbededSystemX.o] Error 1
19:48:37 **** Auto Build of configuration Debug for project CppTestRtos ****
make pre-build main-build 
a9-linaro-pre-build-step
' '
'Building file: ../src/EmbbededSystemX.cpp'
'Invoking: ARM v7 g++ compiler'
arm-none-eabi-g++ -Wall -O0 -g3 -I"C:\Users\Entvex\Desktop\Assignment3_HW\lab1\lab1.sdk\CppTestRtos\src\os" -c -fmessage-length=0 -MT"src/EmbbededSystemX.o" -mcpu=cortex-a9 -mfpu=vfpv3 -mfloat-abi=hard -I../../freertos901_xilinx_bsp_0/ps7_cortexa9_0/include -MMD -MP -MF"src/EmbbededSystemX.d" -MT"src/EmbbededSystemX.o" -o "src/EmbbededSystemX.o" "../src/EmbbededSystemX.cpp"
../src/EmbbededSystemX.cpp: In member function 'void embbeded_system_xx::restart()':
../src/EmbbededSystemX.cpp:10:22: error: no matching function for call to 'StateEmbeddedSystemX::restart(embbeded_system_xx*)'
  _state->restart(this);
                      ^
In file included from ../src/EmbbededSystemX.h:2:0,
                 from ../src/EmbbededSystemX.cpp:1:
../src/StateEmbeddedSystemX.h:7:16: note: candidate: virtual void StateEmbeddedSystemX::restart(EmbeddedSystemX*)
   virtual void restart(EmbeddedSystemX*);
                ^~~~~~~
../src/StateEmbeddedSystemX.h:7:16: note:   no known conversion for argument 1 from 'embbeded_system_xx*' to 'EmbeddedSystemX*'
../src/EmbbededSystemX.cpp: In member function 'void embbeded_system_xx::SelfTestFailed()':
../src/EmbbededSystemX.cpp:15:34: error: no matching function for call to 'StateEmbeddedSystemX::SelfTestFailed(embbeded_system_xx*, int)'
  _state->SelfTestFailed(this, 404);
                                  ^
In file included from ../src/EmbbededSystemX.h:2:0,
                 from ../src/EmbbededSystemX.cpp:1:
../src/StateEmbeddedSystemX.h:6:16: note: candidate: virtual void StateEmbeddedSystemX::SelfTestFailed(EmbeddedSystemX*, int)
   virtual void SelfTestFailed(EmbeddedSystemX*, int ErrorNo);
                ^~~~~~~~~~~~~~
../src/StateEmbeddedSystemX.h:6:16: note:   no known conversion for argument 1 from 'embbeded_system_xx*' to 'EmbeddedSystemX*'
../src/EmbbededSystemX.cpp: In member function 'void embbeded_system_xx::SelftestOk()':
../src/EmbbededSystemX.cpp:20:25: error: no matching function for call to 'StateEmbeddedSystemX::SelftestOk(embbeded_system_xx*)'
  _state->SelftestOk(this);
                         ^
In file included from ../src/EmbbededSystemX.h:2:0,
                 from ../src/EmbbededSystemX.cpp:1:
../src/StateEmbeddedSystemX.h:8:16: note: candidate: virtual void StateEmbeddedSystemX::SelftestOk(EmbeddedSystemX*)
   virtual void SelftestOk(EmbeddedSystemX*);
                ^~~~~~~~~~
../src/StateEmbeddedSystemX.h:8:16: note:   no known conversion for argument 1 from 'embbeded_system_xx*' to 'EmbeddedSystemX*'
../src/EmbbededSystemX.cpp: In member function 'void embbeded_system_xx::Initalized()':
../src/EmbbededSystemX.cpp:25:25: error: no matching function for call to 'StateEmbeddedSystemX::Initalized(embbeded_system_xx*)'
  _state->Initalized(this);
                         ^
In file included from ../src/EmbbededSystemX.h:2:0,
                 from ../src/EmbbededSystemX.cpp:1:
../src/StateEmbeddedSystemX.h:9:19: note: candidate: virtual void StateEmbeddedSystemX::Initalized(EmbeddedSystemX*)
      virtual void Initalized(EmbeddedSystemX*);
                   ^~~~~~~~~~
../src/StateEmbeddedSystemX.h:9:19: note:   no known conversion for argument 1 from 'embbeded_system_xx*' to 'EmbeddedSystemX*'
../src/EmbbededSystemX.cpp: In member function 'void embbeded_system_xx::Configure()':
../src/EmbbededSystemX.cpp:30:24: error: no matching function for call to 'StateEmbeddedSystemX::Configure(embbeded_system_xx*)'
  _state->Configure(this);
                        ^
In file included from ../src/EmbbededSystemX.h:2:0,
                 from ../src/EmbbededSystemX.cpp:1:
../src/StateEmbeddedSystemX.h:10:16: note: candidate: virtual void StateEmbeddedSystemX::Configure(EmbeddedSystemX*)
   virtual void Configure(EmbeddedSystemX*);
                ^~~~~~~~~
../src/StateEmbeddedSystemX.h:10:16: note:   no known conversion for argument 1 from 'embbeded_system_xx*' to 'EmbeddedSystemX*'
../src/EmbbededSystemX.cpp: In member function 'void embbeded_system_xx::ConfigurationEnded()':
../src/EmbbededSystemX.cpp:35:33: error: no matching function for call to 'StateEmbeddedSystemX::ConfigurationEnded(embbeded_system_xx*)'
  _state->ConfigurationEnded(this);
                                 ^
In file included from ../src/EmbbededSystemX.h:2:0,
                 from ../src/EmbbededSystemX.cpp:1:
../src/StateEmbeddedSystemX.h:11:16: note: candidate: virtual void StateEmbeddedSystemX::ConfigurationEnded(EmbeddedSystemX*)
   virtual void ConfigurationEnded(EmbeddedSystemX*);
                ^~~~~~~~~~~~~~~~~~
../src/StateEmbeddedSystemX.h:11:16: note:   no known conversion for argument 1 from 'embbeded_system_xx*' to 'EmbeddedSystemX*'
make: *** [src/EmbbededSystemX.o] Error 1
19:52:53 **** Auto Build of configuration Debug for project CppTestRtos ****
make pre-build main-build 
a9-linaro-pre-build-step
' '
'Building file: ../src/EmbbededSystemX.cpp'
'Invoking: ARM v7 g++ compiler'
arm-none-eabi-g++ -Wall -O0 -g3 -I"C:\Users\Entvex\Desktop\Assignment3_HW\lab1\lab1.sdk\CppTestRtos\src\os" -c -fmessage-length=0 -MT"src/EmbbededSystemX.o" -mcpu=cortex-a9 -mfpu=vfpv3 -mfloat-abi=hard -I../../freertos901_xilinx_bsp_0/ps7_cortexa9_0/include -MMD -MP -MF"src/EmbbededSystemX.d" -MT"src/EmbbededSystemX.o" -o "src/EmbbededSystemX.o" "../src/EmbbededSystemX.cpp"
../src/EmbbededSystemX.cpp: In member function 'void embbeded_system_xx::restart()':
../src/EmbbededSystemX.cpp:12:22: error: no matching function for call to 'StateEmbeddedSystemX::restart(embbeded_system_xx*)'
  _state->restart(this);
                      ^
In file included from ../src/EmbbededSystemX.h:2:0,
                 from ../src/EmbbededSystemX.cpp:1:
../src/StateEmbeddedSystemX.h:7:16: note: candidate: virtual void StateEmbeddedSystemX::restart(EmbeddedSystemX*)
   virtual void restart(EmbeddedSystemX*);
                ^~~~~~~
../src/StateEmbeddedSystemX.h:7:16: note:   no known conversion for argument 1 from 'embbeded_system_xx*' to 'EmbeddedSystemX*'
../src/EmbbededSystemX.cpp: In member function 'void embbeded_system_xx::SelfTestFailed()':
../src/EmbbededSystemX.cpp:17:34: error: no matching function for call to 'StateEmbeddedSystemX::SelfTestFailed(embbeded_system_xx*, int)'
  _state->SelfTestFailed(this, 404);
                                  ^
In file included from ../src/EmbbededSystemX.h:2:0,
                 from ../src/EmbbededSystemX.cpp:1:
../src/StateEmbeddedSystemX.h:6:16: note: candidate: virtual void StateEmbeddedSystemX::SelfTestFailed(EmbeddedSystemX*, int)
   virtual void SelfTestFailed(EmbeddedSystemX*, int ErrorNo);
                ^~~~~~~~~~~~~~
../src/StateEmbeddedSystemX.h:6:16: note:   no known conversion for argument 1 from 'embbeded_system_xx*' to 'EmbeddedSystemX*'
../src/EmbbededSystemX.cpp: In member function 'void embbeded_system_xx::SelftestOk()':
../src/EmbbededSystemX.cpp:22:25: error: no matching function for call to 'StateEmbeddedSystemX::SelftestOk(embbeded_system_xx*)'
  _state->SelftestOk(this);
                         ^
In file included from ../src/EmbbededSystemX.h:2:0,
                 from ../src/EmbbededSystemX.cpp:1:
../src/StateEmbeddedSystemX.h:8:16: note: candidate: virtual void StateEmbeddedSystemX::SelftestOk(EmbeddedSystemX*)
   virtual void SelftestOk(EmbeddedSystemX*);
                ^~~~~~~~~~
../src/StateEmbeddedSystemX.h:8:16: note:   no known conversion for argument 1 from 'embbeded_system_xx*' to 'EmbeddedSystemX*'
../src/EmbbededSystemX.cpp: In member function 'void embbeded_system_xx::Initalized()':
../src/EmbbededSystemX.cpp:27:25: error: no matching function for call to 'StateEmbeddedSystemX::Initalized(embbeded_system_xx*)'
  _state->Initalized(this);
                         ^
In file included from ../src/EmbbededSystemX.h:2:0,
                 from ../src/EmbbededSystemX.cpp:1:
../src/StateEmbeddedSystemX.h:9:19: note: candidate: virtual void StateEmbeddedSystemX::Initalized(EmbeddedSystemX*)
      virtual void Initalized(EmbeddedSystemX*);
                   ^~~~~~~~~~
../src/StateEmbeddedSystemX.h:9:19: note:   no known conversion for argument 1 from 'embbeded_system_xx*' to 'EmbeddedSystemX*'
../src/EmbbededSystemX.cpp: In member function 'void embbeded_system_xx::Configure()':
../src/EmbbededSystemX.cpp:32:24: error: no matching function for call to 'StateEmbeddedSystemX::Configure(embbeded_system_xx*)'
  _state->Configure(this);
                        ^
In file included from ../src/EmbbededSystemX.h:2:0,
                 from ../src/EmbbededSystemX.cpp:1:
../src/StateEmbeddedSystemX.h:10:16: note: candidate: virtual void StateEmbeddedSystemX::Configure(EmbeddedSystemX*)
   virtual void Configure(EmbeddedSystemX*);
                ^~~~~~~~~
../src/StateEmbeddedSystemX.h:10:16: note:   no known conversion for argument 1 from 'embbeded_system_xx*' to 'EmbeddedSystemX*'
../src/EmbbededSystemX.cpp: In member function 'void embbeded_system_xx::ConfigurationEnded()':
../src/EmbbededSystemX.cpp:37:33: error: no matching function for call to 'StateEmbeddedSystemX::ConfigurationEnded(embbeded_system_xx*)'
  _state->ConfigurationEnded(this);
                                 ^
In file included from ../src/EmbbededSystemX.h:2:0,
                 from ../src/EmbbededSystemX.cpp:1:
../src/StateEmbeddedSystemX.h:11:16: note: candidate: virtual void StateEmbeddedSystemX::ConfigurationEnded(EmbeddedSystemX*)
   virtual void ConfigurationEnded(EmbeddedSystemX*);
                ^~~~~~~~~~~~~~~~~~
../src/StateEmbeddedSystemX.h:11:16: note:   no known conversion for argument 1 from 'embbeded_system_xx*' to 'EmbeddedSystemX*'
make: *** [src/EmbbededSystemX.o] Error 1
19:53:04 **** Auto Build of configuration Debug for project CppTestRtos ****
make pre-build main-build 
a9-linaro-pre-build-step
' '
'Building file: ../src/EmbbededSystemX.cpp'
'Invoking: ARM v7 g++ compiler'
arm-none-eabi-g++ -Wall -O0 -g3 -I"C:\Users\Entvex\Desktop\Assignment3_HW\lab1\lab1.sdk\CppTestRtos\src\os" -c -fmessage-length=0 -MT"src/EmbbededSystemX.o" -mcpu=cortex-a9 -mfpu=vfpv3 -mfloat-abi=hard -I../../freertos901_xilinx_bsp_0/ps7_cortexa9_0/include -MMD -MP -MF"src/EmbbededSystemX.d" -MT"src/EmbbededSystemX.o" -o "src/EmbbededSystemX.o" "../src/EmbbededSystemX.cpp"
../src/EmbbededSystemX.cpp: In member function 'void embbeded_system_xx::restart()':
../src/EmbbededSystemX.cpp:10:22: error: no matching function for call to 'StateEmbeddedSystemX::restart(embbeded_system_xx*)'
  _state->restart(this);
                      ^
In file included from ../src/EmbbededSystemX.h:2:0,
                 from ../src/EmbbededSystemX.cpp:1:
../src/StateEmbeddedSystemX.h:7:16: note: candidate: virtual void StateEmbeddedSystemX::restart(EmbeddedSystemX*)
   virtual void restart(EmbeddedSystemX*);
                ^~~~~~~
../src/StateEmbeddedSystemX.h:7:16: note:   no known conversion for argument 1 from 'embbeded_system_xx*' to 'EmbeddedSystemX*'
../src/EmbbededSystemX.cpp: In member function 'void embbeded_system_xx::SelfTestFailed()':
../src/EmbbededSystemX.cpp:15:34: error: no matching function for call to 'StateEmbeddedSystemX::SelfTestFailed(embbeded_system_xx*, int)'
  _state->SelfTestFailed(this, 404);
                                  ^
In file included from ../src/EmbbededSystemX.h:2:0,
                 from ../src/EmbbededSystemX.cpp:1:
../src/StateEmbeddedSystemX.h:6:16: note: candidate: virtual void StateEmbeddedSystemX::SelfTestFailed(EmbeddedSystemX*, int)
   virtual void SelfTestFailed(EmbeddedSystemX*, int ErrorNo);
                ^~~~~~~~~~~~~~
../src/StateEmbeddedSystemX.h:6:16: note:   no known conversion for argument 1 from 'embbeded_system_xx*' to 'EmbeddedSystemX*'
../src/EmbbededSystemX.cpp: In member function 'void embbeded_system_xx::SelftestOk()':
../src/EmbbededSystemX.cpp:20:25: error: no matching function for call to 'StateEmbeddedSystemX::SelftestOk(embbeded_system_xx*)'
  _state->SelftestOk(this);
                         ^
In file included from ../src/EmbbededSystemX.h:2:0,
                 from ../src/EmbbededSystemX.cpp:1:
../src/StateEmbeddedSystemX.h:8:16: note: candidate: virtual void StateEmbeddedSystemX::SelftestOk(EmbeddedSystemX*)
   virtual void SelftestOk(EmbeddedSystemX*);
                ^~~~~~~~~~
../src/StateEmbeddedSystemX.h:8:16: note:   no known conversion for argument 1 from 'embbeded_system_xx*' to 'EmbeddedSystemX*'
../src/EmbbededSystemX.cpp: In member function 'void embbeded_system_xx::Initalized()':
../src/EmbbededSystemX.cpp:25:25: error: no matching function for call to 'StateEmbeddedSystemX::Initalized(embbeded_system_xx*)'
  _state->Initalized(this);
                         ^
In file included from ../src/EmbbededSystemX.h:2:0,
                 from ../src/EmbbededSystemX.cpp:1:
../src/StateEmbeddedSystemX.h:9:19: note: candidate: virtual void StateEmbeddedSystemX::Initalized(EmbeddedSystemX*)
      virtual void Initalized(EmbeddedSystemX*);
                   ^~~~~~~~~~
../src/StateEmbeddedSystemX.h:9:19: note:   no known conversion for argument 1 from 'embbeded_system_xx*' to 'EmbeddedSystemX*'
../src/EmbbededSystemX.cpp: In member function 'void embbeded_system_xx::Configure()':
../src/EmbbededSystemX.cpp:30:24: error: no matching function for call to 'StateEmbeddedSystemX::Configure(embbeded_system_xx*)'
  _state->Configure(this);
                        ^
In file included from ../src/EmbbededSystemX.h:2:0,
                 from ../src/EmbbededSystemX.cpp:1:
../src/StateEmbeddedSystemX.h:10:16: note: candidate: virtual void StateEmbeddedSystemX::Configure(EmbeddedSystemX*)
   virtual void Configure(EmbeddedSystemX*);
                ^~~~~~~~~
../src/StateEmbeddedSystemX.h:10:16: note:   no known conversion for argument 1 from 'embbeded_system_xx*' to 'EmbeddedSystemX*'
../src/EmbbededSystemX.cpp: In member function 'void embbeded_system_xx::ConfigurationEnded()':
../src/EmbbededSystemX.cpp:35:33: error: no matching function for call to 'StateEmbeddedSystemX::ConfigurationEnded(embbeded_system_xx*)'
  _state->ConfigurationEnded(this);
                                 ^
In file included from ../src/EmbbededSystemX.h:2:0,
                 from ../src/EmbbededSystemX.cpp:1:
../src/StateEmbeddedSystemX.h:11:16: note: candidate: virtual void StateEmbeddedSystemX::ConfigurationEnded(EmbeddedSystemX*)
   virtual void ConfigurationEnded(EmbeddedSystemX*);
                ^~~~~~~~~~~~~~~~~~
../src/StateEmbeddedSystemX.h:11:16: note:   no known conversion for argument 1 from 'embbeded_system_xx*' to 'EmbeddedSystemX*'
make: *** [src/EmbbededSystemX.o] Error 1
19:53:51 **** Auto Build of configuration Debug for project CppTestRtos ****
make pre-build main-build 
a9-linaro-pre-build-step
' '
'Building file: ../src/EmbbededSystemX.cpp'
'Invoking: ARM v7 g++ compiler'
arm-none-eabi-g++ -Wall -O0 -g3 -I"C:\Users\Entvex\Desktop\Assignment3_HW\lab1\lab1.sdk\CppTestRtos\src\os" -c -fmessage-length=0 -MT"src/EmbbededSystemX.o" -mcpu=cortex-a9 -mfpu=vfpv3 -mfloat-abi=hard -I../../freertos901_xilinx_bsp_0/ps7_cortexa9_0/include -MMD -MP -MF"src/EmbbededSystemX.d" -MT"src/EmbbededSystemX.o" -o "src/EmbbededSystemX.o" "../src/EmbbededSystemX.cpp"
../src/EmbbededSystemX.cpp: In member function 'void embbeded_system_xx::restart()':
../src/EmbbededSystemX.cpp:10:22: error: no matching function for call to 'StateEmbeddedSystemX::restart(embbeded_system_xx*)'
  _state->restart(this);
                      ^
In file included from ../src/EmbbededSystemX.h:2:0,
                 from ../src/EmbbededSystemX.cpp:1:
../src/StateEmbeddedSystemX.h:7:16: note: candidate: virtual void StateEmbeddedSystemX::restart(EmbeddedSystemX*)
   virtual void restart(EmbeddedSystemX*);
                ^~~~~~~
../src/StateEmbeddedSystemX.h:7:16: note:   no known conversion for argument 1 from 'embbeded_system_xx*' to 'EmbeddedSystemX*'
../src/EmbbededSystemX.cpp: In member function 'void embbeded_system_xx::SelfTestFailed()':
../src/EmbbededSystemX.cpp:15:34: error: no matching function for call to 'StateEmbeddedSystemX::SelfTestFailed(embbeded_system_xx*, int)'
  _state->SelfTestFailed(this, 404);
                                  ^
In file included from ../src/EmbbededSystemX.h:2:0,
                 from ../src/EmbbededSystemX.cpp:1:
../src/StateEmbeddedSystemX.h:6:16: note: candidate: virtual void StateEmbeddedSystemX::SelfTestFailed(EmbeddedSystemX*, int)
   virtual void SelfTestFailed(EmbeddedSystemX*, int ErrorNo);
                ^~~~~~~~~~~~~~
../src/StateEmbeddedSystemX.h:6:16: note:   no known conversion for argument 1 from 'embbeded_system_xx*' to 'EmbeddedSystemX*'
../src/EmbbededSystemX.cpp: In member function 'void embbeded_system_xx::SelftestOk()':
../src/EmbbededSystemX.cpp:20:25: error: no matching function for call to 'StateEmbeddedSystemX::SelftestOk(embbeded_system_xx*)'
  _state->SelftestOk(this);
                         ^
In file included from ../src/EmbbededSystemX.h:2:0,
                 from ../src/EmbbededSystemX.cpp:1:
../src/StateEmbeddedSystemX.h:8:16: note: candidate: virtual void StateEmbeddedSystemX::SelftestOk(EmbeddedSystemX*)
   virtual void SelftestOk(EmbeddedSystemX*);
                ^~~~~~~~~~
../src/StateEmbeddedSystemX.h:8:16: note:   no known conversion for argument 1 from 'embbeded_system_xx*' to 'EmbeddedSystemX*'
../src/EmbbededSystemX.cpp: In member function 'void embbeded_system_xx::Initalized()':
../src/EmbbededSystemX.cpp:25:25: error: no matching function for call to 'StateEmbeddedSystemX::Initalized(embbeded_system_xx*)'
  _state->Initalized(this);
                         ^
In file included from ../src/EmbbededSystemX.h:2:0,
                 from ../src/EmbbededSystemX.cpp:1:
../src/StateEmbeddedSystemX.h:9:19: note: candidate: virtual void StateEmbeddedSystemX::Initalized(EmbeddedSystemX*)
      virtual void Initalized(EmbeddedSystemX*);
                   ^~~~~~~~~~
../src/StateEmbeddedSystemX.h:9:19: note:   no known conversion for argument 1 from 'embbeded_system_xx*' to 'EmbeddedSystemX*'
../src/EmbbededSystemX.cpp: In member function 'void embbeded_system_xx::Configure()':
../src/EmbbededSystemX.cpp:30:46: error: no matching function for call to 'StateEmbeddedSystemX::Configure(embbeded_system_xx*)'
  _state->StateEmbeddedSystemX::Configure(this);
                                              ^
In file included from ../src/EmbbededSystemX.h:2:0,
                 from ../src/EmbbededSystemX.cpp:1:
../src/StateEmbeddedSystemX.h:10:16: note: candidate: virtual void StateEmbeddedSystemX::Configure(EmbeddedSystemX*)
   virtual void Configure(EmbeddedSystemX*);
                ^~~~~~~~~
../src/StateEmbeddedSystemX.h:10:16: note:   no known conversion for argument 1 from 'embbeded_system_xx*' to 'EmbeddedSystemX*'
../src/EmbbededSystemX.cpp: In member function 'void embbeded_system_xx::ConfigurationEnded()':
../src/EmbbededSystemX.cpp:35:33: error: no matching function for call to 'StateEmbeddedSystemX::ConfigurationEnded(embbeded_system_xx*)'
  _state->ConfigurationEnded(this);
                                 ^
In file included from ../src/EmbbededSystemX.h:2:0,
                 from ../src/EmbbededSystemX.cpp:1:
../src/StateEmbeddedSystemX.h:11:16: note: candidate: virtual void StateEmbeddedSystemX::ConfigurationEnded(EmbeddedSystemX*)
   virtual void ConfigurationEnded(EmbeddedSystemX*);
                ^~~~~~~~~~~~~~~~~~
../src/StateEmbeddedSystemX.h:11:16: note:   no known conversion for argument 1 from 'embbeded_system_xx*' to 'EmbeddedSystemX*'
make: *** [src/EmbbededSystemX.o] Error 1
19:54:18 **** Auto Build of configuration Debug for project CppTestRtos ****
make pre-build main-build 
a9-linaro-pre-build-step
' '
'Building file: ../src/EmbbededSystemX.cpp'
'Invoking: ARM v7 g++ compiler'
arm-none-eabi-g++ -Wall -O0 -g3 -I"C:\Users\Entvex\Desktop\Assignment3_HW\lab1\lab1.sdk\CppTestRtos\src\os" -c -fmessage-length=0 -MT"src/EmbbededSystemX.o" -mcpu=cortex-a9 -mfpu=vfpv3 -mfloat-abi=hard -I../../freertos901_xilinx_bsp_0/ps7_cortexa9_0/include -MMD -MP -MF"src/EmbbededSystemX.d" -MT"src/EmbbededSystemX.o" -o "src/EmbbededSystemX.o" "../src/EmbbededSystemX.cpp"
../src/EmbbededSystemX.cpp: In member function 'void embbeded_system_xx::restart()':
../src/EmbbededSystemX.cpp:10:22: error: no matching function for call to 'StateEmbeddedSystemX::restart(embbeded_system_xx*)'
  _state->restart(this);
                      ^
In file included from ../src/EmbbededSystemX.h:2:0,
                 from ../src/EmbbededSystemX.cpp:1:
../src/StateEmbeddedSystemX.h:7:16: note: candidate: virtual void StateEmbeddedSystemX::restart(EmbeddedSystemX*)
   virtual void restart(EmbeddedSystemX*);
                ^~~~~~~
../src/StateEmbeddedSystemX.h:7:16: note:   no known conversion for argument 1 from 'embbeded_system_xx*' to 'EmbeddedSystemX*'
../src/EmbbededSystemX.cpp: In member function 'void embbeded_system_xx::SelfTestFailed()':
../src/EmbbededSystemX.cpp:15:34: error: no matching function for call to 'StateEmbeddedSystemX::SelfTestFailed(embbeded_system_xx*, int)'
  _state->SelfTestFailed(this, 404);
                                  ^
In file included from ../src/EmbbededSystemX.h:2:0,
                 from ../src/EmbbededSystemX.cpp:1:
../src/StateEmbeddedSystemX.h:6:16: note: candidate: virtual void StateEmbeddedSystemX::SelfTestFailed(EmbeddedSystemX*, int)
   virtual void SelfTestFailed(EmbeddedSystemX*, int ErrorNo);
                ^~~~~~~~~~~~~~
../src/StateEmbeddedSystemX.h:6:16: note:   no known conversion for argument 1 from 'embbeded_system_xx*' to 'EmbeddedSystemX*'
../src/EmbbededSystemX.cpp: In member function 'void embbeded_system_xx::SelftestOk()':
../src/EmbbededSystemX.cpp:20:25: error: no matching function for call to 'StateEmbeddedSystemX::SelftestOk(embbeded_system_xx*)'
  _state->SelftestOk(this);
                         ^
In file included from ../src/EmbbededSystemX.h:2:0,
                 from ../src/EmbbededSystemX.cpp:1:
../src/StateEmbeddedSystemX.h:8:16: note: candidate: virtual void StateEmbeddedSystemX::SelftestOk(EmbeddedSystemX*)
   virtual void SelftestOk(EmbeddedSystemX*);
                ^~~~~~~~~~
../src/StateEmbeddedSystemX.h:8:16: note:   no known conversion for argument 1 from 'embbeded_system_xx*' to 'EmbeddedSystemX*'
../src/EmbbededSystemX.cpp: In member function 'void embbeded_system_xx::Initalized()':
../src/EmbbededSystemX.cpp:25:25: error: no matching function for call to 'StateEmbeddedSystemX::Initalized(embbeded_system_xx*)'
  _state->Initalized(this);
                         ^
In file included from ../src/EmbbededSystemX.h:2:0,
                 from ../src/EmbbededSystemX.cpp:1:
../src/StateEmbeddedSystemX.h:9:19: note: candidate: virtual void StateEmbeddedSystemX::Initalized(EmbeddedSystemX*)
      virtual void Initalized(EmbeddedSystemX*);
                   ^~~~~~~~~~
../src/StateEmbeddedSystemX.h:9:19: note:   no known conversion for argument 1 from 'embbeded_system_xx*' to 'EmbeddedSystemX*'
../src/EmbbededSystemX.cpp: In member function 'void embbeded_system_xx::ConfigurationEnded()':
../src/EmbbededSystemX.cpp:33:33: error: no matching function for call to 'StateEmbeddedSystemX::ConfigurationEnded(embbeded_system_xx*)'
  _state->ConfigurationEnded(this);
                                 ^
In file included from ../src/EmbbededSystemX.h:2:0,
                 from ../src/EmbbededSystemX.cpp:1:
../src/StateEmbeddedSystemX.h:11:16: note: candidate: virtual void StateEmbeddedSystemX::ConfigurationEnded(EmbeddedSystemX*)
   virtual void ConfigurationEnded(EmbeddedSystemX*);
                ^~~~~~~~~~~~~~~~~~
../src/StateEmbeddedSystemX.h:11:16: note:   no known conversion for argument 1 from 'embbeded_system_xx*' to 'EmbeddedSystemX*'
make: *** [src/EmbbededSystemX.o] Error 1
19:54:36 **** Auto Build of configuration Debug for project CppTestRtos ****
make pre-build main-build 
a9-linaro-pre-build-step
' '
'Building file: ../src/EmbbededSystemX.cpp'
'Invoking: ARM v7 g++ compiler'
arm-none-eabi-g++ -Wall -O0 -g3 -I"C:\Users\Entvex\Desktop\Assignment3_HW\lab1\lab1.sdk\CppTestRtos\src\os" -c -fmessage-length=0 -MT"src/EmbbededSystemX.o" -mcpu=cortex-a9 -mfpu=vfpv3 -mfloat-abi=hard -I../../freertos901_xilinx_bsp_0/ps7_cortexa9_0/include -MMD -MP -MF"src/EmbbededSystemX.d" -MT"src/EmbbededSystemX.o" -o "src/EmbbededSystemX.o" "../src/EmbbededSystemX.cpp"
../src/EmbbededSystemX.cpp: In member function 'void embbeded_system_xx::restart()':
../src/EmbbededSystemX.cpp:10:22: error: no matching function for call to 'StateEmbeddedSystemX::restart(embbeded_system_xx*)'
  _state->restart(this);
                      ^
In file included from ../src/EmbbededSystemX.h:2:0,
                 from ../src/EmbbededSystemX.cpp:1:
../src/StateEmbeddedSystemX.h:7:16: note: candidate: virtual void StateEmbeddedSystemX::restart(EmbeddedSystemX*)
   virtual void restart(EmbeddedSystemX*);
                ^~~~~~~
../src/StateEmbeddedSystemX.h:7:16: note:   no known conversion for argument 1 from 'embbeded_system_xx*' to 'EmbeddedSystemX*'
../src/EmbbededSystemX.cpp: In member function 'void embbeded_system_xx::SelfTestFailed()':
../src/EmbbededSystemX.cpp:15:34: error: no matching function for call to 'StateEmbeddedSystemX::SelfTestFailed(embbeded_system_xx*, int)'
  _state->SelfTestFailed(this, 404);
                                  ^
In file included from ../src/EmbbededSystemX.h:2:0,
                 from ../src/EmbbededSystemX.cpp:1:
../src/StateEmbeddedSystemX.h:6:16: note: candidate: virtual void StateEmbeddedSystemX::SelfTestFailed(EmbeddedSystemX*, int)
   virtual void SelfTestFailed(EmbeddedSystemX*, int ErrorNo);
                ^~~~~~~~~~~~~~
../src/StateEmbeddedSystemX.h:6:16: note:   no known conversion for argument 1 from 'embbeded_system_xx*' to 'EmbeddedSystemX*'
../src/EmbbededSystemX.cpp: In member function 'void embbeded_system_xx::SelftestOk()':
../src/EmbbededSystemX.cpp:20:25: error: no matching function for call to 'StateEmbeddedSystemX::SelftestOk(embbeded_system_xx*)'
  _state->SelftestOk(this);
                         ^
In file included from ../src/EmbbededSystemX.h:2:0,
                 from ../src/EmbbededSystemX.cpp:1:
../src/StateEmbeddedSystemX.h:8:16: note: candidate: virtual void StateEmbeddedSystemX::SelftestOk(EmbeddedSystemX*)
   virtual void SelftestOk(EmbeddedSystemX*);
                ^~~~~~~~~~
../src/StateEmbeddedSystemX.h:8:16: note:   no known conversion for argument 1 from 'embbeded_system_xx*' to 'EmbeddedSystemX*'
../src/EmbbededSystemX.cpp: In member function 'void embbeded_system_xx::Initalized()':
../src/EmbbededSystemX.cpp:25:25: error: no matching function for call to 'StateEmbeddedSystemX::Initalized(embbeded_system_xx*)'
  _state->Initalized(this);
                         ^
In file included from ../src/EmbbededSystemX.h:2:0,
                 from ../src/EmbbededSystemX.cpp:1:
../src/StateEmbeddedSystemX.h:9:19: note: candidate: virtual void StateEmbeddedSystemX::Initalized(EmbeddedSystemX*)
      virtual void Initalized(EmbeddedSystemX*);
                   ^~~~~~~~~~
../src/StateEmbeddedSystemX.h:9:19: note:   no known conversion for argument 1 from 'embbeded_system_xx*' to 'EmbeddedSystemX*'
../src/EmbbededSystemX.cpp: In member function 'void embbeded_system_xx::Configure()':
../src/EmbbededSystemX.cpp:30:24: error: no matching function for call to 'StateEmbeddedSystemX::Configure(embbeded_system_xx*)'
  _state->Configure(this);
                        ^
In file included from ../src/EmbbededSystemX.h:2:0,
                 from ../src/EmbbededSystemX.cpp:1:
../src/StateEmbeddedSystemX.h:10:16: note: candidate: virtual void StateEmbeddedSystemX::Configure(EmbeddedSystemX*)
   virtual void Configure(EmbeddedSystemX*);
                ^~~~~~~~~
../src/StateEmbeddedSystemX.h:10:16: note:   no known conversion for argument 1 from 'embbeded_system_xx*' to 'EmbeddedSystemX*'
../src/EmbbededSystemX.cpp: In member function 'void embbeded_system_xx::ConfigurationEnded()':
../src/EmbbededSystemX.cpp:35:33: error: no matching function for call to 'StateEmbeddedSystemX::ConfigurationEnded(embbeded_system_xx*)'
  _state->ConfigurationEnded(this);
                                 ^
In file included from ../src/EmbbededSystemX.h:2:0,
                 from ../src/EmbbededSystemX.cpp:1:
../src/StateEmbeddedSystemX.h:11:16: note: candidate: virtual void StateEmbeddedSystemX::ConfigurationEnded(EmbeddedSystemX*)
   virtual void ConfigurationEnded(EmbeddedSystemX*);
                ^~~~~~~~~~~~~~~~~~
../src/StateEmbeddedSystemX.h:11:16: note:   no known conversion for argument 1 from 'embbeded_system_xx*' to 'EmbeddedSystemX*'
make: *** [src/EmbbededSystemX.o] Error 1
19:54:56 **** Auto Build of configuration Debug for project CppTestRtos ****
make pre-build main-build 
a9-linaro-pre-build-step
' '
'Building file: ../src/EmbbededSystemX.cpp'
'Invoking: ARM v7 g++ compiler'
arm-none-eabi-g++ -Wall -O0 -g3 -I"C:\Users\Entvex\Desktop\Assignment3_HW\lab1\lab1.sdk\CppTestRtos\src\os" -c -fmessage-length=0 -MT"src/EmbbededSystemX.o" -mcpu=cortex-a9 -mfpu=vfpv3 -mfloat-abi=hard -I../../freertos901_xilinx_bsp_0/ps7_cortexa9_0/include -MMD -MP -MF"src/EmbbededSystemX.d" -MT"src/EmbbededSystemX.o" -o "src/EmbbededSystemX.o" "../src/EmbbededSystemX.cpp"
../src/EmbbededSystemX.cpp: In member function 'void embbeded_system_xx::restart()':
../src/EmbbededSystemX.cpp:10:22: error: no matching function for call to 'StateEmbeddedSystemX::restart(embbeded_system_xx*)'
  _state->restart(this);
                      ^
In file included from ../src/EmbbededSystemX.h:2:0,
                 from ../src/EmbbededSystemX.cpp:1:
../src/StateEmbeddedSystemX.h:7:16: note: candidate: virtual void StateEmbeddedSystemX::restart(EmbeddedSystemX*)
   virtual void restart(EmbeddedSystemX*);
                ^~~~~~~
../src/StateEmbeddedSystemX.h:7:16: note:   no known conversion for argument 1 from 'embbeded_system_xx*' to 'EmbeddedSystemX*'
../src/EmbbededSystemX.cpp: In member function 'void embbeded_system_xx::SelfTestFailed()':
../src/EmbbededSystemX.cpp:15:34: error: no matching function for call to 'StateEmbeddedSystemX::SelfTestFailed(embbeded_system_xx*, int)'
  _state->SelfTestFailed(this, 404);
                                  ^
In file included from ../src/EmbbededSystemX.h:2:0,
                 from ../src/EmbbededSystemX.cpp:1:
../src/StateEmbeddedSystemX.h:6:16: note: candidate: virtual void StateEmbeddedSystemX::SelfTestFailed(EmbeddedSystemX*, int)
   virtual void SelfTestFailed(EmbeddedSystemX*, int ErrorNo);
                ^~~~~~~~~~~~~~
../src/StateEmbeddedSystemX.h:6:16: note:   no known conversion for argument 1 from 'embbeded_system_xx*' to 'EmbeddedSystemX*'
../src/EmbbededSystemX.cpp: In member function 'void embbeded_system_xx::SelftestOk()':
../src/EmbbededSystemX.cpp:20:25: error: no matching function for call to 'StateEmbeddedSystemX::SelftestOk(embbeded_system_xx*)'
  _state->SelftestOk(this);
                         ^
In file included from ../src/EmbbededSystemX.h:2:0,
                 from ../src/EmbbededSystemX.cpp:1:
../src/StateEmbeddedSystemX.h:8:16: note: candidate: virtual void StateEmbeddedSystemX::SelftestOk(EmbeddedSystemX*)
   virtual void SelftestOk(EmbeddedSystemX*);
                ^~~~~~~~~~
../src/StateEmbeddedSystemX.h:8:16: note:   no known conversion for argument 1 from 'embbeded_system_xx*' to 'EmbeddedSystemX*'
../src/EmbbededSystemX.cpp: In member function 'void embbeded_system_xx::Initalized()':
../src/EmbbededSystemX.cpp:25:25: error: no matching function for call to 'StateEmbeddedSystemX::Initalized(embbeded_system_xx*)'
  _state->Initalized(this);
                         ^
In file included from ../src/EmbbededSystemX.h:2:0,
                 from ../src/EmbbededSystemX.cpp:1:
../src/StateEmbeddedSystemX.h:9:19: note: candidate: virtual void StateEmbeddedSystemX::Initalized(EmbeddedSystemX*)
      virtual void Initalized(EmbeddedSystemX*);
                   ^~~~~~~~~~
../src/StateEmbeddedSystemX.h:9:19: note:   no known conversion for argument 1 from 'embbeded_system_xx*' to 'EmbeddedSystemX*'
../src/EmbbededSystemX.cpp: In member function 'void embbeded_system_xx::Configure()':
../src/EmbbededSystemX.cpp:30:24: error: no matching function for call to 'StateEmbeddedSystemX::Configure(embbeded_system_xx*)'
  _state->Configure(this);
                        ^
In file included from ../src/EmbbededSystemX.h:2:0,
                 from ../src/EmbbededSystemX.cpp:1:
../src/StateEmbeddedSystemX.h:10:16: note: candidate: virtual void StateEmbeddedSystemX::Configure(EmbeddedSystemX*)
   virtual void Configure(EmbeddedSystemX*);
                ^~~~~~~~~
../src/StateEmbeddedSystemX.h:10:16: note:   no known conversion for argument 1 from 'embbeded_system_xx*' to 'EmbeddedSystemX*'
../src/EmbbededSystemX.cpp: At global scope:
../src/EmbbededSystemX.cpp:33:6: error: prototype for 'void embbeded_system_xx::ConfigurationEnded(embbeded_system_xx*)' does not match any in class 'embbeded_system_xx'
 void embbeded_system_xx::ConfigurationEnded(embbeded_system_xx*)
      ^~~~~~~~~~~~~~~~~~
In file included from ../src/EmbbededSystemX.cpp:1:0:
../src/EmbbededSystemX.h:12:7: error: candidate is: void embbeded_system_xx::ConfigurationEnded()
  void ConfigurationEnded();
       ^~~~~~~~~~~~~~~~~~
make: *** [src/EmbbededSystemX.o] Error 1
19:55:11 **** Auto Build of configuration Debug for project CppTestRtos ****
make pre-build main-build 
a9-linaro-pre-build-step
' '
'Building file: ../src/EmbbededSystemX.cpp'
'Invoking: ARM v7 g++ compiler'
arm-none-eabi-g++ -Wall -O0 -g3 -I"C:\Users\Entvex\Desktop\Assignment3_HW\lab1\lab1.sdk\CppTestRtos\src\os" -c -fmessage-length=0 -MT"src/EmbbededSystemX.o" -mcpu=cortex-a9 -mfpu=vfpv3 -mfloat-abi=hard -I../../freertos901_xilinx_bsp_0/ps7_cortexa9_0/include -MMD -MP -MF"src/EmbbededSystemX.d" -MT"src/EmbbededSystemX.o" -o "src/EmbbededSystemX.o" "../src/EmbbededSystemX.cpp"
../src/EmbbededSystemX.cpp: In member function 'void embbeded_system_xx::restart()':
../src/EmbbededSystemX.cpp:10:22: error: no matching function for call to 'StateEmbeddedSystemX::restart(embbeded_system_xx*)'
  _state->restart(this);
                      ^
In file included from ../src/EmbbededSystemX.h:2:0,
                 from ../src/EmbbededSystemX.cpp:1:
../src/StateEmbeddedSystemX.h:7:16: note: candidate: virtual void StateEmbeddedSystemX::restart(EmbeddedSystemX*)
   virtual void restart(EmbeddedSystemX*);
                ^~~~~~~
../src/StateEmbeddedSystemX.h:7:16: note:   no known conversion for argument 1 from 'embbeded_system_xx*' to 'EmbeddedSystemX*'
../src/EmbbededSystemX.cpp: In member function 'void embbeded_system_xx::SelfTestFailed()':
../src/EmbbededSystemX.cpp:15:34: error: no matching function for call to 'StateEmbeddedSystemX::SelfTestFailed(embbeded_system_xx*, int)'
  _state->SelfTestFailed(this, 404);
                                  ^
In file included from ../src/EmbbededSystemX.h:2:0,
                 from ../src/EmbbededSystemX.cpp:1:
../src/StateEmbeddedSystemX.h:6:16: note: candidate: virtual void StateEmbeddedSystemX::SelfTestFailed(EmbeddedSystemX*, int)
   virtual void SelfTestFailed(EmbeddedSystemX*, int ErrorNo);
                ^~~~~~~~~~~~~~
../src/StateEmbeddedSystemX.h:6:16: note:   no known conversion for argument 1 from 'embbeded_system_xx*' to 'EmbeddedSystemX*'
../src/EmbbededSystemX.cpp: In member function 'void embbeded_system_xx::SelftestOk()':
../src/EmbbededSystemX.cpp:20:25: error: no matching function for call to 'StateEmbeddedSystemX::SelftestOk(embbeded_system_xx*)'
  _state->SelftestOk(this);
                         ^
In file included from ../src/EmbbededSystemX.h:2:0,
                 from ../src/EmbbededSystemX.cpp:1:
../src/StateEmbeddedSystemX.h:8:16: note: candidate: virtual void StateEmbeddedSystemX::SelftestOk(EmbeddedSystemX*)
   virtual void SelftestOk(EmbeddedSystemX*);
                ^~~~~~~~~~
../src/StateEmbeddedSystemX.h:8:16: note:   no known conversion for argument 1 from 'embbeded_system_xx*' to 'EmbeddedSystemX*'
../src/EmbbededSystemX.cpp: In member function 'void embbeded_system_xx::Initalized()':
../src/EmbbededSystemX.cpp:25:25: error: no matching function for call to 'StateEmbeddedSystemX::Initalized(embbeded_system_xx*)'
  _state->Initalized(this);
                         ^
In file included from ../src/EmbbededSystemX.h:2:0,
                 from ../src/EmbbededSystemX.cpp:1:
../src/StateEmbeddedSystemX.h:9:19: note: candidate: virtual void StateEmbeddedSystemX::Initalized(EmbeddedSystemX*)
      virtual void Initalized(EmbeddedSystemX*);
                   ^~~~~~~~~~
../src/StateEmbeddedSystemX.h:9:19: note:   no known conversion for argument 1 from 'embbeded_system_xx*' to 'EmbeddedSystemX*'
../src/EmbbededSystemX.cpp: In member function 'void embbeded_system_xx::Configure()':
../src/EmbbededSystemX.cpp:30:24: error: no matching function for call to 'StateEmbeddedSystemX::Configure(embbeded_system_xx*)'
  _state->Configure(this);
                        ^
In file included from ../src/EmbbededSystemX.h:2:0,
                 from ../src/EmbbededSystemX.cpp:1:
../src/StateEmbeddedSystemX.h:10:16: note: candidate: virtual void StateEmbeddedSystemX::Configure(EmbeddedSystemX*)
   virtual void Configure(EmbeddedSystemX*);
                ^~~~~~~~~
../src/StateEmbeddedSystemX.h:10:16: note:   no known conversion for argument 1 from 'embbeded_system_xx*' to 'EmbeddedSystemX*'
../src/EmbbededSystemX.cpp: In member function 'void embbeded_system_xx::ConfigurationEnded()':
../src/EmbbededSystemX.cpp:35:33: error: no matching function for call to 'StateEmbeddedSystemX::ConfigurationEnded(embbeded_system_xx*)'
  _state->ConfigurationEnded(this);
                                 ^
In file included from ../src/EmbbededSystemX.h:2:0,
                 from ../src/EmbbededSystemX.cpp:1:
../src/StateEmbeddedSystemX.h:11:16: note: candidate: virtual void StateEmbeddedSystemX::ConfigurationEnded(EmbeddedSystemX*)
   virtual void ConfigurationEnded(EmbeddedSystemX*);
                ^~~~~~~~~~~~~~~~~~
../src/StateEmbeddedSystemX.h:11:16: note:   no known conversion for argument 1 from 'embbeded_system_xx*' to 'EmbeddedSystemX*'
make: *** [src/EmbbededSystemX.o] Error 1
19:56:56 **** Auto Build of configuration Debug for project CppTestRtos ****
make pre-build main-build 
a9-linaro-pre-build-step
' '
'Building file: ../src/EmbbededSystemX.cpp'
'Invoking: ARM v7 g++ compiler'
arm-none-eabi-g++ -Wall -O0 -g3 -I"C:\Users\Entvex\Desktop\Assignment3_HW\lab1\lab1.sdk\CppTestRtos\src\os" -c -fmessage-length=0 -MT"src/EmbbededSystemX.o" -mcpu=cortex-a9 -mfpu=vfpv3 -mfloat-abi=hard -I../../freertos901_xilinx_bsp_0/ps7_cortexa9_0/include -MMD -MP -MF"src/EmbbededSystemX.d" -MT"src/EmbbededSystemX.o" -o "src/EmbbededSystemX.o" "../src/EmbbededSystemX.cpp"
../src/EmbbededSystemX.cpp: In member function 'void embbeded_system_xx::restart()':
../src/EmbbededSystemX.cpp:10:22: error: no matching function for call to 'StateEmbeddedSystemX::restart(embbeded_system_xx*)'
  _state->restart(this);
                      ^
In file included from ../src/EmbbededSystemX.h:2:0,
                 from ../src/EmbbededSystemX.cpp:1:
../src/StateEmbeddedSystemX.h:7:16: note: candidate: virtual void StateEmbeddedSystemX::restart(EmbeddedSystemX*)
   virtual void restart(EmbeddedSystemX*);
                ^~~~~~~
../src/StateEmbeddedSystemX.h:7:16: note:   no known conversion for argument 1 from 'embbeded_system_xx*' to 'EmbeddedSystemX*'
../src/EmbbededSystemX.cpp: In member function 'void embbeded_system_xx::SelfTestFailed()':
../src/EmbbededSystemX.cpp:15:34: error: no matching function for call to 'StateEmbeddedSystemX::SelfTestFailed(embbeded_system_xx*, int)'
  _state->SelfTestFailed(this, 404);
                                  ^
In file included from ../src/EmbbededSystemX.h:2:0,
                 from ../src/EmbbededSystemX.cpp:1:
../src/StateEmbeddedSystemX.h:6:16: note: candidate: virtual void StateEmbeddedSystemX::SelfTestFailed(EmbeddedSystemX*, int)
   virtual void SelfTestFailed(EmbeddedSystemX*, int ErrorNo);
                ^~~~~~~~~~~~~~
../src/StateEmbeddedSystemX.h:6:16: note:   no known conversion for argument 1 from 'embbeded_system_xx*' to 'EmbeddedSystemX*'
../src/EmbbededSystemX.cpp: In member function 'void embbeded_system_xx::SelftestOk()':
../src/EmbbededSystemX.cpp:20:25: error: no matching function for call to 'StateEmbeddedSystemX::SelftestOk(embbeded_system_xx*)'
  _state->SelftestOk(this);
                         ^
In file included from ../src/EmbbededSystemX.h:2:0,
                 from ../src/EmbbededSystemX.cpp:1:
../src/StateEmbeddedSystemX.h:8:16: note: candidate: virtual void StateEmbeddedSystemX::SelftestOk(EmbeddedSystemX*)
   virtual void SelftestOk(EmbeddedSystemX*);
                ^~~~~~~~~~
../src/StateEmbeddedSystemX.h:8:16: note:   no known conversion for argument 1 from 'embbeded_system_xx*' to 'EmbeddedSystemX*'
../src/EmbbededSystemX.cpp: In member function 'void embbeded_system_xx::Initalized()':
../src/EmbbededSystemX.cpp:25:25: error: no matching function for call to 'StateEmbeddedSystemX::Initalized(embbeded_system_xx*)'
  _state->Initalized(this);
                         ^
In file included from ../src/EmbbededSystemX.h:2:0,
                 from ../src/EmbbededSystemX.cpp:1:
../src/StateEmbeddedSystemX.h:9:19: note: candidate: virtual void StateEmbeddedSystemX::Initalized(EmbeddedSystemX*)
      virtual void Initalized(EmbeddedSystemX*);
                   ^~~~~~~~~~
../src/StateEmbeddedSystemX.h:9:19: note:   no known conversion for argument 1 from 'embbeded_system_xx*' to 'EmbeddedSystemX*'
../src/EmbbededSystemX.cpp: In member function 'void embbeded_system_xx::Configure()':
../src/EmbbededSystemX.cpp:30:24: error: no matching function for call to 'StateEmbeddedSystemX::Configure(embbeded_system_xx*)'
  _state->Configure(this);
                        ^
In file included from ../src/EmbbededSystemX.h:2:0,
                 from ../src/EmbbededSystemX.cpp:1:
../src/StateEmbeddedSystemX.h:10:16: note: candidate: virtual void StateEmbeddedSystemX::Configure(EmbeddedSystemX*)
   virtual void Configure(EmbeddedSystemX*);
                ^~~~~~~~~
../src/StateEmbeddedSystemX.h:10:16: note:   no known conversion for argument 1 from 'embbeded_system_xx*' to 'EmbeddedSystemX*'
../src/EmbbededSystemX.cpp: In member function 'void embbeded_system_xx::ConfigurationEnded()':
../src/EmbbededSystemX.cpp:35:33: error: no matching function for call to 'StateEmbeddedSystemX::ConfigurationEnded(embbeded_system_xx*)'
  _state->ConfigurationEnded(this);
                                 ^
In file included from ../src/EmbbededSystemX.h:2:0,
                 from ../src/EmbbededSystemX.cpp:1:
../src/StateEmbeddedSystemX.h:11:16: note: candidate: virtual void StateEmbeddedSystemX::ConfigurationEnded(EmbeddedSystemX*)
   virtual void ConfigurationEnded(EmbeddedSystemX*);
                ^~~~~~~~~~~~~~~~~~
../src/StateEmbeddedSystemX.h:11:16: note:   no known conversion for argument 1 from 'embbeded_system_xx*' to 'EmbeddedSystemX*'
make: *** [src/EmbbededSystemX.o] Error 1
19:57:07 **** Auto Build of configuration Debug for project CppTestRtos ****
make pre-build main-build 
a9-linaro-pre-build-step
' '
'Building file: ../src/EmbbededSystemX.cpp'
'Invoking: ARM v7 g++ compiler'
arm-none-eabi-g++ -Wall -O0 -g3 -I"C:\Users\Entvex\Desktop\Assignment3_HW\lab1\lab1.sdk\CppTestRtos\src\os" -c -fmessage-length=0 -MT"src/EmbbededSystemX.o" -mcpu=cortex-a9 -mfpu=vfpv3 -mfloat-abi=hard -I../../freertos901_xilinx_bsp_0/ps7_cortexa9_0/include -MMD -MP -MF"src/EmbbededSystemX.d" -MT"src/EmbbededSystemX.o" -o "src/EmbbededSystemX.o" "../src/EmbbededSystemX.cpp"
../src/EmbbededSystemX.cpp: In member function 'void embbeded_system_xx::restart()':
../src/EmbbededSystemX.cpp:10:22: error: no matching function for call to 'StateEmbeddedSystemX::restart(embbeded_system_xx*)'
  _state->restart(this);
                      ^
In file included from ../src/EmbbededSystemX.h:2:0,
                 from ../src/EmbbededSystemX.cpp:1:
../src/StateEmbeddedSystemX.h:7:16: note: candidate: virtual void StateEmbeddedSystemX::restart(EmbeddedSystemX*)
   virtual void restart(EmbeddedSystemX*);
                ^~~~~~~
../src/StateEmbeddedSystemX.h:7:16: note:   no known conversion for argument 1 from 'embbeded_system_xx*' to 'EmbeddedSystemX*'
../src/EmbbededSystemX.cpp: In member function 'void embbeded_system_xx::SelfTestFailed()':
../src/EmbbededSystemX.cpp:15:34: error: no matching function for call to 'StateEmbeddedSystemX::SelfTestFailed(embbeded_system_xx*, int)'
  _state->SelfTestFailed(this, 404);
                                  ^
In file included from ../src/EmbbededSystemX.h:2:0,
                 from ../src/EmbbededSystemX.cpp:1:
../src/StateEmbeddedSystemX.h:6:16: note: candidate: virtual void StateEmbeddedSystemX::SelfTestFailed(EmbeddedSystemX*, int)
   virtual void SelfTestFailed(EmbeddedSystemX*, int ErrorNo);
                ^~~~~~~~~~~~~~
../src/StateEmbeddedSystemX.h:6:16: note:   no known conversion for argument 1 from 'embbeded_system_xx*' to 'EmbeddedSystemX*'
../src/EmbbededSystemX.cpp: In member function 'void embbeded_system_xx::SelftestOk()':
../src/EmbbededSystemX.cpp:20:25: error: no matching function for call to 'StateEmbeddedSystemX::SelftestOk(embbeded_system_xx*)'
  _state->SelftestOk(this);
                         ^
In file included from ../src/EmbbededSystemX.h:2:0,
                 from ../src/EmbbededSystemX.cpp:1:
../src/StateEmbeddedSystemX.h:8:16: note: candidate: virtual void StateEmbeddedSystemX::SelftestOk(EmbeddedSystemX*)
   virtual void SelftestOk(EmbeddedSystemX*);
                ^~~~~~~~~~
../src/StateEmbeddedSystemX.h:8:16: note:   no known conversion for argument 1 from 'embbeded_system_xx*' to 'EmbeddedSystemX*'
../src/EmbbededSystemX.cpp: In member function 'void embbeded_system_xx::Initalized()':
../src/EmbbededSystemX.cpp:25:25: error: no matching function for call to 'StateEmbeddedSystemX::Initalized(embbeded_system_xx*)'
  _state->Initalized(this);
                         ^
In file included from ../src/EmbbededSystemX.h:2:0,
                 from ../src/EmbbededSystemX.cpp:1:
../src/StateEmbeddedSystemX.h:9:19: note: candidate: virtual void StateEmbeddedSystemX::Initalized(EmbeddedSystemX*)
      virtual void Initalized(EmbeddedSystemX*);
                   ^~~~~~~~~~
../src/StateEmbeddedSystemX.h:9:19: note:   no known conversion for argument 1 from 'embbeded_system_xx*' to 'EmbeddedSystemX*'
../src/EmbbededSystemX.cpp: In member function 'void embbeded_system_xx::Configure()':
../src/EmbbededSystemX.cpp:30:24: error: no matching function for call to 'StateEmbeddedSystemX::Configure(embbeded_system_xx*)'
  _state->Configure(this);
                        ^
In file included from ../src/EmbbededSystemX.h:2:0,
                 from ../src/EmbbededSystemX.cpp:1:
../src/StateEmbeddedSystemX.h:10:16: note: candidate: virtual void StateEmbeddedSystemX::Configure(EmbeddedSystemX*)
   virtual void Configure(EmbeddedSystemX*);
                ^~~~~~~~~
../src/StateEmbeddedSystemX.h:10:16: note:   no known conversion for argument 1 from 'embbeded_system_xx*' to 'EmbeddedSystemX*'
../src/EmbbededSystemX.cpp: In member function 'void embbeded_system_xx::ConfigurationEnded()':
../src/EmbbededSystemX.cpp:35:33: error: no matching function for call to 'StateEmbeddedSystemX::ConfigurationEnded(embbeded_system_xx*)'
  _state->ConfigurationEnded(this);
                                 ^
In file included from ../src/EmbbededSystemX.h:2:0,
                 from ../src/EmbbededSystemX.cpp:1:
../src/StateEmbeddedSystemX.h:11:16: note: candidate: virtual void StateEmbeddedSystemX::ConfigurationEnded(EmbeddedSystemX*)
   virtual void ConfigurationEnded(EmbeddedSystemX*);
                ^~~~~~~~~~~~~~~~~~
../src/StateEmbeddedSystemX.h:11:16: note:   no known conversion for argument 1 from 'embbeded_system_xx*' to 'EmbeddedSystemX*'
make: *** [src/EmbbededSystemX.o] Error 1
20:01:31 **** Auto Build of configuration Debug for project CppTestRtos ****
make pre-build main-build 
a9-linaro-pre-build-step
' '
'Building file: ../src/EmbbededSystemX.cpp'
'Invoking: ARM v7 g++ compiler'
arm-none-eabi-g++ -Wall -O0 -g3 -I"C:\Users\Entvex\Desktop\Assignment3_HW\lab1\lab1.sdk\CppTestRtos\src\os" -c -fmessage-length=0 -MT"src/EmbbededSystemX.o" -mcpu=cortex-a9 -mfpu=vfpv3 -mfloat-abi=hard -I../../freertos901_xilinx_bsp_0/ps7_cortexa9_0/include -MMD -MP -MF"src/EmbbededSystemX.d" -MT"src/EmbbededSystemX.o" -o "src/EmbbededSystemX.o" "../src/EmbbededSystemX.cpp"
../src/EmbbededSystemX.cpp: In member function 'void embbeded_system_xx::restart()':
../src/EmbbededSystemX.cpp:10:22: error: no matching function for call to 'StateEmbeddedSystemX::restart(embbeded_system_xx*)'
  _state->restart(this);
                      ^
In file included from ../src/EmbbededSystemX.h:2:0,
                 from ../src/EmbbededSystemX.cpp:1:
../src/StateEmbeddedSystemX.h:7:16: note: candidate: virtual void StateEmbeddedSystemX::restart(EmbeddedSystemX*)
   virtual void restart(EmbeddedSystemX*);
                ^~~~~~~
../src/StateEmbeddedSystemX.h:7:16: note:   no known conversion for argument 1 from 'embbeded_system_xx*' to 'EmbeddedSystemX*'
../src/EmbbededSystemX.cpp: In member function 'void embbeded_system_xx::SelfTestFailed()':
../src/EmbbededSystemX.cpp:15:34: error: no matching function for call to 'StateEmbeddedSystemX::SelfTestFailed(embbeded_system_xx*, int)'
  _state->SelfTestFailed(this, 404);
                                  ^
In file included from ../src/EmbbededSystemX.h:2:0,
                 from ../src/EmbbededSystemX.cpp:1:
../src/StateEmbeddedSystemX.h:6:16: note: candidate: virtual void StateEmbeddedSystemX::SelfTestFailed(EmbeddedSystemX*, int)
   virtual void SelfTestFailed(EmbeddedSystemX*, int ErrorNo);
                ^~~~~~~~~~~~~~
../src/StateEmbeddedSystemX.h:6:16: note:   no known conversion for argument 1 from 'embbeded_system_xx*' to 'EmbeddedSystemX*'
../src/EmbbededSystemX.cpp: In member function 'void embbeded_system_xx::SelftestOk()':
../src/EmbbededSystemX.cpp:20:25: error: no matching function for call to 'StateEmbeddedSystemX::SelftestOk(embbeded_system_xx*)'
  _state->SelftestOk(this);
                         ^
In file included from ../src/EmbbededSystemX.h:2:0,
                 from ../src/EmbbededSystemX.cpp:1:
../src/StateEmbeddedSystemX.h:8:16: note: candidate: virtual void StateEmbeddedSystemX::SelftestOk(EmbeddedSystemX*)
   virtual void SelftestOk(EmbeddedSystemX*);
                ^~~~~~~~~~
../src/StateEmbeddedSystemX.h:8:16: note:   no known conversion for argument 1 from 'embbeded_system_xx*' to 'EmbeddedSystemX*'
../src/EmbbededSystemX.cpp: In member function 'void embbeded_system_xx::Initalized()':
../src/EmbbededSystemX.cpp:25:25: error: no matching function for call to 'StateEmbeddedSystemX::Initalized(embbeded_system_xx*)'
  _state->Initalized(this);
                         ^
In file included from ../src/EmbbededSystemX.h:2:0,
                 from ../src/EmbbededSystemX.cpp:1:
../src/StateEmbeddedSystemX.h:9:19: note: candidate: virtual void StateEmbeddedSystemX::Initalized(EmbeddedSystemX*)
      virtual void Initalized(EmbeddedSystemX*);
                   ^~~~~~~~~~
../src/StateEmbeddedSystemX.h:9:19: note:   no known conversion for argument 1 from 'embbeded_system_xx*' to 'EmbeddedSystemX*'
../src/EmbbededSystemX.cpp: In member function 'void embbeded_system_xx::Configure()':
../src/EmbbededSystemX.cpp:30:24: error: no matching function for call to 'StateEmbeddedSystemX::Configure(embbeded_system_xx*)'
  _state->Configure(this);
                        ^
In file included from ../src/EmbbededSystemX.h:2:0,
                 from ../src/EmbbededSystemX.cpp:1:
../src/StateEmbeddedSystemX.h:10:16: note: candidate: virtual void StateEmbeddedSystemX::Configure(EmbeddedSystemX*)
   virtual void Configure(EmbeddedSystemX*);
                ^~~~~~~~~
../src/StateEmbeddedSystemX.h:10:16: note:   no known conversion for argument 1 from 'embbeded_system_xx*' to 'EmbeddedSystemX*'
../src/EmbbededSystemX.cpp: In member function 'void embbeded_system_xx::ConfigurationEnded()':
../src/EmbbededSystemX.cpp:37:48: error: expected primary-expression before ')' token
  _state->ConfigurationEnded( embbeded_system_xx)
                                                ^
make: *** [src/EmbbededSystemX.o] Error 1
20:01:42 **** Auto Build of configuration Debug for project CppTestRtos ****
make pre-build main-build 
a9-linaro-pre-build-step
' '
'Building file: ../src/EmbbededSystemX.cpp'
'Invoking: ARM v7 g++ compiler'
arm-none-eabi-g++ -Wall -O0 -g3 -I"C:\Users\Entvex\Desktop\Assignment3_HW\lab1\lab1.sdk\CppTestRtos\src\os" -c -fmessage-length=0 -MT"src/EmbbededSystemX.o" -mcpu=cortex-a9 -mfpu=vfpv3 -mfloat-abi=hard -I../../freertos901_xilinx_bsp_0/ps7_cortexa9_0/include -MMD -MP -MF"src/EmbbededSystemX.d" -MT"src/EmbbededSystemX.o" -o "src/EmbbededSystemX.o" "../src/EmbbededSystemX.cpp"
../src/EmbbededSystemX.cpp: In member function 'void embbeded_system_xx::restart()':
../src/EmbbededSystemX.cpp:10:22: error: no matching function for call to 'StateEmbeddedSystemX::restart(embbeded_system_xx*)'
  _state->restart(this);
                      ^
In file included from ../src/EmbbededSystemX.h:2:0,
                 from ../src/EmbbededSystemX.cpp:1:
../src/StateEmbeddedSystemX.h:7:16: note: candidate: virtual void StateEmbeddedSystemX::restart(EmbeddedSystemX*)
   virtual void restart(EmbeddedSystemX*);
                ^~~~~~~
../src/StateEmbeddedSystemX.h:7:16: note:   no known conversion for argument 1 from 'embbeded_system_xx*' to 'EmbeddedSystemX*'
../src/EmbbededSystemX.cpp: In member function 'void embbeded_system_xx::SelfTestFailed()':
../src/EmbbededSystemX.cpp:15:34: error: no matching function for call to 'StateEmbeddedSystemX::SelfTestFailed(embbeded_system_xx*, int)'
  _state->SelfTestFailed(this, 404);
                                  ^
In file included from ../src/EmbbededSystemX.h:2:0,
                 from ../src/EmbbededSystemX.cpp:1:
../src/StateEmbeddedSystemX.h:6:16: note: candidate: virtual void StateEmbeddedSystemX::SelfTestFailed(EmbeddedSystemX*, int)
   virtual void SelfTestFailed(EmbeddedSystemX*, int ErrorNo);
                ^~~~~~~~~~~~~~
../src/StateEmbeddedSystemX.h:6:16: note:   no known conversion for argument 1 from 'embbeded_system_xx*' to 'EmbeddedSystemX*'
../src/EmbbededSystemX.cpp: In member function 'void embbeded_system_xx::SelftestOk()':
../src/EmbbededSystemX.cpp:20:25: error: no matching function for call to 'StateEmbeddedSystemX::SelftestOk(embbeded_system_xx*)'
  _state->SelftestOk(this);
                         ^
In file included from ../src/EmbbededSystemX.h:2:0,
                 from ../src/EmbbededSystemX.cpp:1:
../src/StateEmbeddedSystemX.h:8:16: note: candidate: virtual void StateEmbeddedSystemX::SelftestOk(EmbeddedSystemX*)
   virtual void SelftestOk(EmbeddedSystemX*);
                ^~~~~~~~~~
../src/StateEmbeddedSystemX.h:8:16: note:   no known conversion for argument 1 from 'embbeded_system_xx*' to 'EmbeddedSystemX*'
../src/EmbbededSystemX.cpp: In member function 'void embbeded_system_xx::Initalized()':
../src/EmbbededSystemX.cpp:25:25: error: no matching function for call to 'StateEmbeddedSystemX::Initalized(embbeded_system_xx*)'
  _state->Initalized(this);
                         ^
In file included from ../src/EmbbededSystemX.h:2:0,
                 from ../src/EmbbededSystemX.cpp:1:
../src/StateEmbeddedSystemX.h:9:19: note: candidate: virtual void StateEmbeddedSystemX::Initalized(EmbeddedSystemX*)
      virtual void Initalized(EmbeddedSystemX*);
                   ^~~~~~~~~~
../src/StateEmbeddedSystemX.h:9:19: note:   no known conversion for argument 1 from 'embbeded_system_xx*' to 'EmbeddedSystemX*'
../src/EmbbededSystemX.cpp: In member function 'void embbeded_system_xx::Configure()':
../src/EmbbededSystemX.cpp:30:24: error: no matching function for call to 'StateEmbeddedSystemX::Configure(embbeded_system_xx*)'
  _state->Configure(this);
                        ^
In file included from ../src/EmbbededSystemX.h:2:0,
                 from ../src/EmbbededSystemX.cpp:1:
../src/StateEmbeddedSystemX.h:10:16: note: candidate: virtual void StateEmbeddedSystemX::Configure(EmbeddedSystemX*)
   virtual void Configure(EmbeddedSystemX*);
                ^~~~~~~~~
../src/StateEmbeddedSystemX.h:10:16: note:   no known conversion for argument 1 from 'embbeded_system_xx*' to 'EmbeddedSystemX*'
../src/EmbbededSystemX.cpp: In member function 'void embbeded_system_xx::ConfigurationEnded()':
../src/EmbbededSystemX.cpp:37:48: error: expected primary-expression before '*' token
  _state->ConfigurationEnded( embbeded_system_xx*)
                                                ^
../src/EmbbededSystemX.cpp:37:49: error: expected primary-expression before ')' token
  _state->ConfigurationEnded( embbeded_system_xx*)
                                                 ^
make: *** [src/EmbbededSystemX.o] Error 1
20:02:59 **** Auto Build of configuration Debug for project CppTestRtos ****
make pre-build main-build 
a9-linaro-pre-build-step
' '
'Building file: ../src/EmbbededSystemX.cpp'
'Invoking: ARM v7 g++ compiler'
arm-none-eabi-g++ -Wall -O0 -g3 -I"C:\Users\Entvex\Desktop\Assignment3_HW\lab1\lab1.sdk\CppTestRtos\src\os" -c -fmessage-length=0 -MT"src/EmbbededSystemX.o" -mcpu=cortex-a9 -mfpu=vfpv3 -mfloat-abi=hard -I../../freertos901_xilinx_bsp_0/ps7_cortexa9_0/include -MMD -MP -MF"src/EmbbededSystemX.d" -MT"src/EmbbededSystemX.o" -o "src/EmbbededSystemX.o" "../src/EmbbededSystemX.cpp"
../src/EmbbededSystemX.cpp: In member function 'void embbeded_system_xx::restart()':
../src/EmbbededSystemX.cpp:10:22: error: no matching function for call to 'StateEmbeddedSystemX::restart(embbeded_system_xx*)'
  _state->restart(this);
                      ^
In file included from ../src/EmbbededSystemX.h:2:0,
                 from ../src/EmbbededSystemX.cpp:1:
../src/StateEmbeddedSystemX.h:7:16: note: candidate: virtual void StateEmbeddedSystemX::restart(EmbeddedSystemX*)
   virtual void restart(EmbeddedSystemX*);
                ^~~~~~~
../src/StateEmbeddedSystemX.h:7:16: note:   no known conversion for argument 1 from 'embbeded_system_xx*' to 'EmbeddedSystemX*'
../src/EmbbededSystemX.cpp: In member function 'void embbeded_system_xx::SelfTestFailed()':
../src/EmbbededSystemX.cpp:15:34: error: no matching function for call to 'StateEmbeddedSystemX::SelfTestFailed(embbeded_system_xx*, int)'
  _state->SelfTestFailed(this, 404);
                                  ^
In file included from ../src/EmbbededSystemX.h:2:0,
                 from ../src/EmbbededSystemX.cpp:1:
../src/StateEmbeddedSystemX.h:6:16: note: candidate: virtual void StateEmbeddedSystemX::SelfTestFailed(EmbeddedSystemX*, int)
   virtual void SelfTestFailed(EmbeddedSystemX*, int ErrorNo);
                ^~~~~~~~~~~~~~
../src/StateEmbeddedSystemX.h:6:16: note:   no known conversion for argument 1 from 'embbeded_system_xx*' to 'EmbeddedSystemX*'
../src/EmbbededSystemX.cpp: In member function 'void embbeded_system_xx::SelftestOk()':
../src/EmbbededSystemX.cpp:20:25: error: no matching function for call to 'StateEmbeddedSystemX::SelftestOk(embbeded_system_xx*)'
  _state->SelftestOk(this);
                         ^
In file included from ../src/EmbbededSystemX.h:2:0,
                 from ../src/EmbbededSystemX.cpp:1:
../src/StateEmbeddedSystemX.h:8:16: note: candidate: virtual void StateEmbeddedSystemX::SelftestOk(EmbeddedSystemX*)
   virtual void SelftestOk(EmbeddedSystemX*);
                ^~~~~~~~~~
../src/StateEmbeddedSystemX.h:8:16: note:   no known conversion for argument 1 from 'embbeded_system_xx*' to 'EmbeddedSystemX*'
../src/EmbbededSystemX.cpp: In member function 'void embbeded_system_xx::Initalized()':
../src/EmbbededSystemX.cpp:25:25: error: no matching function for call to 'StateEmbeddedSystemX::Initalized(embbeded_system_xx*)'
  _state->Initalized(this);
                         ^
In file included from ../src/EmbbededSystemX.h:2:0,
                 from ../src/EmbbededSystemX.cpp:1:
../src/StateEmbeddedSystemX.h:9:19: note: candidate: virtual void StateEmbeddedSystemX::Initalized(EmbeddedSystemX*)
      virtual void Initalized(EmbeddedSystemX*);
                   ^~~~~~~~~~
../src/StateEmbeddedSystemX.h:9:19: note:   no known conversion for argument 1 from 'embbeded_system_xx*' to 'EmbeddedSystemX*'
../src/EmbbededSystemX.cpp: In member function 'void embbeded_system_xx::Configure()':
../src/EmbbededSystemX.cpp:30:24: error: no matching function for call to 'StateEmbeddedSystemX::Configure(embbeded_system_xx*)'
  _state->Configure(this);
                        ^
In file included from ../src/EmbbededSystemX.h:2:0,
                 from ../src/EmbbededSystemX.cpp:1:
../src/StateEmbeddedSystemX.h:10:16: note: candidate: virtual void StateEmbeddedSystemX::Configure(EmbeddedSystemX*)
   virtual void Configure(EmbeddedSystemX*);
                ^~~~~~~~~
../src/StateEmbeddedSystemX.h:10:16: note:   no known conversion for argument 1 from 'embbeded_system_xx*' to 'EmbeddedSystemX*'
../src/EmbbededSystemX.cpp: In member function 'void embbeded_system_xx::ConfigurationEnded()':
../src/EmbbededSystemX.cpp:37:48: error: expected primary-expression before '*' token
  _state->ConfigurationEnded( embbeded_system_xx* );
                                                ^
../src/EmbbededSystemX.cpp:37:50: error: expected primary-expression before ')' token
  _state->ConfigurationEnded( embbeded_system_xx* );
                                                  ^
make: *** [src/EmbbededSystemX.o] Error 1
20:03:09 **** Auto Build of configuration Debug for project CppTestRtos ****
make pre-build main-build 
a9-linaro-pre-build-step
' '
'Building file: ../src/EmbbededSystemX.cpp'
'Invoking: ARM v7 g++ compiler'
arm-none-eabi-g++ -Wall -O0 -g3 -I"C:\Users\Entvex\Desktop\Assignment3_HW\lab1\lab1.sdk\CppTestRtos\src\os" -c -fmessage-length=0 -MT"src/EmbbededSystemX.o" -mcpu=cortex-a9 -mfpu=vfpv3 -mfloat-abi=hard -I../../freertos901_xilinx_bsp_0/ps7_cortexa9_0/include -MMD -MP -MF"src/EmbbededSystemX.d" -MT"src/EmbbededSystemX.o" -o "src/EmbbededSystemX.o" "../src/EmbbededSystemX.cpp"
../src/EmbbededSystemX.cpp: In member function 'void embbeded_system_xx::restart()':
../src/EmbbededSystemX.cpp:10:22: error: no matching function for call to 'StateEmbeddedSystemX::restart(embbeded_system_xx*)'
  _state->restart(this);
                      ^
In file included from ../src/EmbbededSystemX.h:2:0,
                 from ../src/EmbbededSystemX.cpp:1:
../src/StateEmbeddedSystemX.h:7:16: note: candidate: virtual void StateEmbeddedSystemX::restart(EmbeddedSystemX*)
   virtual void restart(EmbeddedSystemX*);
                ^~~~~~~
../src/StateEmbeddedSystemX.h:7:16: note:   no known conversion for argument 1 from 'embbeded_system_xx*' to 'EmbeddedSystemX*'
../src/EmbbededSystemX.cpp: In member function 'void embbeded_system_xx::SelfTestFailed()':
../src/EmbbededSystemX.cpp:15:34: error: no matching function for call to 'StateEmbeddedSystemX::SelfTestFailed(embbeded_system_xx*, int)'
  _state->SelfTestFailed(this, 404);
                                  ^
In file included from ../src/EmbbededSystemX.h:2:0,
                 from ../src/EmbbededSystemX.cpp:1:
../src/StateEmbeddedSystemX.h:6:16: note: candidate: virtual void StateEmbeddedSystemX::SelfTestFailed(EmbeddedSystemX*, int)
   virtual void SelfTestFailed(EmbeddedSystemX*, int ErrorNo);
                ^~~~~~~~~~~~~~
../src/StateEmbeddedSystemX.h:6:16: note:   no known conversion for argument 1 from 'embbeded_system_xx*' to 'EmbeddedSystemX*'
../src/EmbbededSystemX.cpp: In member function 'void embbeded_system_xx::SelftestOk()':
../src/EmbbededSystemX.cpp:20:25: error: no matching function for call to 'StateEmbeddedSystemX::SelftestOk(embbeded_system_xx*)'
  _state->SelftestOk(this);
                         ^
In file included from ../src/EmbbededSystemX.h:2:0,
                 from ../src/EmbbededSystemX.cpp:1:
../src/StateEmbeddedSystemX.h:8:16: note: candidate: virtual void StateEmbeddedSystemX::SelftestOk(EmbeddedSystemX*)
   virtual void SelftestOk(EmbeddedSystemX*);
                ^~~~~~~~~~
../src/StateEmbeddedSystemX.h:8:16: note:   no known conversion for argument 1 from 'embbeded_system_xx*' to 'EmbeddedSystemX*'
../src/EmbbededSystemX.cpp: In member function 'void embbeded_system_xx::Initalized()':
../src/EmbbededSystemX.cpp:25:25: error: no matching function for call to 'StateEmbeddedSystemX::Initalized(embbeded_system_xx*)'
  _state->Initalized(this);
                         ^
In file included from ../src/EmbbededSystemX.h:2:0,
                 from ../src/EmbbededSystemX.cpp:1:
../src/StateEmbeddedSystemX.h:9:19: note: candidate: virtual void StateEmbeddedSystemX::Initalized(EmbeddedSystemX*)
      virtual void Initalized(EmbeddedSystemX*);
                   ^~~~~~~~~~
../src/StateEmbeddedSystemX.h:9:19: note:   no known conversion for argument 1 from 'embbeded_system_xx*' to 'EmbeddedSystemX*'
../src/EmbbededSystemX.cpp: In member function 'void embbeded_system_xx::Configure()':
../src/EmbbededSystemX.cpp:30:24: error: no matching function for call to 'StateEmbeddedSystemX::Configure(embbeded_system_xx*)'
  _state->Configure(this);
                        ^
In file included from ../src/EmbbededSystemX.h:2:0,
                 from ../src/EmbbededSystemX.cpp:1:
../src/StateEmbeddedSystemX.h:10:16: note: candidate: virtual void StateEmbeddedSystemX::Configure(EmbeddedSystemX*)
   virtual void Configure(EmbeddedSystemX*);
                ^~~~~~~~~
../src/StateEmbeddedSystemX.h:10:16: note:   no known conversion for argument 1 from 'embbeded_system_xx*' to 'EmbeddedSystemX*'
../src/EmbbededSystemX.cpp: In member function 'void embbeded_system_xx::ConfigurationEnded()':
../src/EmbbededSystemX.cpp:37:49: error: expected primary-expression before ')' token
  _state->ConfigurationEnded( embbeded_system_xx );
                                                 ^
make: *** [src/EmbbededSystemX.o] Error 1
20:04:38 **** Auto Build of configuration Debug for project CppTestRtos ****
make pre-build main-build 
a9-linaro-pre-build-step
' '
'Building file: ../src/EmbbededSystemX.cpp'
'Invoking: ARM v7 g++ compiler'
arm-none-eabi-g++ -Wall -O0 -g3 -I"C:\Users\Entvex\Desktop\Assignment3_HW\lab1\lab1.sdk\CppTestRtos\src\os" -c -fmessage-length=0 -MT"src/EmbbededSystemX.o" -mcpu=cortex-a9 -mfpu=vfpv3 -mfloat-abi=hard -I../../freertos901_xilinx_bsp_0/ps7_cortexa9_0/include -MMD -MP -MF"src/EmbbededSystemX.d" -MT"src/EmbbededSystemX.o" -o "src/EmbbededSystemX.o" "../src/EmbbededSystemX.cpp"
../src/EmbbededSystemX.cpp:8:6: error: prototype for 'void embbeded_system_xx::restart()' does not match any in class 'embbeded_system_xx'
 void embbeded_system_xx::restart()
      ^~~~~~~~~~~~~~~~~~
In file included from ../src/EmbbededSystemX.cpp:1:0:
../src/EmbbededSystemX.h:7:7: error: candidate is: void embbeded_system_xx::restart(StateEmbeddedSystemX*)
  void restart(StateEmbeddedSystemX*);
       ^~~~~~~
../src/EmbbededSystemX.cpp:13:6: error: prototype for 'void embbeded_system_xx::SelfTestFailed()' does not match any in class 'embbeded_system_xx'
 void embbeded_system_xx::SelfTestFailed()
      ^~~~~~~~~~~~~~~~~~
In file included from ../src/EmbbededSystemX.cpp:1:0:
../src/EmbbededSystemX.h:8:7: error: candidate is: void embbeded_system_xx::SelfTestFailed(StateEmbeddedSystemX*)
  void SelfTestFailed(StateEmbeddedSystemX*);
       ^~~~~~~~~~~~~~
../src/EmbbededSystemX.cpp:18:6: error: prototype for 'void embbeded_system_xx::SelftestOk()' does not match any in class 'embbeded_system_xx'
 void embbeded_system_xx::SelftestOk()
      ^~~~~~~~~~~~~~~~~~
In file included from ../src/EmbbededSystemX.cpp:1:0:
../src/EmbbededSystemX.h:9:7: error: candidate is: void embbeded_system_xx::SelftestOk(StateEmbeddedSystemX*)
  void SelftestOk(StateEmbeddedSystemX*);
       ^~~~~~~~~~
../src/EmbbededSystemX.cpp:23:6: error: prototype for 'void embbeded_system_xx::Initalized()' does not match any in class 'embbeded_system_xx'
 void embbeded_system_xx::Initalized()
      ^~~~~~~~~~~~~~~~~~
In file included from ../src/EmbbededSystemX.cpp:1:0:
../src/EmbbededSystemX.h:10:7: error: candidate is: void embbeded_system_xx::Initalized(StateEmbeddedSystemX*)
  void Initalized(StateEmbeddedSystemX*);
       ^~~~~~~~~~
../src/EmbbededSystemX.cpp:28:6: error: prototype for 'void embbeded_system_xx::Configure()' does not match any in class 'embbeded_system_xx'
 void embbeded_system_xx::Configure()
      ^~~~~~~~~~~~~~~~~~
In file included from ../src/EmbbededSystemX.cpp:1:0:
../src/EmbbededSystemX.h:11:7: error: candidate is: void embbeded_system_xx::Configure(StateEmbeddedSystemX*)
  void Configure(StateEmbeddedSystemX*);
       ^~~~~~~~~
../src/EmbbededSystemX.cpp:33:6: error: prototype for 'void embbeded_system_xx::ConfigurationEnded()' does not match any in class 'embbeded_system_xx'
 void embbeded_system_xx::ConfigurationEnded()
      ^~~~~~~~~~~~~~~~~~
In file included from ../src/EmbbededSystemX.cpp:1:0:
../src/EmbbededSystemX.h:12:7: error: candidate is: void embbeded_system_xx::ConfigurationEnded(StateEmbeddedSystemX*)
  void ConfigurationEnded(StateEmbeddedSystemX*);
       ^~~~~~~~~~~~~~~~~~
make: *** [src/EmbbededSystemX.o] Error 1
20:05:19 **** Auto Build of configuration Debug for project CppTestRtos ****
make pre-build main-build 
a9-linaro-pre-build-step
' '
'Building file: ../src/EmbbededSystemX.cpp'
'Invoking: ARM v7 g++ compiler'
arm-none-eabi-g++ -Wall -O0 -g3 -I"C:\Users\Entvex\Desktop\Assignment3_HW\lab1\lab1.sdk\CppTestRtos\src\os" -c -fmessage-length=0 -MT"src/EmbbededSystemX.o" -mcpu=cortex-a9 -mfpu=vfpv3 -mfloat-abi=hard -I../../freertos901_xilinx_bsp_0/ps7_cortexa9_0/include -MMD -MP -MF"src/EmbbededSystemX.d" -MT"src/EmbbededSystemX.o" -o "src/EmbbededSystemX.o" "../src/EmbbededSystemX.cpp"
../src/EmbbededSystemX.cpp: In member function 'void embbeded_system_xx::restart(StateEmbeddedSystemX*)':
../src/EmbbededSystemX.cpp:10:22: error: no matching function for call to 'StateEmbeddedSystemX::restart(embbeded_system_xx*)'
  _state->restart(this);
                      ^
In file included from ../src/EmbbededSystemX.h:2:0,
                 from ../src/EmbbededSystemX.cpp:1:
../src/StateEmbeddedSystemX.h:7:16: note: candidate: virtual void StateEmbeddedSystemX::restart(EmbeddedSystemX*)
   virtual void restart(EmbeddedSystemX*);
                ^~~~~~~
../src/StateEmbeddedSystemX.h:7:16: note:   no known conversion for argument 1 from 'embbeded_system_xx*' to 'EmbeddedSystemX*'
../src/EmbbededSystemX.cpp: In member function 'void embbeded_system_xx::SelfTestFailed(StateEmbeddedSystemX*)':
../src/EmbbededSystemX.cpp:15:34: error: no matching function for call to 'StateEmbeddedSystemX::SelfTestFailed(embbeded_system_xx*, int)'
  _state->SelfTestFailed(this, 404);
                                  ^
In file included from ../src/EmbbededSystemX.h:2:0,
                 from ../src/EmbbededSystemX.cpp:1:
../src/StateEmbeddedSystemX.h:6:16: note: candidate: virtual void StateEmbeddedSystemX::SelfTestFailed(EmbeddedSystemX*, int)
   virtual void SelfTestFailed(EmbeddedSystemX*, int ErrorNo);
                ^~~~~~~~~~~~~~
../src/StateEmbeddedSystemX.h:6:16: note:   no known conversion for argument 1 from 'embbeded_system_xx*' to 'EmbeddedSystemX*'
../src/EmbbededSystemX.cpp: In member function 'void embbeded_system_xx::SelftestOk(StateEmbeddedSystemX*)':
../src/EmbbededSystemX.cpp:20:25: error: no matching function for call to 'StateEmbeddedSystemX::SelftestOk(embbeded_system_xx*)'
  _state->SelftestOk(this);
                         ^
In file included from ../src/EmbbededSystemX.h:2:0,
                 from ../src/EmbbededSystemX.cpp:1:
../src/StateEmbeddedSystemX.h:8:16: note: candidate: virtual void StateEmbeddedSystemX::SelftestOk(EmbeddedSystemX*)
   virtual void SelftestOk(EmbeddedSystemX*);
                ^~~~~~~~~~
../src/StateEmbeddedSystemX.h:8:16: note:   no known conversion for argument 1 from 'embbeded_system_xx*' to 'EmbeddedSystemX*'
../src/EmbbededSystemX.cpp: In member function 'void embbeded_system_xx::Initalized(StateEmbeddedSystemX*)':
../src/EmbbededSystemX.cpp:25:25: error: no matching function for call to 'StateEmbeddedSystemX::Initalized(embbeded_system_xx*)'
  _state->Initalized(this);
                         ^
In file included from ../src/EmbbededSystemX.h:2:0,
                 from ../src/EmbbededSystemX.cpp:1:
../src/StateEmbeddedSystemX.h:9:19: note: candidate: virtual void StateEmbeddedSystemX::Initalized(EmbeddedSystemX*)
      virtual void Initalized(EmbeddedSystemX*);
                   ^~~~~~~~~~
../src/StateEmbeddedSystemX.h:9:19: note:   no known conversion for argument 1 from 'embbeded_system_xx*' to 'EmbeddedSystemX*'
../src/EmbbededSystemX.cpp: In member function 'void embbeded_system_xx::Configure(StateEmbeddedSystemX*)':
../src/EmbbededSystemX.cpp:30:24: error: no matching function for call to 'StateEmbeddedSystemX::Configure(embbeded_system_xx*)'
  _state->Configure(this);
                        ^
In file included from ../src/EmbbededSystemX.h:2:0,
                 from ../src/EmbbededSystemX.cpp:1:
../src/StateEmbeddedSystemX.h:10:16: note: candidate: virtual void StateEmbeddedSystemX::Configure(EmbeddedSystemX*)
   virtual void Configure(EmbeddedSystemX*);
                ^~~~~~~~~
../src/StateEmbeddedSystemX.h:10:16: note:   no known conversion for argument 1 from 'embbeded_system_xx*' to 'EmbeddedSystemX*'
../src/EmbbededSystemX.cpp: In member function 'void embbeded_system_xx::ConfigurationEnded(StateEmbeddedSystemX*)':
../src/EmbbededSystemX.cpp:37:49: error: expected primary-expression before ')' token
  _state->ConfigurationEnded( embbeded_system_xx );
                                                 ^
make: *** [src/EmbbededSystemX.o] Error 1
20:05:36 **** Auto Build of configuration Debug for project CppTestRtos ****
make pre-build main-build 
a9-linaro-pre-build-step
' '
'Building file: ../src/EmbbededSystemX.cpp'
'Invoking: ARM v7 g++ compiler'
arm-none-eabi-g++ -Wall -O0 -g3 -I"C:\Users\Entvex\Desktop\Assignment3_HW\lab1\lab1.sdk\CppTestRtos\src\os" -c -fmessage-length=0 -MT"src/EmbbededSystemX.o" -mcpu=cortex-a9 -mfpu=vfpv3 -mfloat-abi=hard -I../../freertos901_xilinx_bsp_0/ps7_cortexa9_0/include -MMD -MP -MF"src/EmbbededSystemX.d" -MT"src/EmbbededSystemX.o" -o "src/EmbbededSystemX.o" "../src/EmbbededSystemX.cpp"
../src/EmbbededSystemX.cpp: In member function 'void embbeded_system_xx::restart(StateEmbeddedSystemX*)':
../src/EmbbededSystemX.cpp:10:22: error: no matching function for call to 'StateEmbeddedSystemX::restart(embbeded_system_xx*)'
  _state->restart(this);
                      ^
In file included from ../src/EmbbededSystemX.h:2:0,
                 from ../src/EmbbededSystemX.cpp:1:
../src/StateEmbeddedSystemX.h:7:16: note: candidate: virtual void StateEmbeddedSystemX::restart(EmbeddedSystemX*)
   virtual void restart(EmbeddedSystemX*);
                ^~~~~~~
../src/StateEmbeddedSystemX.h:7:16: note:   no known conversion for argument 1 from 'embbeded_system_xx*' to 'EmbeddedSystemX*'
../src/EmbbededSystemX.cpp: In member function 'void embbeded_system_xx::SelfTestFailed(StateEmbeddedSystemX*)':
../src/EmbbededSystemX.cpp:15:34: error: no matching function for call to 'StateEmbeddedSystemX::SelfTestFailed(embbeded_system_xx*, int)'
  _state->SelfTestFailed(this, 404);
                                  ^
In file included from ../src/EmbbededSystemX.h:2:0,
                 from ../src/EmbbededSystemX.cpp:1:
../src/StateEmbeddedSystemX.h:6:16: note: candidate: virtual void StateEmbeddedSystemX::SelfTestFailed(EmbeddedSystemX*, int)
   virtual void SelfTestFailed(EmbeddedSystemX*, int ErrorNo);
                ^~~~~~~~~~~~~~
../src/StateEmbeddedSystemX.h:6:16: note:   no known conversion for argument 1 from 'embbeded_system_xx*' to 'EmbeddedSystemX*'
../src/EmbbededSystemX.cpp: In member function 'void embbeded_system_xx::SelftestOk(StateEmbeddedSystemX*)':
../src/EmbbededSystemX.cpp:20:25: error: no matching function for call to 'StateEmbeddedSystemX::SelftestOk(embbeded_system_xx*)'
  _state->SelftestOk(this);
                         ^
In file included from ../src/EmbbededSystemX.h:2:0,
                 from ../src/EmbbededSystemX.cpp:1:
../src/StateEmbeddedSystemX.h:8:16: note: candidate: virtual void StateEmbeddedSystemX::SelftestOk(EmbeddedSystemX*)
   virtual void SelftestOk(EmbeddedSystemX*);
                ^~~~~~~~~~
../src/StateEmbeddedSystemX.h:8:16: note:   no known conversion for argument 1 from 'embbeded_system_xx*' to 'EmbeddedSystemX*'
../src/EmbbededSystemX.cpp: In member function 'void embbeded_system_xx::Initalized(StateEmbeddedSystemX*)':
../src/EmbbededSystemX.cpp:25:25: error: no matching function for call to 'StateEmbeddedSystemX::Initalized(embbeded_system_xx*)'
  _state->Initalized(this);
                         ^
In file included from ../src/EmbbededSystemX.h:2:0,
                 from ../src/EmbbededSystemX.cpp:1:
../src/StateEmbeddedSystemX.h:9:19: note: candidate: virtual void StateEmbeddedSystemX::Initalized(EmbeddedSystemX*)
      virtual void Initalized(EmbeddedSystemX*);
                   ^~~~~~~~~~
../src/StateEmbeddedSystemX.h:9:19: note:   no known conversion for argument 1 from 'embbeded_system_xx*' to 'EmbeddedSystemX*'
../src/EmbbededSystemX.cpp: In member function 'void embbeded_system_xx::Configure(StateEmbeddedSystemX*)':
../src/EmbbededSystemX.cpp:30:24: error: no matching function for call to 'StateEmbeddedSystemX::Configure(embbeded_system_xx*)'
  _state->Configure(this);
                        ^
In file included from ../src/EmbbededSystemX.h:2:0,
                 from ../src/EmbbededSystemX.cpp:1:
../src/StateEmbeddedSystemX.h:10:16: note: candidate: virtual void StateEmbeddedSystemX::Configure(EmbeddedSystemX*)
   virtual void Configure(EmbeddedSystemX*);
                ^~~~~~~~~
../src/StateEmbeddedSystemX.h:10:16: note:   no known conversion for argument 1 from 'embbeded_system_xx*' to 'EmbeddedSystemX*'
make: *** [src/EmbbededSystemX.o] Error 1
20:08:49 **** Auto Build of configuration Debug for project CppTestRtos ****
make pre-build main-build 
a9-linaro-pre-build-step
' '
'Building file: ../src/EmbbededSystemX.cpp'
'Invoking: ARM v7 g++ compiler'
arm-none-eabi-g++ -Wall -O0 -g3 -I"C:\Users\Entvex\Desktop\Assignment3_HW\lab1\lab1.sdk\CppTestRtos\src\os" -c -fmessage-length=0 -MT"src/EmbbededSystemX.o" -mcpu=cortex-a9 -mfpu=vfpv3 -mfloat-abi=hard -I../../freertos901_xilinx_bsp_0/ps7_cortexa9_0/include -MMD -MP -MF"src/EmbbededSystemX.d" -MT"src/EmbbededSystemX.o" -o "src/EmbbededSystemX.o" "../src/EmbbededSystemX.cpp"
../src/EmbbededSystemX.cpp:2:10: error: #include expects "FILENAME" or <FILENAME>
 #include "PowerOnSelfTest.h"z
          ^~~~~~~~~~~~~~~~~~~~
../src/EmbbededSystemX.cpp:8:6: error: prototype for 'void embbeded_system_xx::restart()' does not match any in class 'embbeded_system_xx'
 void embbeded_system_xx::restart()
      ^~~~~~~~~~~~~~~~~~
In file included from ../src/EmbbededSystemX.cpp:1:0:
../src/EmbbededSystemX.h:7:7: error: candidate is: void embbeded_system_xx::restart(StateEmbeddedSystemX*)
  void restart(StateEmbeddedSystemX*);
       ^~~~~~~
../src/EmbbededSystemX.cpp:13:6: error: prototype for 'void embbeded_system_xx::SelfTestFailed()' does not match any in class 'embbeded_system_xx'
 void embbeded_system_xx::SelfTestFailed()
      ^~~~~~~~~~~~~~~~~~
In file included from ../src/EmbbededSystemX.cpp:1:0:
../src/EmbbededSystemX.h:8:7: error: candidate is: void embbeded_system_xx::SelfTestFailed(StateEmbeddedSystemX*)
  void SelfTestFailed(StateEmbeddedSystemX*);
       ^~~~~~~~~~~~~~
../src/EmbbededSystemX.cpp:18:6: error: prototype for 'void embbeded_system_xx::SelftestOk()' does not match any in class 'embbeded_system_xx'
 void embbeded_system_xx::SelftestOk()
      ^~~~~~~~~~~~~~~~~~
In file included from ../src/EmbbededSystemX.cpp:1:0:
../src/EmbbededSystemX.h:9:7: error: candidate is: void embbeded_system_xx::SelftestOk(StateEmbeddedSystemX*)
  void SelftestOk(StateEmbeddedSystemX*);
       ^~~~~~~~~~
../src/EmbbededSystemX.cpp:23:6: error: prototype for 'void embbeded_system_xx::Initalized()' does not match any in class 'embbeded_system_xx'
 void embbeded_system_xx::Initalized()
      ^~~~~~~~~~~~~~~~~~
In file included from ../src/EmbbededSystemX.cpp:1:0:
../src/EmbbededSystemX.h:10:7: error: candidate is: void embbeded_system_xx::Initalized(StateEmbeddedSystemX*)
  void Initalized(StateEmbeddedSystemX*);
       ^~~~~~~~~~
../src/EmbbededSystemX.cpp:28:6: error: prototype for 'void embbeded_system_xx::Configure()' does not match any in class 'embbeded_system_xx'
 void embbeded_system_xx::Configure()
      ^~~~~~~~~~~~~~~~~~
In file included from ../src/EmbbededSystemX.cpp:1:0:
../src/EmbbededSystemX.h:11:7: error: candidate is: void embbeded_system_xx::Configure(StateEmbeddedSystemX*)
  void Configure(StateEmbeddedSystemX*);
       ^~~~~~~~~
../src/EmbbededSystemX.cpp:33:6: error: prototype for 'void embbeded_system_xx::ConfigurationEnded()' does not match any in class 'embbeded_system_xx'
 void embbeded_system_xx::ConfigurationEnded()
      ^~~~~~~~~~~~~~~~~~
In file included from ../src/EmbbededSystemX.cpp:1:0:
../src/EmbbededSystemX.h:12:7: error: candidate is: void embbeded_system_xx::ConfigurationEnded(StateEmbeddedSystemX*)
  void ConfigurationEnded(StateEmbeddedSystemX*);
       ^~~~~~~~~~~~~~~~~~
../src/EmbbededSystemX.cpp: In constructor 'embbeded_system_xx::embbeded_system_xx()':
../src/EmbbededSystemX.cpp:39:11: error: 'PowerOnSelfTest' has not been declared
  _state = PowerOnSelfTest::Instance();
           ^~~~~~~~~~~~~~~
make: *** [src/EmbbededSystemX.o] Error 1
20:09:04 **** Auto Build of configuration Debug for project CppTestRtos ****
make pre-build main-build 
a9-linaro-pre-build-step
' '
'Building file: ../src/EmbbededSystemX.cpp'
'Invoking: ARM v7 g++ compiler'
arm-none-eabi-g++ -Wall -O0 -g3 -I"C:\Users\Entvex\Desktop\Assignment3_HW\lab1\lab1.sdk\CppTestRtos\src\os" -c -fmessage-length=0 -MT"src/EmbbededSystemX.o" -mcpu=cortex-a9 -mfpu=vfpv3 -mfloat-abi=hard -I../../freertos901_xilinx_bsp_0/ps7_cortexa9_0/include -MMD -MP -MF"src/EmbbededSystemX.d" -MT"src/EmbbededSystemX.o" -o "src/EmbbededSystemX.o" "../src/EmbbededSystemX.cpp"
../src/EmbbededSystemX.cpp:8:6: error: prototype for 'void embbeded_system_xx::restart()' does not match any in class 'embbeded_system_xx'
 void embbeded_system_xx::restart()
      ^~~~~~~~~~~~~~~~~~
In file included from ../src/EmbbededSystemX.cpp:1:0:
../src/EmbbededSystemX.h:7:7: error: candidate is: void embbeded_system_xx::restart(StateEmbeddedSystemX*)
  void restart(StateEmbeddedSystemX*);
       ^~~~~~~
../src/EmbbededSystemX.cpp:13:6: error: prototype for 'void embbeded_system_xx::SelfTestFailed()' does not match any in class 'embbeded_system_xx'
 void embbeded_system_xx::SelfTestFailed()
      ^~~~~~~~~~~~~~~~~~
In file included from ../src/EmbbededSystemX.cpp:1:0:
../src/EmbbededSystemX.h:8:7: error: candidate is: void embbeded_system_xx::SelfTestFailed(StateEmbeddedSystemX*)
  void SelfTestFailed(StateEmbeddedSystemX*);
       ^~~~~~~~~~~~~~
../src/EmbbededSystemX.cpp:18:6: error: prototype for 'void embbeded_system_xx::SelftestOk()' does not match any in class 'embbeded_system_xx'
 void embbeded_system_xx::SelftestOk()
      ^~~~~~~~~~~~~~~~~~
In file included from ../src/EmbbededSystemX.cpp:1:0:
../src/EmbbededSystemX.h:9:7: error: candidate is: void embbeded_system_xx::SelftestOk(StateEmbeddedSystemX*)
  void SelftestOk(StateEmbeddedSystemX*);
       ^~~~~~~~~~
../src/EmbbededSystemX.cpp:23:6: error: prototype for 'void embbeded_system_xx::Initalized()' does not match any in class 'embbeded_system_xx'
 void embbeded_system_xx::Initalized()
      ^~~~~~~~~~~~~~~~~~
In file included from ../src/EmbbededSystemX.cpp:1:0:
../src/EmbbededSystemX.h:10:7: error: candidate is: void embbeded_system_xx::Initalized(StateEmbeddedSystemX*)
  void Initalized(StateEmbeddedSystemX*);
       ^~~~~~~~~~
../src/EmbbededSystemX.cpp:28:6: error: prototype for 'void embbeded_system_xx::Configure()' does not match any in class 'embbeded_system_xx'
 void embbeded_system_xx::Configure()
      ^~~~~~~~~~~~~~~~~~
In file included from ../src/EmbbededSystemX.cpp:1:0:
../src/EmbbededSystemX.h:11:7: error: candidate is: void embbeded_system_xx::Configure(StateEmbeddedSystemX*)
  void Configure(StateEmbeddedSystemX*);
       ^~~~~~~~~
../src/EmbbededSystemX.cpp:33:6: error: prototype for 'void embbeded_system_xx::ConfigurationEnded()' does not match any in class 'embbeded_system_xx'
 void embbeded_system_xx::ConfigurationEnded()
      ^~~~~~~~~~~~~~~~~~
In file included from ../src/EmbbededSystemX.cpp:1:0:
../src/EmbbededSystemX.h:12:7: error: candidate is: void embbeded_system_xx::ConfigurationEnded(StateEmbeddedSystemX*)
  void ConfigurationEnded(StateEmbeddedSystemX*);
       ^~~~~~~~~~~~~~~~~~
make: *** [src/EmbbededSystemX.o] Error 1
20:09:29 **** Auto Build of configuration Debug for project CppTestRtos ****
make pre-build main-build 
a9-linaro-pre-build-step
' '
'Building file: ../src/EmbbededSystemX.cpp'
'Invoking: ARM v7 g++ compiler'
arm-none-eabi-g++ -Wall -O0 -g3 -I"C:\Users\Entvex\Desktop\Assignment3_HW\lab1\lab1.sdk\CppTestRtos\src\os" -c -fmessage-length=0 -MT"src/EmbbededSystemX.o" -mcpu=cortex-a9 -mfpu=vfpv3 -mfloat-abi=hard -I../../freertos901_xilinx_bsp_0/ps7_cortexa9_0/include -MMD -MP -MF"src/EmbbededSystemX.d" -MT"src/EmbbededSystemX.o" -o "src/EmbbededSystemX.o" "../src/EmbbededSystemX.cpp"
../src/EmbbededSystemX.cpp: In member function 'void embbeded_system_xx::restart(StateEmbeddedSystemX*)':
../src/EmbbededSystemX.cpp:10:22: error: no matching function for call to 'StateEmbeddedSystemX::restart(embbeded_system_xx*)'
  _state->restart(this);
                      ^
In file included from ../src/EmbbededSystemX.h:2:0,
                 from ../src/EmbbededSystemX.cpp:1:
../src/StateEmbeddedSystemX.h:7:16: note: candidate: virtual void StateEmbeddedSystemX::restart(EmbeddedSystemX*)
   virtual void restart(EmbeddedSystemX*);
                ^~~~~~~
../src/StateEmbeddedSystemX.h:7:16: note:   no known conversion for argument 1 from 'embbeded_system_xx*' to 'EmbeddedSystemX*'
../src/EmbbededSystemX.cpp: At global scope:
../src/EmbbededSystemX.cpp:13:6: error: prototype for 'void embbeded_system_xx::SelfTestFailed()' does not match any in class 'embbeded_system_xx'
 void embbeded_system_xx::SelfTestFailed()
      ^~~~~~~~~~~~~~~~~~
In file included from ../src/EmbbededSystemX.cpp:1:0:
../src/EmbbededSystemX.h:8:7: error: candidate is: void embbeded_system_xx::SelfTestFailed(StateEmbeddedSystemX*)
  void SelfTestFailed(StateEmbeddedSystemX*);
       ^~~~~~~~~~~~~~
../src/EmbbededSystemX.cpp:18:6: error: prototype for 'void embbeded_system_xx::SelftestOk()' does not match any in class 'embbeded_system_xx'
 void embbeded_system_xx::SelftestOk()
      ^~~~~~~~~~~~~~~~~~
In file included from ../src/EmbbededSystemX.cpp:1:0:
../src/EmbbededSystemX.h:9:7: error: candidate is: void embbeded_system_xx::SelftestOk(StateEmbeddedSystemX*)
  void SelftestOk(StateEmbeddedSystemX*);
       ^~~~~~~~~~
../src/EmbbededSystemX.cpp:23:6: error: prototype for 'void embbeded_system_xx::Initalized()' does not match any in class 'embbeded_system_xx'
 void embbeded_system_xx::Initalized()
      ^~~~~~~~~~~~~~~~~~
In file included from ../src/EmbbededSystemX.cpp:1:0:
../src/EmbbededSystemX.h:10:7: error: candidate is: void embbeded_system_xx::Initalized(StateEmbeddedSystemX*)
  void Initalized(StateEmbeddedSystemX*);
       ^~~~~~~~~~
../src/EmbbededSystemX.cpp:28:6: error: prototype for 'void embbeded_system_xx::Configure()' does not match any in class 'embbeded_system_xx'
 void embbeded_system_xx::Configure()
      ^~~~~~~~~~~~~~~~~~
In file included from ../src/EmbbededSystemX.cpp:1:0:
../src/EmbbededSystemX.h:11:7: error: candidate is: void embbeded_system_xx::Configure(StateEmbeddedSystemX*)
  void Configure(StateEmbeddedSystemX*);
       ^~~~~~~~~
../src/EmbbededSystemX.cpp:33:6: error: prototype for 'void embbeded_system_xx::ConfigurationEnded()' does not match any in class 'embbeded_system_xx'
 void embbeded_system_xx::ConfigurationEnded()
      ^~~~~~~~~~~~~~~~~~
In file included from ../src/EmbbededSystemX.cpp:1:0:
../src/EmbbededSystemX.h:12:7: error: candidate is: void embbeded_system_xx::ConfigurationEnded(StateEmbeddedSystemX*)
  void ConfigurationEnded(StateEmbeddedSystemX*);
       ^~~~~~~~~~~~~~~~~~
make: *** [src/EmbbededSystemX.o] Error 1
20:09:48 **** Auto Build of configuration Debug for project CppTestRtos ****
make pre-build main-build 
a9-linaro-pre-build-step
' '
'Building file: ../src/EmbbededSystemX.cpp'
'Invoking: ARM v7 g++ compiler'
arm-none-eabi-g++ -Wall -O0 -g3 -I"C:\Users\Entvex\Desktop\Assignment3_HW\lab1\lab1.sdk\CppTestRtos\src\os" -c -fmessage-length=0 -MT"src/EmbbededSystemX.o" -mcpu=cortex-a9 -mfpu=vfpv3 -mfloat-abi=hard -I../../freertos901_xilinx_bsp_0/ps7_cortexa9_0/include -MMD -MP -MF"src/EmbbededSystemX.d" -MT"src/EmbbededSystemX.o" -o "src/EmbbededSystemX.o" "../src/EmbbededSystemX.cpp"
../src/EmbbededSystemX.cpp:8:6: error: prototype for 'void embbeded_system_xx::restart(StateEmbeddedSystemX*)' does not match any in class 'embbeded_system_xx'
 void embbeded_system_xx::restart(StateEmbeddedSystemX*)
      ^~~~~~~~~~~~~~~~~~
In file included from ../src/EmbbededSystemX.cpp:1:0:
../src/EmbbededSystemX.h:7:7: error: candidate is: void embbeded_system_xx::restart()
  void restart();
       ^~~~~~~
../src/EmbbededSystemX.cpp: In member function 'void embbeded_system_xx::SelfTestFailed()':
../src/EmbbededSystemX.cpp:15:34: error: no matching function for call to 'StateEmbeddedSystemX::SelfTestFailed(embbeded_system_xx*, int)'
  _state->SelfTestFailed(this, 404);
                                  ^
In file included from ../src/EmbbededSystemX.h:2:0,
                 from ../src/EmbbededSystemX.cpp:1:
../src/StateEmbeddedSystemX.h:6:16: note: candidate: virtual void StateEmbeddedSystemX::SelfTestFailed(EmbeddedSystemX*, int)
   virtual void SelfTestFailed(EmbeddedSystemX*, int ErrorNo);
                ^~~~~~~~~~~~~~
../src/StateEmbeddedSystemX.h:6:16: note:   no known conversion for argument 1 from 'embbeded_system_xx*' to 'EmbeddedSystemX*'
../src/EmbbededSystemX.cpp: In member function 'void embbeded_system_xx::SelftestOk()':
../src/EmbbededSystemX.cpp:20:25: error: no matching function for call to 'StateEmbeddedSystemX::SelftestOk(embbeded_system_xx*)'
  _state->SelftestOk(this);
                         ^
In file included from ../src/EmbbededSystemX.h:2:0,
                 from ../src/EmbbededSystemX.cpp:1:
../src/StateEmbeddedSystemX.h:8:16: note: candidate: virtual void StateEmbeddedSystemX::SelftestOk(EmbeddedSystemX*)
   virtual void SelftestOk(EmbeddedSystemX*);
                ^~~~~~~~~~
../src/StateEmbeddedSystemX.h:8:16: note:   no known conversion for argument 1 from 'embbeded_system_xx*' to 'EmbeddedSystemX*'
../src/EmbbededSystemX.cpp: In member function 'void embbeded_system_xx::Initalized()':
../src/EmbbededSystemX.cpp:25:25: error: no matching function for call to 'StateEmbeddedSystemX::Initalized(embbeded_system_xx*)'
  _state->Initalized(this);
                         ^
In file included from ../src/EmbbededSystemX.h:2:0,
                 from ../src/EmbbededSystemX.cpp:1:
../src/StateEmbeddedSystemX.h:9:19: note: candidate: virtual void StateEmbeddedSystemX::Initalized(EmbeddedSystemX*)
      virtual void Initalized(EmbeddedSystemX*);
                   ^~~~~~~~~~
../src/StateEmbeddedSystemX.h:9:19: note:   no known conversion for argument 1 from 'embbeded_system_xx*' to 'EmbeddedSystemX*'
../src/EmbbededSystemX.cpp: In member function 'void embbeded_system_xx::Configure()':
../src/EmbbededSystemX.cpp:30:24: error: no matching function for call to 'StateEmbeddedSystemX::Configure(embbeded_system_xx*)'
  _state->Configure(this);
                        ^
In file included from ../src/EmbbededSystemX.h:2:0,
                 from ../src/EmbbededSystemX.cpp:1:
../src/StateEmbeddedSystemX.h:10:16: note: candidate: virtual void StateEmbeddedSystemX::Configure(EmbeddedSystemX*)
   virtual void Configure(EmbeddedSystemX*);
                ^~~~~~~~~
../src/StateEmbeddedSystemX.h:10:16: note:   no known conversion for argument 1 from 'embbeded_system_xx*' to 'EmbeddedSystemX*'
../src/EmbbededSystemX.cpp: In member function 'void embbeded_system_xx::ConfigurationEnded()':
../src/EmbbededSystemX.cpp:35:33: error: no matching function for call to 'StateEmbeddedSystemX::ConfigurationEnded(embbeded_system_xx*)'
  _state->ConfigurationEnded(this);
                                 ^
In file included from ../src/EmbbededSystemX.h:2:0,
                 from ../src/EmbbededSystemX.cpp:1:
../src/StateEmbeddedSystemX.h:11:16: note: candidate: virtual void StateEmbeddedSystemX::ConfigurationEnded(EmbeddedSystemX*)
   virtual void ConfigurationEnded(EmbeddedSystemX*);
                ^~~~~~~~~~~~~~~~~~
../src/StateEmbeddedSystemX.h:11:16: note:   no known conversion for argument 1 from 'embbeded_system_xx*' to 'EmbeddedSystemX*'
make: *** [src/EmbbededSystemX.o] Error 1
20:09:56 **** Auto Build of configuration Debug for project CppTestRtos ****
make pre-build main-build 
a9-linaro-pre-build-step
' '
'Building file: ../src/EmbbededSystemX.cpp'
'Invoking: ARM v7 g++ compiler'
arm-none-eabi-g++ -Wall -O0 -g3 -I"C:\Users\Entvex\Desktop\Assignment3_HW\lab1\lab1.sdk\CppTestRtos\src\os" -c -fmessage-length=0 -MT"src/EmbbededSystemX.o" -mcpu=cortex-a9 -mfpu=vfpv3 -mfloat-abi=hard -I../../freertos901_xilinx_bsp_0/ps7_cortexa9_0/include -MMD -MP -MF"src/EmbbededSystemX.d" -MT"src/EmbbededSystemX.o" -o "src/EmbbededSystemX.o" "../src/EmbbededSystemX.cpp"
../src/EmbbededSystemX.cpp:8:6: error: prototype for 'void embbeded_system_xx::restart(StateEmbeddedSystemX*)' does not match any in class 'embbeded_system_xx'
 void embbeded_system_xx::restart(StateEmbeddedSystemX*)
      ^~~~~~~~~~~~~~~~~~
In file included from ../src/EmbbededSystemX.cpp:1:0:
../src/EmbbededSystemX.h:7:7: error: candidate is: void embbeded_system_xx::restart()
  void restart();
       ^~~~~~~
../src/EmbbededSystemX.cpp: In member function 'void embbeded_system_xx::SelfTestFailed()':
../src/EmbbededSystemX.cpp:15:34: error: no matching function for call to 'StateEmbeddedSystemX::SelfTestFailed(embbeded_system_xx*, int)'
  _state->SelfTestFailed(this, 404);
                                  ^
In file included from ../src/EmbbededSystemX.h:2:0,
                 from ../src/EmbbededSystemX.cpp:1:
../src/StateEmbeddedSystemX.h:6:16: note: candidate: virtual void StateEmbeddedSystemX::SelfTestFailed(EmbeddedSystemX*, int)
   virtual void SelfTestFailed(EmbeddedSystemX*, int ErrorNo);
                ^~~~~~~~~~~~~~
../src/StateEmbeddedSystemX.h:6:16: note:   no known conversion for argument 1 from 'embbeded_system_xx*' to 'EmbeddedSystemX*'
../src/EmbbededSystemX.cpp: In member function 'void embbeded_system_xx::SelftestOk()':
../src/EmbbededSystemX.cpp:20:25: error: no matching function for call to 'StateEmbeddedSystemX::SelftestOk(embbeded_system_xx*)'
  _state->SelftestOk(this);
                         ^
In file included from ../src/EmbbededSystemX.h:2:0,
                 from ../src/EmbbededSystemX.cpp:1:
../src/StateEmbeddedSystemX.h:8:16: note: candidate: virtual void StateEmbeddedSystemX::SelftestOk(EmbeddedSystemX*)
   virtual void SelftestOk(EmbeddedSystemX*);
                ^~~~~~~~~~
../src/StateEmbeddedSystemX.h:8:16: note:   no known conversion for argument 1 from 'embbeded_system_xx*' to 'EmbeddedSystemX*'
../src/EmbbededSystemX.cpp: In member function 'void embbeded_system_xx::Initalized()':
../src/EmbbededSystemX.cpp:25:25: error: no matching function for call to 'StateEmbeddedSystemX::Initalized(embbeded_system_xx*)'
  _state->Initalized(this);
                         ^
In file included from ../src/EmbbededSystemX.h:2:0,
                 from ../src/EmbbededSystemX.cpp:1:
../src/StateEmbeddedSystemX.h:9:19: note: candidate: virtual void StateEmbeddedSystemX::Initalized(EmbeddedSystemX*)
      virtual void Initalized(EmbeddedSystemX*);
                   ^~~~~~~~~~
../src/StateEmbeddedSystemX.h:9:19: note:   no known conversion for argument 1 from 'embbeded_system_xx*' to 'EmbeddedSystemX*'
../src/EmbbededSystemX.cpp: In member function 'void embbeded_system_xx::Configure()':
../src/EmbbededSystemX.cpp:30:24: error: no matching function for call to 'StateEmbeddedSystemX::Configure(embbeded_system_xx*)'
  _state->Configure(this);
                        ^
In file included from ../src/EmbbededSystemX.h:2:0,
                 from ../src/EmbbededSystemX.cpp:1:
../src/StateEmbeddedSystemX.h:10:16: note: candidate: virtual void StateEmbeddedSystemX::Configure(EmbeddedSystemX*)
   virtual void Configure(EmbeddedSystemX*);
                ^~~~~~~~~
../src/StateEmbeddedSystemX.h:10:16: note:   no known conversion for argument 1 from 'embbeded_system_xx*' to 'EmbeddedSystemX*'
../src/EmbbededSystemX.cpp: In member function 'void embbeded_system_xx::ConfigurationEnded()':
../src/EmbbededSystemX.cpp:35:33: error: no matching function for call to 'StateEmbeddedSystemX::ConfigurationEnded(embbeded_system_xx*)'
  _state->ConfigurationEnded(this);
                                 ^
In file included from ../src/EmbbededSystemX.h:2:0,
                 from ../src/EmbbededSystemX.cpp:1:
../src/StateEmbeddedSystemX.h:11:16: note: candidate: virtual void StateEmbeddedSystemX::ConfigurationEnded(EmbeddedSystemX*)
   virtual void ConfigurationEnded(EmbeddedSystemX*);
                ^~~~~~~~~~~~~~~~~~
../src/StateEmbeddedSystemX.h:11:16: note:   no known conversion for argument 1 from 'embbeded_system_xx*' to 'EmbeddedSystemX*'
make: *** [src/EmbbededSystemX.o] Error 1
20:10:04 **** Auto Build of configuration Debug for project CppTestRtos ****
make pre-build main-build 
a9-linaro-pre-build-step
' '
'Building file: ../src/EmbbededSystemX.cpp'
'Invoking: ARM v7 g++ compiler'
arm-none-eabi-g++ -Wall -O0 -g3 -I"C:\Users\Entvex\Desktop\Assignment3_HW\lab1\lab1.sdk\CppTestRtos\src\os" -c -fmessage-length=0 -MT"src/EmbbededSystemX.o" -mcpu=cortex-a9 -mfpu=vfpv3 -mfloat-abi=hard -I../../freertos901_xilinx_bsp_0/ps7_cortexa9_0/include -MMD -MP -MF"src/EmbbededSystemX.d" -MT"src/EmbbededSystemX.o" -o "src/EmbbededSystemX.o" "../src/EmbbededSystemX.cpp"
../src/EmbbededSystemX.cpp: In member function 'void embbeded_system_xx::restart()':
../src/EmbbededSystemX.cpp:10:22: error: no matching function for call to 'StateEmbeddedSystemX::restart(embbeded_system_xx*)'
  _state->restart(this);
                      ^
In file included from ../src/EmbbededSystemX.h:2:0,
                 from ../src/EmbbededSystemX.cpp:1:
../src/StateEmbeddedSystemX.h:7:16: note: candidate: virtual void StateEmbeddedSystemX::restart(EmbeddedSystemX*)
   virtual void restart(EmbeddedSystemX*);
                ^~~~~~~
../src/StateEmbeddedSystemX.h:7:16: note:   no known conversion for argument 1 from 'embbeded_system_xx*' to 'EmbeddedSystemX*'
../src/EmbbededSystemX.cpp: In member function 'void embbeded_system_xx::SelfTestFailed()':
../src/EmbbededSystemX.cpp:15:34: error: no matching function for call to 'StateEmbeddedSystemX::SelfTestFailed(embbeded_system_xx*, int)'
  _state->SelfTestFailed(this, 404);
                                  ^
In file included from ../src/EmbbededSystemX.h:2:0,
                 from ../src/EmbbededSystemX.cpp:1:
../src/StateEmbeddedSystemX.h:6:16: note: candidate: virtual void StateEmbeddedSystemX::SelfTestFailed(EmbeddedSystemX*, int)
   virtual void SelfTestFailed(EmbeddedSystemX*, int ErrorNo);
                ^~~~~~~~~~~~~~
../src/StateEmbeddedSystemX.h:6:16: note:   no known conversion for argument 1 from 'embbeded_system_xx*' to 'EmbeddedSystemX*'
../src/EmbbededSystemX.cpp: In member function 'void embbeded_system_xx::SelftestOk()':
../src/EmbbededSystemX.cpp:20:25: error: no matching function for call to 'StateEmbeddedSystemX::SelftestOk(embbeded_system_xx*)'
  _state->SelftestOk(this);
                         ^
In file included from ../src/EmbbededSystemX.h:2:0,
                 from ../src/EmbbededSystemX.cpp:1:
../src/StateEmbeddedSystemX.h:8:16: note: candidate: virtual void StateEmbeddedSystemX::SelftestOk(EmbeddedSystemX*)
   virtual void SelftestOk(EmbeddedSystemX*);
                ^~~~~~~~~~
../src/StateEmbeddedSystemX.h:8:16: note:   no known conversion for argument 1 from 'embbeded_system_xx*' to 'EmbeddedSystemX*'
../src/EmbbededSystemX.cpp: In member function 'void embbeded_system_xx::Initalized()':
../src/EmbbededSystemX.cpp:25:25: error: no matching function for call to 'StateEmbeddedSystemX::Initalized(embbeded_system_xx*)'
  _state->Initalized(this);
                         ^
In file included from ../src/EmbbededSystemX.h:2:0,
                 from ../src/EmbbededSystemX.cpp:1:
../src/StateEmbeddedSystemX.h:9:19: note: candidate: virtual void StateEmbeddedSystemX::Initalized(EmbeddedSystemX*)
      virtual void Initalized(EmbeddedSystemX*);
                   ^~~~~~~~~~
../src/StateEmbeddedSystemX.h:9:19: note:   no known conversion for argument 1 from 'embbeded_system_xx*' to 'EmbeddedSystemX*'
../src/EmbbededSystemX.cpp: In member function 'void embbeded_system_xx::Configure()':
../src/EmbbededSystemX.cpp:30:24: error: no matching function for call to 'StateEmbeddedSystemX::Configure(embbeded_system_xx*)'
  _state->Configure(this);
                        ^
In file included from ../src/EmbbededSystemX.h:2:0,
                 from ../src/EmbbededSystemX.cpp:1:
../src/StateEmbeddedSystemX.h:10:16: note: candidate: virtual void StateEmbeddedSystemX::Configure(EmbeddedSystemX*)
   virtual void Configure(EmbeddedSystemX*);
                ^~~~~~~~~
../src/StateEmbeddedSystemX.h:10:16: note:   no known conversion for argument 1 from 'embbeded_system_xx*' to 'EmbeddedSystemX*'
../src/EmbbededSystemX.cpp: In member function 'void embbeded_system_xx::ConfigurationEnded()':
../src/EmbbededSystemX.cpp:35:33: error: no matching function for call to 'StateEmbeddedSystemX::ConfigurationEnded(embbeded_system_xx*)'
  _state->ConfigurationEnded(this);
                                 ^
In file included from ../src/EmbbededSystemX.h:2:0,
                 from ../src/EmbbededSystemX.cpp:1:
../src/StateEmbeddedSystemX.h:11:16: note: candidate: virtual void StateEmbeddedSystemX::ConfigurationEnded(EmbeddedSystemX*)
   virtual void ConfigurationEnded(EmbeddedSystemX*);
                ^~~~~~~~~~~~~~~~~~
../src/StateEmbeddedSystemX.h:11:16: note:   no known conversion for argument 1 from 'embbeded_system_xx*' to 'EmbeddedSystemX*'
make: *** [src/EmbbededSystemX.o] Error 1
20:10:30 **** Auto Build of configuration Debug for project CppTestRtos ****
make pre-build main-build 
a9-linaro-pre-build-step
' '
'Building file: ../src/EmbbededSystemX.cpp'
'Invoking: ARM v7 g++ compiler'
arm-none-eabi-g++ -Wall -O0 -g3 -I"C:\Users\Entvex\Desktop\Assignment3_HW\lab1\lab1.sdk\CppTestRtos\src\os" -c -fmessage-length=0 -MT"src/EmbbededSystemX.o" -mcpu=cortex-a9 -mfpu=vfpv3 -mfloat-abi=hard -I../../freertos901_xilinx_bsp_0/ps7_cortexa9_0/include -MMD -MP -MF"src/EmbbededSystemX.d" -MT"src/EmbbededSystemX.o" -o "src/EmbbededSystemX.o" "../src/EmbbededSystemX.cpp"
../src/EmbbededSystemX.cpp: In member function 'void embbeded_system_xx::ConfigurationEnded()':
../src/EmbbededSystemX.cpp:35:33: error: no matching function for call to 'StateEmbeddedSystemX::ConfigurationEnded(embbeded_system_xx*)'
  _state->ConfigurationEnded(this);
                                 ^
In file included from ../src/EmbbededSystemX.h:2:0,
                 from ../src/EmbbededSystemX.cpp:1:
../src/StateEmbeddedSystemX.h:11:16: note: candidate: virtual void StateEmbeddedSystemX::ConfigurationEnded(EmbeddedSystemX*)
   virtual void ConfigurationEnded(EmbeddedSystemX*);
                ^~~~~~~~~~~~~~~~~~
../src/StateEmbeddedSystemX.h:11:16: note:   no known conversion for argument 1 from 'embbeded_system_xx*' to 'EmbeddedSystemX*'
make: *** [src/EmbbededSystemX.o] Error 1
20:11:44 **** Auto Build of configuration Debug for project CppTestRtos ****
make pre-build main-build 
a9-linaro-pre-build-step
' '
'Building file: ../src/EmbbededSystemX.cpp'
'Invoking: ARM v7 g++ compiler'
arm-none-eabi-g++ -Wall -O0 -g3 -I"C:\Users\Entvex\Desktop\Assignment3_HW\lab1\lab1.sdk\CppTestRtos\src\os" -c -fmessage-length=0 -MT"src/EmbbededSystemX.o" -mcpu=cortex-a9 -mfpu=vfpv3 -mfloat-abi=hard -I../../freertos901_xilinx_bsp_0/ps7_cortexa9_0/include -MMD -MP -MF"src/EmbbededSystemX.d" -MT"src/EmbbededSystemX.o" -o "src/EmbbededSystemX.o" "../src/EmbbededSystemX.cpp"
../src/EmbbededSystemX.cpp: In member function 'void embbeded_system_xx::ConfigurationEnded()':
../src/EmbbededSystemX.cpp:35:34: error: expected primary-expression before ')' token
  _state->ConfigurationEnded(this*);
                                  ^
make: *** [src/EmbbededSystemX.o] Error 1
20:11:56 **** Auto Build of configuration Debug for project CppTestRtos ****
make pre-build main-build 
a9-linaro-pre-build-step
' '
'Building file: ../src/EmbbededSystemX.cpp'
'Invoking: ARM v7 g++ compiler'
arm-none-eabi-g++ -Wall -O0 -g3 -I"C:\Users\Entvex\Desktop\Assignment3_HW\lab1\lab1.sdk\CppTestRtos\src\os" -c -fmessage-length=0 -MT"src/EmbbededSystemX.o" -mcpu=cortex-a9 -mfpu=vfpv3 -mfloat-abi=hard -I../../freertos901_xilinx_bsp_0/ps7_cortexa9_0/include -MMD -MP -MF"src/EmbbededSystemX.d" -MT"src/EmbbededSystemX.o" -o "src/EmbbededSystemX.o" "../src/EmbbededSystemX.cpp"
../src/EmbbededSystemX.cpp: In member function 'void embbeded_system_xx::ConfigurationEnded()':
../src/EmbbededSystemX.cpp:35:34: error: expected primary-expression before ')' token
  _state->ConfigurationEnded(this&);
                                  ^
make: *** [src/EmbbededSystemX.o] Error 1
20:12:04 **** Auto Build of configuration Debug for project CppTestRtos ****
make pre-build main-build 
a9-linaro-pre-build-step
' '
'Building file: ../src/EmbbededSystemX.cpp'
'Invoking: ARM v7 g++ compiler'
arm-none-eabi-g++ -Wall -O0 -g3 -I"C:\Users\Entvex\Desktop\Assignment3_HW\lab1\lab1.sdk\CppTestRtos\src\os" -c -fmessage-length=0 -MT"src/EmbbededSystemX.o" -mcpu=cortex-a9 -mfpu=vfpv3 -mfloat-abi=hard -I../../freertos901_xilinx_bsp_0/ps7_cortexa9_0/include -MMD -MP -MF"src/EmbbededSystemX.d" -MT"src/EmbbededSystemX.o" -o "src/EmbbededSystemX.o" "../src/EmbbededSystemX.cpp"
../src/EmbbededSystemX.cpp: In member function 'void embbeded_system_xx::ConfigurationEnded()':
../src/EmbbededSystemX.cpp:35:33: error: no matching function for call to 'StateEmbeddedSystemX::ConfigurationEnded(embbeded_system_xx*)'
  _state->ConfigurationEnded(this);
                                 ^
In file included from ../src/EmbbededSystemX.h:2:0,
                 from ../src/EmbbededSystemX.cpp:1:
../src/StateEmbeddedSystemX.h:11:16: note: candidate: virtual void StateEmbeddedSystemX::ConfigurationEnded(EmbeddedSystemX*)
   virtual void ConfigurationEnded(EmbeddedSystemX*);
                ^~~~~~~~~~~~~~~~~~
../src/StateEmbeddedSystemX.h:11:16: note:   no known conversion for argument 1 from 'embbeded_system_xx*' to 'EmbeddedSystemX*'
make: *** [src/EmbbededSystemX.o] Error 1
20:12:11 **** Auto Build of configuration Debug for project CppTestRtos ****
make pre-build main-build 
a9-linaro-pre-build-step
' '
'Building file: ../src/EmbbededSystemX.cpp'
'Invoking: ARM v7 g++ compiler'
arm-none-eabi-g++ -Wall -O0 -g3 -I"C:\Users\Entvex\Desktop\Assignment3_HW\lab1\lab1.sdk\CppTestRtos\src\os" -c -fmessage-length=0 -MT"src/EmbbededSystemX.o" -mcpu=cortex-a9 -mfpu=vfpv3 -mfloat-abi=hard -I../../freertos901_xilinx_bsp_0/ps7_cortexa9_0/include -MMD -MP -MF"src/EmbbededSystemX.d" -MT"src/EmbbededSystemX.o" -o "src/EmbbededSystemX.o" "../src/EmbbededSystemX.cpp"
../src/EmbbededSystemX.cpp: In member function 'void embbeded_system_xx::ConfigurationEnded()':
../src/EmbbededSystemX.cpp:35:29: error: no matching function for call to 'StateEmbeddedSystemX::ConfigurationEnded()'
  _state->ConfigurationEnded();
                             ^
In file included from ../src/EmbbededSystemX.h:2:0,
                 from ../src/EmbbededSystemX.cpp:1:
../src/StateEmbeddedSystemX.h:11:16: note: candidate: virtual void StateEmbeddedSystemX::ConfigurationEnded(EmbeddedSystemX*)
   virtual void ConfigurationEnded(EmbeddedSystemX*);
                ^~~~~~~~~~~~~~~~~~
../src/StateEmbeddedSystemX.h:11:16: note:   candidate expects 1 argument, 0 provided
make: *** [src/EmbbededSystemX.o] Error 1
20:12:22 **** Auto Build of configuration Debug for project CppTestRtos ****
make pre-build main-build 
a9-linaro-pre-build-step
' '
'Building file: ../src/EmbbededSystemX.cpp'
'Invoking: ARM v7 g++ compiler'
arm-none-eabi-g++ -Wall -O0 -g3 -I"C:\Users\Entvex\Desktop\Assignment3_HW\lab1\lab1.sdk\CppTestRtos\src\os" -c -fmessage-length=0 -MT"src/EmbbededSystemX.o" -mcpu=cortex-a9 -mfpu=vfpv3 -mfloat-abi=hard -I../../freertos901_xilinx_bsp_0/ps7_cortexa9_0/include -MMD -MP -MF"src/EmbbededSystemX.d" -MT"src/EmbbededSystemX.o" -o "src/EmbbededSystemX.o" "../src/EmbbededSystemX.cpp"
../src/EmbbededSystemX.cpp: In member function 'void embbeded_system_xx::ConfigurationEnded()':
../src/EmbbededSystemX.cpp:35:33: error: no matching function for call to 'StateEmbeddedSystemX::ConfigurationEnded(embbeded_system_xx*)'
  _state->ConfigurationEnded(this);
                                 ^
In file included from ../src/EmbbededSystemX.h:2:0,
                 from ../src/EmbbededSystemX.cpp:1:
../src/StateEmbeddedSystemX.h:11:16: note: candidate: virtual void StateEmbeddedSystemX::ConfigurationEnded(EmbeddedSystemX*)
   virtual void ConfigurationEnded(EmbeddedSystemX*);
                ^~~~~~~~~~~~~~~~~~
../src/StateEmbeddedSystemX.h:11:16: note:   no known conversion for argument 1 from 'embbeded_system_xx*' to 'EmbeddedSystemX*'
make: *** [src/EmbbededSystemX.o] Error 1
20:23:10 **** Auto Build of configuration Debug for project CppTestRtos ****
make pre-build main-build 
a9-linaro-pre-build-step
' '
'Building file: ../src/EmbbededSystemX.cpp'
'Invoking: ARM v7 g++ compiler'
arm-none-eabi-g++ -Wall -O0 -g3 -I"C:\Users\Entvex\Desktop\Assignment3_HW\lab1\lab1.sdk\CppTestRtos\src\os" -c -fmessage-length=0 -MT"src/EmbbededSystemX.o" -mcpu=cortex-a9 -mfpu=vfpv3 -mfloat-abi=hard -I../../freertos901_xilinx_bsp_0/ps7_cortexa9_0/include -MMD -MP -MF"src/EmbbededSystemX.d" -MT"src/EmbbededSystemX.o" -o "src/EmbbededSystemX.o" "../src/EmbbededSystemX.cpp"
../src/EmbbededSystemX.cpp: In member function 'void embbeded_system_xx::ConfigurationEnded()':
../src/EmbbededSystemX.cpp:35:35: error: no matching function for call to 'StateEmbeddedSystemX::ConfigurationEnded(embbeded_system_xx*)'
  (*_state).ConfigurationEnded(this);
                                   ^
In file included from ../src/EmbbededSystemX.h:2:0,
                 from ../src/EmbbededSystemX.cpp:1:
../src/StateEmbeddedSystemX.h:11:16: note: candidate: virtual void StateEmbeddedSystemX::ConfigurationEnded(EmbeddedSystemX*)
   virtual void ConfigurationEnded(EmbeddedSystemX*);
                ^~~~~~~~~~~~~~~~~~
../src/StateEmbeddedSystemX.h:11:16: note:   no known conversion for argument 1 from 'embbeded_system_xx*' to 'EmbeddedSystemX*'
make: *** [src/EmbbededSystemX.o] Error 1
20:23:34 **** Auto Build of configuration Debug for project CppTestRtos ****
make pre-build main-build 
a9-linaro-pre-build-step
' '
'Building file: ../src/EmbbededSystemX.cpp'
'Invoking: ARM v7 g++ compiler'
arm-none-eabi-g++ -Wall -O0 -g3 -I"C:\Users\Entvex\Desktop\Assignment3_HW\lab1\lab1.sdk\CppTestRtos\src\os" -c -fmessage-length=0 -MT"src/EmbbededSystemX.o" -mcpu=cortex-a9 -mfpu=vfpv3 -mfloat-abi=hard -I../../freertos901_xilinx_bsp_0/ps7_cortexa9_0/include -MMD -MP -MF"src/EmbbededSystemX.d" -MT"src/EmbbededSystemX.o" -o "src/EmbbededSystemX.o" "../src/EmbbededSystemX.cpp"
../src/EmbbededSystemX.cpp: In member function 'void embbeded_system_xx::ConfigurationEnded()':
../src/EmbbededSystemX.cpp:35:53: error: no matching function for call to 'StateEmbeddedSystemX::ConfigurationEnded(embbeded_system_xx)'
  (*_state).ConfigurationEnded( embbeded_system_xx() );
                                                     ^
In file included from ../src/EmbbededSystemX.h:2:0,
                 from ../src/EmbbededSystemX.cpp:1:
../src/StateEmbeddedSystemX.h:11:16: note: candidate: virtual void StateEmbeddedSystemX::ConfigurationEnded(EmbeddedSystemX*)
   virtual void ConfigurationEnded(EmbeddedSystemX*);
                ^~~~~~~~~~~~~~~~~~
../src/StateEmbeddedSystemX.h:11:16: note:   no known conversion for argument 1 from 'embbeded_system_xx' to 'EmbeddedSystemX*'
make: *** [src/EmbbededSystemX.o] Error 1
20:23:45 **** Auto Build of configuration Debug for project CppTestRtos ****
make pre-build main-build 
a9-linaro-pre-build-step
' '
'Building file: ../src/EmbbededSystemX.cpp'
'Invoking: ARM v7 g++ compiler'
arm-none-eabi-g++ -Wall -O0 -g3 -I"C:\Users\Entvex\Desktop\Assignment3_HW\lab1\lab1.sdk\CppTestRtos\src\os" -c -fmessage-length=0 -MT"src/EmbbededSystemX.o" -mcpu=cortex-a9 -mfpu=vfpv3 -mfloat-abi=hard -I../../freertos901_xilinx_bsp_0/ps7_cortexa9_0/include -MMD -MP -MF"src/EmbbededSystemX.d" -MT"src/EmbbededSystemX.o" -o "src/EmbbededSystemX.o" "../src/EmbbededSystemX.cpp"
../src/EmbbededSystemX.cpp: In member function 'void embbeded_system_xx::ConfigurationEnded()':
../src/EmbbededSystemX.cpp:35:50: error: expected primary-expression before '&' token
  (*_state).ConfigurationEnded( embbeded_system_xx& );
                                                  ^
../src/EmbbededSystemX.cpp:35:52: error: expected primary-expression before ')' token
  (*_state).ConfigurationEnded( embbeded_system_xx& );
                                                    ^
make: *** [src/EmbbededSystemX.o] Error 1
20:24:00 **** Auto Build of configuration Debug for project CppTestRtos ****
make pre-build main-build 
a9-linaro-pre-build-step
' '
'Building file: ../src/EmbbededSystemX.cpp'
'Invoking: ARM v7 g++ compiler'
arm-none-eabi-g++ -Wall -O0 -g3 -I"C:\Users\Entvex\Desktop\Assignment3_HW\lab1\lab1.sdk\CppTestRtos\src\os" -c -fmessage-length=0 -MT"src/EmbbededSystemX.o" -mcpu=cortex-a9 -mfpu=vfpv3 -mfloat-abi=hard -I../../freertos901_xilinx_bsp_0/ps7_cortexa9_0/include -MMD -MP -MF"src/EmbbededSystemX.d" -MT"src/EmbbededSystemX.o" -o "src/EmbbededSystemX.o" "../src/EmbbededSystemX.cpp"
../src/EmbbededSystemX.cpp: In member function 'void embbeded_system_xx::ConfigurationEnded()':
../src/EmbbededSystemX.cpp:35:51: error: expected primary-expression before ')' token
  (*_state).ConfigurationEnded( embbeded_system_xx );
                                                   ^
make: *** [src/EmbbededSystemX.o] Error 1
20:25:08 **** Auto Build of configuration Debug for project CppTestRtos ****
make pre-build main-build 
a9-linaro-pre-build-step
' '
'Building file: ../src/EmbbededSystemX.cpp'
'Invoking: ARM v7 g++ compiler'
arm-none-eabi-g++ -Wall -O0 -g3 -I"C:\Users\Entvex\Desktop\Assignment3_HW\lab1\lab1.sdk\CppTestRtos\src\os" -c -fmessage-length=0 -MT"src/EmbbededSystemX.o" -mcpu=cortex-a9 -mfpu=vfpv3 -mfloat-abi=hard -I../../freertos901_xilinx_bsp_0/ps7_cortexa9_0/include -MMD -MP -MF"src/EmbbededSystemX.d" -MT"src/EmbbededSystemX.o" -o "src/EmbbededSystemX.o" "../src/EmbbededSystemX.cpp"
../src/EmbbededSystemX.cpp: In member function 'void embbeded_system_xx::ConfigurationEnded()':
../src/EmbbededSystemX.cpp:35:53: error: expected primary-expression before ')' token
  (*_state).ConfigurationEnded( StateEmbeddedSystemX );
                                                     ^
make: *** [src/EmbbededSystemX.o] Error 1
20:25:18 **** Auto Build of configuration Debug for project CppTestRtos ****
make pre-build main-build 
a9-linaro-pre-build-step
' '
'Building file: ../src/EmbbededSystemX.cpp'
'Invoking: ARM v7 g++ compiler'
arm-none-eabi-g++ -Wall -O0 -g3 -I"C:\Users\Entvex\Desktop\Assignment3_HW\lab1\lab1.sdk\CppTestRtos\src\os" -c -fmessage-length=0 -MT"src/EmbbededSystemX.o" -mcpu=cortex-a9 -mfpu=vfpv3 -mfloat-abi=hard -I../../freertos901_xilinx_bsp_0/ps7_cortexa9_0/include -MMD -MP -MF"src/EmbbededSystemX.d" -MT"src/EmbbededSystemX.o" -o "src/EmbbededSystemX.o" "../src/EmbbededSystemX.cpp"
../src/EmbbededSystemX.cpp: In member function 'void embbeded_system_xx::ConfigurationEnded()':
../src/EmbbededSystemX.cpp:35:52: error: expected primary-expression before '&' token
  (*_state).ConfigurationEnded( StateEmbeddedSystemX& );
                                                    ^
../src/EmbbededSystemX.cpp:35:54: error: expected primary-expression before ')' token
  (*_state).ConfigurationEnded( StateEmbeddedSystemX& );
                                                      ^
make: *** [src/EmbbededSystemX.o] Error 1
20:25:49 **** Auto Build of configuration Debug for project CppTestRtos ****
make pre-build main-build 
a9-linaro-pre-build-step
' '
'Building file: ../src/EmbbededSystemX.cpp'
'Invoking: ARM v7 g++ compiler'
arm-none-eabi-g++ -Wall -O0 -g3 -I"C:\Users\Entvex\Desktop\Assignment3_HW\lab1\lab1.sdk\CppTestRtos\src\os" -c -fmessage-length=0 -MT"src/EmbbededSystemX.o" -mcpu=cortex-a9 -mfpu=vfpv3 -mfloat-abi=hard -I../../freertos901_xilinx_bsp_0/ps7_cortexa9_0/include -MMD -MP -MF"src/EmbbededSystemX.d" -MT"src/EmbbededSystemX.o" -o "src/EmbbededSystemX.o" "../src/EmbbededSystemX.cpp"
../src/EmbbededSystemX.cpp: In member function 'void embbeded_system_xx::ConfigurationEnded()':
../src/EmbbededSystemX.cpp:35:54: error: expected primary-expression before ')' token
  (*_state).ConfigurationEnded( (*StateEmbeddedSystemX) );
                                                      ^
make: *** [src/EmbbededSystemX.o] Error 1
20:30:26 **** Auto Build of configuration Debug for project CppTestRtos ****
make pre-build main-build 
a9-linaro-pre-build-step
' '
'Building file: ../src/EmbbededSystemX.cpp'
'Invoking: ARM v7 g++ compiler'
arm-none-eabi-g++ -Wall -O0 -g3 -I"C:\Users\Entvex\Desktop\Assignment3_HW\lab1\lab1.sdk\CppTestRtos\src\os" -c -fmessage-length=0 -MT"src/EmbbededSystemX.o" -mcpu=cortex-a9 -mfpu=vfpv3 -mfloat-abi=hard -I../../freertos901_xilinx_bsp_0/ps7_cortexa9_0/include -MMD -MP -MF"src/EmbbededSystemX.d" -MT"src/EmbbededSystemX.o" -o "src/EmbbededSystemX.o" "../src/EmbbededSystemX.cpp"
../src/EmbbededSystemX.cpp: In member function 'void embbeded_system_xx::ConfigurationEnded()':
../src/EmbbededSystemX.cpp:35:38: error: no matching function for call to 'StateEmbeddedSystemX::ConfigurationEnded(embbeded_system_xx&)'
  (*_state).ConfigurationEnded( *this );
                                      ^
In file included from ../src/EmbbededSystemX.h:2:0,
                 from ../src/EmbbededSystemX.cpp:1:
../src/StateEmbeddedSystemX.h:11:16: note: candidate: virtual void StateEmbeddedSystemX::ConfigurationEnded(EmbeddedSystemX*)
   virtual void ConfigurationEnded(EmbeddedSystemX*);
                ^~~~~~~~~~~~~~~~~~
../src/StateEmbeddedSystemX.h:11:16: note:   no known conversion for argument 1 from 'embbeded_system_xx' to 'EmbeddedSystemX*'
make: *** [src/EmbbededSystemX.o] Error 1
20:30:38 **** Auto Build of configuration Debug for project CppTestRtos ****
make pre-build main-build 
a9-linaro-pre-build-step
' '
'Building file: ../src/EmbbededSystemX.cpp'
'Invoking: ARM v7 g++ compiler'
arm-none-eabi-g++ -Wall -O0 -g3 -I"C:\Users\Entvex\Desktop\Assignment3_HW\lab1\lab1.sdk\CppTestRtos\src\os" -c -fmessage-length=0 -MT"src/EmbbededSystemX.o" -mcpu=cortex-a9 -mfpu=vfpv3 -mfloat-abi=hard -I../../freertos901_xilinx_bsp_0/ps7_cortexa9_0/include -MMD -MP -MF"src/EmbbededSystemX.d" -MT"src/EmbbededSystemX.o" -o "src/EmbbededSystemX.o" "../src/EmbbededSystemX.cpp"
../src/EmbbededSystemX.cpp: In member function 'void embbeded_system_xx::ConfigurationEnded()':
../src/EmbbededSystemX.cpp:35:33: error: lvalue required as unary '&' operand
  (*_state).ConfigurationEnded( &this );
                                 ^~~~
make: *** [src/EmbbededSystemX.o] Error 1
20:30:50 **** Auto Build of configuration Debug for project CppTestRtos ****
make pre-build main-build 
a9-linaro-pre-build-step
' '
'Building file: ../src/EmbbededSystemX.cpp'
'Invoking: ARM v7 g++ compiler'
arm-none-eabi-g++ -Wall -O0 -g3 -I"C:\Users\Entvex\Desktop\Assignment3_HW\lab1\lab1.sdk\CppTestRtos\src\os" -c -fmessage-length=0 -MT"src/EmbbededSystemX.o" -mcpu=cortex-a9 -mfpu=vfpv3 -mfloat-abi=hard -I../../freertos901_xilinx_bsp_0/ps7_cortexa9_0/include -MMD -MP -MF"src/EmbbededSystemX.d" -MT"src/EmbbededSystemX.o" -o "src/EmbbededSystemX.o" "../src/EmbbededSystemX.cpp"
../src/EmbbededSystemX.cpp: In member function 'void embbeded_system_xx::ConfigurationEnded()':
../src/EmbbededSystemX.cpp:35:38: error: expected primary-expression before ')' token
  (*_state).ConfigurationEnded( this& );
                                      ^
make: *** [src/EmbbededSystemX.o] Error 1
20:31:03 **** Auto Build of configuration Debug for project CppTestRtos ****
make pre-build main-build 
a9-linaro-pre-build-step
' '
'Building file: ../src/EmbbededSystemX.cpp'
'Invoking: ARM v7 g++ compiler'
arm-none-eabi-g++ -Wall -O0 -g3 -I"C:\Users\Entvex\Desktop\Assignment3_HW\lab1\lab1.sdk\CppTestRtos\src\os" -c -fmessage-length=0 -MT"src/EmbbededSystemX.o" -mcpu=cortex-a9 -mfpu=vfpv3 -mfloat-abi=hard -I../../freertos901_xilinx_bsp_0/ps7_cortexa9_0/include -MMD -MP -MF"src/EmbbededSystemX.d" -MT"src/EmbbededSystemX.o" -o "src/EmbbededSystemX.o" "../src/EmbbededSystemX.cpp"
../src/EmbbededSystemX.cpp: In member function 'void embbeded_system_xx::ConfigurationEnded()':
../src/EmbbededSystemX.cpp:35:37: error: no matching function for call to 'StateEmbeddedSystemX::ConfigurationEnded(embbeded_system_xx*)'
  (*_state).ConfigurationEnded( this );
                                     ^
In file included from ../src/EmbbededSystemX.h:2:0,
                 from ../src/EmbbededSystemX.cpp:1:
../src/StateEmbeddedSystemX.h:11:16: note: candidate: virtual void StateEmbeddedSystemX::ConfigurationEnded(EmbeddedSystemX*)
   virtual void ConfigurationEnded(EmbeddedSystemX*);
                ^~~~~~~~~~~~~~~~~~
../src/StateEmbeddedSystemX.h:11:16: note:   no known conversion for argument 1 from 'embbeded_system_xx*' to 'EmbeddedSystemX*'
make: *** [src/EmbbededSystemX.o] Error 1
20:31:42 **** Auto Build of configuration Debug for project CppTestRtos ****
make pre-build main-build 
a9-linaro-pre-build-step
' '
'Building file: ../src/EmbbededSystemX.cpp'
'Invoking: ARM v7 g++ compiler'
arm-none-eabi-g++ -Wall -O0 -g3 -I"C:\Users\Entvex\Desktop\Assignment3_HW\lab1\lab1.sdk\CppTestRtos\src\os" -c -fmessage-length=0 -MT"src/EmbbededSystemX.o" -mcpu=cortex-a9 -mfpu=vfpv3 -mfloat-abi=hard -I../../freertos901_xilinx_bsp_0/ps7_cortexa9_0/include -MMD -MP -MF"src/EmbbededSystemX.d" -MT"src/EmbbededSystemX.o" -o "src/EmbbededSystemX.o" "../src/EmbbededSystemX.cpp"
../src/EmbbededSystemX.cpp: In member function 'void embbeded_system_xx::ConfigurationEnded()':
../src/EmbbededSystemX.cpp:35:31: error: no matching function for call to 'StateEmbeddedSystemX::ConfigurationEnded()'
  (*_state).ConfigurationEnded();
                               ^
In file included from ../src/EmbbededSystemX.h:2:0,
                 from ../src/EmbbededSystemX.cpp:1:
../src/StateEmbeddedSystemX.h:11:16: note: candidate: virtual void StateEmbeddedSystemX::ConfigurationEnded(EmbeddedSystemX*)
   virtual void ConfigurationEnded(EmbeddedSystemX*);
                ^~~~~~~~~~~~~~~~~~
../src/StateEmbeddedSystemX.h:11:16: note:   candidate expects 1 argument, 0 provided
make: *** [src/EmbbededSystemX.o] Error 1
20:32:12 **** Auto Build of configuration Debug for project CppTestRtos ****
make pre-build main-build 
a9-linaro-pre-build-step
' '
'Building file: ../src/EmbbededSystemX.cpp'
'Invoking: ARM v7 g++ compiler'
arm-none-eabi-g++ -Wall -O0 -g3 -I"C:\Users\Entvex\Desktop\Assignment3_HW\lab1\lab1.sdk\CppTestRtos\src\os" -c -fmessage-length=0 -MT"src/EmbbededSystemX.o" -mcpu=cortex-a9 -mfpu=vfpv3 -mfloat-abi=hard -I../../freertos901_xilinx_bsp_0/ps7_cortexa9_0/include -MMD -MP -MF"src/EmbbededSystemX.d" -MT"src/EmbbededSystemX.o" -o "src/EmbbededSystemX.o" "../src/EmbbededSystemX.cpp"
../src/EmbbededSystemX.cpp: In member function 'void embbeded_system_xx::ConfigurationEnded()':
../src/EmbbededSystemX.cpp:35:9: error: request for member 'ConfigurationEnded' in '((embbeded_system_xx*)this)->embbeded_system_xx::_state', which is of pointer type 'StateEmbeddedSystemX*' (maybe you meant to use '->' ?)
  _state.ConfigurationEnded();
         ^~~~~~~~~~~~~~~~~~
make: *** [src/EmbbededSystemX.o] Error 1
20:33:10 **** Auto Build of configuration Debug for project CppTestRtos ****
make pre-build main-build 
a9-linaro-pre-build-step
' '
'Building file: ../src/EmbbededSystemX.cpp'
'Invoking: ARM v7 g++ compiler'
arm-none-eabi-g++ -Wall -O0 -g3 -I"C:\Users\Entvex\Desktop\Assignment3_HW\lab1\lab1.sdk\CppTestRtos\src\os" -c -fmessage-length=0 -MT"src/EmbbededSystemX.o" -mcpu=cortex-a9 -mfpu=vfpv3 -mfloat-abi=hard -I../../freertos901_xilinx_bsp_0/ps7_cortexa9_0/include -MMD -MP -MF"src/EmbbededSystemX.d" -MT"src/EmbbededSystemX.o" -o "src/EmbbededSystemX.o" "../src/EmbbededSystemX.cpp"
../src/EmbbededSystemX.cpp: In member function 'void embbeded_system_xx::ConfigurationEnded()':
../src/EmbbededSystemX.cpp:35:31: error: no matching function for call to 'StateEmbeddedSystemX::ConfigurationEnded()'
  (*_state).ConfigurationEnded();
                               ^
In file included from ../src/EmbbededSystemX.h:2:0,
                 from ../src/EmbbededSystemX.cpp:1:
../src/StateEmbeddedSystemX.h:11:16: note: candidate: virtual void StateEmbeddedSystemX::ConfigurationEnded(EmbeddedSystemX*)
   virtual void ConfigurationEnded(EmbeddedSystemX*);
                ^~~~~~~~~~~~~~~~~~
../src/StateEmbeddedSystemX.h:11:16: note:   candidate expects 1 argument, 0 provided
make: *** [src/EmbbededSystemX.o] Error 1
20:33:42 **** Auto Build of configuration Debug for project CppTestRtos ****
make pre-build main-build 
a9-linaro-pre-build-step
' '
'Building file: ../src/EmbbededSystemX.cpp'
'Invoking: ARM v7 g++ compiler'
arm-none-eabi-g++ -Wall -O0 -g3 -I"C:\Users\Entvex\Desktop\Assignment3_HW\lab1\lab1.sdk\CppTestRtos\src\os" -c -fmessage-length=0 -MT"src/EmbbededSystemX.o" -mcpu=cortex-a9 -mfpu=vfpv3 -mfloat-abi=hard -I../../freertos901_xilinx_bsp_0/ps7_cortexa9_0/include -MMD -MP -MF"src/EmbbededSystemX.d" -MT"src/EmbbededSystemX.o" -o "src/EmbbededSystemX.o" "../src/EmbbededSystemX.cpp"
../src/EmbbededSystemX.cpp: In member function 'void embbeded_system_xx::ConfigurationEnded()':
../src/EmbbededSystemX.cpp:35:47: error: expected primary-expression before '*' token
  (*_state).ConfigurationEnded(EmbeddedSystemX *)
                                               ^
../src/EmbbededSystemX.cpp:35:48: error: expected primary-expression before ')' token
  (*_state).ConfigurationEnded(EmbeddedSystemX *)
                                                ^
make: *** [src/EmbbededSystemX.o] Error 1
20:33:51 **** Auto Build of configuration Debug for project CppTestRtos ****
make pre-build main-build 
a9-linaro-pre-build-step
' '
'Building file: ../src/EmbbededSystemX.cpp'
'Invoking: ARM v7 g++ compiler'
arm-none-eabi-g++ -Wall -O0 -g3 -I"C:\Users\Entvex\Desktop\Assignment3_HW\lab1\lab1.sdk\CppTestRtos\src\os" -c -fmessage-length=0 -MT"src/EmbbededSystemX.o" -mcpu=cortex-a9 -mfpu=vfpv3 -mfloat-abi=hard -I../../freertos901_xilinx_bsp_0/ps7_cortexa9_0/include -MMD -MP -MF"src/EmbbededSystemX.d" -MT"src/EmbbededSystemX.o" -o "src/EmbbededSystemX.o" "../src/EmbbededSystemX.cpp"
../src/EmbbededSystemX.cpp: In member function 'void embbeded_system_xx::ConfigurationEnded()':
../src/EmbbededSystemX.cpp:35:47: error: expected primary-expression before '*' token
  (*_state).ConfigurationEnded(EmbeddedSystemX *);
                                               ^
../src/EmbbededSystemX.cpp:35:48: error: expected primary-expression before ')' token
  (*_state).ConfigurationEnded(EmbeddedSystemX *);
                                                ^
make: *** [src/EmbbededSystemX.o] Error 1
20:34:04 **** Incremental Build of configuration Debug for project CppTestRtos ****
make pre-build main-build 
a9-linaro-pre-build-step
' '
'Building file: ../src/EmbbededSystemX.cpp'
'Invoking: ARM v7 g++ compiler'
arm-none-eabi-g++ -Wall -O0 -g3 -I"C:\Users\Entvex\Desktop\Assignment3_HW\lab1\lab1.sdk\CppTestRtos\src\os" -c -fmessage-length=0 -MT"src/EmbbededSystemX.o" -mcpu=cortex-a9 -mfpu=vfpv3 -mfloat-abi=hard -I../../freertos901_xilinx_bsp_0/ps7_cortexa9_0/include -MMD -MP -MF"src/EmbbededSystemX.d" -MT"src/EmbbededSystemX.o" -o "src/EmbbededSystemX.o" "../src/EmbbededSystemX.cpp"
../src/EmbbededSystemX.cpp: In member function 'void embbeded_system_xx::ConfigurationEnded()':
../src/EmbbededSystemX.cpp:35:47: error: expected primary-expression before '*' token
  (*_state).ConfigurationEnded(EmbeddedSystemX *);
                                               ^
../src/EmbbededSystemX.cpp:35:48: error: expected primary-expression before ')' token
  (*_state).ConfigurationEnded(EmbeddedSystemX *);
                                                ^
make: *** [src/EmbbededSystemX.o] Error 1
20:34:10 **** Incremental Build of configuration Debug for project Ctest ****
make pre-build main-build 
a9-linaro-pre-build-step
' '
make: Nothing to be done for `main-build'.
